Discrepancy Report Results

Summary
DISC_SOURCE_QUALS_ASNDISC:strain (all present, all unique)
DISC_SOURCE_QUALS_ASNDISC:taxname (all present, all unique)
DISC_FEATURE_COUNT:gene: 10 present
DISC_FEATURE_COUNT:CDS: 10 present
DISC_COUNT_NUCLEOTIDES:1 nucleotide Bioseqs are present
SUSPECT_PRODUCT_NAMES:7 product_names contain suspect phrase or characters
	FATAL: Remove organism from product name
		7 features contains 'staphylococcal'
DISC_QUALITY_SCORES:Quality scores are missing on all sequences.
ONCALLER_COMMENT_PRESENT:1 comment descriptors were found (all same)
MISSING_GENOMEASSEMBLY_COMMENTS:1 bioseqs are missing GenomeAssembly structured comments
MOLTYPE_NOT_MRNA:1 molecule types are not set as mRNA.
TECHNIQUE_NOT_TSA:1 technique are not set as TSA
MISSING_STRUCTURED_COMMENT:1 sequences do not include structured comments.
MISSING_PROJECT:11 sequences do not include project.
DISC_INCONSISTENT_MOLINFO_TECH:Molinfo Technique Report (some missing, all same)


Detailed Report

DiscRep_ALL:DISC_SOURCE_QUALS_ASNDISC::strain (all present, all unique)
DiscRep_SUB:DISC_SOURCE_QUALS_ASNDISC::1 sources have unique values for strain
DiscRep_ALL:DISC_SOURCE_QUALS_ASNDISC::taxname (all present, all unique)
DiscRep_SUB:DISC_SOURCE_QUALS_ASNDISC::1 sources have unique values for taxname
DiscRep_ALL:DISC_FEATURE_COUNT::gene: 10 present
DiscRep_ALL:DISC_FEATURE_COUNT::CDS: 10 present
DiscRep_ALL:DISC_COUNT_NUCLEOTIDES::1 nucleotide Bioseqs are present
GCA_002121705.1_ASM212170v1_genomic.gbff_pp6/PROKKA_05152020:X:GLEPIHLP_1 (length 11283)

DiscRep_ALL:SUSPECT_PRODUCT_NAMES::7 product_names contain suspect phrase or characters
FATAL: DiscRep_SUB:SUSPECT_PRODUCT_NAMES::Remove organism from product name
DiscRep_SUB:DISC_PRODUCT_NAME_QUICKFIX::7 features contains 'staphylococcal'
GCA_002121705.1_ASM212170v1_genomic.gbff_pp6/PROKKA_05152020:CDS	Staphylococcal superantigen-like 10	GLEPIHLP_1:c2683-2000	GLEPIHLP_00002
GCA_002121705.1_ASM212170v1_genomic.gbff_pp6/PROKKA_05152020:CDS	Staphylococcal superantigen-like 7	GLEPIHLP_1:c3748-3050	GLEPIHLP_00003
GCA_002121705.1_ASM212170v1_genomic.gbff_pp6/PROKKA_05152020:CDS	Staphylococcal superantigen-like 7	GLEPIHLP_1:c4784-4089	GLEPIHLP_00004
GCA_002121705.1_ASM212170v1_genomic.gbff_pp6/PROKKA_05152020:CDS	Staphylococcal superantigen-like 5	GLEPIHLP_1:c5936-5232	GLEPIHLP_00005
GCA_002121705.1_ASM212170v1_genomic.gbff_pp6/PROKKA_05152020:CDS	Staphylococcal superantigen-like 3	GLEPIHLP_1:c7328-6201	GLEPIHLP_00006
GCA_002121705.1_ASM212170v1_genomic.gbff_pp6/PROKKA_05152020:CDS	Staphylococcal superantigen-like 4	GLEPIHLP_1:c8319-7618	GLEPIHLP_00007
GCA_002121705.1_ASM212170v1_genomic.gbff_pp6/PROKKA_05152020:CDS	Staphylococcal superantigen-like 1	GLEPIHLP_1:c9283-8603	GLEPIHLP_00008

DiscRep_ALL:DISC_QUALITY_SCORES::Quality scores are missing on all sequences.

DiscRep_ALL:ONCALLER_COMMENT_PRESENT::1 comment descriptors were found (all same)
GCA_002121705.1_ASM212170v1_genomic.gbff_pp6/PROKKA_05152020:X:GLEPIHLP_1:Annotated using prokka 1.14.6 from https://github.com/tseemann/prokka

DiscRep_ALL:MISSING_GENOMEASSEMBLY_COMMENTS::1 bioseqs are missing GenomeAssembly structured comments
GCA_002121705.1_ASM212170v1_genomic.gbff_pp6/PROKKA_05152020:X:GLEPIHLP_1 (length 11283)

DiscRep_ALL:MOLTYPE_NOT_MRNA::1 molecule types are not set as mRNA.
GCA_002121705.1_ASM212170v1_genomic.gbff_pp6/PROKKA_05152020:X:GLEPIHLP_1 (length 11283)

DiscRep_ALL:TECHNIQUE_NOT_TSA::1 technique are not set as TSA
GCA_002121705.1_ASM212170v1_genomic.gbff_pp6/PROKKA_05152020:X:GLEPIHLP_1 (length 11283)

DiscRep_ALL:MISSING_STRUCTURED_COMMENT::1 sequences do not include structured comments.
GCA_002121705.1_ASM212170v1_genomic.gbff_pp6/PROKKA_05152020:X:GLEPIHLP_1 (length 11283)

DiscRep_ALL:MISSING_PROJECT::11 sequences do not include project.
GCA_002121705.1_ASM212170v1_genomic.gbff_pp6/PROKKA_05152020:X:GLEPIHLP_1 (length 11283)
GCA_002121705.1_ASM212170v1_genomic.gbff_pp6/PROKKA_05152020:X:GLEPIHLP_00001 (length 518)
GCA_002121705.1_ASM212170v1_genomic.gbff_pp6/PROKKA_05152020:X:GLEPIHLP_00002 (length 227)
GCA_002121705.1_ASM212170v1_genomic.gbff_pp6/PROKKA_05152020:X:GLEPIHLP_00003 (length 232)
GCA_002121705.1_ASM212170v1_genomic.gbff_pp6/PROKKA_05152020:X:GLEPIHLP_00004 (length 231)
GCA_002121705.1_ASM212170v1_genomic.gbff_pp6/PROKKA_05152020:X:GLEPIHLP_00005 (length 234)
GCA_002121705.1_ASM212170v1_genomic.gbff_pp6/PROKKA_05152020:X:GLEPIHLP_00006 (length 375)
GCA_002121705.1_ASM212170v1_genomic.gbff_pp6/PROKKA_05152020:X:GLEPIHLP_00007 (length 233)
GCA_002121705.1_ASM212170v1_genomic.gbff_pp6/PROKKA_05152020:X:GLEPIHLP_00008 (length 226)
GCA_002121705.1_ASM212170v1_genomic.gbff_pp6/PROKKA_05152020:X:GLEPIHLP_00009 (length 281)
GCA_002121705.1_ASM212170v1_genomic.gbff_pp6/PROKKA_05152020:X:GLEPIHLP_00010 (length 119)

DiscRep_ALL:DISC_INCONSISTENT_MOLINFO_TECH::Molinfo Technique Report (some missing, all same)
DiscRep_SUB:DISC_INCONSISTENT_MOLINFO_TECH::technique (all missing)
DiscRep_SUB:DISC_INCONSISTENT_MOLINFO_TECH::1 Molinfos are missing field technique
GCA_002121705.1_ASM212170v1_genomic.gbff_pp6/PROKKA_05152020:X:GLEPIHLP_1 (length 11283)

