Discrepancy Report Results

Summary
DISC_SOURCE_QUALS_ASNDISC:strain (all present, all unique)
DISC_SOURCE_QUALS_ASNDISC:taxname (all present, all unique)
DISC_FEATURE_COUNT:gene: 74 present
DISC_FEATURE_COUNT:CDS: 74 present
DISC_COUNT_NUCLEOTIDES:1 nucleotide Bioseqs are present
OVERLAPPING_GENES:10 genes overlap another gene on the same strand.
DISC_QUALITY_SCORES:Quality scores are missing on all sequences.
ONCALLER_COMMENT_PRESENT:1 comment descriptors were found (all same)
SHORT_PROT_SEQUENCES:1 protein sequences are shorter than 50 aa.
MISSING_GENOMEASSEMBLY_COMMENTS:1 bioseqs are missing GenomeAssembly structured comments
MOLTYPE_NOT_MRNA:1 molecule types are not set as mRNA.
TECHNIQUE_NOT_TSA:1 technique are not set as TSA
MISSING_STRUCTURED_COMMENT:1 sequences do not include structured comments.
MISSING_PROJECT:75 sequences do not include project.
DISC_INCONSISTENT_MOLINFO_TECH:Molinfo Technique Report (some missing, all same)


Detailed Report

DiscRep_ALL:DISC_SOURCE_QUALS_ASNDISC::strain (all present, all unique)
DiscRep_SUB:DISC_SOURCE_QUALS_ASNDISC::1 sources have unique values for strain
DiscRep_ALL:DISC_SOURCE_QUALS_ASNDISC::taxname (all present, all unique)
DiscRep_SUB:DISC_SOURCE_QUALS_ASNDISC::1 sources have unique values for taxname
DiscRep_ALL:DISC_FEATURE_COUNT::gene: 74 present
DiscRep_ALL:DISC_FEATURE_COUNT::CDS: 74 present
DiscRep_ALL:DISC_COUNT_NUCLEOTIDES::1 nucleotide Bioseqs are present
GCA_000160415.1_ASM16041v1_genomic.gbff_pp6/PROKKA_05152020:X:AAMILBOI_1 (length 75890)

DiscRep_ALL:OVERLAPPING_GENES::10 genes overlap another gene on the same strand.
GCA_000160415.1_ASM16041v1_genomic.gbff_pp6/PROKKA_05152020:Gene	AAMILBOI_00031	AAMILBOI_1:c30886-30302	AAMILBOI_00031
GCA_000160415.1_ASM16041v1_genomic.gbff_pp6/PROKKA_05152020:Gene	nadD	AAMILBOI_1:c31445-30876	AAMILBOI_00032
GCA_000160415.1_ASM16041v1_genomic.gbff_pp6/PROKKA_05152020:Gene	pxpA	AAMILBOI_1:c40350-39598	AAMILBOI_00043
GCA_000160415.1_ASM16041v1_genomic.gbff_pp6/PROKKA_05152020:Gene	accC	AAMILBOI_1:c41711-40350	AAMILBOI_00044
GCA_000160415.1_ASM16041v1_genomic.gbff_pp6/PROKKA_05152020:Gene	pxpC	AAMILBOI_1:c43186-42176	AAMILBOI_00046
GCA_000160415.1_ASM16041v1_genomic.gbff_pp6/PROKKA_05152020:Gene	pxpB	AAMILBOI_1:c43910-43176	AAMILBOI_00047
GCA_000160415.1_ASM16041v1_genomic.gbff_pp6/PROKKA_05152020:Gene	udk	AAMILBOI_1:c45363-44740	AAMILBOI_00049
GCA_000160415.1_ASM16041v1_genomic.gbff_pp6/PROKKA_05152020:Gene	AAMILBOI_00050	AAMILBOI_1:c46631-45363	AAMILBOI_00050
GCA_000160415.1_ASM16041v1_genomic.gbff_pp6/PROKKA_05152020:Gene	AAMILBOI_00069	AAMILBOI_1:c67999-67124	AAMILBOI_00069
GCA_000160415.1_ASM16041v1_genomic.gbff_pp6/PROKKA_05152020:Gene	dtd	AAMILBOI_1:c68448-67996	AAMILBOI_00070

DiscRep_ALL:DISC_QUALITY_SCORES::Quality scores are missing on all sequences.

DiscRep_ALL:ONCALLER_COMMENT_PRESENT::1 comment descriptors were found (all same)
GCA_000160415.1_ASM16041v1_genomic.gbff_pp6/PROKKA_05152020:X:AAMILBOI_1:Annotated using prokka 1.14.6 from https://github.com/tseemann/prokka

DiscRep_ALL:SHORT_PROT_SEQUENCES::1 protein sequences are shorter than 50 aa.
GCA_000160415.1_ASM16041v1_genomic.gbff_pp6/PROKKA_05152020:X:AAMILBOI_00062 (length 48)

DiscRep_ALL:MISSING_GENOMEASSEMBLY_COMMENTS::1 bioseqs are missing GenomeAssembly structured comments
GCA_000160415.1_ASM16041v1_genomic.gbff_pp6/PROKKA_05152020:X:AAMILBOI_1 (length 75890)

DiscRep_ALL:MOLTYPE_NOT_MRNA::1 molecule types are not set as mRNA.
GCA_000160415.1_ASM16041v1_genomic.gbff_pp6/PROKKA_05152020:X:AAMILBOI_1 (length 75890)

DiscRep_ALL:TECHNIQUE_NOT_TSA::1 technique are not set as TSA
GCA_000160415.1_ASM16041v1_genomic.gbff_pp6/PROKKA_05152020:X:AAMILBOI_1 (length 75890)

DiscRep_ALL:MISSING_STRUCTURED_COMMENT::1 sequences do not include structured comments.
GCA_000160415.1_ASM16041v1_genomic.gbff_pp6/PROKKA_05152020:X:AAMILBOI_1 (length 75890)

DiscRep_ALL:MISSING_PROJECT::75 sequences do not include project.
GCA_000160415.1_ASM16041v1_genomic.gbff_pp6/PROKKA_05152020:X:AAMILBOI_1 (length 75890)
GCA_000160415.1_ASM16041v1_genomic.gbff_pp6/PROKKA_05152020:X:AAMILBOI_00001 (length 599)
GCA_000160415.1_ASM16041v1_genomic.gbff_pp6/PROKKA_05152020:X:AAMILBOI_00002 (length 272)
GCA_000160415.1_ASM16041v1_genomic.gbff_pp6/PROKKA_05152020:X:AAMILBOI_00003 (length 179)
GCA_000160415.1_ASM16041v1_genomic.gbff_pp6/PROKKA_05152020:X:AAMILBOI_00004 (length 463)
GCA_000160415.1_ASM16041v1_genomic.gbff_pp6/PROKKA_05152020:X:AAMILBOI_00005 (length 248)
GCA_000160415.1_ASM16041v1_genomic.gbff_pp6/PROKKA_05152020:X:AAMILBOI_00006 (length 299)
GCA_000160415.1_ASM16041v1_genomic.gbff_pp6/PROKKA_05152020:X:AAMILBOI_00007 (length 134)
GCA_000160415.1_ASM16041v1_genomic.gbff_pp6/PROKKA_05152020:X:AAMILBOI_00008 (length 114)
GCA_000160415.1_ASM16041v1_genomic.gbff_pp6/PROKKA_05152020:X:AAMILBOI_00009 (length 155)
GCA_000160415.1_ASM16041v1_genomic.gbff_pp6/PROKKA_05152020:X:AAMILBOI_00010 (length 315)
GCA_000160415.1_ASM16041v1_genomic.gbff_pp6/PROKKA_05152020:X:AAMILBOI_00011 (length 232)
GCA_000160415.1_ASM16041v1_genomic.gbff_pp6/PROKKA_05152020:X:AAMILBOI_00012 (length 329)
GCA_000160415.1_ASM16041v1_genomic.gbff_pp6/PROKKA_05152020:X:AAMILBOI_00013 (length 235)
GCA_000160415.1_ASM16041v1_genomic.gbff_pp6/PROKKA_05152020:X:AAMILBOI_00014 (length 58)
GCA_000160415.1_ASM16041v1_genomic.gbff_pp6/PROKKA_05152020:X:AAMILBOI_00015 (length 448)
GCA_000160415.1_ASM16041v1_genomic.gbff_pp6/PROKKA_05152020:X:AAMILBOI_00016 (length 250)
GCA_000160415.1_ASM16041v1_genomic.gbff_pp6/PROKKA_05152020:X:AAMILBOI_00017 (length 312)
GCA_000160415.1_ASM16041v1_genomic.gbff_pp6/PROKKA_05152020:X:AAMILBOI_00018 (length 379)
GCA_000160415.1_ASM16041v1_genomic.gbff_pp6/PROKKA_05152020:X:AAMILBOI_00019 (length 610)
GCA_000160415.1_ASM16041v1_genomic.gbff_pp6/PROKKA_05152020:X:AAMILBOI_00020 (length 208)
GCA_000160415.1_ASM16041v1_genomic.gbff_pp6/PROKKA_05152020:X:AAMILBOI_00021 (length 325)
GCA_000160415.1_ASM16041v1_genomic.gbff_pp6/PROKKA_05152020:X:AAMILBOI_00022 (length 374)
GCA_000160415.1_ASM16041v1_genomic.gbff_pp6/PROKKA_05152020:X:AAMILBOI_00023 (length 607)
GCA_000160415.1_ASM16041v1_genomic.gbff_pp6/PROKKA_05152020:X:AAMILBOI_00024 (length 83)
GCA_000160415.1_ASM16041v1_genomic.gbff_pp6/PROKKA_05152020:X:AAMILBOI_00025 (length 324)
GCA_000160415.1_ASM16041v1_genomic.gbff_pp6/PROKKA_05152020:X:AAMILBOI_00026 (length 726)
GCA_000160415.1_ASM16041v1_genomic.gbff_pp6/PROKKA_05152020:X:AAMILBOI_00027 (length 143)
GCA_000160415.1_ASM16041v1_genomic.gbff_pp6/PROKKA_05152020:X:AAMILBOI_00028 (length 225)
GCA_000160415.1_ASM16041v1_genomic.gbff_pp6/PROKKA_05152020:X:AAMILBOI_00029 (length 238)
GCA_000160415.1_ASM16041v1_genomic.gbff_pp6/PROKKA_05152020:X:AAMILBOI_00030 (length 117)
GCA_000160415.1_ASM16041v1_genomic.gbff_pp6/PROKKA_05152020:X:AAMILBOI_00031 (length 194)
GCA_000160415.1_ASM16041v1_genomic.gbff_pp6/PROKKA_05152020:X:AAMILBOI_00032 (length 189)
GCA_000160415.1_ASM16041v1_genomic.gbff_pp6/PROKKA_05152020:X:AAMILBOI_00033 (length 96)
GCA_000160415.1_ASM16041v1_genomic.gbff_pp6/PROKKA_05152020:X:AAMILBOI_00034 (length 268)
GCA_000160415.1_ASM16041v1_genomic.gbff_pp6/PROKKA_05152020:X:AAMILBOI_00035 (length 366)
GCA_000160415.1_ASM16041v1_genomic.gbff_pp6/PROKKA_05152020:X:AAMILBOI_00036 (length 175)
GCA_000160415.1_ASM16041v1_genomic.gbff_pp6/PROKKA_05152020:X:AAMILBOI_00037 (length 228)
GCA_000160415.1_ASM16041v1_genomic.gbff_pp6/PROKKA_05152020:X:AAMILBOI_00038 (length 89)
GCA_000160415.1_ASM16041v1_genomic.gbff_pp6/PROKKA_05152020:X:AAMILBOI_00039 (length 250)
GCA_000160415.1_ASM16041v1_genomic.gbff_pp6/PROKKA_05152020:X:AAMILBOI_00040 (length 52)
GCA_000160415.1_ASM16041v1_genomic.gbff_pp6/PROKKA_05152020:X:AAMILBOI_00041 (length 406)
GCA_000160415.1_ASM16041v1_genomic.gbff_pp6/PROKKA_05152020:X:AAMILBOI_00042 (length 409)
GCA_000160415.1_ASM16041v1_genomic.gbff_pp6/PROKKA_05152020:X:AAMILBOI_00043 (length 250)
GCA_000160415.1_ASM16041v1_genomic.gbff_pp6/PROKKA_05152020:X:AAMILBOI_00044 (length 453)
GCA_000160415.1_ASM16041v1_genomic.gbff_pp6/PROKKA_05152020:X:AAMILBOI_00045 (length 149)
GCA_000160415.1_ASM16041v1_genomic.gbff_pp6/PROKKA_05152020:X:AAMILBOI_00046 (length 336)
GCA_000160415.1_ASM16041v1_genomic.gbff_pp6/PROKKA_05152020:X:AAMILBOI_00047 (length 244)
GCA_000160415.1_ASM16041v1_genomic.gbff_pp6/PROKKA_05152020:X:AAMILBOI_00048 (length 158)
GCA_000160415.1_ASM16041v1_genomic.gbff_pp6/PROKKA_05152020:X:AAMILBOI_00049 (length 207)
GCA_000160415.1_ASM16041v1_genomic.gbff_pp6/PROKKA_05152020:X:AAMILBOI_00050 (length 422)
GCA_000160415.1_ASM16041v1_genomic.gbff_pp6/PROKKA_05152020:X:AAMILBOI_00051 (length 307)
GCA_000160415.1_ASM16041v1_genomic.gbff_pp6/PROKKA_05152020:X:AAMILBOI_00052 (length 212)
GCA_000160415.1_ASM16041v1_genomic.gbff_pp6/PROKKA_05152020:X:AAMILBOI_00053 (length 102)
GCA_000160415.1_ASM16041v1_genomic.gbff_pp6/PROKKA_05152020:X:AAMILBOI_00054 (length 142)
GCA_000160415.1_ASM16041v1_genomic.gbff_pp6/PROKKA_05152020:X:AAMILBOI_00055 (length 86)
GCA_000160415.1_ASM16041v1_genomic.gbff_pp6/PROKKA_05152020:X:AAMILBOI_00056 (length 877)
GCA_000160415.1_ASM16041v1_genomic.gbff_pp6/PROKKA_05152020:X:AAMILBOI_00057 (length 825)
GCA_000160415.1_ASM16041v1_genomic.gbff_pp6/PROKKA_05152020:X:AAMILBOI_00058 (length 222)
GCA_000160415.1_ASM16041v1_genomic.gbff_pp6/PROKKA_05152020:X:AAMILBOI_00059 (length 372)
GCA_000160415.1_ASM16041v1_genomic.gbff_pp6/PROKKA_05152020:X:AAMILBOI_00060 (length 380)
GCA_000160415.1_ASM16041v1_genomic.gbff_pp6/PROKKA_05152020:X:AAMILBOI_00061 (length 337)
GCA_000160415.1_ASM16041v1_genomic.gbff_pp6/PROKKA_05152020:X:AAMILBOI_00062 (length 48)
GCA_000160415.1_ASM16041v1_genomic.gbff_pp6/PROKKA_05152020:X:AAMILBOI_00063 (length 60)
GCA_000160415.1_ASM16041v1_genomic.gbff_pp6/PROKKA_05152020:X:AAMILBOI_00064 (length 140)
GCA_000160415.1_ASM16041v1_genomic.gbff_pp6/PROKKA_05152020:X:AAMILBOI_00065 (length 424)
GCA_000160415.1_ASM16041v1_genomic.gbff_pp6/PROKKA_05152020:X:AAMILBOI_00066 (length 257)
GCA_000160415.1_ASM16041v1_genomic.gbff_pp6/PROKKA_05152020:X:AAMILBOI_00067 (length 588)
GCA_000160415.1_ASM16041v1_genomic.gbff_pp6/PROKKA_05152020:X:AAMILBOI_00068 (length 420)
GCA_000160415.1_ASM16041v1_genomic.gbff_pp6/PROKKA_05152020:X:AAMILBOI_00069 (length 291)
GCA_000160415.1_ASM16041v1_genomic.gbff_pp6/PROKKA_05152020:X:AAMILBOI_00070 (length 150)
GCA_000160415.1_ASM16041v1_genomic.gbff_pp6/PROKKA_05152020:X:AAMILBOI_00071 (length 736)
GCA_000160415.1_ASM16041v1_genomic.gbff_pp6/PROKKA_05152020:X:AAMILBOI_00072 (length 172)
GCA_000160415.1_ASM16041v1_genomic.gbff_pp6/PROKKA_05152020:X:AAMILBOI_00073 (length 757)
GCA_000160415.1_ASM16041v1_genomic.gbff_pp6/PROKKA_05152020:X:AAMILBOI_00074 (length 587)

DiscRep_ALL:DISC_INCONSISTENT_MOLINFO_TECH::Molinfo Technique Report (some missing, all same)
DiscRep_SUB:DISC_INCONSISTENT_MOLINFO_TECH::technique (all missing)
DiscRep_SUB:DISC_INCONSISTENT_MOLINFO_TECH::1 Molinfos are missing field technique
GCA_000160415.1_ASM16041v1_genomic.gbff_pp6/PROKKA_05152020:X:AAMILBOI_1 (length 75890)

