[18:20:59] This is prokka 1.14.6
[18:20:59] Written by Torsten Seemann <torsten.seemann@gmail.com>
[18:20:59] Homepage is https://github.com/tseemann/prokka
[18:20:59] Local time is Fri May 15 18:20:59 2020
[18:20:59] You are tsweet
[18:20:59] Operating system is linux
[18:20:59] You have BioPerl 1.007002
[18:20:59] System has 8 cores.
[18:20:59] Will use maximum of 8 cores.
[18:20:59] Annotating as >>> Bacteria <<<
[18:20:59] Generating locus_tag from '005.1_ASM900v1_genomic.gbff_pp11' contents.
[18:20:59] Setting --locustag FBFNHGHC from MD5 fbf7101c3f43ab0f12e409fb4c60747a
[18:20:59] Enabling options to ensure Genbank/ENA/DDJB submission compliance.
[18:20:59] Creating new output folder: GCA_000009005.1_ASM900v1_genomic.gbff_pp11
[18:20:59] Running: mkdir -p GCA_000009005\.1_ASM900v1_genomic\.gbff_pp11
[18:20:59] Using filename prefix: PROKKA_05152020.XXX
[18:20:59] Setting HMMER_NCPU=1
[18:20:59] Writing log to: GCA_000009005.1_ASM900v1_genomic.gbff_pp11/PROKKA_05152020.log
[18:20:59] Command: /home/tsweet/anaconda3/bin/prokka --centre X --compliant 005.1_ASM900v1_genomic.gbff_pp11 --outdir GCA_000009005.1_ASM900v1_genomic.gbff_pp11
[18:20:59] Appending to PATH: /home/tsweet/anaconda3/bin
[18:20:59] Looking for 'aragorn' - found /home/tsweet/anaconda3/bin/aragorn
[18:20:59] Determined aragorn version is 001002 from 'ARAGORN v1.2.38 Dean Laslett'
[18:20:59] Looking for 'barrnap' - found /home/tsweet/anaconda3/bin/barrnap
[18:20:59] Determined barrnap version is 000009 from 'barrnap 0.9'
[18:20:59] Looking for 'blastp' - found /home/tsweet/anaconda3/bin/blastp
[18:20:59] Determined blastp version is 002009 from 'blastp: 2.9.0+'
[18:20:59] Looking for 'cmpress' - found /home/tsweet/anaconda3/bin/cmpress
[18:20:59] Determined cmpress version is 001001 from '# INFERNAL 1.1.2 (July 2016)'
[18:20:59] Looking for 'cmscan' - found /home/tsweet/anaconda3/bin/cmscan
[18:20:59] Determined cmscan version is 001001 from '# INFERNAL 1.1.2 (July 2016)'
[18:20:59] Looking for 'egrep' - found /bin/egrep
[18:20:59] Looking for 'find' - found /usr/bin/find
[18:20:59] Looking for 'grep' - found /bin/grep
[18:20:59] Looking for 'hmmpress' - found /home/tsweet/anaconda3/bin/hmmpress
[18:20:59] Determined hmmpress version is 003003 from '# HMMER 3.3 (Nov 2019); http://hmmer.org/'
[18:20:59] Looking for 'hmmscan' - found /home/tsweet/anaconda3/bin/hmmscan
[18:20:59] Determined hmmscan version is 003003 from '# HMMER 3.3 (Nov 2019); http://hmmer.org/'
[18:20:59] Looking for 'java' - found /home/tsweet/anaconda3/bin/java
[18:20:59] Looking for 'makeblastdb' - found /home/tsweet/anaconda3/bin/makeblastdb
[18:20:59] Determined makeblastdb version is 002009 from 'makeblastdb: 2.9.0+'
[18:20:59] Looking for 'minced' - found /home/tsweet/anaconda3/bin/minced
[18:20:59] Determined minced version is 004002 from 'minced 0.4.2'
[18:20:59] Looking for 'parallel' - found /home/tsweet/anaconda3/bin/parallel
[18:21:00] Determined parallel version is 20200322 from 'GNU parallel 20200322'
[18:21:00] Looking for 'prodigal' - found /home/tsweet/anaconda3/bin/prodigal
[18:21:00] Determined prodigal version is 002006 from 'Prodigal V2.6.3: February, 2016'
[18:21:00] Looking for 'prokka-genbank_to_fasta_db' - found /home/tsweet/anaconda3/bin/prokka-genbank_to_fasta_db
[18:21:00] Looking for 'sed' - found /bin/sed
[18:21:00] Looking for 'tbl2asn' - found /home/tsweet/anaconda3/bin/tbl2asn
[18:21:00] Determined tbl2asn version is 025007 from 'tbl2asn 25.7   arguments:'
[18:21:00] Using genetic code table 11.
[18:21:00] Loading and checking input file: 005.1_ASM900v1_genomic.gbff_pp11
[18:21:00] Wrote 1 contigs totalling 19228 bp.
[18:21:00] Predicting tRNAs and tmRNAs
[18:21:00] Running: aragorn -l -gc11  -w GCA_000009005\.1_ASM900v1_genomic\.gbff_pp11\/PROKKA_05152020\.fna
[18:21:00] Found 0 tRNAs
[18:21:00] Predicting Ribosomal RNAs
[18:21:00] Running Barrnap with 8 threads
[18:21:00] Found 0 rRNAs
[18:21:00] Skipping ncRNA search, enable with --rfam if desired.
[18:21:00] Total of 0 tRNA + rRNA features
[18:21:00] Searching for CRISPR repeats
[18:21:00] Found 0 CRISPRs
[18:21:00] Predicting coding sequences
[18:21:00] Contigs total 19228 bp, so using meta mode
[18:21:00] Running: prodigal -i GCA_000009005\.1_ASM900v1_genomic\.gbff_pp11\/PROKKA_05152020\.fna -c -m -g 11 -p meta -f sco -q
[18:21:00] Found 18 CDS
[18:21:00] Connecting features back to sequences
[18:21:00] Not using genus-specific database. Try --usegenus to enable it.
[18:21:00] Annotating CDS, please be patient.
[18:21:00] Will use 8 CPUs for similarity searching.
[18:21:00] There are still 18 unannotated CDS left (started with 18)
[18:21:00] Will use blast to search against /home/tsweet/anaconda3/db/kingdom/Bacteria/IS with 8 CPUs
[18:21:00] Running: cat GCA_000009005\.1_ASM900v1_genomic\.gbff_pp11\/PROKKA_05152020\.IS\.tmp\.7230\.faa | parallel --gnu --plain -j 8 --block 355 --recstart '>' --pipe blastp -query - -db /home/tsweet/anaconda3/db/kingdom/Bacteria/IS -evalue 1e-30 -qcov_hsp_perc 90 -num_threads 1 -num_descriptions 1 -num_alignments 1 -seg no > GCA_000009005\.1_ASM900v1_genomic\.gbff_pp11\/PROKKA_05152020\.IS\.tmp\.7230\.blast 2> /dev/null
[18:21:00] Deleting unwanted file: GCA_000009005.1_ASM900v1_genomic.gbff_pp11/PROKKA_05152020.IS.tmp.7230.faa
[18:21:00] Deleting unwanted file: GCA_000009005.1_ASM900v1_genomic.gbff_pp11/PROKKA_05152020.IS.tmp.7230.blast
[18:21:00] There are still 18 unannotated CDS left (started with 18)
[18:21:00] Will use blast to search against /home/tsweet/anaconda3/db/kingdom/Bacteria/AMR with 8 CPUs
[18:21:00] Running: cat GCA_000009005\.1_ASM900v1_genomic\.gbff_pp11\/PROKKA_05152020\.AMR\.tmp\.7230\.faa | parallel --gnu --plain -j 8 --block 355 --recstart '>' --pipe blastp -query - -db /home/tsweet/anaconda3/db/kingdom/Bacteria/AMR -evalue 9.99999999999999e-301 -qcov_hsp_perc 90 -num_threads 1 -num_descriptions 1 -num_alignments 1 -seg no > GCA_000009005\.1_ASM900v1_genomic\.gbff_pp11\/PROKKA_05152020\.AMR\.tmp\.7230\.blast 2> /dev/null
[18:21:00] Deleting unwanted file: GCA_000009005.1_ASM900v1_genomic.gbff_pp11/PROKKA_05152020.AMR.tmp.7230.faa
[18:21:00] Deleting unwanted file: GCA_000009005.1_ASM900v1_genomic.gbff_pp11/PROKKA_05152020.AMR.tmp.7230.blast
[18:21:00] There are still 18 unannotated CDS left (started with 18)
[18:21:00] Will use blast to search against /home/tsweet/anaconda3/db/kingdom/Bacteria/sprot with 8 CPUs
[18:21:00] Running: cat GCA_000009005\.1_ASM900v1_genomic\.gbff_pp11\/PROKKA_05152020\.sprot\.tmp\.7230\.faa | parallel --gnu --plain -j 8 --block 355 --recstart '>' --pipe blastp -query - -db /home/tsweet/anaconda3/db/kingdom/Bacteria/sprot -evalue 1e-09 -qcov_hsp_perc 80 -num_threads 1 -num_descriptions 1 -num_alignments 1 -seg no > GCA_000009005\.1_ASM900v1_genomic\.gbff_pp11\/PROKKA_05152020\.sprot\.tmp\.7230\.blast 2> /dev/null
[18:21:01] Modify product: Uncharacterized sugar transferase EpsL => putative sugar transferase EpsL
[18:21:01] Cleaned 1 /product names
[18:21:01] Deleting unwanted file: GCA_000009005.1_ASM900v1_genomic.gbff_pp11/PROKKA_05152020.sprot.tmp.7230.faa
[18:21:01] Deleting unwanted file: GCA_000009005.1_ASM900v1_genomic.gbff_pp11/PROKKA_05152020.sprot.tmp.7230.blast
[18:21:01] There are still 6 unannotated CDS left (started with 18)
[18:21:01] Will use hmmer3 to search against /home/tsweet/anaconda3/db/hmm/HAMAP.hmm with 8 CPUs
[18:21:01] Running: cat GCA_000009005\.1_ASM900v1_genomic\.gbff_pp11\/PROKKA_05152020\.HAMAP\.hmm\.tmp\.7230\.faa | parallel --gnu --plain -j 8 --block 130 --recstart '>' --pipe hmmscan --noali --notextw --acc -E 1e-09 --cpu 1 /home/tsweet/anaconda3/db/hmm/HAMAP.hmm /dev/stdin > GCA_000009005\.1_ASM900v1_genomic\.gbff_pp11\/PROKKA_05152020\.HAMAP\.hmm\.tmp\.7230\.hmmer3 2> /dev/null
[18:21:01] Deleting unwanted file: GCA_000009005.1_ASM900v1_genomic.gbff_pp11/PROKKA_05152020.HAMAP.hmm.tmp.7230.faa
[18:21:01] Deleting unwanted file: GCA_000009005.1_ASM900v1_genomic.gbff_pp11/PROKKA_05152020.HAMAP.hmm.tmp.7230.hmmer3
[18:21:01] Labelling remaining 4 proteins as 'hypothetical protein'
[18:21:01] Found 14 unique /gene codes.
[18:21:01] Fixed 0 colliding /gene names.
[18:21:01] Adding /locus_tag identifiers
[18:21:01] Assigned 18 locus_tags to CDS and RNA features.
[18:21:01] Writing outputs to GCA_000009005.1_ASM900v1_genomic.gbff_pp11/
[18:21:01] Generating annotation statistics file
[18:21:01] Generating Genbank and Sequin files
[18:21:01] Running: tbl2asn -V b -a r10k -l paired-ends -M n -N 1 -y 'Annotated using prokka 1.14.6 from https://github.com/tseemann/prokka' -Z GCA_000009005\.1_ASM900v1_genomic\.gbff_pp11\/PROKKA_05152020\.err -i GCA_000009005\.1_ASM900v1_genomic\.gbff_pp11\/PROKKA_05152020\.fsa 2> /dev/null
[18:21:02] Deleting unwanted file: GCA_000009005.1_ASM900v1_genomic.gbff_pp11/errorsummary.val
[18:21:02] Deleting unwanted file: GCA_000009005.1_ASM900v1_genomic.gbff_pp11/PROKKA_05152020.dr
[18:21:02] Deleting unwanted file: GCA_000009005.1_ASM900v1_genomic.gbff_pp11/PROKKA_05152020.fixedproducts
[18:21:02] Deleting unwanted file: GCA_000009005.1_ASM900v1_genomic.gbff_pp11/PROKKA_05152020.ecn
[18:21:02] Deleting unwanted file: GCA_000009005.1_ASM900v1_genomic.gbff_pp11/PROKKA_05152020.val
[18:21:02] Repairing broken .GBK output that tbl2asn produces...
[18:21:02] Running: sed 's/COORDINATES: profile/COORDINATES:profile/' < GCA_000009005\.1_ASM900v1_genomic\.gbff_pp11\/PROKKA_05152020\.gbf > GCA_000009005\.1_ASM900v1_genomic\.gbff_pp11\/PROKKA_05152020\.gbk
[18:21:02] Deleting unwanted file: GCA_000009005.1_ASM900v1_genomic.gbff_pp11/PROKKA_05152020.gbf
[18:21:02] Output files:
[18:21:02] GCA_000009005.1_ASM900v1_genomic.gbff_pp11/PROKKA_05152020.err
[18:21:02] GCA_000009005.1_ASM900v1_genomic.gbff_pp11/PROKKA_05152020.faa
[18:21:02] GCA_000009005.1_ASM900v1_genomic.gbff_pp11/PROKKA_05152020.txt
[18:21:02] GCA_000009005.1_ASM900v1_genomic.gbff_pp11/PROKKA_05152020.fna
[18:21:02] GCA_000009005.1_ASM900v1_genomic.gbff_pp11/PROKKA_05152020.gbk
[18:21:02] GCA_000009005.1_ASM900v1_genomic.gbff_pp11/PROKKA_05152020.log
[18:21:02] GCA_000009005.1_ASM900v1_genomic.gbff_pp11/PROKKA_05152020.tsv
[18:21:02] GCA_000009005.1_ASM900v1_genomic.gbff_pp11/PROKKA_05152020.tbl
[18:21:02] GCA_000009005.1_ASM900v1_genomic.gbff_pp11/PROKKA_05152020.ffn
[18:21:02] GCA_000009005.1_ASM900v1_genomic.gbff_pp11/PROKKA_05152020.sqn
[18:21:02] GCA_000009005.1_ASM900v1_genomic.gbff_pp11/PROKKA_05152020.gff
[18:21:02] GCA_000009005.1_ASM900v1_genomic.gbff_pp11/PROKKA_05152020.fsa
[18:21:02] Annotation finished successfully.
[18:21:02] Walltime used: 0.05 minutes
[18:21:02] If you use this result please cite the Prokka paper:
[18:21:02] Seemann T (2014) Prokka: rapid prokaryotic genome annotation. Bioinformatics. 30(14):2068-9.
[18:21:02] Type 'prokka --citation' for more details.
[18:21:02] Share and enjoy!
