Discrepancy Report Results

Summary
DISC_SOURCE_QUALS_ASNDISC:strain (all present, all unique)
DISC_SOURCE_QUALS_ASNDISC:taxname (all present, all unique)
DISC_FEATURE_COUNT:gene: 18 present
DISC_FEATURE_COUNT:CDS: 18 present
DISC_COUNT_NUCLEOTIDES:1 nucleotide Bioseqs are present
OVERLAPPING_GENES:6 genes overlap another gene on the same strand.
DISC_QUALITY_SCORES:Quality scores are missing on all sequences.
ONCALLER_COMMENT_PRESENT:1 comment descriptors were found (all same)
MISSING_GENOMEASSEMBLY_COMMENTS:1 bioseqs are missing GenomeAssembly structured comments
MOLTYPE_NOT_MRNA:1 molecule types are not set as mRNA.
TECHNIQUE_NOT_TSA:1 technique are not set as TSA
MISSING_STRUCTURED_COMMENT:1 sequences do not include structured comments.
MISSING_PROJECT:19 sequences do not include project.
DISC_INCONSISTENT_MOLINFO_TECH:Molinfo Technique Report (some missing, all same)


Detailed Report

DiscRep_ALL:DISC_SOURCE_QUALS_ASNDISC::strain (all present, all unique)
DiscRep_SUB:DISC_SOURCE_QUALS_ASNDISC::1 sources have unique values for strain
DiscRep_ALL:DISC_SOURCE_QUALS_ASNDISC::taxname (all present, all unique)
DiscRep_SUB:DISC_SOURCE_QUALS_ASNDISC::1 sources have unique values for taxname
DiscRep_ALL:DISC_FEATURE_COUNT::gene: 18 present
DiscRep_ALL:DISC_FEATURE_COUNT::CDS: 18 present
DiscRep_ALL:DISC_COUNT_NUCLEOTIDES::1 nucleotide Bioseqs are present
GCA_000009005.1_ASM900v1_genomic.gbff_pp11/PROKKA_05152020:X:FBFNHGHC_1 (length 19228)

DiscRep_ALL:OVERLAPPING_GENES::6 genes overlap another gene on the same strand.
GCA_000009005.1_ASM900v1_genomic.gbff_pp11/PROKKA_05152020:Gene	fcl	FBFNHGHC_1:c5816-4929	FBFNHGHC_00005
GCA_000009005.1_ASM900v1_genomic.gbff_pp11/PROKKA_05152020:Gene	epsL	FBFNHGHC_1:c6373-5816	FBFNHGHC_00006
GCA_000009005.1_ASM900v1_genomic.gbff_pp11/PROKKA_05152020:Gene	FBFNHGHC_00008	FBFNHGHC_1:c8795-7590	FBFNHGHC_00008
GCA_000009005.1_ASM900v1_genomic.gbff_pp11/PROKKA_05152020:Gene	FBFNHGHC_00009	FBFNHGHC_1:c9954-8788	FBFNHGHC_00009
GCA_000009005.1_ASM900v1_genomic.gbff_pp11/PROKKA_05152020:Gene	capD	FBFNHGHC_1:c14989-13961	FBFNHGHC_00014
GCA_000009005.1_ASM900v1_genomic.gbff_pp11/PROKKA_05152020:Gene	pglF	FBFNHGHC_1:c16613-14979	FBFNHGHC_00015

DiscRep_ALL:DISC_QUALITY_SCORES::Quality scores are missing on all sequences.

DiscRep_ALL:ONCALLER_COMMENT_PRESENT::1 comment descriptors were found (all same)
GCA_000009005.1_ASM900v1_genomic.gbff_pp11/PROKKA_05152020:X:FBFNHGHC_1:Annotated using prokka 1.14.6 from https://github.com/tseemann/prokka

DiscRep_ALL:MISSING_GENOMEASSEMBLY_COMMENTS::1 bioseqs are missing GenomeAssembly structured comments
GCA_000009005.1_ASM900v1_genomic.gbff_pp11/PROKKA_05152020:X:FBFNHGHC_1 (length 19228)

DiscRep_ALL:MOLTYPE_NOT_MRNA::1 molecule types are not set as mRNA.
GCA_000009005.1_ASM900v1_genomic.gbff_pp11/PROKKA_05152020:X:FBFNHGHC_1 (length 19228)

DiscRep_ALL:TECHNIQUE_NOT_TSA::1 technique are not set as TSA
GCA_000009005.1_ASM900v1_genomic.gbff_pp11/PROKKA_05152020:X:FBFNHGHC_1 (length 19228)

DiscRep_ALL:MISSING_STRUCTURED_COMMENT::1 sequences do not include structured comments.
GCA_000009005.1_ASM900v1_genomic.gbff_pp11/PROKKA_05152020:X:FBFNHGHC_1 (length 19228)

DiscRep_ALL:MISSING_PROJECT::19 sequences do not include project.
GCA_000009005.1_ASM900v1_genomic.gbff_pp11/PROKKA_05152020:X:FBFNHGHC_1 (length 19228)
GCA_000009005.1_ASM900v1_genomic.gbff_pp11/PROKKA_05152020:X:FBFNHGHC_00001 (length 127)
GCA_000009005.1_ASM900v1_genomic.gbff_pp11/PROKKA_05152020:X:FBFNHGHC_00002 (length 108)
GCA_000009005.1_ASM900v1_genomic.gbff_pp11/PROKKA_05152020:X:FBFNHGHC_00003 (length 381)
GCA_000009005.1_ASM900v1_genomic.gbff_pp11/PROKKA_05152020:X:FBFNHGHC_00004 (length 420)
GCA_000009005.1_ASM900v1_genomic.gbff_pp11/PROKKA_05152020:X:FBFNHGHC_00005 (length 295)
GCA_000009005.1_ASM900v1_genomic.gbff_pp11/PROKKA_05152020:X:FBFNHGHC_00006 (length 185)
GCA_000009005.1_ASM900v1_genomic.gbff_pp11/PROKKA_05152020:X:FBFNHGHC_00007 (length 401)
GCA_000009005.1_ASM900v1_genomic.gbff_pp11/PROKKA_05152020:X:FBFNHGHC_00008 (length 401)
GCA_000009005.1_ASM900v1_genomic.gbff_pp11/PROKKA_05152020:X:FBFNHGHC_00009 (length 388)
GCA_000009005.1_ASM900v1_genomic.gbff_pp11/PROKKA_05152020:X:FBFNHGHC_00010 (length 369)
GCA_000009005.1_ASM900v1_genomic.gbff_pp11/PROKKA_05152020:X:FBFNHGHC_00011 (length 208)
GCA_000009005.1_ASM900v1_genomic.gbff_pp11/PROKKA_05152020:X:FBFNHGHC_00012 (length 374)
GCA_000009005.1_ASM900v1_genomic.gbff_pp11/PROKKA_05152020:X:FBFNHGHC_00013 (length 369)
GCA_000009005.1_ASM900v1_genomic.gbff_pp11/PROKKA_05152020:X:FBFNHGHC_00014 (length 342)
GCA_000009005.1_ASM900v1_genomic.gbff_pp11/PROKKA_05152020:X:FBFNHGHC_00015 (length 544)
GCA_000009005.1_ASM900v1_genomic.gbff_pp11/PROKKA_05152020:X:FBFNHGHC_00016 (length 254)
GCA_000009005.1_ASM900v1_genomic.gbff_pp11/PROKKA_05152020:X:FBFNHGHC_00017 (length 228)
GCA_000009005.1_ASM900v1_genomic.gbff_pp11/PROKKA_05152020:X:FBFNHGHC_00018 (length 205)

DiscRep_ALL:DISC_INCONSISTENT_MOLINFO_TECH::Molinfo Technique Report (some missing, all same)
DiscRep_SUB:DISC_INCONSISTENT_MOLINFO_TECH::technique (all missing)
DiscRep_SUB:DISC_INCONSISTENT_MOLINFO_TECH::1 Molinfos are missing field technique
GCA_000009005.1_ASM900v1_genomic.gbff_pp11/PROKKA_05152020:X:FBFNHGHC_1 (length 19228)

