Discrepancy Report Results

Summary
DISC_SOURCE_QUALS_ASNDISC:strain (all present, all unique)
DISC_SOURCE_QUALS_ASNDISC:taxname (all present, all unique)
DISC_FEATURE_COUNT:gene: 12 present
DISC_FEATURE_COUNT:CDS: 12 present
DISC_COUNT_NUCLEOTIDES:1 nucleotide Bioseqs are present
OVERLAPPING_GENES:6 genes overlap another gene on the same strand.
DISC_QUALITY_SCORES:Quality scores are missing on all sequences.
ONCALLER_COMMENT_PRESENT:1 comment descriptors were found (all same)
MISSING_GENOMEASSEMBLY_COMMENTS:1 bioseqs are missing GenomeAssembly structured comments
MOLTYPE_NOT_MRNA:1 molecule types are not set as mRNA.
TECHNIQUE_NOT_TSA:1 technique are not set as TSA
MISSING_STRUCTURED_COMMENT:1 sequences do not include structured comments.
MISSING_PROJECT:13 sequences do not include project.
DISC_INCONSISTENT_MOLINFO_TECH:Molinfo Technique Report (some missing, all same)


Detailed Report

DiscRep_ALL:DISC_SOURCE_QUALS_ASNDISC::strain (all present, all unique)
DiscRep_SUB:DISC_SOURCE_QUALS_ASNDISC::1 sources have unique values for strain
DiscRep_ALL:DISC_SOURCE_QUALS_ASNDISC::taxname (all present, all unique)
DiscRep_SUB:DISC_SOURCE_QUALS_ASNDISC::1 sources have unique values for taxname
DiscRep_ALL:DISC_FEATURE_COUNT::gene: 12 present
DiscRep_ALL:DISC_FEATURE_COUNT::CDS: 12 present
DiscRep_ALL:DISC_COUNT_NUCLEOTIDES::1 nucleotide Bioseqs are present
GCA_000009005.1_ASM900v1_genomic.gbff_pp18/PROKKA_05152020:X:NDDFKPPL_1 (length 9966)

DiscRep_ALL:OVERLAPPING_GENES::6 genes overlap another gene on the same strand.
GCA_000009005.1_ASM900v1_genomic.gbff_pp18/PROKKA_05152020:Gene	msrA2	NDDFKPPL_1:534-1067	NDDFKPPL_00002
GCA_000009005.1_ASM900v1_genomic.gbff_pp18/PROKKA_05152020:Gene	msrB	NDDFKPPL_1:1060-1488	NDDFKPPL_00003
GCA_000009005.1_ASM900v1_genomic.gbff_pp18/PROKKA_05152020:Gene	crr	NDDFKPPL_1:1500-2000	NDDFKPPL_00004
GCA_000009005.1_ASM900v1_genomic.gbff_pp18/PROKKA_05152020:Gene	NDDFKPPL_00005	NDDFKPPL_1:2000-2221	NDDFKPPL_00005
GCA_000009005.1_ASM900v1_genomic.gbff_pp18/PROKKA_05152020:Gene	arlR	NDDFKPPL_1:7307-7966	NDDFKPPL_00011
GCA_000009005.1_ASM900v1_genomic.gbff_pp18/PROKKA_05152020:Gene	arlS	NDDFKPPL_1:7963-9318	NDDFKPPL_00012

DiscRep_ALL:DISC_QUALITY_SCORES::Quality scores are missing on all sequences.

DiscRep_ALL:ONCALLER_COMMENT_PRESENT::1 comment descriptors were found (all same)
GCA_000009005.1_ASM900v1_genomic.gbff_pp18/PROKKA_05152020:X:NDDFKPPL_1:Annotated using prokka 1.14.6 from https://github.com/tseemann/prokka

DiscRep_ALL:MISSING_GENOMEASSEMBLY_COMMENTS::1 bioseqs are missing GenomeAssembly structured comments
GCA_000009005.1_ASM900v1_genomic.gbff_pp18/PROKKA_05152020:X:NDDFKPPL_1 (length 9966)

DiscRep_ALL:MOLTYPE_NOT_MRNA::1 molecule types are not set as mRNA.
GCA_000009005.1_ASM900v1_genomic.gbff_pp18/PROKKA_05152020:X:NDDFKPPL_1 (length 9966)

DiscRep_ALL:TECHNIQUE_NOT_TSA::1 technique are not set as TSA
GCA_000009005.1_ASM900v1_genomic.gbff_pp18/PROKKA_05152020:X:NDDFKPPL_1 (length 9966)

DiscRep_ALL:MISSING_STRUCTURED_COMMENT::1 sequences do not include structured comments.
GCA_000009005.1_ASM900v1_genomic.gbff_pp18/PROKKA_05152020:X:NDDFKPPL_1 (length 9966)

DiscRep_ALL:MISSING_PROJECT::13 sequences do not include project.
GCA_000009005.1_ASM900v1_genomic.gbff_pp18/PROKKA_05152020:X:NDDFKPPL_1 (length 9966)
GCA_000009005.1_ASM900v1_genomic.gbff_pp18/PROKKA_05152020:X:NDDFKPPL_00001 (length 118)
GCA_000009005.1_ASM900v1_genomic.gbff_pp18/PROKKA_05152020:X:NDDFKPPL_00002 (length 177)
GCA_000009005.1_ASM900v1_genomic.gbff_pp18/PROKKA_05152020:X:NDDFKPPL_00003 (length 142)
GCA_000009005.1_ASM900v1_genomic.gbff_pp18/PROKKA_05152020:X:NDDFKPPL_00004 (length 166)
GCA_000009005.1_ASM900v1_genomic.gbff_pp18/PROKKA_05152020:X:NDDFKPPL_00005 (length 73)
GCA_000009005.1_ASM900v1_genomic.gbff_pp18/PROKKA_05152020:X:NDDFKPPL_00006 (length 496)
GCA_000009005.1_ASM900v1_genomic.gbff_pp18/PROKKA_05152020:X:NDDFKPPL_00007 (length 169)
GCA_000009005.1_ASM900v1_genomic.gbff_pp18/PROKKA_05152020:X:NDDFKPPL_00008 (length 356)
GCA_000009005.1_ASM900v1_genomic.gbff_pp18/PROKKA_05152020:X:NDDFKPPL_00009 (length 204)
GCA_000009005.1_ASM900v1_genomic.gbff_pp18/PROKKA_05152020:X:NDDFKPPL_00010 (length 66)
GCA_000009005.1_ASM900v1_genomic.gbff_pp18/PROKKA_05152020:X:NDDFKPPL_00011 (length 219)
GCA_000009005.1_ASM900v1_genomic.gbff_pp18/PROKKA_05152020:X:NDDFKPPL_00012 (length 451)

DiscRep_ALL:DISC_INCONSISTENT_MOLINFO_TECH::Molinfo Technique Report (some missing, all same)
DiscRep_SUB:DISC_INCONSISTENT_MOLINFO_TECH::technique (all missing)
DiscRep_SUB:DISC_INCONSISTENT_MOLINFO_TECH::1 Molinfos are missing field technique
GCA_000009005.1_ASM900v1_genomic.gbff_pp18/PROKKA_05152020:X:NDDFKPPL_1 (length 9966)

