Discrepancy Report Results

Summary
DISC_SOURCE_QUALS_ASNDISC:strain (all present, all unique)
DISC_SOURCE_QUALS_ASNDISC:taxname (all present, all unique)
DISC_FEATURE_COUNT:gene: 12 present
DISC_FEATURE_COUNT:CDS: 12 present
DISC_COUNT_NUCLEOTIDES:1 nucleotide Bioseqs are present
OVERLAPPING_GENES:4 genes overlap another gene on the same strand.
DISC_QUALITY_SCORES:Quality scores are missing on all sequences.
ONCALLER_COMMENT_PRESENT:1 comment descriptors were found (all same)
SHORT_PROT_SEQUENCES:1 protein sequences are shorter than 50 aa.
MISSING_GENOMEASSEMBLY_COMMENTS:1 bioseqs are missing GenomeAssembly structured comments
MOLTYPE_NOT_MRNA:1 molecule types are not set as mRNA.
TECHNIQUE_NOT_TSA:1 technique are not set as TSA
MISSING_STRUCTURED_COMMENT:1 sequences do not include structured comments.
MISSING_PROJECT:13 sequences do not include project.
DISC_INCONSISTENT_MOLINFO_TECH:Molinfo Technique Report (some missing, all same)


Detailed Report

DiscRep_ALL:DISC_SOURCE_QUALS_ASNDISC::strain (all present, all unique)
DiscRep_SUB:DISC_SOURCE_QUALS_ASNDISC::1 sources have unique values for strain
DiscRep_ALL:DISC_SOURCE_QUALS_ASNDISC::taxname (all present, all unique)
DiscRep_SUB:DISC_SOURCE_QUALS_ASNDISC::1 sources have unique values for taxname
DiscRep_ALL:DISC_FEATURE_COUNT::gene: 12 present
DiscRep_ALL:DISC_FEATURE_COUNT::CDS: 12 present
DiscRep_ALL:DISC_COUNT_NUCLEOTIDES::1 nucleotide Bioseqs are present
GCA_000535875.1_Stap_aure_M1379_V1_genomic.gbff_pp1/PROKKA_05152020:X:BLHOFFBM_1 (length 9290)

DiscRep_ALL:OVERLAPPING_GENES::4 genes overlap another gene on the same strand.
GCA_000535875.1_Stap_aure_M1379_V1_genomic.gbff_pp1/PROKKA_05152020:Gene	ywlC	BLHOFFBM_1:159-926	BLHOFFBM_00001
GCA_000535875.1_Stap_aure_M1379_V1_genomic.gbff_pp1/PROKKA_05152020:Gene	ptpB	BLHOFFBM_1:923-1342	BLHOFFBM_00002
GCA_000535875.1_Stap_aure_M1379_V1_genomic.gbff_pp1/PROKKA_05152020:Gene	atpF	BLHOFFBM_1:6769-7290	BLHOFFBM_00010
GCA_000535875.1_Stap_aure_M1379_V1_genomic.gbff_pp1/PROKKA_05152020:Gene	atpH	BLHOFFBM_1:7290-7829	BLHOFFBM_00011

DiscRep_ALL:DISC_QUALITY_SCORES::Quality scores are missing on all sequences.

DiscRep_ALL:ONCALLER_COMMENT_PRESENT::1 comment descriptors were found (all same)
GCA_000535875.1_Stap_aure_M1379_V1_genomic.gbff_pp1/PROKKA_05152020:X:BLHOFFBM_1:Annotated using prokka 1.14.6 from https://github.com/tseemann/prokka

DiscRep_ALL:SHORT_PROT_SEQUENCES::1 protein sequences are shorter than 50 aa.
GCA_000535875.1_Stap_aure_M1379_V1_genomic.gbff_pp1/PROKKA_05152020:X:BLHOFFBM_00012 (length 30)

DiscRep_ALL:MISSING_GENOMEASSEMBLY_COMMENTS::1 bioseqs are missing GenomeAssembly structured comments
GCA_000535875.1_Stap_aure_M1379_V1_genomic.gbff_pp1/PROKKA_05152020:X:BLHOFFBM_1 (length 9290)

DiscRep_ALL:MOLTYPE_NOT_MRNA::1 molecule types are not set as mRNA.
GCA_000535875.1_Stap_aure_M1379_V1_genomic.gbff_pp1/PROKKA_05152020:X:BLHOFFBM_1 (length 9290)

DiscRep_ALL:TECHNIQUE_NOT_TSA::1 technique are not set as TSA
GCA_000535875.1_Stap_aure_M1379_V1_genomic.gbff_pp1/PROKKA_05152020:X:BLHOFFBM_1 (length 9290)

DiscRep_ALL:MISSING_STRUCTURED_COMMENT::1 sequences do not include structured comments.
GCA_000535875.1_Stap_aure_M1379_V1_genomic.gbff_pp1/PROKKA_05152020:X:BLHOFFBM_1 (length 9290)

DiscRep_ALL:MISSING_PROJECT::13 sequences do not include project.
GCA_000535875.1_Stap_aure_M1379_V1_genomic.gbff_pp1/PROKKA_05152020:X:BLHOFFBM_1 (length 9290)
GCA_000535875.1_Stap_aure_M1379_V1_genomic.gbff_pp1/PROKKA_05152020:X:BLHOFFBM_00001 (length 255)
GCA_000535875.1_Stap_aure_M1379_V1_genomic.gbff_pp1/PROKKA_05152020:X:BLHOFFBM_00002 (length 139)
GCA_000535875.1_Stap_aure_M1379_V1_genomic.gbff_pp1/PROKKA_05152020:X:BLHOFFBM_00003 (length 174)
GCA_000535875.1_Stap_aure_M1379_V1_genomic.gbff_pp1/PROKKA_05152020:X:BLHOFFBM_00004 (length 412)
GCA_000535875.1_Stap_aure_M1379_V1_genomic.gbff_pp1/PROKKA_05152020:X:BLHOFFBM_00005 (length 209)
GCA_000535875.1_Stap_aure_M1379_V1_genomic.gbff_pp1/PROKKA_05152020:X:BLHOFFBM_00006 (length 375)
GCA_000535875.1_Stap_aure_M1379_V1_genomic.gbff_pp1/PROKKA_05152020:X:BLHOFFBM_00007 (length 128)
GCA_000535875.1_Stap_aure_M1379_V1_genomic.gbff_pp1/PROKKA_05152020:X:BLHOFFBM_00008 (length 242)
GCA_000535875.1_Stap_aure_M1379_V1_genomic.gbff_pp1/PROKKA_05152020:X:BLHOFFBM_00009 (length 70)
GCA_000535875.1_Stap_aure_M1379_V1_genomic.gbff_pp1/PROKKA_05152020:X:BLHOFFBM_00010 (length 173)
GCA_000535875.1_Stap_aure_M1379_V1_genomic.gbff_pp1/PROKKA_05152020:X:BLHOFFBM_00011 (length 179)
GCA_000535875.1_Stap_aure_M1379_V1_genomic.gbff_pp1/PROKKA_05152020:X:BLHOFFBM_00012 (length 30)

DiscRep_ALL:DISC_INCONSISTENT_MOLINFO_TECH::Molinfo Technique Report (some missing, all same)
DiscRep_SUB:DISC_INCONSISTENT_MOLINFO_TECH::technique (all missing)
DiscRep_SUB:DISC_INCONSISTENT_MOLINFO_TECH::1 Molinfos are missing field technique
GCA_000535875.1_Stap_aure_M1379_V1_genomic.gbff_pp1/PROKKA_05152020:X:BLHOFFBM_1 (length 9290)

