Discrepancy Report Results

Summary
DISC_SOURCE_QUALS_ASNDISC:strain (all present, all unique)
DISC_SOURCE_QUALS_ASNDISC:taxname (all present, all unique)
DISC_FEATURE_COUNT:gene: 6 present
DISC_FEATURE_COUNT:CDS: 6 present
DISC_COUNT_NUCLEOTIDES:1 nucleotide Bioseqs are present
OVERLAPPING_GENES:2 genes overlap another gene on the same strand.
DISC_QUALITY_SCORES:Quality scores are missing on all sequences.
ONCALLER_COMMENT_PRESENT:1 comment descriptors were found (all same)
SHORT_PROT_SEQUENCES:1 protein sequences are shorter than 50 aa.
MISSING_GENOMEASSEMBLY_COMMENTS:1 bioseqs are missing GenomeAssembly structured comments
MOLTYPE_NOT_MRNA:1 molecule types are not set as mRNA.
TECHNIQUE_NOT_TSA:1 technique are not set as TSA
MISSING_STRUCTURED_COMMENT:1 sequences do not include structured comments.
MISSING_PROJECT:7 sequences do not include project.
DISC_INCONSISTENT_MOLINFO_TECH:Molinfo Technique Report (some missing, all same)


Detailed Report

DiscRep_ALL:DISC_SOURCE_QUALS_ASNDISC::strain (all present, all unique)
DiscRep_SUB:DISC_SOURCE_QUALS_ASNDISC::1 sources have unique values for strain
DiscRep_ALL:DISC_SOURCE_QUALS_ASNDISC::taxname (all present, all unique)
DiscRep_SUB:DISC_SOURCE_QUALS_ASNDISC::1 sources have unique values for taxname
DiscRep_ALL:DISC_FEATURE_COUNT::gene: 6 present
DiscRep_ALL:DISC_FEATURE_COUNT::CDS: 6 present
DiscRep_ALL:DISC_COUNT_NUCLEOTIDES::1 nucleotide Bioseqs are present
GCA_002904975.1_ASM290497v1_genomic.gbff_pp10/PROKKA_05152020:X:AMIHLCIC_1 (length 4092)

DiscRep_ALL:OVERLAPPING_GENES::2 genes overlap another gene on the same strand.
GCA_002904975.1_ASM290497v1_genomic.gbff_pp10/PROKKA_05152020:Gene	AMIHLCIC_00001	AMIHLCIC_1:1657-2007	AMIHLCIC_00001
GCA_002904975.1_ASM290497v1_genomic.gbff_pp10/PROKKA_05152020:Gene	AMIHLCIC_00002	AMIHLCIC_1:2000-2092	AMIHLCIC_00002

DiscRep_ALL:DISC_QUALITY_SCORES::Quality scores are missing on all sequences.

DiscRep_ALL:ONCALLER_COMMENT_PRESENT::1 comment descriptors were found (all same)
GCA_002904975.1_ASM290497v1_genomic.gbff_pp10/PROKKA_05152020:X:AMIHLCIC_1:Annotated using prokka 1.14.6 from https://github.com/tseemann/prokka

DiscRep_ALL:SHORT_PROT_SEQUENCES::1 protein sequences are shorter than 50 aa.
GCA_002904975.1_ASM290497v1_genomic.gbff_pp10/PROKKA_05152020:X:AMIHLCIC_00002 (length 30)

DiscRep_ALL:MISSING_GENOMEASSEMBLY_COMMENTS::1 bioseqs are missing GenomeAssembly structured comments
GCA_002904975.1_ASM290497v1_genomic.gbff_pp10/PROKKA_05152020:X:AMIHLCIC_1 (length 4092)

DiscRep_ALL:MOLTYPE_NOT_MRNA::1 molecule types are not set as mRNA.
GCA_002904975.1_ASM290497v1_genomic.gbff_pp10/PROKKA_05152020:X:AMIHLCIC_1 (length 4092)

DiscRep_ALL:TECHNIQUE_NOT_TSA::1 technique are not set as TSA
GCA_002904975.1_ASM290497v1_genomic.gbff_pp10/PROKKA_05152020:X:AMIHLCIC_1 (length 4092)

DiscRep_ALL:MISSING_STRUCTURED_COMMENT::1 sequences do not include structured comments.
GCA_002904975.1_ASM290497v1_genomic.gbff_pp10/PROKKA_05152020:X:AMIHLCIC_1 (length 4092)

DiscRep_ALL:MISSING_PROJECT::7 sequences do not include project.
GCA_002904975.1_ASM290497v1_genomic.gbff_pp10/PROKKA_05152020:X:AMIHLCIC_1 (length 4092)
GCA_002904975.1_ASM290497v1_genomic.gbff_pp10/PROKKA_05152020:X:AMIHLCIC_00001 (length 116)
GCA_002904975.1_ASM290497v1_genomic.gbff_pp10/PROKKA_05152020:X:AMIHLCIC_00002 (length 30)
GCA_002904975.1_ASM290497v1_genomic.gbff_pp10/PROKKA_05152020:X:AMIHLCIC_00003 (length 103)
GCA_002904975.1_ASM290497v1_genomic.gbff_pp10/PROKKA_05152020:X:AMIHLCIC_00004 (length 167)
GCA_002904975.1_ASM290497v1_genomic.gbff_pp10/PROKKA_05152020:X:AMIHLCIC_00005 (length 74)
GCA_002904975.1_ASM290497v1_genomic.gbff_pp10/PROKKA_05152020:X:AMIHLCIC_00006 (length 191)

DiscRep_ALL:DISC_INCONSISTENT_MOLINFO_TECH::Molinfo Technique Report (some missing, all same)
DiscRep_SUB:DISC_INCONSISTENT_MOLINFO_TECH::technique (all missing)
DiscRep_SUB:DISC_INCONSISTENT_MOLINFO_TECH::1 Molinfos are missing field technique
GCA_002904975.1_ASM290497v1_genomic.gbff_pp10/PROKKA_05152020:X:AMIHLCIC_1 (length 4092)

