Discrepancy Report Results

Summary
DISC_SOURCE_QUALS_ASNDISC:strain (all present, all unique)
DISC_SOURCE_QUALS_ASNDISC:taxname (all present, all unique)
DISC_FEATURE_COUNT:gene: 13 present
DISC_FEATURE_COUNT:CDS: 13 present
DISC_COUNT_NUCLEOTIDES:1 nucleotide Bioseqs are present
OVERLAPPING_GENES:4 genes overlap another gene on the same strand.
DISC_QUALITY_SCORES:Quality scores are missing on all sequences.
ONCALLER_COMMENT_PRESENT:1 comment descriptors were found (all same)
MISSING_GENOMEASSEMBLY_COMMENTS:1 bioseqs are missing GenomeAssembly structured comments
MOLTYPE_NOT_MRNA:1 molecule types are not set as mRNA.
TECHNIQUE_NOT_TSA:1 technique are not set as TSA
MISSING_STRUCTURED_COMMENT:1 sequences do not include structured comments.
MISSING_PROJECT:14 sequences do not include project.
DISC_INCONSISTENT_MOLINFO_TECH:Molinfo Technique Report (some missing, all same)


Detailed Report

DiscRep_ALL:DISC_SOURCE_QUALS_ASNDISC::strain (all present, all unique)
DiscRep_SUB:DISC_SOURCE_QUALS_ASNDISC::1 sources have unique values for strain
DiscRep_ALL:DISC_SOURCE_QUALS_ASNDISC::taxname (all present, all unique)
DiscRep_SUB:DISC_SOURCE_QUALS_ASNDISC::1 sources have unique values for taxname
DiscRep_ALL:DISC_FEATURE_COUNT::gene: 13 present
DiscRep_ALL:DISC_FEATURE_COUNT::CDS: 13 present
DiscRep_ALL:DISC_COUNT_NUCLEOTIDES::1 nucleotide Bioseqs are present
GCA_900081425.1_12641_2_75_genomic.gbff_pp1/PROKKA_05152020:X:KDAPJLLE_1 (length 11359)

DiscRep_ALL:OVERLAPPING_GENES::4 genes overlap another gene on the same strand.
GCA_900081425.1_12641_2_75_genomic.gbff_pp1/PROKKA_05152020:Gene	ywlC	KDAPJLLE_1:159-926	KDAPJLLE_00001
GCA_900081425.1_12641_2_75_genomic.gbff_pp1/PROKKA_05152020:Gene	ptpB	KDAPJLLE_1:923-1342	KDAPJLLE_00002
GCA_900081425.1_12641_2_75_genomic.gbff_pp1/PROKKA_05152020:Gene	atpF	KDAPJLLE_1:6769-7290	KDAPJLLE_00010
GCA_900081425.1_12641_2_75_genomic.gbff_pp1/PROKKA_05152020:Gene	atpH	KDAPJLLE_1:7290-7829	KDAPJLLE_00011

DiscRep_ALL:DISC_QUALITY_SCORES::Quality scores are missing on all sequences.

DiscRep_ALL:ONCALLER_COMMENT_PRESENT::1 comment descriptors were found (all same)
GCA_900081425.1_12641_2_75_genomic.gbff_pp1/PROKKA_05152020:X:KDAPJLLE_1:Annotated using prokka 1.14.6 from https://github.com/tseemann/prokka

DiscRep_ALL:MISSING_GENOMEASSEMBLY_COMMENTS::1 bioseqs are missing GenomeAssembly structured comments
GCA_900081425.1_12641_2_75_genomic.gbff_pp1/PROKKA_05152020:X:KDAPJLLE_1 (length 11359)

DiscRep_ALL:MOLTYPE_NOT_MRNA::1 molecule types are not set as mRNA.
GCA_900081425.1_12641_2_75_genomic.gbff_pp1/PROKKA_05152020:X:KDAPJLLE_1 (length 11359)

DiscRep_ALL:TECHNIQUE_NOT_TSA::1 technique are not set as TSA
GCA_900081425.1_12641_2_75_genomic.gbff_pp1/PROKKA_05152020:X:KDAPJLLE_1 (length 11359)

DiscRep_ALL:MISSING_STRUCTURED_COMMENT::1 sequences do not include structured comments.
GCA_900081425.1_12641_2_75_genomic.gbff_pp1/PROKKA_05152020:X:KDAPJLLE_1 (length 11359)

DiscRep_ALL:MISSING_PROJECT::14 sequences do not include project.
GCA_900081425.1_12641_2_75_genomic.gbff_pp1/PROKKA_05152020:X:KDAPJLLE_1 (length 11359)
GCA_900081425.1_12641_2_75_genomic.gbff_pp1/PROKKA_05152020:X:KDAPJLLE_00001 (length 255)
GCA_900081425.1_12641_2_75_genomic.gbff_pp1/PROKKA_05152020:X:KDAPJLLE_00002 (length 139)
GCA_900081425.1_12641_2_75_genomic.gbff_pp1/PROKKA_05152020:X:KDAPJLLE_00003 (length 174)
GCA_900081425.1_12641_2_75_genomic.gbff_pp1/PROKKA_05152020:X:KDAPJLLE_00004 (length 412)
GCA_900081425.1_12641_2_75_genomic.gbff_pp1/PROKKA_05152020:X:KDAPJLLE_00005 (length 209)
GCA_900081425.1_12641_2_75_genomic.gbff_pp1/PROKKA_05152020:X:KDAPJLLE_00006 (length 375)
GCA_900081425.1_12641_2_75_genomic.gbff_pp1/PROKKA_05152020:X:KDAPJLLE_00007 (length 128)
GCA_900081425.1_12641_2_75_genomic.gbff_pp1/PROKKA_05152020:X:KDAPJLLE_00008 (length 242)
GCA_900081425.1_12641_2_75_genomic.gbff_pp1/PROKKA_05152020:X:KDAPJLLE_00009 (length 70)
GCA_900081425.1_12641_2_75_genomic.gbff_pp1/PROKKA_05152020:X:KDAPJLLE_00010 (length 173)
GCA_900081425.1_12641_2_75_genomic.gbff_pp1/PROKKA_05152020:X:KDAPJLLE_00011 (length 179)
GCA_900081425.1_12641_2_75_genomic.gbff_pp1/PROKKA_05152020:X:KDAPJLLE_00012 (length 502)
GCA_900081425.1_12641_2_75_genomic.gbff_pp1/PROKKA_05152020:X:KDAPJLLE_00013 (length 288)

DiscRep_ALL:DISC_INCONSISTENT_MOLINFO_TECH::Molinfo Technique Report (some missing, all same)
DiscRep_SUB:DISC_INCONSISTENT_MOLINFO_TECH::technique (all missing)
DiscRep_SUB:DISC_INCONSISTENT_MOLINFO_TECH::1 Molinfos are missing field technique
GCA_900081425.1_12641_2_75_genomic.gbff_pp1/PROKKA_05152020:X:KDAPJLLE_1 (length 11359)

