Discrepancy Report Results

Summary
DISC_SOURCE_QUALS_ASNDISC:strain (all present, all unique)
DISC_SOURCE_QUALS_ASNDISC:taxname (all present, all unique)
DISC_FEATURE_COUNT:gene: 7 present
DISC_FEATURE_COUNT:CDS: 7 present
DISC_COUNT_NUCLEOTIDES:1 nucleotide Bioseqs are present
OVERLAPPING_GENES:6 genes overlap another gene on the same strand.
DISC_QUALITY_SCORES:Quality scores are missing on all sequences.
ONCALLER_COMMENT_PRESENT:1 comment descriptors were found (all same)
MISSING_GENOMEASSEMBLY_COMMENTS:1 bioseqs are missing GenomeAssembly structured comments
MOLTYPE_NOT_MRNA:1 molecule types are not set as mRNA.
TECHNIQUE_NOT_TSA:1 technique are not set as TSA
MISSING_STRUCTURED_COMMENT:1 sequences do not include structured comments.
MISSING_PROJECT:8 sequences do not include project.
DISC_INCONSISTENT_MOLINFO_TECH:Molinfo Technique Report (some missing, all same)


Detailed Report

DiscRep_ALL:DISC_SOURCE_QUALS_ASNDISC::strain (all present, all unique)
DiscRep_SUB:DISC_SOURCE_QUALS_ASNDISC::1 sources have unique values for strain
DiscRep_ALL:DISC_SOURCE_QUALS_ASNDISC::taxname (all present, all unique)
DiscRep_SUB:DISC_SOURCE_QUALS_ASNDISC::1 sources have unique values for taxname
DiscRep_ALL:DISC_FEATURE_COUNT::gene: 7 present
DiscRep_ALL:DISC_FEATURE_COUNT::CDS: 7 present
DiscRep_ALL:DISC_COUNT_NUCLEOTIDES::1 nucleotide Bioseqs are present
GCA_900251565.1_M3684_genomic.gbff_pp14/PROKKA_05152020:X:IEDMLBHG_1 (length 4735)

DiscRep_ALL:OVERLAPPING_GENES::6 genes overlap another gene on the same strand.
GCA_900251565.1_M3684_genomic.gbff_pp14/PROKKA_05152020:Gene	comGA	IEDMLBHG_1:12-944	IEDMLBHG_00001
GCA_900251565.1_M3684_genomic.gbff_pp14/PROKKA_05152020:Gene	IEDMLBHG_00002	IEDMLBHG_1:916-1986	IEDMLBHG_00002
GCA_900251565.1_M3684_genomic.gbff_pp14/PROKKA_05152020:Gene	comGC	IEDMLBHG_1:2000-2311	IEDMLBHG_00003
GCA_900251565.1_M3684_genomic.gbff_pp14/PROKKA_05152020:Gene	IEDMLBHG_00004	IEDMLBHG_1:2289-2735	IEDMLBHG_00004
GCA_900251565.1_M3684_genomic.gbff_pp14/PROKKA_05152020:Gene	IEDMLBHG_00005	IEDMLBHG_1:2722-3021	IEDMLBHG_00005
GCA_900251565.1_M3684_genomic.gbff_pp14/PROKKA_05152020:Gene	IEDMLBHG_00006	IEDMLBHG_1:2969-3436	IEDMLBHG_00006

DiscRep_ALL:DISC_QUALITY_SCORES::Quality scores are missing on all sequences.

DiscRep_ALL:ONCALLER_COMMENT_PRESENT::1 comment descriptors were found (all same)
GCA_900251565.1_M3684_genomic.gbff_pp14/PROKKA_05152020:X:IEDMLBHG_1:Annotated using prokka 1.14.6 from https://github.com/tseemann/prokka

DiscRep_ALL:MISSING_GENOMEASSEMBLY_COMMENTS::1 bioseqs are missing GenomeAssembly structured comments
GCA_900251565.1_M3684_genomic.gbff_pp14/PROKKA_05152020:X:IEDMLBHG_1 (length 4735)

DiscRep_ALL:MOLTYPE_NOT_MRNA::1 molecule types are not set as mRNA.
GCA_900251565.1_M3684_genomic.gbff_pp14/PROKKA_05152020:X:IEDMLBHG_1 (length 4735)

DiscRep_ALL:TECHNIQUE_NOT_TSA::1 technique are not set as TSA
GCA_900251565.1_M3684_genomic.gbff_pp14/PROKKA_05152020:X:IEDMLBHG_1 (length 4735)

DiscRep_ALL:MISSING_STRUCTURED_COMMENT::1 sequences do not include structured comments.
GCA_900251565.1_M3684_genomic.gbff_pp14/PROKKA_05152020:X:IEDMLBHG_1 (length 4735)

DiscRep_ALL:MISSING_PROJECT::8 sequences do not include project.
GCA_900251565.1_M3684_genomic.gbff_pp14/PROKKA_05152020:X:IEDMLBHG_1 (length 4735)
GCA_900251565.1_M3684_genomic.gbff_pp14/PROKKA_05152020:X:IEDMLBHG_00001 (length 310)
GCA_900251565.1_M3684_genomic.gbff_pp14/PROKKA_05152020:X:IEDMLBHG_00002 (length 356)
GCA_900251565.1_M3684_genomic.gbff_pp14/PROKKA_05152020:X:IEDMLBHG_00003 (length 103)
GCA_900251565.1_M3684_genomic.gbff_pp14/PROKKA_05152020:X:IEDMLBHG_00004 (length 148)
GCA_900251565.1_M3684_genomic.gbff_pp14/PROKKA_05152020:X:IEDMLBHG_00005 (length 99)
GCA_900251565.1_M3684_genomic.gbff_pp14/PROKKA_05152020:X:IEDMLBHG_00006 (length 155)
GCA_900251565.1_M3684_genomic.gbff_pp14/PROKKA_05152020:X:IEDMLBHG_00007 (length 174)

DiscRep_ALL:DISC_INCONSISTENT_MOLINFO_TECH::Molinfo Technique Report (some missing, all same)
DiscRep_SUB:DISC_INCONSISTENT_MOLINFO_TECH::technique (all missing)
DiscRep_SUB:DISC_INCONSISTENT_MOLINFO_TECH::1 Molinfos are missing field technique
GCA_900251565.1_M3684_genomic.gbff_pp14/PROKKA_05152020:X:IEDMLBHG_1 (length 4735)

