[18:23:42] This is prokka 1.14.6
[18:23:42] Written by Torsten Seemann <torsten.seemann@gmail.com>
[18:23:42] Homepage is https://github.com/tseemann/prokka
[18:23:42] Local time is Fri May 15 18:23:42 2020
[18:23:42] You are tsweet
[18:23:42] Operating system is linux
[18:23:42] You have BioPerl 1.007002
[18:23:42] System has 8 cores.
[18:23:42] Will use maximum of 8 cores.
[18:23:42] Annotating as >>> Bacteria <<<
[18:23:42] Generating locus_tag from '40615.1_Stap_aure_MISS6027_V1_genomic.gbff_pp1' contents.
[18:23:42] Setting --locustag GGDNMJNA from MD5 00d7637a273ebf47bee7c852c1522e45
[18:23:42] Enabling options to ensure Genbank/ENA/DDJB submission compliance.
[18:23:42] Creating new output folder: GCA_000540615.1_Stap_aure_MISS6027_V1_genomic.gbff_pp1
[18:23:42] Running: mkdir -p GCA_000540615\.1_Stap_aure_MISS6027_V1_genomic\.gbff_pp1
[18:23:42] Using filename prefix: PROKKA_05152020.XXX
[18:23:42] Setting HMMER_NCPU=1
[18:23:42] Writing log to: GCA_000540615.1_Stap_aure_MISS6027_V1_genomic.gbff_pp1/PROKKA_05152020.log
[18:23:42] Command: /home/tsweet/anaconda3/bin/prokka --centre X --compliant 40615.1_Stap_aure_MISS6027_V1_genomic.gbff_pp1 --outdir GCA_000540615.1_Stap_aure_MISS6027_V1_genomic.gbff_pp1
[18:23:42] Appending to PATH: /home/tsweet/anaconda3/bin
[18:23:42] Looking for 'aragorn' - found /home/tsweet/anaconda3/bin/aragorn
[18:23:42] Determined aragorn version is 001002 from 'ARAGORN v1.2.38 Dean Laslett'
[18:23:42] Looking for 'barrnap' - found /home/tsweet/anaconda3/bin/barrnap
[18:23:42] Determined barrnap version is 000009 from 'barrnap 0.9'
[18:23:42] Looking for 'blastp' - found /home/tsweet/anaconda3/bin/blastp
[18:23:42] Determined blastp version is 002009 from 'blastp: 2.9.0+'
[18:23:42] Looking for 'cmpress' - found /home/tsweet/anaconda3/bin/cmpress
[18:23:42] Determined cmpress version is 001001 from '# INFERNAL 1.1.2 (July 2016)'
[18:23:42] Looking for 'cmscan' - found /home/tsweet/anaconda3/bin/cmscan
[18:23:42] Determined cmscan version is 001001 from '# INFERNAL 1.1.2 (July 2016)'
[18:23:42] Looking for 'egrep' - found /bin/egrep
[18:23:42] Looking for 'find' - found /usr/bin/find
[18:23:42] Looking for 'grep' - found /bin/grep
[18:23:42] Looking for 'hmmpress' - found /home/tsweet/anaconda3/bin/hmmpress
[18:23:42] Determined hmmpress version is 003003 from '# HMMER 3.3 (Nov 2019); http://hmmer.org/'
[18:23:42] Looking for 'hmmscan' - found /home/tsweet/anaconda3/bin/hmmscan
[18:23:42] Determined hmmscan version is 003003 from '# HMMER 3.3 (Nov 2019); http://hmmer.org/'
[18:23:42] Looking for 'java' - found /home/tsweet/anaconda3/bin/java
[18:23:42] Looking for 'makeblastdb' - found /home/tsweet/anaconda3/bin/makeblastdb
[18:23:42] Determined makeblastdb version is 002009 from 'makeblastdb: 2.9.0+'
[18:23:42] Looking for 'minced' - found /home/tsweet/anaconda3/bin/minced
[18:23:42] Determined minced version is 004002 from 'minced 0.4.2'
[18:23:42] Looking for 'parallel' - found /home/tsweet/anaconda3/bin/parallel
[18:23:42] Determined parallel version is 20200322 from 'GNU parallel 20200322'
[18:23:42] Looking for 'prodigal' - found /home/tsweet/anaconda3/bin/prodigal
[18:23:42] Determined prodigal version is 002006 from 'Prodigal V2.6.3: February, 2016'
[18:23:42] Looking for 'prokka-genbank_to_fasta_db' - found /home/tsweet/anaconda3/bin/prokka-genbank_to_fasta_db
[18:23:42] Looking for 'sed' - found /bin/sed
[18:23:42] Looking for 'tbl2asn' - found /home/tsweet/anaconda3/bin/tbl2asn
[18:23:42] Determined tbl2asn version is 025007 from 'tbl2asn 25.7   arguments:'
[18:23:42] Using genetic code table 11.
[18:23:42] Loading and checking input file: 40615.1_Stap_aure_MISS6027_V1_genomic.gbff_pp1
[18:23:42] Wrote 1 contigs totalling 5102 bp.
[18:23:42] Predicting tRNAs and tmRNAs
[18:23:42] Running: aragorn -l -gc11  -w GCA_000540615\.1_Stap_aure_MISS6027_V1_genomic\.gbff_pp1\/PROKKA_05152020\.fna
[18:23:42] Found 0 tRNAs
[18:23:42] Predicting Ribosomal RNAs
[18:23:42] Running Barrnap with 8 threads
[18:23:43] Found 0 rRNAs
[18:23:43] Skipping ncRNA search, enable with --rfam if desired.
[18:23:43] Total of 0 tRNA + rRNA features
[18:23:43] Searching for CRISPR repeats
[18:23:43] Found 0 CRISPRs
[18:23:43] Predicting coding sequences
[18:23:43] Contigs total 5102 bp, so using meta mode
[18:23:43] Running: prodigal -i GCA_000540615\.1_Stap_aure_MISS6027_V1_genomic\.gbff_pp1\/PROKKA_05152020\.fna -c -m -g 11 -p meta -f sco -q
[18:23:43] Found 8 CDS
[18:23:43] Connecting features back to sequences
[18:23:43] Not using genus-specific database. Try --usegenus to enable it.
[18:23:43] Annotating CDS, please be patient.
[18:23:43] Will use 8 CPUs for similarity searching.
[18:23:43] There are still 8 unannotated CDS left (started with 8)
[18:23:43] Will use blast to search against /home/tsweet/anaconda3/db/kingdom/Bacteria/IS with 8 CPUs
[18:23:43] Running: cat GCA_000540615\.1_Stap_aure_MISS6027_V1_genomic\.gbff_pp1\/PROKKA_05152020\.IS\.tmp\.2324\.faa | parallel --gnu --plain -j 8 --block 94 --recstart '>' --pipe blastp -query - -db /home/tsweet/anaconda3/db/kingdom/Bacteria/IS -evalue 1e-30 -qcov_hsp_perc 90 -num_threads 1 -num_descriptions 1 -num_alignments 1 -seg no > GCA_000540615\.1_Stap_aure_MISS6027_V1_genomic\.gbff_pp1\/PROKKA_05152020\.IS\.tmp\.2324\.blast 2> /dev/null
[18:23:43] Deleting unwanted file: GCA_000540615.1_Stap_aure_MISS6027_V1_genomic.gbff_pp1/PROKKA_05152020.IS.tmp.2324.faa
[18:23:43] Deleting unwanted file: GCA_000540615.1_Stap_aure_MISS6027_V1_genomic.gbff_pp1/PROKKA_05152020.IS.tmp.2324.blast
[18:23:43] There are still 8 unannotated CDS left (started with 8)
[18:23:43] Will use blast to search against /home/tsweet/anaconda3/db/kingdom/Bacteria/AMR with 8 CPUs
[18:23:43] Running: cat GCA_000540615\.1_Stap_aure_MISS6027_V1_genomic\.gbff_pp1\/PROKKA_05152020\.AMR\.tmp\.2324\.faa | parallel --gnu --plain -j 8 --block 94 --recstart '>' --pipe blastp -query - -db /home/tsweet/anaconda3/db/kingdom/Bacteria/AMR -evalue 9.99999999999999e-301 -qcov_hsp_perc 90 -num_threads 1 -num_descriptions 1 -num_alignments 1 -seg no > GCA_000540615\.1_Stap_aure_MISS6027_V1_genomic\.gbff_pp1\/PROKKA_05152020\.AMR\.tmp\.2324\.blast 2> /dev/null
[18:23:43] Deleting unwanted file: GCA_000540615.1_Stap_aure_MISS6027_V1_genomic.gbff_pp1/PROKKA_05152020.AMR.tmp.2324.faa
[18:23:43] Deleting unwanted file: GCA_000540615.1_Stap_aure_MISS6027_V1_genomic.gbff_pp1/PROKKA_05152020.AMR.tmp.2324.blast
[18:23:43] There are still 8 unannotated CDS left (started with 8)
[18:23:43] Will use blast to search against /home/tsweet/anaconda3/db/kingdom/Bacteria/sprot with 8 CPUs
[18:23:43] Running: cat GCA_000540615\.1_Stap_aure_MISS6027_V1_genomic\.gbff_pp1\/PROKKA_05152020\.sprot\.tmp\.2324\.faa | parallel --gnu --plain -j 8 --block 94 --recstart '>' --pipe blastp -query - -db /home/tsweet/anaconda3/db/kingdom/Bacteria/sprot -evalue 1e-09 -qcov_hsp_perc 80 -num_threads 1 -num_descriptions 1 -num_alignments 1 -seg no > GCA_000540615\.1_Stap_aure_MISS6027_V1_genomic\.gbff_pp1\/PROKKA_05152020\.sprot\.tmp\.2324\.blast 2> /dev/null
[18:23:43] Deleting unwanted file: GCA_000540615.1_Stap_aure_MISS6027_V1_genomic.gbff_pp1/PROKKA_05152020.sprot.tmp.2324.faa
[18:23:43] Deleting unwanted file: GCA_000540615.1_Stap_aure_MISS6027_V1_genomic.gbff_pp1/PROKKA_05152020.sprot.tmp.2324.blast
[18:23:43] There are still 2 unannotated CDS left (started with 8)
[18:23:43] Will use hmmer3 to search against /home/tsweet/anaconda3/db/hmm/HAMAP.hmm with 8 CPUs
[18:23:43] Running: cat GCA_000540615\.1_Stap_aure_MISS6027_V1_genomic\.gbff_pp1\/PROKKA_05152020\.HAMAP\.hmm\.tmp\.2324\.faa | parallel --gnu --plain -j 8 --block 15 --recstart '>' --pipe hmmscan --noali --notextw --acc -E 1e-09 --cpu 1 /home/tsweet/anaconda3/db/hmm/HAMAP.hmm /dev/stdin > GCA_000540615\.1_Stap_aure_MISS6027_V1_genomic\.gbff_pp1\/PROKKA_05152020\.HAMAP\.hmm\.tmp\.2324\.hmmer3 2> /dev/null
[18:23:43] Deleting unwanted file: GCA_000540615.1_Stap_aure_MISS6027_V1_genomic.gbff_pp1/PROKKA_05152020.HAMAP.hmm.tmp.2324.faa
[18:23:43] Deleting unwanted file: GCA_000540615.1_Stap_aure_MISS6027_V1_genomic.gbff_pp1/PROKKA_05152020.HAMAP.hmm.tmp.2324.hmmer3
[18:23:43] Labelling remaining 2 proteins as 'hypothetical protein'
[18:23:43] Found 6 unique /gene codes.
[18:23:43] Fixed 0 colliding /gene names.
[18:23:43] Adding /locus_tag identifiers
[18:23:43] Assigned 8 locus_tags to CDS and RNA features.
[18:23:43] Writing outputs to GCA_000540615.1_Stap_aure_MISS6027_V1_genomic.gbff_pp1/
[18:23:44] Generating annotation statistics file
[18:23:44] Generating Genbank and Sequin files
[18:23:44] Running: tbl2asn -V b -a r10k -l paired-ends -M n -N 1 -y 'Annotated using prokka 1.14.6 from https://github.com/tseemann/prokka' -Z GCA_000540615\.1_Stap_aure_MISS6027_V1_genomic\.gbff_pp1\/PROKKA_05152020\.err -i GCA_000540615\.1_Stap_aure_MISS6027_V1_genomic\.gbff_pp1\/PROKKA_05152020\.fsa 2> /dev/null
[18:23:44] Deleting unwanted file: GCA_000540615.1_Stap_aure_MISS6027_V1_genomic.gbff_pp1/errorsummary.val
[18:23:44] Deleting unwanted file: GCA_000540615.1_Stap_aure_MISS6027_V1_genomic.gbff_pp1/PROKKA_05152020.dr
[18:23:44] Deleting unwanted file: GCA_000540615.1_Stap_aure_MISS6027_V1_genomic.gbff_pp1/PROKKA_05152020.fixedproducts
[18:23:44] Deleting unwanted file: GCA_000540615.1_Stap_aure_MISS6027_V1_genomic.gbff_pp1/PROKKA_05152020.ecn
[18:23:44] Deleting unwanted file: GCA_000540615.1_Stap_aure_MISS6027_V1_genomic.gbff_pp1/PROKKA_05152020.val
[18:23:44] Repairing broken .GBK output that tbl2asn produces...
[18:23:44] Running: sed 's/COORDINATES: profile/COORDINATES:profile/' < GCA_000540615\.1_Stap_aure_MISS6027_V1_genomic\.gbff_pp1\/PROKKA_05152020\.gbf > GCA_000540615\.1_Stap_aure_MISS6027_V1_genomic\.gbff_pp1\/PROKKA_05152020\.gbk
[18:23:44] Deleting unwanted file: GCA_000540615.1_Stap_aure_MISS6027_V1_genomic.gbff_pp1/PROKKA_05152020.gbf
[18:23:44] Output files:
[18:23:44] GCA_000540615.1_Stap_aure_MISS6027_V1_genomic.gbff_pp1/PROKKA_05152020.err
[18:23:44] GCA_000540615.1_Stap_aure_MISS6027_V1_genomic.gbff_pp1/PROKKA_05152020.faa
[18:23:44] GCA_000540615.1_Stap_aure_MISS6027_V1_genomic.gbff_pp1/PROKKA_05152020.txt
[18:23:44] GCA_000540615.1_Stap_aure_MISS6027_V1_genomic.gbff_pp1/PROKKA_05152020.fna
[18:23:44] GCA_000540615.1_Stap_aure_MISS6027_V1_genomic.gbff_pp1/PROKKA_05152020.gbk
[18:23:44] GCA_000540615.1_Stap_aure_MISS6027_V1_genomic.gbff_pp1/PROKKA_05152020.log
[18:23:44] GCA_000540615.1_Stap_aure_MISS6027_V1_genomic.gbff_pp1/PROKKA_05152020.tsv
[18:23:44] GCA_000540615.1_Stap_aure_MISS6027_V1_genomic.gbff_pp1/PROKKA_05152020.tbl
[18:23:44] GCA_000540615.1_Stap_aure_MISS6027_V1_genomic.gbff_pp1/PROKKA_05152020.ffn
[18:23:44] GCA_000540615.1_Stap_aure_MISS6027_V1_genomic.gbff_pp1/PROKKA_05152020.sqn
[18:23:44] GCA_000540615.1_Stap_aure_MISS6027_V1_genomic.gbff_pp1/PROKKA_05152020.gff
[18:23:44] GCA_000540615.1_Stap_aure_MISS6027_V1_genomic.gbff_pp1/PROKKA_05152020.fsa
[18:23:44] Annotation finished successfully.
[18:23:44] Walltime used: 0.03 minutes
[18:23:44] If you use this result please cite the Prokka paper:
[18:23:44] Seemann T (2014) Prokka: rapid prokaryotic genome annotation. Bioinformatics. 30(14):2068-9.
[18:23:44] Type 'prokka --citation' for more details.
[18:23:44] Thank you, come again.
