Discrepancy Report Results

Summary
DISC_SOURCE_QUALS_ASNDISC:strain (all present, all unique)
DISC_SOURCE_QUALS_ASNDISC:taxname (all present, all unique)
DISC_FEATURE_COUNT:gene: 58 present
DISC_FEATURE_COUNT:CDS: 58 present
DISC_COUNT_NUCLEOTIDES:1 nucleotide Bioseqs are present
OVERLAPPING_GENES:15 genes overlap another gene on the same strand.
DISC_QUALITY_SCORES:Quality scores are missing on all sequences.
ONCALLER_COMMENT_PRESENT:1 comment descriptors were found (all same)
SHORT_PROT_SEQUENCES:1 protein sequences are shorter than 50 aa.
MISSING_GENOMEASSEMBLY_COMMENTS:1 bioseqs are missing GenomeAssembly structured comments
MOLTYPE_NOT_MRNA:1 molecule types are not set as mRNA.
TECHNIQUE_NOT_TSA:1 technique are not set as TSA
MISSING_STRUCTURED_COMMENT:1 sequences do not include structured comments.
MISSING_PROJECT:59 sequences do not include project.
DISC_INCONSISTENT_MOLINFO_TECH:Molinfo Technique Report (some missing, all same)


Detailed Report

DiscRep_ALL:DISC_SOURCE_QUALS_ASNDISC::strain (all present, all unique)
DiscRep_SUB:DISC_SOURCE_QUALS_ASNDISC::1 sources have unique values for strain
DiscRep_ALL:DISC_SOURCE_QUALS_ASNDISC::taxname (all present, all unique)
DiscRep_SUB:DISC_SOURCE_QUALS_ASNDISC::1 sources have unique values for taxname
DiscRep_ALL:DISC_FEATURE_COUNT::gene: 58 present
DiscRep_ALL:DISC_FEATURE_COUNT::CDS: 58 present
DiscRep_ALL:DISC_COUNT_NUCLEOTIDES::1 nucleotide Bioseqs are present
GCA_000160415.1_ASM16041v1_genomic.gbff_pp2/PROKKA_05152020:X:PDHDOIKH_1 (length 49335)

DiscRep_ALL:OVERLAPPING_GENES::15 genes overlap another gene on the same strand.
GCA_000160415.1_ASM16041v1_genomic.gbff_pp2/PROKKA_05152020:Gene	PDHDOIKH_00011	PDHDOIKH_1:8198-8833	PDHDOIKH_00011
GCA_000160415.1_ASM16041v1_genomic.gbff_pp2/PROKKA_05152020:Gene	PDHDOIKH_00012	PDHDOIKH_1:8799-9044	PDHDOIKH_00012
GCA_000160415.1_ASM16041v1_genomic.gbff_pp2/PROKKA_05152020:Gene	ywiB	PDHDOIKH_1:15950-16378	PDHDOIKH_00020
GCA_000160415.1_ASM16041v1_genomic.gbff_pp2/PROKKA_05152020:Gene	argS	PDHDOIKH_1:16375-18036	PDHDOIKH_00021
GCA_000160415.1_ASM16041v1_genomic.gbff_pp2/PROKKA_05152020:Gene	hdl IVa	PDHDOIKH_1:21478-22197	PDHDOIKH_00025
GCA_000160415.1_ASM16041v1_genomic.gbff_pp2/PROKKA_05152020:Gene	PDHDOIKH_00026	PDHDOIKH_1:22181-22981	PDHDOIKH_00026
GCA_000160415.1_ASM16041v1_genomic.gbff_pp2/PROKKA_05152020:Gene	PDHDOIKH_00036	PDHDOIKH_1:c30983-29937	PDHDOIKH_00036
GCA_000160415.1_ASM16041v1_genomic.gbff_pp2/PROKKA_05152020:Gene	infB	PDHDOIKH_1:c32820-30973	PDHDOIKH_00037
GCA_000160415.1_ASM16041v1_genomic.gbff_pp2/PROKKA_05152020:Gene	mrpA	PDHDOIKH_1:42694-45096	PDHDOIKH_00051
GCA_000160415.1_ASM16041v1_genomic.gbff_pp2/PROKKA_05152020:Gene	mrpB	PDHDOIKH_1:45083-45508	PDHDOIKH_00052
GCA_000160415.1_ASM16041v1_genomic.gbff_pp2/PROKKA_05152020:Gene	mrpC	PDHDOIKH_1:45505-45849	PDHDOIKH_00053
GCA_000160415.1_ASM16041v1_genomic.gbff_pp2/PROKKA_05152020:Gene	mnhD1	PDHDOIKH_1:45836-47335	PDHDOIKH_00054
GCA_000160415.1_ASM16041v1_genomic.gbff_pp2/PROKKA_05152020:Gene	mrpE	PDHDOIKH_1:47336-47818	PDHDOIKH_00055
GCA_000160415.1_ASM16041v1_genomic.gbff_pp2/PROKKA_05152020:Gene	mrpF	PDHDOIKH_1:47815-48117	PDHDOIKH_00056
GCA_000160415.1_ASM16041v1_genomic.gbff_pp2/PROKKA_05152020:Gene	PDHDOIKH_00057	PDHDOIKH_1:48083-48529	PDHDOIKH_00057

DiscRep_ALL:DISC_QUALITY_SCORES::Quality scores are missing on all sequences.

DiscRep_ALL:ONCALLER_COMMENT_PRESENT::1 comment descriptors were found (all same)
GCA_000160415.1_ASM16041v1_genomic.gbff_pp2/PROKKA_05152020:X:PDHDOIKH_1:Annotated using prokka 1.14.6 from https://github.com/tseemann/prokka

DiscRep_ALL:SHORT_PROT_SEQUENCES::1 protein sequences are shorter than 50 aa.
GCA_000160415.1_ASM16041v1_genomic.gbff_pp2/PROKKA_05152020:X:PDHDOIKH_00058 (length 45)

DiscRep_ALL:MISSING_GENOMEASSEMBLY_COMMENTS::1 bioseqs are missing GenomeAssembly structured comments
GCA_000160415.1_ASM16041v1_genomic.gbff_pp2/PROKKA_05152020:X:PDHDOIKH_1 (length 49335)

DiscRep_ALL:MOLTYPE_NOT_MRNA::1 molecule types are not set as mRNA.
GCA_000160415.1_ASM16041v1_genomic.gbff_pp2/PROKKA_05152020:X:PDHDOIKH_1 (length 49335)

DiscRep_ALL:TECHNIQUE_NOT_TSA::1 technique are not set as TSA
GCA_000160415.1_ASM16041v1_genomic.gbff_pp2/PROKKA_05152020:X:PDHDOIKH_1 (length 49335)

DiscRep_ALL:MISSING_STRUCTURED_COMMENT::1 sequences do not include structured comments.
GCA_000160415.1_ASM16041v1_genomic.gbff_pp2/PROKKA_05152020:X:PDHDOIKH_1 (length 49335)

DiscRep_ALL:MISSING_PROJECT::59 sequences do not include project.
GCA_000160415.1_ASM16041v1_genomic.gbff_pp2/PROKKA_05152020:X:PDHDOIKH_1 (length 49335)
GCA_000160415.1_ASM16041v1_genomic.gbff_pp2/PROKKA_05152020:X:PDHDOIKH_00001 (length 403)
GCA_000160415.1_ASM16041v1_genomic.gbff_pp2/PROKKA_05152020:X:PDHDOIKH_00002 (length 208)
GCA_000160415.1_ASM16041v1_genomic.gbff_pp2/PROKKA_05152020:X:PDHDOIKH_00003 (length 213)
GCA_000160415.1_ASM16041v1_genomic.gbff_pp2/PROKKA_05152020:X:PDHDOIKH_00004 (length 205)
GCA_000160415.1_ASM16041v1_genomic.gbff_pp2/PROKKA_05152020:X:PDHDOIKH_00005 (length 209)
GCA_000160415.1_ASM16041v1_genomic.gbff_pp2/PROKKA_05152020:X:PDHDOIKH_00006 (length 206)
GCA_000160415.1_ASM16041v1_genomic.gbff_pp2/PROKKA_05152020:X:PDHDOIKH_00007 (length 213)
GCA_000160415.1_ASM16041v1_genomic.gbff_pp2/PROKKA_05152020:X:PDHDOIKH_00008 (length 103)
GCA_000160415.1_ASM16041v1_genomic.gbff_pp2/PROKKA_05152020:X:PDHDOIKH_00009 (length 209)
GCA_000160415.1_ASM16041v1_genomic.gbff_pp2/PROKKA_05152020:X:PDHDOIKH_00010 (length 216)
GCA_000160415.1_ASM16041v1_genomic.gbff_pp2/PROKKA_05152020:X:PDHDOIKH_00011 (length 211)
GCA_000160415.1_ASM16041v1_genomic.gbff_pp2/PROKKA_05152020:X:PDHDOIKH_00012 (length 81)
GCA_000160415.1_ASM16041v1_genomic.gbff_pp2/PROKKA_05152020:X:PDHDOIKH_00013 (length 208)
GCA_000160415.1_ASM16041v1_genomic.gbff_pp2/PROKKA_05152020:X:PDHDOIKH_00014 (length 312)
GCA_000160415.1_ASM16041v1_genomic.gbff_pp2/PROKKA_05152020:X:PDHDOIKH_00015 (length 178)
GCA_000160415.1_ASM16041v1_genomic.gbff_pp2/PROKKA_05152020:X:PDHDOIKH_00016 (length 158)
GCA_000160415.1_ASM16041v1_genomic.gbff_pp2/PROKKA_05152020:X:PDHDOIKH_00017 (length 431)
GCA_000160415.1_ASM16041v1_genomic.gbff_pp2/PROKKA_05152020:X:PDHDOIKH_00018 (length 173)
GCA_000160415.1_ASM16041v1_genomic.gbff_pp2/PROKKA_05152020:X:PDHDOIKH_00019 (length 336)
GCA_000160415.1_ASM16041v1_genomic.gbff_pp2/PROKKA_05152020:X:PDHDOIKH_00020 (length 142)
GCA_000160415.1_ASM16041v1_genomic.gbff_pp2/PROKKA_05152020:X:PDHDOIKH_00021 (length 553)
GCA_000160415.1_ASM16041v1_genomic.gbff_pp2/PROKKA_05152020:X:PDHDOIKH_00022 (length 211)
GCA_000160415.1_ASM16041v1_genomic.gbff_pp2/PROKKA_05152020:X:PDHDOIKH_00023 (length 295)
GCA_000160415.1_ASM16041v1_genomic.gbff_pp2/PROKKA_05152020:X:PDHDOIKH_00024 (length 328)
GCA_000160415.1_ASM16041v1_genomic.gbff_pp2/PROKKA_05152020:X:PDHDOIKH_00025 (length 239)
GCA_000160415.1_ASM16041v1_genomic.gbff_pp2/PROKKA_05152020:X:PDHDOIKH_00026 (length 266)
GCA_000160415.1_ASM16041v1_genomic.gbff_pp2/PROKKA_05152020:X:PDHDOIKH_00027 (length 168)
GCA_000160415.1_ASM16041v1_genomic.gbff_pp2/PROKKA_05152020:X:PDHDOIKH_00028 (length 238)
GCA_000160415.1_ASM16041v1_genomic.gbff_pp2/PROKKA_05152020:X:PDHDOIKH_00029 (length 262)
GCA_000160415.1_ASM16041v1_genomic.gbff_pp2/PROKKA_05152020:X:PDHDOIKH_00030 (length 124)
GCA_000160415.1_ASM16041v1_genomic.gbff_pp2/PROKKA_05152020:X:PDHDOIKH_00031 (length 165)
GCA_000160415.1_ASM16041v1_genomic.gbff_pp2/PROKKA_05152020:X:PDHDOIKH_00032 (length 149)
GCA_000160415.1_ASM16041v1_genomic.gbff_pp2/PROKKA_05152020:X:PDHDOIKH_00033 (length 167)
GCA_000160415.1_ASM16041v1_genomic.gbff_pp2/PROKKA_05152020:X:PDHDOIKH_00034 (length 118)
GCA_000160415.1_ASM16041v1_genomic.gbff_pp2/PROKKA_05152020:X:PDHDOIKH_00035 (length 196)
GCA_000160415.1_ASM16041v1_genomic.gbff_pp2/PROKKA_05152020:X:PDHDOIKH_00036 (length 348)
GCA_000160415.1_ASM16041v1_genomic.gbff_pp2/PROKKA_05152020:X:PDHDOIKH_00037 (length 615)
GCA_000160415.1_ASM16041v1_genomic.gbff_pp2/PROKKA_05152020:X:PDHDOIKH_00038 (length 452)
GCA_000160415.1_ASM16041v1_genomic.gbff_pp2/PROKKA_05152020:X:PDHDOIKH_00039 (length 831)
GCA_000160415.1_ASM16041v1_genomic.gbff_pp2/PROKKA_05152020:X:PDHDOIKH_00040 (length 127)
GCA_000160415.1_ASM16041v1_genomic.gbff_pp2/PROKKA_05152020:X:PDHDOIKH_00041 (length 86)
GCA_000160415.1_ASM16041v1_genomic.gbff_pp2/PROKKA_05152020:X:PDHDOIKH_00042 (length 366)
GCA_000160415.1_ASM16041v1_genomic.gbff_pp2/PROKKA_05152020:X:PDHDOIKH_00043 (length 363)
GCA_000160415.1_ASM16041v1_genomic.gbff_pp2/PROKKA_05152020:X:PDHDOIKH_00044 (length 100)
GCA_000160415.1_ASM16041v1_genomic.gbff_pp2/PROKKA_05152020:X:PDHDOIKH_00045 (length 106)
GCA_000160415.1_ASM16041v1_genomic.gbff_pp2/PROKKA_05152020:X:PDHDOIKH_00046 (length 94)
GCA_000160415.1_ASM16041v1_genomic.gbff_pp2/PROKKA_05152020:X:PDHDOIKH_00047 (length 133)
GCA_000160415.1_ASM16041v1_genomic.gbff_pp2/PROKKA_05152020:X:PDHDOIKH_00048 (length 74)
GCA_000160415.1_ASM16041v1_genomic.gbff_pp2/PROKKA_05152020:X:PDHDOIKH_00049 (length 67)
GCA_000160415.1_ASM16041v1_genomic.gbff_pp2/PROKKA_05152020:X:PDHDOIKH_00050 (length 186)
GCA_000160415.1_ASM16041v1_genomic.gbff_pp2/PROKKA_05152020:X:PDHDOIKH_00051 (length 800)
GCA_000160415.1_ASM16041v1_genomic.gbff_pp2/PROKKA_05152020:X:PDHDOIKH_00052 (length 141)
GCA_000160415.1_ASM16041v1_genomic.gbff_pp2/PROKKA_05152020:X:PDHDOIKH_00053 (length 114)
GCA_000160415.1_ASM16041v1_genomic.gbff_pp2/PROKKA_05152020:X:PDHDOIKH_00054 (length 499)
GCA_000160415.1_ASM16041v1_genomic.gbff_pp2/PROKKA_05152020:X:PDHDOIKH_00055 (length 160)
GCA_000160415.1_ASM16041v1_genomic.gbff_pp2/PROKKA_05152020:X:PDHDOIKH_00056 (length 100)
GCA_000160415.1_ASM16041v1_genomic.gbff_pp2/PROKKA_05152020:X:PDHDOIKH_00057 (length 148)
GCA_000160415.1_ASM16041v1_genomic.gbff_pp2/PROKKA_05152020:X:PDHDOIKH_00058 (length 45)

DiscRep_ALL:DISC_INCONSISTENT_MOLINFO_TECH::Molinfo Technique Report (some missing, all same)
DiscRep_SUB:DISC_INCONSISTENT_MOLINFO_TECH::technique (all missing)
DiscRep_SUB:DISC_INCONSISTENT_MOLINFO_TECH::1 Molinfos are missing field technique
GCA_000160415.1_ASM16041v1_genomic.gbff_pp2/PROKKA_05152020:X:PDHDOIKH_1 (length 49335)

