[18:27:24] This is prokka 1.14.6
[18:27:24] Written by Torsten Seemann <torsten.seemann@gmail.com>
[18:27:24] Homepage is https://github.com/tseemann/prokka
[18:27:24] Local time is Fri May 15 18:27:24 2020
[18:27:24] You are tsweet
[18:27:24] Operating system is linux
[18:27:24] You have BioPerl 1.007002
[18:27:24] System has 8 cores.
[18:27:24] Will use maximum of 8 cores.
[18:27:24] Annotating as >>> Bacteria <<<
[18:27:24] Generating locus_tag from '993865.1_ASM299386v1_genomic.gbff_pp9' contents.
[18:27:24] Setting --locustag FCAOMNPL from MD5 fca8679568889a26d79b7fc350cf96c8
[18:27:24] Enabling options to ensure Genbank/ENA/DDJB submission compliance.
[18:27:24] Creating new output folder: GCA_002993865.1_ASM299386v1_genomic.gbff_pp9
[18:27:24] Running: mkdir -p GCA_002993865\.1_ASM299386v1_genomic\.gbff_pp9
[18:27:24] Using filename prefix: PROKKA_05152020.XXX
[18:27:24] Setting HMMER_NCPU=1
[18:27:24] Writing log to: GCA_002993865.1_ASM299386v1_genomic.gbff_pp9/PROKKA_05152020.log
[18:27:24] Command: /home/tsweet/anaconda3/bin/prokka --centre X --compliant 993865.1_ASM299386v1_genomic.gbff_pp9 --outdir GCA_002993865.1_ASM299386v1_genomic.gbff_pp9
[18:27:24] Appending to PATH: /home/tsweet/anaconda3/bin
[18:27:24] Looking for 'aragorn' - found /home/tsweet/anaconda3/bin/aragorn
[18:27:24] Determined aragorn version is 001002 from 'ARAGORN v1.2.38 Dean Laslett'
[18:27:24] Looking for 'barrnap' - found /home/tsweet/anaconda3/bin/barrnap
[18:27:24] Determined barrnap version is 000009 from 'barrnap 0.9'
[18:27:24] Looking for 'blastp' - found /home/tsweet/anaconda3/bin/blastp
[18:27:24] Determined blastp version is 002009 from 'blastp: 2.9.0+'
[18:27:24] Looking for 'cmpress' - found /home/tsweet/anaconda3/bin/cmpress
[18:27:24] Determined cmpress version is 001001 from '# INFERNAL 1.1.2 (July 2016)'
[18:27:24] Looking for 'cmscan' - found /home/tsweet/anaconda3/bin/cmscan
[18:27:24] Determined cmscan version is 001001 from '# INFERNAL 1.1.2 (July 2016)'
[18:27:24] Looking for 'egrep' - found /bin/egrep
[18:27:24] Looking for 'find' - found /usr/bin/find
[18:27:24] Looking for 'grep' - found /bin/grep
[18:27:24] Looking for 'hmmpress' - found /home/tsweet/anaconda3/bin/hmmpress
[18:27:24] Determined hmmpress version is 003003 from '# HMMER 3.3 (Nov 2019); http://hmmer.org/'
[18:27:24] Looking for 'hmmscan' - found /home/tsweet/anaconda3/bin/hmmscan
[18:27:24] Determined hmmscan version is 003003 from '# HMMER 3.3 (Nov 2019); http://hmmer.org/'
[18:27:24] Looking for 'java' - found /home/tsweet/anaconda3/bin/java
[18:27:24] Looking for 'makeblastdb' - found /home/tsweet/anaconda3/bin/makeblastdb
[18:27:24] Determined makeblastdb version is 002009 from 'makeblastdb: 2.9.0+'
[18:27:24] Looking for 'minced' - found /home/tsweet/anaconda3/bin/minced
[18:27:24] Determined minced version is 004002 from 'minced 0.4.2'
[18:27:24] Looking for 'parallel' - found /home/tsweet/anaconda3/bin/parallel
[18:27:24] Determined parallel version is 20200322 from 'GNU parallel 20200322'
[18:27:24] Looking for 'prodigal' - found /home/tsweet/anaconda3/bin/prodigal
[18:27:24] Determined prodigal version is 002006 from 'Prodigal V2.6.3: February, 2016'
[18:27:24] Looking for 'prokka-genbank_to_fasta_db' - found /home/tsweet/anaconda3/bin/prokka-genbank_to_fasta_db
[18:27:24] Looking for 'sed' - found /bin/sed
[18:27:24] Looking for 'tbl2asn' - found /home/tsweet/anaconda3/bin/tbl2asn
[18:27:24] Determined tbl2asn version is 025007 from 'tbl2asn 25.7   arguments:'
[18:27:24] Using genetic code table 11.
[18:27:24] Loading and checking input file: 993865.1_ASM299386v1_genomic.gbff_pp9
[18:27:24] Wrote 1 contigs totalling 5042 bp.
[18:27:24] Predicting tRNAs and tmRNAs
[18:27:24] Running: aragorn -l -gc11  -w GCA_002993865\.1_ASM299386v1_genomic\.gbff_pp9\/PROKKA_05152020\.fna
[18:27:24] Found 0 tRNAs
[18:27:24] Predicting Ribosomal RNAs
[18:27:24] Running Barrnap with 8 threads
[18:27:24] Found 0 rRNAs
[18:27:24] Skipping ncRNA search, enable with --rfam if desired.
[18:27:24] Total of 0 tRNA + rRNA features
[18:27:24] Searching for CRISPR repeats
[18:27:25] Found 0 CRISPRs
[18:27:25] Predicting coding sequences
[18:27:25] Contigs total 5042 bp, so using meta mode
[18:27:25] Running: prodigal -i GCA_002993865\.1_ASM299386v1_genomic\.gbff_pp9\/PROKKA_05152020\.fna -c -m -g 11 -p meta -f sco -q
[18:27:25] Found 7 CDS
[18:27:25] Connecting features back to sequences
[18:27:25] Not using genus-specific database. Try --usegenus to enable it.
[18:27:25] Annotating CDS, please be patient.
[18:27:25] Will use 8 CPUs for similarity searching.
[18:27:25] There are still 7 unannotated CDS left (started with 7)
[18:27:25] Will use blast to search against /home/tsweet/anaconda3/db/kingdom/Bacteria/IS with 8 CPUs
[18:27:25] Running: cat GCA_002993865\.1_ASM299386v1_genomic\.gbff_pp9\/PROKKA_05152020\.IS\.tmp\.11115\.faa | parallel --gnu --plain -j 8 --block 47 --recstart '>' --pipe blastp -query - -db /home/tsweet/anaconda3/db/kingdom/Bacteria/IS -evalue 1e-30 -qcov_hsp_perc 90 -num_threads 1 -num_descriptions 1 -num_alignments 1 -seg no > GCA_002993865\.1_ASM299386v1_genomic\.gbff_pp9\/PROKKA_05152020\.IS\.tmp\.11115\.blast 2> /dev/null
[18:27:25] Deleting unwanted file: GCA_002993865.1_ASM299386v1_genomic.gbff_pp9/PROKKA_05152020.IS.tmp.11115.faa
[18:27:25] Deleting unwanted file: GCA_002993865.1_ASM299386v1_genomic.gbff_pp9/PROKKA_05152020.IS.tmp.11115.blast
[18:27:25] There are still 6 unannotated CDS left (started with 7)
[18:27:25] Will use blast to search against /home/tsweet/anaconda3/db/kingdom/Bacteria/AMR with 8 CPUs
[18:27:25] Running: cat GCA_002993865\.1_ASM299386v1_genomic\.gbff_pp9\/PROKKA_05152020\.AMR\.tmp\.11115\.faa | parallel --gnu --plain -j 8 --block 42 --recstart '>' --pipe blastp -query - -db /home/tsweet/anaconda3/db/kingdom/Bacteria/AMR -evalue 9.99999999999999e-301 -qcov_hsp_perc 90 -num_threads 1 -num_descriptions 1 -num_alignments 1 -seg no > GCA_002993865\.1_ASM299386v1_genomic\.gbff_pp9\/PROKKA_05152020\.AMR\.tmp\.11115\.blast 2> /dev/null
[18:27:25] Deleting unwanted file: GCA_002993865.1_ASM299386v1_genomic.gbff_pp9/PROKKA_05152020.AMR.tmp.11115.faa
[18:27:25] Deleting unwanted file: GCA_002993865.1_ASM299386v1_genomic.gbff_pp9/PROKKA_05152020.AMR.tmp.11115.blast
[18:27:25] There are still 6 unannotated CDS left (started with 7)
[18:27:25] Will use blast to search against /home/tsweet/anaconda3/db/kingdom/Bacteria/sprot with 8 CPUs
[18:27:25] Running: cat GCA_002993865\.1_ASM299386v1_genomic\.gbff_pp9\/PROKKA_05152020\.sprot\.tmp\.11115\.faa | parallel --gnu --plain -j 8 --block 42 --recstart '>' --pipe blastp -query - -db /home/tsweet/anaconda3/db/kingdom/Bacteria/sprot -evalue 1e-09 -qcov_hsp_perc 80 -num_threads 1 -num_descriptions 1 -num_alignments 1 -seg no > GCA_002993865\.1_ASM299386v1_genomic\.gbff_pp9\/PROKKA_05152020\.sprot\.tmp\.11115\.blast 2> /dev/null
[18:27:25] Deleting unwanted file: GCA_002993865.1_ASM299386v1_genomic.gbff_pp9/PROKKA_05152020.sprot.tmp.11115.faa
[18:27:25] Deleting unwanted file: GCA_002993865.1_ASM299386v1_genomic.gbff_pp9/PROKKA_05152020.sprot.tmp.11115.blast
[18:27:25] There are still 4 unannotated CDS left (started with 7)
[18:27:25] Will use hmmer3 to search against /home/tsweet/anaconda3/db/hmm/HAMAP.hmm with 8 CPUs
[18:27:25] Running: cat GCA_002993865\.1_ASM299386v1_genomic\.gbff_pp9\/PROKKA_05152020\.HAMAP\.hmm\.tmp\.11115\.faa | parallel --gnu --plain -j 8 --block 24 --recstart '>' --pipe hmmscan --noali --notextw --acc -E 1e-09 --cpu 1 /home/tsweet/anaconda3/db/hmm/HAMAP.hmm /dev/stdin > GCA_002993865\.1_ASM299386v1_genomic\.gbff_pp9\/PROKKA_05152020\.HAMAP\.hmm\.tmp\.11115\.hmmer3 2> /dev/null
[18:27:25] Deleting unwanted file: GCA_002993865.1_ASM299386v1_genomic.gbff_pp9/PROKKA_05152020.HAMAP.hmm.tmp.11115.faa
[18:27:25] Deleting unwanted file: GCA_002993865.1_ASM299386v1_genomic.gbff_pp9/PROKKA_05152020.HAMAP.hmm.tmp.11115.hmmer3
[18:27:25] Labelling remaining 4 proteins as 'hypothetical protein'
[18:27:25] Possible /pseudo 'Replication initiation protein' at gnl|X|FCAOMNPL_1 position 3473
[18:27:25] Found 2 unique /gene codes.
[18:27:25] Fixed 0 colliding /gene names.
[18:27:25] Adding /locus_tag identifiers
[18:27:25] Assigned 7 locus_tags to CDS and RNA features.
[18:27:25] Writing outputs to GCA_002993865.1_ASM299386v1_genomic.gbff_pp9/
[18:27:25] Generating annotation statistics file
[18:27:25] Generating Genbank and Sequin files
[18:27:25] Running: tbl2asn -V b -a r10k -l paired-ends -M n -N 1 -y 'Annotated using prokka 1.14.6 from https://github.com/tseemann/prokka' -Z GCA_002993865\.1_ASM299386v1_genomic\.gbff_pp9\/PROKKA_05152020\.err -i GCA_002993865\.1_ASM299386v1_genomic\.gbff_pp9\/PROKKA_05152020\.fsa 2> /dev/null
[18:27:25] Deleting unwanted file: GCA_002993865.1_ASM299386v1_genomic.gbff_pp9/errorsummary.val
[18:27:25] Deleting unwanted file: GCA_002993865.1_ASM299386v1_genomic.gbff_pp9/PROKKA_05152020.dr
[18:27:25] Deleting unwanted file: GCA_002993865.1_ASM299386v1_genomic.gbff_pp9/PROKKA_05152020.fixedproducts
[18:27:25] Deleting unwanted file: GCA_002993865.1_ASM299386v1_genomic.gbff_pp9/PROKKA_05152020.ecn
[18:27:25] Deleting unwanted file: GCA_002993865.1_ASM299386v1_genomic.gbff_pp9/PROKKA_05152020.val
[18:27:25] Repairing broken .GBK output that tbl2asn produces...
[18:27:25] Running: sed 's/COORDINATES: profile/COORDINATES:profile/' < GCA_002993865\.1_ASM299386v1_genomic\.gbff_pp9\/PROKKA_05152020\.gbf > GCA_002993865\.1_ASM299386v1_genomic\.gbff_pp9\/PROKKA_05152020\.gbk
[18:27:25] Deleting unwanted file: GCA_002993865.1_ASM299386v1_genomic.gbff_pp9/PROKKA_05152020.gbf
[18:27:25] Output files:
[18:27:25] GCA_002993865.1_ASM299386v1_genomic.gbff_pp9/PROKKA_05152020.err
[18:27:25] GCA_002993865.1_ASM299386v1_genomic.gbff_pp9/PROKKA_05152020.faa
[18:27:25] GCA_002993865.1_ASM299386v1_genomic.gbff_pp9/PROKKA_05152020.txt
[18:27:25] GCA_002993865.1_ASM299386v1_genomic.gbff_pp9/PROKKA_05152020.fna
[18:27:25] GCA_002993865.1_ASM299386v1_genomic.gbff_pp9/PROKKA_05152020.gbk
[18:27:25] GCA_002993865.1_ASM299386v1_genomic.gbff_pp9/PROKKA_05152020.log
[18:27:25] GCA_002993865.1_ASM299386v1_genomic.gbff_pp9/PROKKA_05152020.tsv
[18:27:25] GCA_002993865.1_ASM299386v1_genomic.gbff_pp9/PROKKA_05152020.tbl
[18:27:25] GCA_002993865.1_ASM299386v1_genomic.gbff_pp9/PROKKA_05152020.ffn
[18:27:25] GCA_002993865.1_ASM299386v1_genomic.gbff_pp9/PROKKA_05152020.sqn
[18:27:25] GCA_002993865.1_ASM299386v1_genomic.gbff_pp9/PROKKA_05152020.gff
[18:27:25] GCA_002993865.1_ASM299386v1_genomic.gbff_pp9/PROKKA_05152020.fsa
[18:27:25] Annotation finished successfully.
[18:27:25] Walltime used: 0.02 minutes
[18:27:25] If you use this result please cite the Prokka paper:
[18:27:25] Seemann T (2014) Prokka: rapid prokaryotic genome annotation. Bioinformatics. 30(14):2068-9.
[18:27:25] Type 'prokka --citation' for more details.
[18:27:25] Share and enjoy!
