[18:23:05] This is prokka 1.14.6
[18:23:05] Written by Torsten Seemann <torsten.seemann@gmail.com>
[18:23:05] Homepage is https://github.com/tseemann/prokka
[18:23:05] Local time is Fri May 15 18:23:05 2020
[18:23:05] You are tsweet
[18:23:05] Operating system is linux
[18:23:05] You have BioPerl 1.007002
[18:23:05] System has 8 cores.
[18:23:05] Will use maximum of 8 cores.
[18:23:05] Annotating as >>> Bacteria <<<
[18:23:05] Generating locus_tag from '289825.1_11641_1_62_genomic.gbff_pp11' contents.
[18:23:05] Setting --locustag KLDBMHLK from MD5 45db61543b2507672f33b274b3ae5c85
[18:23:05] Enabling options to ensure Genbank/ENA/DDJB submission compliance.
[18:23:05] Creating new output folder: GCA_001289825.1_11641_1_62_genomic.gbff_pp11
[18:23:05] Running: mkdir -p GCA_001289825\.1_11641_1_62_genomic\.gbff_pp11
[18:23:05] Using filename prefix: PROKKA_05152020.XXX
[18:23:05] Setting HMMER_NCPU=1
[18:23:05] Writing log to: GCA_001289825.1_11641_1_62_genomic.gbff_pp11/PROKKA_05152020.log
[18:23:05] Command: /home/tsweet/anaconda3/bin/prokka --centre X --compliant 289825.1_11641_1_62_genomic.gbff_pp11 --outdir GCA_001289825.1_11641_1_62_genomic.gbff_pp11
[18:23:05] Appending to PATH: /home/tsweet/anaconda3/bin
[18:23:05] Looking for 'aragorn' - found /home/tsweet/anaconda3/bin/aragorn
[18:23:05] Determined aragorn version is 001002 from 'ARAGORN v1.2.38 Dean Laslett'
[18:23:05] Looking for 'barrnap' - found /home/tsweet/anaconda3/bin/barrnap
[18:23:05] Determined barrnap version is 000009 from 'barrnap 0.9'
[18:23:05] Looking for 'blastp' - found /home/tsweet/anaconda3/bin/blastp
[18:23:05] Determined blastp version is 002009 from 'blastp: 2.9.0+'
[18:23:05] Looking for 'cmpress' - found /home/tsweet/anaconda3/bin/cmpress
[18:23:05] Determined cmpress version is 001001 from '# INFERNAL 1.1.2 (July 2016)'
[18:23:05] Looking for 'cmscan' - found /home/tsweet/anaconda3/bin/cmscan
[18:23:05] Determined cmscan version is 001001 from '# INFERNAL 1.1.2 (July 2016)'
[18:23:05] Looking for 'egrep' - found /bin/egrep
[18:23:05] Looking for 'find' - found /usr/bin/find
[18:23:05] Looking for 'grep' - found /bin/grep
[18:23:05] Looking for 'hmmpress' - found /home/tsweet/anaconda3/bin/hmmpress
[18:23:05] Determined hmmpress version is 003003 from '# HMMER 3.3 (Nov 2019); http://hmmer.org/'
[18:23:05] Looking for 'hmmscan' - found /home/tsweet/anaconda3/bin/hmmscan
[18:23:05] Determined hmmscan version is 003003 from '# HMMER 3.3 (Nov 2019); http://hmmer.org/'
[18:23:05] Looking for 'java' - found /home/tsweet/anaconda3/bin/java
[18:23:05] Looking for 'makeblastdb' - found /home/tsweet/anaconda3/bin/makeblastdb
[18:23:05] Determined makeblastdb version is 002009 from 'makeblastdb: 2.9.0+'
[18:23:05] Looking for 'minced' - found /home/tsweet/anaconda3/bin/minced
[18:23:05] Determined minced version is 004002 from 'minced 0.4.2'
[18:23:05] Looking for 'parallel' - found /home/tsweet/anaconda3/bin/parallel
[18:23:05] Determined parallel version is 20200322 from 'GNU parallel 20200322'
[18:23:05] Looking for 'prodigal' - found /home/tsweet/anaconda3/bin/prodigal
[18:23:05] Determined prodigal version is 002006 from 'Prodigal V2.6.3: February, 2016'
[18:23:05] Looking for 'prokka-genbank_to_fasta_db' - found /home/tsweet/anaconda3/bin/prokka-genbank_to_fasta_db
[18:23:05] Looking for 'sed' - found /bin/sed
[18:23:05] Looking for 'tbl2asn' - found /home/tsweet/anaconda3/bin/tbl2asn
[18:23:05] Determined tbl2asn version is 025007 from 'tbl2asn 25.7   arguments:'
[18:23:05] Using genetic code table 11.
[18:23:05] Loading and checking input file: 289825.1_11641_1_62_genomic.gbff_pp11
[18:23:05] Wrote 1 contigs totalling 11944 bp.
[18:23:05] Predicting tRNAs and tmRNAs
[18:23:05] Running: aragorn -l -gc11  -w GCA_001289825\.1_11641_1_62_genomic\.gbff_pp11\/PROKKA_05152020\.fna
[18:23:05] Found 0 tRNAs
[18:23:05] Predicting Ribosomal RNAs
[18:23:05] Running Barrnap with 8 threads
[18:23:06] Found 0 rRNAs
[18:23:06] Skipping ncRNA search, enable with --rfam if desired.
[18:23:06] Total of 0 tRNA + rRNA features
[18:23:06] Searching for CRISPR repeats
[18:23:06] Found 0 CRISPRs
[18:23:06] Predicting coding sequences
[18:23:06] Contigs total 11944 bp, so using meta mode
[18:23:06] Running: prodigal -i GCA_001289825\.1_11641_1_62_genomic\.gbff_pp11\/PROKKA_05152020\.fna -c -m -g 11 -p meta -f sco -q
[18:23:06] Found 10 CDS
[18:23:06] Connecting features back to sequences
[18:23:06] Not using genus-specific database. Try --usegenus to enable it.
[18:23:06] Annotating CDS, please be patient.
[18:23:06] Will use 8 CPUs for similarity searching.
[18:23:06] There are still 10 unannotated CDS left (started with 10)
[18:23:06] Will use blast to search against /home/tsweet/anaconda3/db/kingdom/Bacteria/IS with 8 CPUs
[18:23:06] Running: cat GCA_001289825\.1_11641_1_62_genomic\.gbff_pp11\/PROKKA_05152020\.IS\.tmp\.28447\.faa | parallel --gnu --plain -j 8 --block 211 --recstart '>' --pipe blastp -query - -db /home/tsweet/anaconda3/db/kingdom/Bacteria/IS -evalue 1e-30 -qcov_hsp_perc 90 -num_threads 1 -num_descriptions 1 -num_alignments 1 -seg no > GCA_001289825\.1_11641_1_62_genomic\.gbff_pp11\/PROKKA_05152020\.IS\.tmp\.28447\.blast 2> /dev/null
[18:23:06] Deleting unwanted file: GCA_001289825.1_11641_1_62_genomic.gbff_pp11/PROKKA_05152020.IS.tmp.28447.faa
[18:23:06] Deleting unwanted file: GCA_001289825.1_11641_1_62_genomic.gbff_pp11/PROKKA_05152020.IS.tmp.28447.blast
[18:23:06] There are still 10 unannotated CDS left (started with 10)
[18:23:06] Will use blast to search against /home/tsweet/anaconda3/db/kingdom/Bacteria/AMR with 8 CPUs
[18:23:06] Running: cat GCA_001289825\.1_11641_1_62_genomic\.gbff_pp11\/PROKKA_05152020\.AMR\.tmp\.28447\.faa | parallel --gnu --plain -j 8 --block 211 --recstart '>' --pipe blastp -query - -db /home/tsweet/anaconda3/db/kingdom/Bacteria/AMR -evalue 9.99999999999999e-301 -qcov_hsp_perc 90 -num_threads 1 -num_descriptions 1 -num_alignments 1 -seg no > GCA_001289825\.1_11641_1_62_genomic\.gbff_pp11\/PROKKA_05152020\.AMR\.tmp\.28447\.blast 2> /dev/null
[18:23:06] Deleting unwanted file: GCA_001289825.1_11641_1_62_genomic.gbff_pp11/PROKKA_05152020.AMR.tmp.28447.faa
[18:23:06] Deleting unwanted file: GCA_001289825.1_11641_1_62_genomic.gbff_pp11/PROKKA_05152020.AMR.tmp.28447.blast
[18:23:06] There are still 10 unannotated CDS left (started with 10)
[18:23:06] Will use blast to search against /home/tsweet/anaconda3/db/kingdom/Bacteria/sprot with 8 CPUs
[18:23:06] Running: cat GCA_001289825\.1_11641_1_62_genomic\.gbff_pp11\/PROKKA_05152020\.sprot\.tmp\.28447\.faa | parallel --gnu --plain -j 8 --block 211 --recstart '>' --pipe blastp -query - -db /home/tsweet/anaconda3/db/kingdom/Bacteria/sprot -evalue 1e-09 -qcov_hsp_perc 80 -num_threads 1 -num_descriptions 1 -num_alignments 1 -seg no > GCA_001289825\.1_11641_1_62_genomic\.gbff_pp11\/PROKKA_05152020\.sprot\.tmp\.28447\.blast 2> /dev/null
[18:23:07] Modify product: Uncharacterized HTH-type transcriptional regulator YydK => putative HTH-type transcriptional regulator YydK
[18:23:07] Cleaned 1 /product names
[18:23:07] Deleting unwanted file: GCA_001289825.1_11641_1_62_genomic.gbff_pp11/PROKKA_05152020.sprot.tmp.28447.faa
[18:23:07] Deleting unwanted file: GCA_001289825.1_11641_1_62_genomic.gbff_pp11/PROKKA_05152020.sprot.tmp.28447.blast
[18:23:07] There are still 3 unannotated CDS left (started with 10)
[18:23:07] Will use hmmer3 to search against /home/tsweet/anaconda3/db/hmm/HAMAP.hmm with 8 CPUs
[18:23:07] Running: cat GCA_001289825\.1_11641_1_62_genomic\.gbff_pp11\/PROKKA_05152020\.HAMAP\.hmm\.tmp\.28447\.faa | parallel --gnu --plain -j 8 --block 80 --recstart '>' --pipe hmmscan --noali --notextw --acc -E 1e-09 --cpu 1 /home/tsweet/anaconda3/db/hmm/HAMAP.hmm /dev/stdin > GCA_001289825\.1_11641_1_62_genomic\.gbff_pp11\/PROKKA_05152020\.HAMAP\.hmm\.tmp\.28447\.hmmer3 2> /dev/null
[18:23:07] Deleting unwanted file: GCA_001289825.1_11641_1_62_genomic.gbff_pp11/PROKKA_05152020.HAMAP.hmm.tmp.28447.faa
[18:23:07] Deleting unwanted file: GCA_001289825.1_11641_1_62_genomic.gbff_pp11/PROKKA_05152020.HAMAP.hmm.tmp.28447.hmmer3
[18:23:07] Labelling remaining 2 proteins as 'hypothetical protein'
[18:23:07] Found 8 unique /gene codes.
[18:23:07] Fixed 0 colliding /gene names.
[18:23:07] Adding /locus_tag identifiers
[18:23:07] Assigned 10 locus_tags to CDS and RNA features.
[18:23:07] Writing outputs to GCA_001289825.1_11641_1_62_genomic.gbff_pp11/
[18:23:07] Generating annotation statistics file
[18:23:07] Generating Genbank and Sequin files
[18:23:07] Running: tbl2asn -V b -a r10k -l paired-ends -M n -N 1 -y 'Annotated using prokka 1.14.6 from https://github.com/tseemann/prokka' -Z GCA_001289825\.1_11641_1_62_genomic\.gbff_pp11\/PROKKA_05152020\.err -i GCA_001289825\.1_11641_1_62_genomic\.gbff_pp11\/PROKKA_05152020\.fsa 2> /dev/null
[18:23:07] Deleting unwanted file: GCA_001289825.1_11641_1_62_genomic.gbff_pp11/errorsummary.val
[18:23:07] Deleting unwanted file: GCA_001289825.1_11641_1_62_genomic.gbff_pp11/PROKKA_05152020.dr
[18:23:07] Deleting unwanted file: GCA_001289825.1_11641_1_62_genomic.gbff_pp11/PROKKA_05152020.fixedproducts
[18:23:07] Deleting unwanted file: GCA_001289825.1_11641_1_62_genomic.gbff_pp11/PROKKA_05152020.ecn
[18:23:07] Deleting unwanted file: GCA_001289825.1_11641_1_62_genomic.gbff_pp11/PROKKA_05152020.val
[18:23:07] Repairing broken .GBK output that tbl2asn produces...
[18:23:07] Running: sed 's/COORDINATES: profile/COORDINATES:profile/' < GCA_001289825\.1_11641_1_62_genomic\.gbff_pp11\/PROKKA_05152020\.gbf > GCA_001289825\.1_11641_1_62_genomic\.gbff_pp11\/PROKKA_05152020\.gbk
[18:23:07] Deleting unwanted file: GCA_001289825.1_11641_1_62_genomic.gbff_pp11/PROKKA_05152020.gbf
[18:23:07] Output files:
[18:23:07] GCA_001289825.1_11641_1_62_genomic.gbff_pp11/PROKKA_05152020.err
[18:23:07] GCA_001289825.1_11641_1_62_genomic.gbff_pp11/PROKKA_05152020.faa
[18:23:07] GCA_001289825.1_11641_1_62_genomic.gbff_pp11/PROKKA_05152020.txt
[18:23:07] GCA_001289825.1_11641_1_62_genomic.gbff_pp11/PROKKA_05152020.fna
[18:23:07] GCA_001289825.1_11641_1_62_genomic.gbff_pp11/PROKKA_05152020.gbk
[18:23:07] GCA_001289825.1_11641_1_62_genomic.gbff_pp11/PROKKA_05152020.log
[18:23:07] GCA_001289825.1_11641_1_62_genomic.gbff_pp11/PROKKA_05152020.tsv
[18:23:07] GCA_001289825.1_11641_1_62_genomic.gbff_pp11/PROKKA_05152020.tbl
[18:23:07] GCA_001289825.1_11641_1_62_genomic.gbff_pp11/PROKKA_05152020.ffn
[18:23:07] GCA_001289825.1_11641_1_62_genomic.gbff_pp11/PROKKA_05152020.sqn
[18:23:07] GCA_001289825.1_11641_1_62_genomic.gbff_pp11/PROKKA_05152020.gff
[18:23:07] GCA_001289825.1_11641_1_62_genomic.gbff_pp11/PROKKA_05152020.fsa
[18:23:07] Annotation finished successfully.
[18:23:07] Walltime used: 0.03 minutes
[18:23:07] If you use this result please cite the Prokka paper:
[18:23:07] Seemann T (2014) Prokka: rapid prokaryotic genome annotation. Bioinformatics. 30(14):2068-9.
[18:23:07] Type 'prokka --citation' for more details.
[18:23:07] Thank you, come again.
