Discrepancy Report Results

Summary
DISC_SOURCE_QUALS_ASNDISC:strain (all present, all unique)
DISC_SOURCE_QUALS_ASNDISC:taxname (all present, all unique)
DISC_FEATURE_COUNT:gene: 10 present
DISC_FEATURE_COUNT:CDS: 10 present
DISC_COUNT_NUCLEOTIDES:1 nucleotide Bioseqs are present
OVERLAPPING_GENES:2 genes overlap another gene on the same strand.
DISC_QUALITY_SCORES:Quality scores are missing on all sequences.
DISC_BAD_BACTERIAL_GENE_NAME:1 bacterial genes do not start with lowercase letters
ONCALLER_COMMENT_PRESENT:1 comment descriptors were found (all same)
MISSING_GENOMEASSEMBLY_COMMENTS:1 bioseqs are missing GenomeAssembly structured comments
MOLTYPE_NOT_MRNA:1 molecule types are not set as mRNA.
TECHNIQUE_NOT_TSA:1 technique are not set as TSA
MISSING_STRUCTURED_COMMENT:1 sequences do not include structured comments.
MISSING_PROJECT:11 sequences do not include project.
DISC_INCONSISTENT_MOLINFO_TECH:Molinfo Technique Report (some missing, all same)


Detailed Report

DiscRep_ALL:DISC_SOURCE_QUALS_ASNDISC::strain (all present, all unique)
DiscRep_SUB:DISC_SOURCE_QUALS_ASNDISC::1 sources have unique values for strain
DiscRep_ALL:DISC_SOURCE_QUALS_ASNDISC::taxname (all present, all unique)
DiscRep_SUB:DISC_SOURCE_QUALS_ASNDISC::1 sources have unique values for taxname
DiscRep_ALL:DISC_FEATURE_COUNT::gene: 10 present
DiscRep_ALL:DISC_FEATURE_COUNT::CDS: 10 present
DiscRep_ALL:DISC_COUNT_NUCLEOTIDES::1 nucleotide Bioseqs are present
GCA_001289825.1_11641_1_62_genomic.gbff_pp11/PROKKA_05152020:X:KLDBMHLK_1 (length 11944)

DiscRep_ALL:OVERLAPPING_GENES::2 genes overlap another gene on the same strand.
GCA_001289825.1_11641_1_62_genomic.gbff_pp11/PROKKA_05152020:Gene	lrgB	KLDBMHLK_1:c8655-7954	KLDBMHLK_00007
GCA_001289825.1_11641_1_62_genomic.gbff_pp11/PROKKA_05152020:Gene	lrgA	KLDBMHLK_1:c9085-8648	KLDBMHLK_00008

DiscRep_ALL:DISC_QUALITY_SCORES::Quality scores are missing on all sequences.

DiscRep_ALL:DISC_BAD_BACTERIAL_GENE_NAME::1 bacterial genes do not start with lowercase letters
GCA_001289825.1_11641_1_62_genomic.gbff_pp11/PROKKA_05152020:Gene	COQ5	KLDBMHLK_1:744-1505	KLDBMHLK_00002

DiscRep_ALL:ONCALLER_COMMENT_PRESENT::1 comment descriptors were found (all same)
GCA_001289825.1_11641_1_62_genomic.gbff_pp11/PROKKA_05152020:X:KLDBMHLK_1:Annotated using prokka 1.14.6 from https://github.com/tseemann/prokka

DiscRep_ALL:MISSING_GENOMEASSEMBLY_COMMENTS::1 bioseqs are missing GenomeAssembly structured comments
GCA_001289825.1_11641_1_62_genomic.gbff_pp11/PROKKA_05152020:X:KLDBMHLK_1 (length 11944)

DiscRep_ALL:MOLTYPE_NOT_MRNA::1 molecule types are not set as mRNA.
GCA_001289825.1_11641_1_62_genomic.gbff_pp11/PROKKA_05152020:X:KLDBMHLK_1 (length 11944)

DiscRep_ALL:TECHNIQUE_NOT_TSA::1 technique are not set as TSA
GCA_001289825.1_11641_1_62_genomic.gbff_pp11/PROKKA_05152020:X:KLDBMHLK_1 (length 11944)

DiscRep_ALL:MISSING_STRUCTURED_COMMENT::1 sequences do not include structured comments.
GCA_001289825.1_11641_1_62_genomic.gbff_pp11/PROKKA_05152020:X:KLDBMHLK_1 (length 11944)

DiscRep_ALL:MISSING_PROJECT::11 sequences do not include project.
GCA_001289825.1_11641_1_62_genomic.gbff_pp11/PROKKA_05152020:X:KLDBMHLK_1 (length 11944)
GCA_001289825.1_11641_1_62_genomic.gbff_pp11/PROKKA_05152020:X:KLDBMHLK_00001 (length 145)
GCA_001289825.1_11641_1_62_genomic.gbff_pp11/PROKKA_05152020:X:KLDBMHLK_00002 (length 253)
GCA_001289825.1_11641_1_62_genomic.gbff_pp11/PROKKA_05152020:X:KLDBMHLK_00003 (length 478)
GCA_001289825.1_11641_1_62_genomic.gbff_pp11/PROKKA_05152020:X:KLDBMHLK_00004 (length 263)
GCA_001289825.1_11641_1_62_genomic.gbff_pp11/PROKKA_05152020:X:KLDBMHLK_00005 (length 234)
GCA_001289825.1_11641_1_62_genomic.gbff_pp11/PROKKA_05152020:X:KLDBMHLK_00006 (length 763)
GCA_001289825.1_11641_1_62_genomic.gbff_pp11/PROKKA_05152020:X:KLDBMHLK_00007 (length 233)
GCA_001289825.1_11641_1_62_genomic.gbff_pp11/PROKKA_05152020:X:KLDBMHLK_00008 (length 145)
GCA_001289825.1_11641_1_62_genomic.gbff_pp11/PROKKA_05152020:X:KLDBMHLK_00009 (length 246)
GCA_001289825.1_11641_1_62_genomic.gbff_pp11/PROKKA_05152020:X:KLDBMHLK_00010 (length 584)

DiscRep_ALL:DISC_INCONSISTENT_MOLINFO_TECH::Molinfo Technique Report (some missing, all same)
DiscRep_SUB:DISC_INCONSISTENT_MOLINFO_TECH::technique (all missing)
DiscRep_SUB:DISC_INCONSISTENT_MOLINFO_TECH::1 Molinfos are missing field technique
GCA_001289825.1_11641_1_62_genomic.gbff_pp11/PROKKA_05152020:X:KLDBMHLK_1 (length 11944)

