Discrepancy Report Results

Summary
DISC_SOURCE_QUALS_ASNDISC:strain (all present, all unique)
DISC_SOURCE_QUALS_ASNDISC:taxname (all present, all unique)
DISC_FEATURE_COUNT:gene: 6 present
DISC_FEATURE_COUNT:CDS: 6 present
DISC_COUNT_NUCLEOTIDES:1 nucleotide Bioseqs are present
DISC_QUALITY_SCORES:Quality scores are missing on all sequences.
ONCALLER_COMMENT_PRESENT:1 comment descriptors were found (all same)
MISSING_GENOMEASSEMBLY_COMMENTS:1 bioseqs are missing GenomeAssembly structured comments
MOLTYPE_NOT_MRNA:1 molecule types are not set as mRNA.
TECHNIQUE_NOT_TSA:1 technique are not set as TSA
MISSING_STRUCTURED_COMMENT:1 sequences do not include structured comments.
MISSING_PROJECT:7 sequences do not include project.
DISC_INCONSISTENT_MOLINFO_TECH:Molinfo Technique Report (some missing, all same)


Detailed Report

DiscRep_ALL:DISC_SOURCE_QUALS_ASNDISC::strain (all present, all unique)
DiscRep_SUB:DISC_SOURCE_QUALS_ASNDISC::1 sources have unique values for strain
DiscRep_ALL:DISC_SOURCE_QUALS_ASNDISC::taxname (all present, all unique)
DiscRep_SUB:DISC_SOURCE_QUALS_ASNDISC::1 sources have unique values for taxname
DiscRep_ALL:DISC_FEATURE_COUNT::gene: 6 present
DiscRep_ALL:DISC_FEATURE_COUNT::CDS: 6 present
DiscRep_ALL:DISC_COUNT_NUCLEOTIDES::1 nucleotide Bioseqs are present
GCA_001548295.1_ASM154829v1_genomic.gbff_pp10/PROKKA_05152020:X:LCOCJHGB_1 (length 6883)

DiscRep_ALL:DISC_QUALITY_SCORES::Quality scores are missing on all sequences.

DiscRep_ALL:ONCALLER_COMMENT_PRESENT::1 comment descriptors were found (all same)
GCA_001548295.1_ASM154829v1_genomic.gbff_pp10/PROKKA_05152020:X:LCOCJHGB_1:Annotated using prokka 1.14.6 from https://github.com/tseemann/prokka

DiscRep_ALL:MISSING_GENOMEASSEMBLY_COMMENTS::1 bioseqs are missing GenomeAssembly structured comments
GCA_001548295.1_ASM154829v1_genomic.gbff_pp10/PROKKA_05152020:X:LCOCJHGB_1 (length 6883)

DiscRep_ALL:MOLTYPE_NOT_MRNA::1 molecule types are not set as mRNA.
GCA_001548295.1_ASM154829v1_genomic.gbff_pp10/PROKKA_05152020:X:LCOCJHGB_1 (length 6883)

DiscRep_ALL:TECHNIQUE_NOT_TSA::1 technique are not set as TSA
GCA_001548295.1_ASM154829v1_genomic.gbff_pp10/PROKKA_05152020:X:LCOCJHGB_1 (length 6883)

DiscRep_ALL:MISSING_STRUCTURED_COMMENT::1 sequences do not include structured comments.
GCA_001548295.1_ASM154829v1_genomic.gbff_pp10/PROKKA_05152020:X:LCOCJHGB_1 (length 6883)

DiscRep_ALL:MISSING_PROJECT::7 sequences do not include project.
GCA_001548295.1_ASM154829v1_genomic.gbff_pp10/PROKKA_05152020:X:LCOCJHGB_1 (length 6883)
GCA_001548295.1_ASM154829v1_genomic.gbff_pp10/PROKKA_05152020:X:LCOCJHGB_00001 (length 271)
GCA_001548295.1_ASM154829v1_genomic.gbff_pp10/PROKKA_05152020:X:LCOCJHGB_00002 (length 81)
GCA_001548295.1_ASM154829v1_genomic.gbff_pp10/PROKKA_05152020:X:LCOCJHGB_00003 (length 143)
GCA_001548295.1_ASM154829v1_genomic.gbff_pp10/PROKKA_05152020:X:LCOCJHGB_00004 (length 148)
GCA_001548295.1_ASM154829v1_genomic.gbff_pp10/PROKKA_05152020:X:LCOCJHGB_00005 (length 411)
GCA_001548295.1_ASM154829v1_genomic.gbff_pp10/PROKKA_05152020:X:LCOCJHGB_00006 (length 473)

DiscRep_ALL:DISC_INCONSISTENT_MOLINFO_TECH::Molinfo Technique Report (some missing, all same)
DiscRep_SUB:DISC_INCONSISTENT_MOLINFO_TECH::technique (all missing)
DiscRep_SUB:DISC_INCONSISTENT_MOLINFO_TECH::1 Molinfos are missing field technique
GCA_001548295.1_ASM154829v1_genomic.gbff_pp10/PROKKA_05152020:X:LCOCJHGB_1 (length 6883)

