Discrepancy Report Results

Summary
DISC_SOURCE_QUALS_ASNDISC:strain (all present, all unique)
DISC_SOURCE_QUALS_ASNDISC:taxname (all present, all unique)
DISC_FEATURE_COUNT:gene: 8 present
DISC_FEATURE_COUNT:CDS: 8 present
DISC_COUNT_NUCLEOTIDES:1 nucleotide Bioseqs are present
OVERLAPPING_GENES:5 genes overlap another gene on the same strand.
DISC_QUALITY_SCORES:Quality scores are missing on all sequences.
ONCALLER_COMMENT_PRESENT:1 comment descriptors were found (all same)
MISSING_GENOMEASSEMBLY_COMMENTS:1 bioseqs are missing GenomeAssembly structured comments
MOLTYPE_NOT_MRNA:1 molecule types are not set as mRNA.
TECHNIQUE_NOT_TSA:1 technique are not set as TSA
MISSING_STRUCTURED_COMMENT:1 sequences do not include structured comments.
MISSING_PROJECT:9 sequences do not include project.
DISC_INCONSISTENT_MOLINFO_TECH:Molinfo Technique Report (some missing, all same)


Detailed Report

DiscRep_ALL:DISC_SOURCE_QUALS_ASNDISC::strain (all present, all unique)
DiscRep_SUB:DISC_SOURCE_QUALS_ASNDISC::1 sources have unique values for strain
DiscRep_ALL:DISC_SOURCE_QUALS_ASNDISC::taxname (all present, all unique)
DiscRep_SUB:DISC_SOURCE_QUALS_ASNDISC::1 sources have unique values for taxname
DiscRep_ALL:DISC_FEATURE_COUNT::gene: 8 present
DiscRep_ALL:DISC_FEATURE_COUNT::CDS: 8 present
DiscRep_ALL:DISC_COUNT_NUCLEOTIDES::1 nucleotide Bioseqs are present
GCA_000013465.1_ASM1346v1_genomic.gbff_pp16/PROKKA_05152020:X:CICOJLPI_1 (length 5743)

DiscRep_ALL:OVERLAPPING_GENES::5 genes overlap another gene on the same strand.
GCA_000013465.1_ASM1346v1_genomic.gbff_pp16/PROKKA_05152020:Gene	accB	CICOJLPI_1:44-208	CICOJLPI_00001
GCA_000013465.1_ASM1346v1_genomic.gbff_pp16/PROKKA_05152020:Gene	cfiB	CICOJLPI_1:208-1563	CICOJLPI_00002
GCA_000013465.1_ASM1346v1_genomic.gbff_pp16/PROKKA_05152020:Gene	xseA	CICOJLPI_1:2406-3743	CICOJLPI_00005
GCA_000013465.1_ASM1346v1_genomic.gbff_pp16/PROKKA_05152020:Gene	xseB	CICOJLPI_1:3736-3966	CICOJLPI_00006
GCA_000013465.1_ASM1346v1_genomic.gbff_pp16/PROKKA_05152020:Gene	CICOJLPI_00007	CICOJLPI_1:3944-4825	CICOJLPI_00007

DiscRep_ALL:DISC_QUALITY_SCORES::Quality scores are missing on all sequences.

DiscRep_ALL:ONCALLER_COMMENT_PRESENT::1 comment descriptors were found (all same)
GCA_000013465.1_ASM1346v1_genomic.gbff_pp16/PROKKA_05152020:X:CICOJLPI_1:Annotated using prokka 1.14.6 from https://github.com/tseemann/prokka

DiscRep_ALL:MISSING_GENOMEASSEMBLY_COMMENTS::1 bioseqs are missing GenomeAssembly structured comments
GCA_000013465.1_ASM1346v1_genomic.gbff_pp16/PROKKA_05152020:X:CICOJLPI_1 (length 5743)

DiscRep_ALL:MOLTYPE_NOT_MRNA::1 molecule types are not set as mRNA.
GCA_000013465.1_ASM1346v1_genomic.gbff_pp16/PROKKA_05152020:X:CICOJLPI_1 (length 5743)

DiscRep_ALL:TECHNIQUE_NOT_TSA::1 technique are not set as TSA
GCA_000013465.1_ASM1346v1_genomic.gbff_pp16/PROKKA_05152020:X:CICOJLPI_1 (length 5743)

DiscRep_ALL:MISSING_STRUCTURED_COMMENT::1 sequences do not include structured comments.
GCA_000013465.1_ASM1346v1_genomic.gbff_pp16/PROKKA_05152020:X:CICOJLPI_1 (length 5743)

DiscRep_ALL:MISSING_PROJECT::9 sequences do not include project.
GCA_000013465.1_ASM1346v1_genomic.gbff_pp16/PROKKA_05152020:X:CICOJLPI_1 (length 5743)
GCA_000013465.1_ASM1346v1_genomic.gbff_pp16/PROKKA_05152020:X:CICOJLPI_00001 (length 54)
GCA_000013465.1_ASM1346v1_genomic.gbff_pp16/PROKKA_05152020:X:CICOJLPI_00002 (length 451)
GCA_000013465.1_ASM1346v1_genomic.gbff_pp16/PROKKA_05152020:X:CICOJLPI_00003 (length 120)
GCA_000013465.1_ASM1346v1_genomic.gbff_pp16/PROKKA_05152020:X:CICOJLPI_00004 (length 129)
GCA_000013465.1_ASM1346v1_genomic.gbff_pp16/PROKKA_05152020:X:CICOJLPI_00005 (length 445)
GCA_000013465.1_ASM1346v1_genomic.gbff_pp16/PROKKA_05152020:X:CICOJLPI_00006 (length 76)
GCA_000013465.1_ASM1346v1_genomic.gbff_pp16/PROKKA_05152020:X:CICOJLPI_00007 (length 293)
GCA_000013465.1_ASM1346v1_genomic.gbff_pp16/PROKKA_05152020:X:CICOJLPI_00008 (length 150)

DiscRep_ALL:DISC_INCONSISTENT_MOLINFO_TECH::Molinfo Technique Report (some missing, all same)
DiscRep_SUB:DISC_INCONSISTENT_MOLINFO_TECH::technique (all missing)
DiscRep_SUB:DISC_INCONSISTENT_MOLINFO_TECH::1 Molinfos are missing field technique
GCA_000013465.1_ASM1346v1_genomic.gbff_pp16/PROKKA_05152020:X:CICOJLPI_1 (length 5743)

