Discrepancy Report Results

Summary
DISC_SOURCE_QUALS_ASNDISC:strain (all present, all unique)
DISC_SOURCE_QUALS_ASNDISC:taxname (all present, all unique)
DISC_FEATURE_COUNT:gene: 124 present
DISC_FEATURE_COUNT:CDS: 124 present
DISC_COUNT_NUCLEOTIDES:1 nucleotide Bioseqs are present
OVERLAPPING_GENES:26 genes overlap another gene on the same strand.
DISC_QUALITY_SCORES:Quality scores are missing on all sequences.
ONCALLER_COMMENT_PRESENT:1 comment descriptors were found (all same)
SHORT_PROT_SEQUENCES:4 protein sequences are shorter than 50 aa.
MISSING_GENOMEASSEMBLY_COMMENTS:1 bioseqs are missing GenomeAssembly structured comments
MOLTYPE_NOT_MRNA:1 molecule types are not set as mRNA.
TECHNIQUE_NOT_TSA:1 technique are not set as TSA
MISSING_STRUCTURED_COMMENT:1 sequences do not include structured comments.
MISSING_PROJECT:125 sequences do not include project.
DISC_INCONSISTENT_MOLINFO_TECH:Molinfo Technique Report (some missing, all same)


Detailed Report

DiscRep_ALL:DISC_SOURCE_QUALS_ASNDISC::strain (all present, all unique)
DiscRep_SUB:DISC_SOURCE_QUALS_ASNDISC::1 sources have unique values for strain
DiscRep_ALL:DISC_SOURCE_QUALS_ASNDISC::taxname (all present, all unique)
DiscRep_SUB:DISC_SOURCE_QUALS_ASNDISC::1 sources have unique values for taxname
DiscRep_ALL:DISC_FEATURE_COUNT::gene: 124 present
DiscRep_ALL:DISC_FEATURE_COUNT::CDS: 124 present
DiscRep_ALL:DISC_COUNT_NUCLEOTIDES::1 nucleotide Bioseqs are present
GCA_000160415.1_ASM16041v1_genomic.gbff_pp4/PROKKA_05152020:X:BOPJEMOM_1 (length 133663)

DiscRep_ALL:OVERLAPPING_GENES::26 genes overlap another gene on the same strand.
GCA_000160415.1_ASM16041v1_genomic.gbff_pp4/PROKKA_05152020:Gene	def1	BOPJEMOM_1:587-1075	BOPJEMOM_00002
GCA_000160415.1_ASM16041v1_genomic.gbff_pp4/PROKKA_05152020:Gene	fmt	BOPJEMOM_1:1068-2003	BOPJEMOM_00003
GCA_000160415.1_ASM16041v1_genomic.gbff_pp4/PROKKA_05152020:Gene	rsmB	BOPJEMOM_1:2000-3307	BOPJEMOM_00004
GCA_000160415.1_ASM16041v1_genomic.gbff_pp4/PROKKA_05152020:Gene	stp	BOPJEMOM_1:4411-5154	BOPJEMOM_00006
GCA_000160415.1_ASM16041v1_genomic.gbff_pp4/PROKKA_05152020:Gene	prkC	BOPJEMOM_1:5151-7145	BOPJEMOM_00007
GCA_000160415.1_ASM16041v1_genomic.gbff_pp4/PROKKA_05152020:Gene	plsX	BOPJEMOM_1:15618-16604	BOPJEMOM_00016
GCA_000160415.1_ASM16041v1_genomic.gbff_pp4/PROKKA_05152020:Gene	fabD	BOPJEMOM_1:16597-17523	BOPJEMOM_00017
GCA_000160415.1_ASM16041v1_genomic.gbff_pp4/PROKKA_05152020:Gene	fabG	BOPJEMOM_1:17516-18250	BOPJEMOM_00018
GCA_000160415.1_ASM16041v1_genomic.gbff_pp4/PROKKA_05152020:Gene	smc	BOPJEMOM_1:19720-23286	BOPJEMOM_00021
GCA_000160415.1_ASM16041v1_genomic.gbff_pp4/PROKKA_05152020:Gene	ftsY	BOPJEMOM_1:23286-24536	BOPJEMOM_00022
GCA_000160415.1_ASM16041v1_genomic.gbff_pp4/PROKKA_05152020:Gene	BOPJEMOM_00023	BOPJEMOM_1:24523-24855	BOPJEMOM_00023
GCA_000160415.1_ASM16041v1_genomic.gbff_pp4/PROKKA_05152020:Gene	rimM	BOPJEMOM_1:27146-27649	BOPJEMOM_00026
GCA_000160415.1_ASM16041v1_genomic.gbff_pp4/PROKKA_05152020:Gene	trmD	BOPJEMOM_1:27649-28386	BOPJEMOM_00027
GCA_000160415.1_ASM16041v1_genomic.gbff_pp4/PROKKA_05152020:Gene	rbgA	BOPJEMOM_1:32090-32974	BOPJEMOM_00030
GCA_000160415.1_ASM16041v1_genomic.gbff_pp4/PROKKA_05152020:Gene	rnhB	BOPJEMOM_1:32958-33725	BOPJEMOM_00031
GCA_000160415.1_ASM16041v1_genomic.gbff_pp4/PROKKA_05152020:Gene	xerC	BOPJEMOM_1:43721-44617	BOPJEMOM_00039
GCA_000160415.1_ASM16041v1_genomic.gbff_pp4/PROKKA_05152020:Gene	hslV	BOPJEMOM_1:44614-45159	BOPJEMOM_00040
GCA_000160415.1_ASM16041v1_genomic.gbff_pp4/PROKKA_05152020:Gene	BOPJEMOM_00054	BOPJEMOM_1:62781-63065	BOPJEMOM_00054
GCA_000160415.1_ASM16041v1_genomic.gbff_pp4/PROKKA_05152020:Gene	rplGA	BOPJEMOM_1:63062-63379	BOPJEMOM_00055
GCA_000160415.1_ASM16041v1_genomic.gbff_pp4/PROKKA_05152020:Gene	BOPJEMOM_00065	BOPJEMOM_1:76442-77707	BOPJEMOM_00065
GCA_000160415.1_ASM16041v1_genomic.gbff_pp4/PROKKA_05152020:Gene	BOPJEMOM_00066	BOPJEMOM_1:77707-78993	BOPJEMOM_00066
GCA_000160415.1_ASM16041v1_genomic.gbff_pp4/PROKKA_05152020:Gene	phaB	BOPJEMOM_1:78993-79697	BOPJEMOM_00067
GCA_000160415.1_ASM16041v1_genomic.gbff_pp4/PROKKA_05152020:Gene	lnrL	BOPJEMOM_1:122596-123495	BOPJEMOM_00113
GCA_000160415.1_ASM16041v1_genomic.gbff_pp4/PROKKA_05152020:Gene	BOPJEMOM_00114	BOPJEMOM_1:123464-124195	BOPJEMOM_00114
GCA_000160415.1_ASM16041v1_genomic.gbff_pp4/PROKKA_05152020:Gene	BOPJEMOM_00115	BOPJEMOM_1:124199-125290	BOPJEMOM_00115
GCA_000160415.1_ASM16041v1_genomic.gbff_pp4/PROKKA_05152020:Gene	desR	BOPJEMOM_1:125287-125889	BOPJEMOM_00116

DiscRep_ALL:DISC_QUALITY_SCORES::Quality scores are missing on all sequences.

DiscRep_ALL:ONCALLER_COMMENT_PRESENT::1 comment descriptors were found (all same)
GCA_000160415.1_ASM16041v1_genomic.gbff_pp4/PROKKA_05152020:X:BOPJEMOM_1:Annotated using prokka 1.14.6 from https://github.com/tseemann/prokka

DiscRep_ALL:SHORT_PROT_SEQUENCES::4 protein sequences are shorter than 50 aa.
GCA_000160415.1_ASM16041v1_genomic.gbff_pp4/PROKKA_05152020:X:BOPJEMOM_00096 (length 29)
GCA_000160415.1_ASM16041v1_genomic.gbff_pp4/PROKKA_05152020:X:BOPJEMOM_00100 (length 34)
GCA_000160415.1_ASM16041v1_genomic.gbff_pp4/PROKKA_05152020:X:BOPJEMOM_00104 (length 33)
GCA_000160415.1_ASM16041v1_genomic.gbff_pp4/PROKKA_05152020:X:BOPJEMOM_00105 (length 45)

DiscRep_ALL:MISSING_GENOMEASSEMBLY_COMMENTS::1 bioseqs are missing GenomeAssembly structured comments
GCA_000160415.1_ASM16041v1_genomic.gbff_pp4/PROKKA_05152020:X:BOPJEMOM_1 (length 133663)

DiscRep_ALL:MOLTYPE_NOT_MRNA::1 molecule types are not set as mRNA.
GCA_000160415.1_ASM16041v1_genomic.gbff_pp4/PROKKA_05152020:X:BOPJEMOM_1 (length 133663)

DiscRep_ALL:TECHNIQUE_NOT_TSA::1 technique are not set as TSA
GCA_000160415.1_ASM16041v1_genomic.gbff_pp4/PROKKA_05152020:X:BOPJEMOM_1 (length 133663)

DiscRep_ALL:MISSING_STRUCTURED_COMMENT::1 sequences do not include structured comments.
GCA_000160415.1_ASM16041v1_genomic.gbff_pp4/PROKKA_05152020:X:BOPJEMOM_1 (length 133663)

DiscRep_ALL:MISSING_PROJECT::125 sequences do not include project.
GCA_000160415.1_ASM16041v1_genomic.gbff_pp4/PROKKA_05152020:X:BOPJEMOM_1 (length 133663)
GCA_000160415.1_ASM16041v1_genomic.gbff_pp4/PROKKA_05152020:X:BOPJEMOM_00001 (length 92)
GCA_000160415.1_ASM16041v1_genomic.gbff_pp4/PROKKA_05152020:X:BOPJEMOM_00002 (length 162)
GCA_000160415.1_ASM16041v1_genomic.gbff_pp4/PROKKA_05152020:X:BOPJEMOM_00003 (length 311)
GCA_000160415.1_ASM16041v1_genomic.gbff_pp4/PROKKA_05152020:X:BOPJEMOM_00004 (length 435)
GCA_000160415.1_ASM16041v1_genomic.gbff_pp4/PROKKA_05152020:X:BOPJEMOM_00005 (length 364)
GCA_000160415.1_ASM16041v1_genomic.gbff_pp4/PROKKA_05152020:X:BOPJEMOM_00006 (length 247)
GCA_000160415.1_ASM16041v1_genomic.gbff_pp4/PROKKA_05152020:X:BOPJEMOM_00007 (length 664)
GCA_000160415.1_ASM16041v1_genomic.gbff_pp4/PROKKA_05152020:X:BOPJEMOM_00008 (length 291)
GCA_000160415.1_ASM16041v1_genomic.gbff_pp4/PROKKA_05152020:X:BOPJEMOM_00009 (length 214)
GCA_000160415.1_ASM16041v1_genomic.gbff_pp4/PROKKA_05152020:X:BOPJEMOM_00010 (length 213)
GCA_000160415.1_ASM16041v1_genomic.gbff_pp4/PROKKA_05152020:X:BOPJEMOM_00011 (length 62)
GCA_000160415.1_ASM16041v1_genomic.gbff_pp4/PROKKA_05152020:X:BOPJEMOM_00012 (length 124)
GCA_000160415.1_ASM16041v1_genomic.gbff_pp4/PROKKA_05152020:X:BOPJEMOM_00013 (length 548)
GCA_000160415.1_ASM16041v1_genomic.gbff_pp4/PROKKA_05152020:X:BOPJEMOM_00014 (length 686)
GCA_000160415.1_ASM16041v1_genomic.gbff_pp4/PROKKA_05152020:X:BOPJEMOM_00015 (length 185)
GCA_000160415.1_ASM16041v1_genomic.gbff_pp4/PROKKA_05152020:X:BOPJEMOM_00016 (length 328)
GCA_000160415.1_ASM16041v1_genomic.gbff_pp4/PROKKA_05152020:X:BOPJEMOM_00017 (length 308)
GCA_000160415.1_ASM16041v1_genomic.gbff_pp4/PROKKA_05152020:X:BOPJEMOM_00018 (length 244)
GCA_000160415.1_ASM16041v1_genomic.gbff_pp4/PROKKA_05152020:X:BOPJEMOM_00019 (length 77)
GCA_000160415.1_ASM16041v1_genomic.gbff_pp4/PROKKA_05152020:X:BOPJEMOM_00020 (length 243)
GCA_000160415.1_ASM16041v1_genomic.gbff_pp4/PROKKA_05152020:X:BOPJEMOM_00021 (length 1188)
GCA_000160415.1_ASM16041v1_genomic.gbff_pp4/PROKKA_05152020:X:BOPJEMOM_00022 (length 416)
GCA_000160415.1_ASM16041v1_genomic.gbff_pp4/PROKKA_05152020:X:BOPJEMOM_00023 (length 110)
GCA_000160415.1_ASM16041v1_genomic.gbff_pp4/PROKKA_05152020:X:BOPJEMOM_00024 (length 455)
GCA_000160415.1_ASM16041v1_genomic.gbff_pp4/PROKKA_05152020:X:BOPJEMOM_00025 (length 91)
GCA_000160415.1_ASM16041v1_genomic.gbff_pp4/PROKKA_05152020:X:BOPJEMOM_00026 (length 167)
GCA_000160415.1_ASM16041v1_genomic.gbff_pp4/PROKKA_05152020:X:BOPJEMOM_00027 (length 245)
GCA_000160415.1_ASM16041v1_genomic.gbff_pp4/PROKKA_05152020:X:BOPJEMOM_00028 (length 116)
GCA_000160415.1_ASM16041v1_genomic.gbff_pp4/PROKKA_05152020:X:BOPJEMOM_00029 (length 868)
GCA_000160415.1_ASM16041v1_genomic.gbff_pp4/PROKKA_05152020:X:BOPJEMOM_00030 (length 294)
GCA_000160415.1_ASM16041v1_genomic.gbff_pp4/PROKKA_05152020:X:BOPJEMOM_00031 (length 255)
GCA_000160415.1_ASM16041v1_genomic.gbff_pp4/PROKKA_05152020:X:BOPJEMOM_00032 (length 388)
GCA_000160415.1_ASM16041v1_genomic.gbff_pp4/PROKKA_05152020:X:BOPJEMOM_00033 (length 302)
GCA_000160415.1_ASM16041v1_genomic.gbff_pp4/PROKKA_05152020:X:BOPJEMOM_00034 (length 372)
GCA_000160415.1_ASM16041v1_genomic.gbff_pp4/PROKKA_05152020:X:BOPJEMOM_00035 (length 414)
GCA_000160415.1_ASM16041v1_genomic.gbff_pp4/PROKKA_05152020:X:BOPJEMOM_00036 (length 290)
GCA_000160415.1_ASM16041v1_genomic.gbff_pp4/PROKKA_05152020:X:BOPJEMOM_00037 (length 691)
GCA_000160415.1_ASM16041v1_genomic.gbff_pp4/PROKKA_05152020:X:BOPJEMOM_00038 (length 435)
GCA_000160415.1_ASM16041v1_genomic.gbff_pp4/PROKKA_05152020:X:BOPJEMOM_00039 (length 298)
GCA_000160415.1_ASM16041v1_genomic.gbff_pp4/PROKKA_05152020:X:BOPJEMOM_00040 (length 181)
GCA_000160415.1_ASM16041v1_genomic.gbff_pp4/PROKKA_05152020:X:BOPJEMOM_00041 (length 467)
GCA_000160415.1_ASM16041v1_genomic.gbff_pp4/PROKKA_05152020:X:BOPJEMOM_00042 (length 257)
GCA_000160415.1_ASM16041v1_genomic.gbff_pp4/PROKKA_05152020:X:BOPJEMOM_00043 (length 255)
GCA_000160415.1_ASM16041v1_genomic.gbff_pp4/PROKKA_05152020:X:BOPJEMOM_00044 (length 293)
GCA_000160415.1_ASM16041v1_genomic.gbff_pp4/PROKKA_05152020:X:BOPJEMOM_00045 (length 240)
GCA_000160415.1_ASM16041v1_genomic.gbff_pp4/PROKKA_05152020:X:BOPJEMOM_00046 (length 184)
GCA_000160415.1_ASM16041v1_genomic.gbff_pp4/PROKKA_05152020:X:BOPJEMOM_00047 (length 256)
GCA_000160415.1_ASM16041v1_genomic.gbff_pp4/PROKKA_05152020:X:BOPJEMOM_00048 (length 260)
GCA_000160415.1_ASM16041v1_genomic.gbff_pp4/PROKKA_05152020:X:BOPJEMOM_00049 (length 428)
GCA_000160415.1_ASM16041v1_genomic.gbff_pp4/PROKKA_05152020:X:BOPJEMOM_00050 (length 567)
GCA_000160415.1_ASM16041v1_genomic.gbff_pp4/PROKKA_05152020:X:BOPJEMOM_00051 (length 1438)
GCA_000160415.1_ASM16041v1_genomic.gbff_pp4/PROKKA_05152020:X:BOPJEMOM_00052 (length 155)
GCA_000160415.1_ASM16041v1_genomic.gbff_pp4/PROKKA_05152020:X:BOPJEMOM_00053 (length 391)
GCA_000160415.1_ASM16041v1_genomic.gbff_pp4/PROKKA_05152020:X:BOPJEMOM_00054 (length 94)
GCA_000160415.1_ASM16041v1_genomic.gbff_pp4/PROKKA_05152020:X:BOPJEMOM_00055 (length 105)
GCA_000160415.1_ASM16041v1_genomic.gbff_pp4/PROKKA_05152020:X:BOPJEMOM_00056 (length 705)
GCA_000160415.1_ASM16041v1_genomic.gbff_pp4/PROKKA_05152020:X:BOPJEMOM_00057 (length 116)
GCA_000160415.1_ASM16041v1_genomic.gbff_pp4/PROKKA_05152020:X:BOPJEMOM_00058 (length 305)
GCA_000160415.1_ASM16041v1_genomic.gbff_pp4/PROKKA_05152020:X:BOPJEMOM_00059 (length 323)
GCA_000160415.1_ASM16041v1_genomic.gbff_pp4/PROKKA_05152020:X:BOPJEMOM_00060 (length 89)
GCA_000160415.1_ASM16041v1_genomic.gbff_pp4/PROKKA_05152020:X:BOPJEMOM_00061 (length 698)
GCA_000160415.1_ASM16041v1_genomic.gbff_pp4/PROKKA_05152020:X:BOPJEMOM_00062 (length 557)
GCA_000160415.1_ASM16041v1_genomic.gbff_pp4/PROKKA_05152020:X:BOPJEMOM_00063 (length 789)
GCA_000160415.1_ASM16041v1_genomic.gbff_pp4/PROKKA_05152020:X:BOPJEMOM_00064 (length 237)
GCA_000160415.1_ASM16041v1_genomic.gbff_pp4/PROKKA_05152020:X:BOPJEMOM_00065 (length 421)
GCA_000160415.1_ASM16041v1_genomic.gbff_pp4/PROKKA_05152020:X:BOPJEMOM_00066 (length 428)
GCA_000160415.1_ASM16041v1_genomic.gbff_pp4/PROKKA_05152020:X:BOPJEMOM_00067 (length 234)
GCA_000160415.1_ASM16041v1_genomic.gbff_pp4/PROKKA_05152020:X:BOPJEMOM_00068 (length 275)
GCA_000160415.1_ASM16041v1_genomic.gbff_pp4/PROKKA_05152020:X:BOPJEMOM_00069 (length 130)
GCA_000160415.1_ASM16041v1_genomic.gbff_pp4/PROKKA_05152020:X:BOPJEMOM_00070 (length 192)
GCA_000160415.1_ASM16041v1_genomic.gbff_pp4/PROKKA_05152020:X:BOPJEMOM_00071 (length 383)
GCA_000160415.1_ASM16041v1_genomic.gbff_pp4/PROKKA_05152020:X:BOPJEMOM_00072 (length 347)
GCA_000160415.1_ASM16041v1_genomic.gbff_pp4/PROKKA_05152020:X:BOPJEMOM_00073 (length 519)
GCA_000160415.1_ASM16041v1_genomic.gbff_pp4/PROKKA_05152020:X:BOPJEMOM_00074 (length 71)
GCA_000160415.1_ASM16041v1_genomic.gbff_pp4/PROKKA_05152020:X:BOPJEMOM_00075 (length 265)
GCA_000160415.1_ASM16041v1_genomic.gbff_pp4/PROKKA_05152020:X:BOPJEMOM_00076 (length 586)
GCA_000160415.1_ASM16041v1_genomic.gbff_pp4/PROKKA_05152020:X:BOPJEMOM_00077 (length 288)
GCA_000160415.1_ASM16041v1_genomic.gbff_pp4/PROKKA_05152020:X:BOPJEMOM_00078 (length 97)
GCA_000160415.1_ASM16041v1_genomic.gbff_pp4/PROKKA_05152020:X:BOPJEMOM_00079 (length 514)
GCA_000160415.1_ASM16041v1_genomic.gbff_pp4/PROKKA_05152020:X:BOPJEMOM_00080 (length 121)
GCA_000160415.1_ASM16041v1_genomic.gbff_pp4/PROKKA_05152020:X:BOPJEMOM_00081 (length 163)
GCA_000160415.1_ASM16041v1_genomic.gbff_pp4/PROKKA_05152020:X:BOPJEMOM_00082 (length 872)
GCA_000160415.1_ASM16041v1_genomic.gbff_pp4/PROKKA_05152020:X:BOPJEMOM_00083 (length 669)
GCA_000160415.1_ASM16041v1_genomic.gbff_pp4/PROKKA_05152020:X:BOPJEMOM_00084 (length 177)
GCA_000160415.1_ASM16041v1_genomic.gbff_pp4/PROKKA_05152020:X:BOPJEMOM_00085 (length 272)
GCA_000160415.1_ASM16041v1_genomic.gbff_pp4/PROKKA_05152020:X:BOPJEMOM_00086 (length 498)
GCA_000160415.1_ASM16041v1_genomic.gbff_pp4/PROKKA_05152020:X:BOPJEMOM_00087 (length 557)
GCA_000160415.1_ASM16041v1_genomic.gbff_pp4/PROKKA_05152020:X:BOPJEMOM_00088 (length 305)
GCA_000160415.1_ASM16041v1_genomic.gbff_pp4/PROKKA_05152020:X:BOPJEMOM_00089 (length 311)
GCA_000160415.1_ASM16041v1_genomic.gbff_pp4/PROKKA_05152020:X:BOPJEMOM_00090 (length 77)
GCA_000160415.1_ASM16041v1_genomic.gbff_pp4/PROKKA_05152020:X:BOPJEMOM_00091 (length 158)
GCA_000160415.1_ASM16041v1_genomic.gbff_pp4/PROKKA_05152020:X:BOPJEMOM_00092 (length 412)
GCA_000160415.1_ASM16041v1_genomic.gbff_pp4/PROKKA_05152020:X:BOPJEMOM_00093 (length 412)
GCA_000160415.1_ASM16041v1_genomic.gbff_pp4/PROKKA_05152020:X:BOPJEMOM_00094 (length 122)
GCA_000160415.1_ASM16041v1_genomic.gbff_pp4/PROKKA_05152020:X:BOPJEMOM_00095 (length 446)
GCA_000160415.1_ASM16041v1_genomic.gbff_pp4/PROKKA_05152020:X:BOPJEMOM_00096 (length 29)
GCA_000160415.1_ASM16041v1_genomic.gbff_pp4/PROKKA_05152020:X:BOPJEMOM_00097 (length 70)
GCA_000160415.1_ASM16041v1_genomic.gbff_pp4/PROKKA_05152020:X:BOPJEMOM_00098 (length 68)
GCA_000160415.1_ASM16041v1_genomic.gbff_pp4/PROKKA_05152020:X:BOPJEMOM_00099 (length 61)
GCA_000160415.1_ASM16041v1_genomic.gbff_pp4/PROKKA_05152020:X:BOPJEMOM_00100 (length 34)
GCA_000160415.1_ASM16041v1_genomic.gbff_pp4/PROKKA_05152020:X:BOPJEMOM_00101 (length 83)
GCA_000160415.1_ASM16041v1_genomic.gbff_pp4/PROKKA_05152020:X:BOPJEMOM_00102 (length 194)
GCA_000160415.1_ASM16041v1_genomic.gbff_pp4/PROKKA_05152020:X:BOPJEMOM_00103 (length 82)
GCA_000160415.1_ASM16041v1_genomic.gbff_pp4/PROKKA_05152020:X:BOPJEMOM_00104 (length 33)
GCA_000160415.1_ASM16041v1_genomic.gbff_pp4/PROKKA_05152020:X:BOPJEMOM_00105 (length 45)
GCA_000160415.1_ASM16041v1_genomic.gbff_pp4/PROKKA_05152020:X:BOPJEMOM_00106 (length 96)
GCA_000160415.1_ASM16041v1_genomic.gbff_pp4/PROKKA_05152020:X:BOPJEMOM_00107 (length 64)
GCA_000160415.1_ASM16041v1_genomic.gbff_pp4/PROKKA_05152020:X:BOPJEMOM_00108 (length 113)
GCA_000160415.1_ASM16041v1_genomic.gbff_pp4/PROKKA_05152020:X:BOPJEMOM_00109 (length 63)
GCA_000160415.1_ASM16041v1_genomic.gbff_pp4/PROKKA_05152020:X:BOPJEMOM_00110 (length 341)
GCA_000160415.1_ASM16041v1_genomic.gbff_pp4/PROKKA_05152020:X:BOPJEMOM_00111 (length 65)
GCA_000160415.1_ASM16041v1_genomic.gbff_pp4/PROKKA_05152020:X:BOPJEMOM_00112 (length 493)
GCA_000160415.1_ASM16041v1_genomic.gbff_pp4/PROKKA_05152020:X:BOPJEMOM_00113 (length 299)
GCA_000160415.1_ASM16041v1_genomic.gbff_pp4/PROKKA_05152020:X:BOPJEMOM_00114 (length 243)
GCA_000160415.1_ASM16041v1_genomic.gbff_pp4/PROKKA_05152020:X:BOPJEMOM_00115 (length 363)
GCA_000160415.1_ASM16041v1_genomic.gbff_pp4/PROKKA_05152020:X:BOPJEMOM_00116 (length 200)
GCA_000160415.1_ASM16041v1_genomic.gbff_pp4/PROKKA_05152020:X:BOPJEMOM_00117 (length 59)
GCA_000160415.1_ASM16041v1_genomic.gbff_pp4/PROKKA_05152020:X:BOPJEMOM_00118 (length 177)
GCA_000160415.1_ASM16041v1_genomic.gbff_pp4/PROKKA_05152020:X:BOPJEMOM_00119 (length 284)
GCA_000160415.1_ASM16041v1_genomic.gbff_pp4/PROKKA_05152020:X:BOPJEMOM_00120 (length 194)
GCA_000160415.1_ASM16041v1_genomic.gbff_pp4/PROKKA_05152020:X:BOPJEMOM_00121 (length 460)
GCA_000160415.1_ASM16041v1_genomic.gbff_pp4/PROKKA_05152020:X:BOPJEMOM_00122 (length 426)
GCA_000160415.1_ASM16041v1_genomic.gbff_pp4/PROKKA_05152020:X:BOPJEMOM_00123 (length 353)
GCA_000160415.1_ASM16041v1_genomic.gbff_pp4/PROKKA_05152020:X:BOPJEMOM_00124 (length 304)

DiscRep_ALL:DISC_INCONSISTENT_MOLINFO_TECH::Molinfo Technique Report (some missing, all same)
DiscRep_SUB:DISC_INCONSISTENT_MOLINFO_TECH::technique (all missing)
DiscRep_SUB:DISC_INCONSISTENT_MOLINFO_TECH::1 Molinfos are missing field technique
GCA_000160415.1_ASM16041v1_genomic.gbff_pp4/PROKKA_05152020:X:BOPJEMOM_1 (length 133663)

