Discrepancy Report Results

Summary
DISC_SOURCE_QUALS_ASNDISC:strain (all present, all unique)
DISC_SOURCE_QUALS_ASNDISC:taxname (all present, all unique)
DISC_FEATURE_COUNT:gene: 9 present
DISC_FEATURE_COUNT:CDS: 9 present
DISC_COUNT_NUCLEOTIDES:1 nucleotide Bioseqs are present
OVERLAPPING_GENES:7 genes overlap another gene on the same strand.
DISC_QUALITY_SCORES:Quality scores are missing on all sequences.
ONCALLER_COMMENT_PRESENT:1 comment descriptors were found (all same)
MISSING_GENOMEASSEMBLY_COMMENTS:1 bioseqs are missing GenomeAssembly structured comments
MOLTYPE_NOT_MRNA:1 molecule types are not set as mRNA.
TECHNIQUE_NOT_TSA:1 technique are not set as TSA
MISSING_STRUCTURED_COMMENT:1 sequences do not include structured comments.
MISSING_PROJECT:10 sequences do not include project.
DISC_INCONSISTENT_MOLINFO_TECH:Molinfo Technique Report (some missing, all same)


Detailed Report

DiscRep_ALL:DISC_SOURCE_QUALS_ASNDISC::strain (all present, all unique)
DiscRep_SUB:DISC_SOURCE_QUALS_ASNDISC::1 sources have unique values for strain
DiscRep_ALL:DISC_SOURCE_QUALS_ASNDISC::taxname (all present, all unique)
DiscRep_SUB:DISC_SOURCE_QUALS_ASNDISC::1 sources have unique values for taxname
DiscRep_ALL:DISC_FEATURE_COUNT::gene: 9 present
DiscRep_ALL:DISC_FEATURE_COUNT::CDS: 9 present
DiscRep_ALL:DISC_COUNT_NUCLEOTIDES::1 nucleotide Bioseqs are present
GCA_000602085.1_Stap_aure_T16619_V1_genomic.gbff_pp18/PROKKA_05152020:X:FHBPMMBH_1 (length 9005)

DiscRep_ALL:OVERLAPPING_GENES::7 genes overlap another gene on the same strand.
GCA_000602085.1_Stap_aure_T16619_V1_genomic.gbff_pp18/PROKKA_05152020:Gene	dnaD	FHBPMMBH_1:2000-2686	FHBPMMBH_00002
GCA_000602085.1_Stap_aure_T16619_V1_genomic.gbff_pp18/PROKKA_05152020:Gene	nth	FHBPMMBH_1:2676-3335	FHBPMMBH_00003
GCA_000602085.1_Stap_aure_T16619_V1_genomic.gbff_pp18/PROKKA_05152020:Gene	ponA	FHBPMMBH_1:c6382-4199	FHBPMMBH_00005
GCA_000602085.1_Stap_aure_T16619_V1_genomic.gbff_pp18/PROKKA_05152020:Gene	recU	FHBPMMBH_1:c7056-6379	FHBPMMBH_00006
GCA_000602085.1_Stap_aure_T16619_V1_genomic.gbff_pp18/PROKKA_05152020:Gene	FHBPMMBH_00007	FHBPMMBH_1:7493-7894	FHBPMMBH_00007
GCA_000602085.1_Stap_aure_T16619_V1_genomic.gbff_pp18/PROKKA_05152020:Gene	FHBPMMBH_00008	FHBPMMBH_1:7887-8450	FHBPMMBH_00008
GCA_000602085.1_Stap_aure_T16619_V1_genomic.gbff_pp18/PROKKA_05152020:Gene	gpsB	FHBPMMBH_1:8416-8808	FHBPMMBH_00009

DiscRep_ALL:DISC_QUALITY_SCORES::Quality scores are missing on all sequences.

DiscRep_ALL:ONCALLER_COMMENT_PRESENT::1 comment descriptors were found (all same)
GCA_000602085.1_Stap_aure_T16619_V1_genomic.gbff_pp18/PROKKA_05152020:X:FHBPMMBH_1:Annotated using prokka 1.14.6 from https://github.com/tseemann/prokka

DiscRep_ALL:MISSING_GENOMEASSEMBLY_COMMENTS::1 bioseqs are missing GenomeAssembly structured comments
GCA_000602085.1_Stap_aure_T16619_V1_genomic.gbff_pp18/PROKKA_05152020:X:FHBPMMBH_1 (length 9005)

DiscRep_ALL:MOLTYPE_NOT_MRNA::1 molecule types are not set as mRNA.
GCA_000602085.1_Stap_aure_T16619_V1_genomic.gbff_pp18/PROKKA_05152020:X:FHBPMMBH_1 (length 9005)

DiscRep_ALL:TECHNIQUE_NOT_TSA::1 technique are not set as TSA
GCA_000602085.1_Stap_aure_T16619_V1_genomic.gbff_pp18/PROKKA_05152020:X:FHBPMMBH_1 (length 9005)

DiscRep_ALL:MISSING_STRUCTURED_COMMENT::1 sequences do not include structured comments.
GCA_000602085.1_Stap_aure_T16619_V1_genomic.gbff_pp18/PROKKA_05152020:X:FHBPMMBH_1 (length 9005)

DiscRep_ALL:MISSING_PROJECT::10 sequences do not include project.
GCA_000602085.1_Stap_aure_T16619_V1_genomic.gbff_pp18/PROKKA_05152020:X:FHBPMMBH_1 (length 9005)
GCA_000602085.1_Stap_aure_T16619_V1_genomic.gbff_pp18/PROKKA_05152020:X:FHBPMMBH_00001 (length 430)
GCA_000602085.1_Stap_aure_T16619_V1_genomic.gbff_pp18/PROKKA_05152020:X:FHBPMMBH_00002 (length 228)
GCA_000602085.1_Stap_aure_T16619_V1_genomic.gbff_pp18/PROKKA_05152020:X:FHBPMMBH_00003 (length 219)
GCA_000602085.1_Stap_aure_T16619_V1_genomic.gbff_pp18/PROKKA_05152020:X:FHBPMMBH_00004 (length 113)
GCA_000602085.1_Stap_aure_T16619_V1_genomic.gbff_pp18/PROKKA_05152020:X:FHBPMMBH_00005 (length 727)
GCA_000602085.1_Stap_aure_T16619_V1_genomic.gbff_pp18/PROKKA_05152020:X:FHBPMMBH_00006 (length 225)
GCA_000602085.1_Stap_aure_T16619_V1_genomic.gbff_pp18/PROKKA_05152020:X:FHBPMMBH_00007 (length 133)
GCA_000602085.1_Stap_aure_T16619_V1_genomic.gbff_pp18/PROKKA_05152020:X:FHBPMMBH_00008 (length 187)
GCA_000602085.1_Stap_aure_T16619_V1_genomic.gbff_pp18/PROKKA_05152020:X:FHBPMMBH_00009 (length 130)

DiscRep_ALL:DISC_INCONSISTENT_MOLINFO_TECH::Molinfo Technique Report (some missing, all same)
DiscRep_SUB:DISC_INCONSISTENT_MOLINFO_TECH::technique (all missing)
DiscRep_SUB:DISC_INCONSISTENT_MOLINFO_TECH::1 Molinfos are missing field technique
GCA_000602085.1_Stap_aure_T16619_V1_genomic.gbff_pp18/PROKKA_05152020:X:FHBPMMBH_1 (length 9005)

