Discrepancy Report Results

Summary
DISC_PROTEIN_NAMES:All proteins have same name "hypothetical protein"
DISC_SOURCE_QUALS_ASNDISC:strain (all present, all unique)
DISC_SOURCE_QUALS_ASNDISC:taxname (all present, all unique)
DISC_FEATURE_COUNT:gene: 8 present
DISC_FEATURE_COUNT:CDS: 8 present
DISC_COUNT_NUCLEOTIDES:1 nucleotide Bioseqs are present
DISC_QUALITY_SCORES:Quality scores are missing on all sequences.
ONCALLER_COMMENT_PRESENT:1 comment descriptors were found (all same)
MISSING_GENOMEASSEMBLY_COMMENTS:1 bioseqs are missing GenomeAssembly structured comments
MOLTYPE_NOT_MRNA:1 molecule types are not set as mRNA.
TECHNIQUE_NOT_TSA:1 technique are not set as TSA
MISSING_STRUCTURED_COMMENT:1 sequences do not include structured comments.
MISSING_PROJECT:9 sequences do not include project.
DISC_INCONSISTENT_MOLINFO_TECH:Molinfo Technique Report (some missing, all same)


Detailed Report

DiscRep_ALL:DISC_PROTEIN_NAMES::All proteins have same name "hypothetical protein"

DiscRep_ALL:DISC_SOURCE_QUALS_ASNDISC::strain (all present, all unique)
DiscRep_SUB:DISC_SOURCE_QUALS_ASNDISC::1 sources have unique values for strain
DiscRep_ALL:DISC_SOURCE_QUALS_ASNDISC::taxname (all present, all unique)
DiscRep_SUB:DISC_SOURCE_QUALS_ASNDISC::1 sources have unique values for taxname
DiscRep_ALL:DISC_FEATURE_COUNT::gene: 8 present
DiscRep_ALL:DISC_FEATURE_COUNT::CDS: 8 present
DiscRep_ALL:DISC_COUNT_NUCLEOTIDES::1 nucleotide Bioseqs are present
GCA_000016805.1_ASM1680v1_genomic.gbff_pp9/PROKKA_05152020:X:AGELIOHP_1 (length 4413)

DiscRep_ALL:DISC_QUALITY_SCORES::Quality scores are missing on all sequences.

DiscRep_ALL:ONCALLER_COMMENT_PRESENT::1 comment descriptors were found (all same)
GCA_000016805.1_ASM1680v1_genomic.gbff_pp9/PROKKA_05152020:X:AGELIOHP_1:Annotated using prokka 1.14.6 from https://github.com/tseemann/prokka

DiscRep_ALL:MISSING_GENOMEASSEMBLY_COMMENTS::1 bioseqs are missing GenomeAssembly structured comments
GCA_000016805.1_ASM1680v1_genomic.gbff_pp9/PROKKA_05152020:X:AGELIOHP_1 (length 4413)

DiscRep_ALL:MOLTYPE_NOT_MRNA::1 molecule types are not set as mRNA.
GCA_000016805.1_ASM1680v1_genomic.gbff_pp9/PROKKA_05152020:X:AGELIOHP_1 (length 4413)

DiscRep_ALL:TECHNIQUE_NOT_TSA::1 technique are not set as TSA
GCA_000016805.1_ASM1680v1_genomic.gbff_pp9/PROKKA_05152020:X:AGELIOHP_1 (length 4413)

DiscRep_ALL:MISSING_STRUCTURED_COMMENT::1 sequences do not include structured comments.
GCA_000016805.1_ASM1680v1_genomic.gbff_pp9/PROKKA_05152020:X:AGELIOHP_1 (length 4413)

DiscRep_ALL:MISSING_PROJECT::9 sequences do not include project.
GCA_000016805.1_ASM1680v1_genomic.gbff_pp9/PROKKA_05152020:X:AGELIOHP_1 (length 4413)
GCA_000016805.1_ASM1680v1_genomic.gbff_pp9/PROKKA_05152020:X:AGELIOHP_00001 (length 130)
GCA_000016805.1_ASM1680v1_genomic.gbff_pp9/PROKKA_05152020:X:AGELIOHP_00002 (length 129)
GCA_000016805.1_ASM1680v1_genomic.gbff_pp9/PROKKA_05152020:X:AGELIOHP_00003 (length 124)
GCA_000016805.1_ASM1680v1_genomic.gbff_pp9/PROKKA_05152020:X:AGELIOHP_00004 (length 157)
GCA_000016805.1_ASM1680v1_genomic.gbff_pp9/PROKKA_05152020:X:AGELIOHP_00005 (length 137)
GCA_000016805.1_ASM1680v1_genomic.gbff_pp9/PROKKA_05152020:X:AGELIOHP_00006 (length 420)
GCA_000016805.1_ASM1680v1_genomic.gbff_pp9/PROKKA_05152020:X:AGELIOHP_00007 (length 96)
GCA_000016805.1_ASM1680v1_genomic.gbff_pp9/PROKKA_05152020:X:AGELIOHP_00008 (length 115)

DiscRep_ALL:DISC_INCONSISTENT_MOLINFO_TECH::Molinfo Technique Report (some missing, all same)
DiscRep_SUB:DISC_INCONSISTENT_MOLINFO_TECH::technique (all missing)
DiscRep_SUB:DISC_INCONSISTENT_MOLINFO_TECH::1 Molinfos are missing field technique
GCA_000016805.1_ASM1680v1_genomic.gbff_pp9/PROKKA_05152020:X:AGELIOHP_1 (length 4413)

