Discrepancy Report Results

Summary
DISC_SOURCE_QUALS_ASNDISC:strain (all present, all unique)
DISC_SOURCE_QUALS_ASNDISC:taxname (all present, all unique)
DISC_FEATURE_COUNT:gene: 38 present
DISC_FEATURE_COUNT:CDS: 37 present
DISC_FEATURE_COUNT:tRNA: 1 present
DISC_COUNT_NUCLEOTIDES:1 nucleotide Bioseqs are present
OVERLAPPING_GENES:10 genes overlap another gene on the same strand.
SUSPECT_PRODUCT_NAMES:1 product_names contain suspect phrase or characters
	FATAL: Remove organism from product name
		1 features contains 'staphylococcal'
DISC_QUALITY_SCORES:Quality scores are missing on all sequences.
ONCALLER_COMMENT_PRESENT:1 comment descriptors were found (all same)
SHORT_PROT_SEQUENCES:1 protein sequences are shorter than 50 aa.
MISSING_GENOMEASSEMBLY_COMMENTS:1 bioseqs are missing GenomeAssembly structured comments
MOLTYPE_NOT_MRNA:1 molecule types are not set as mRNA.
TECHNIQUE_NOT_TSA:1 technique are not set as TSA
MISSING_STRUCTURED_COMMENT:1 sequences do not include structured comments.
MISSING_PROJECT:38 sequences do not include project.
DISC_INCONSISTENT_MOLINFO_TECH:Molinfo Technique Report (some missing, all same)


Detailed Report

DiscRep_ALL:DISC_SOURCE_QUALS_ASNDISC::strain (all present, all unique)
DiscRep_SUB:DISC_SOURCE_QUALS_ASNDISC::1 sources have unique values for strain
DiscRep_ALL:DISC_SOURCE_QUALS_ASNDISC::taxname (all present, all unique)
DiscRep_SUB:DISC_SOURCE_QUALS_ASNDISC::1 sources have unique values for taxname
DiscRep_ALL:DISC_FEATURE_COUNT::gene: 38 present
DiscRep_ALL:DISC_FEATURE_COUNT::CDS: 37 present
DiscRep_ALL:DISC_FEATURE_COUNT::tRNA: 1 present
DiscRep_ALL:DISC_COUNT_NUCLEOTIDES::1 nucleotide Bioseqs are present
GCA_002121705.1_ASM212170v1_genomic.gbff_pp5/PROKKA_05152020:X:FANIDGOH_1 (length 42690)

DiscRep_ALL:OVERLAPPING_GENES::10 genes overlap another gene on the same strand.
GCA_002121705.1_ASM212170v1_genomic.gbff_pp5/PROKKA_05152020:Gene	FANIDGOH_00005	FANIDGOH_1:7685-8797	FANIDGOH_00005
GCA_002121705.1_ASM212170v1_genomic.gbff_pp5/PROKKA_05152020:Gene	FANIDGOH_00006	FANIDGOH_1:8794-9576	FANIDGOH_00006
GCA_002121705.1_ASM212170v1_genomic.gbff_pp5/PROKKA_05152020:Gene	FANIDGOH_00007	FANIDGOH_1:c10242-9745	FANIDGOH_00007
GCA_002121705.1_ASM212170v1_genomic.gbff_pp5/PROKKA_05152020:Gene	nudC	FANIDGOH_1:c10615-10220	FANIDGOH_00008
GCA_002121705.1_ASM212170v1_genomic.gbff_pp5/PROKKA_05152020:Gene	mccB	FANIDGOH_1:c16561-15419	FANIDGOH_00014
GCA_002121705.1_ASM212170v1_genomic.gbff_pp5/PROKKA_05152020:Gene	mccA	FANIDGOH_1:c17510-16554	FANIDGOH_00015
GCA_002121705.1_ASM212170v1_genomic.gbff_pp5/PROKKA_05152020:Gene	FANIDGOH_00027	FANIDGOH_1:c30426-30103	FANIDGOH_00027
GCA_002121705.1_ASM212170v1_genomic.gbff_pp5/PROKKA_05152020:Gene	FANIDGOH_00028	FANIDGOH_1:c31751-30423	FANIDGOH_00028
GCA_002121705.1_ASM212170v1_genomic.gbff_pp5/PROKKA_05152020:Gene	FANIDGOH_00037	FANIDGOH_1:c40690-39431	FANIDGOH_00037
GCA_002121705.1_ASM212170v1_genomic.gbff_pp5/PROKKA_05152020:Gene	FANIDGOH_00038	FANIDGOH_1:c42239-40683	FANIDGOH_00038

DiscRep_ALL:SUSPECT_PRODUCT_NAMES::1 product_names contain suspect phrase or characters
FATAL: DiscRep_SUB:SUSPECT_PRODUCT_NAMES::Remove organism from product name
DiscRep_SUB:DISC_PRODUCT_NAME_QUICKFIX::1 features contains 'staphylococcal'
GCA_002121705.1_ASM212170v1_genomic.gbff_pp5/PROKKA_05152020:CDS	Staphylococcal superantigen-like 5	FANIDGOH_1:c39018-38332	FANIDGOH_00036

DiscRep_ALL:DISC_QUALITY_SCORES::Quality scores are missing on all sequences.

DiscRep_ALL:ONCALLER_COMMENT_PRESENT::1 comment descriptors were found (all same)
GCA_002121705.1_ASM212170v1_genomic.gbff_pp5/PROKKA_05152020:X:FANIDGOH_1:Annotated using prokka 1.14.6 from https://github.com/tseemann/prokka

DiscRep_ALL:SHORT_PROT_SEQUENCES::1 protein sequences are shorter than 50 aa.
GCA_002121705.1_ASM212170v1_genomic.gbff_pp5/PROKKA_05152020:X:FANIDGOH_00017 (length 37)

DiscRep_ALL:MISSING_GENOMEASSEMBLY_COMMENTS::1 bioseqs are missing GenomeAssembly structured comments
GCA_002121705.1_ASM212170v1_genomic.gbff_pp5/PROKKA_05152020:X:FANIDGOH_1 (length 42690)

DiscRep_ALL:MOLTYPE_NOT_MRNA::1 molecule types are not set as mRNA.
GCA_002121705.1_ASM212170v1_genomic.gbff_pp5/PROKKA_05152020:X:FANIDGOH_1 (length 42690)

DiscRep_ALL:TECHNIQUE_NOT_TSA::1 technique are not set as TSA
GCA_002121705.1_ASM212170v1_genomic.gbff_pp5/PROKKA_05152020:X:FANIDGOH_1 (length 42690)

DiscRep_ALL:MISSING_STRUCTURED_COMMENT::1 sequences do not include structured comments.
GCA_002121705.1_ASM212170v1_genomic.gbff_pp5/PROKKA_05152020:X:FANIDGOH_1 (length 42690)

DiscRep_ALL:MISSING_PROJECT::38 sequences do not include project.
GCA_002121705.1_ASM212170v1_genomic.gbff_pp5/PROKKA_05152020:X:FANIDGOH_1 (length 42690)
GCA_002121705.1_ASM212170v1_genomic.gbff_pp5/PROKKA_05152020:X:FANIDGOH_00002 (length 487)
GCA_002121705.1_ASM212170v1_genomic.gbff_pp5/PROKKA_05152020:X:FANIDGOH_00003 (length 1499)
GCA_002121705.1_ASM212170v1_genomic.gbff_pp5/PROKKA_05152020:X:FANIDGOH_00004 (length 294)
GCA_002121705.1_ASM212170v1_genomic.gbff_pp5/PROKKA_05152020:X:FANIDGOH_00005 (length 370)
GCA_002121705.1_ASM212170v1_genomic.gbff_pp5/PROKKA_05152020:X:FANIDGOH_00006 (length 260)
GCA_002121705.1_ASM212170v1_genomic.gbff_pp5/PROKKA_05152020:X:FANIDGOH_00007 (length 165)
GCA_002121705.1_ASM212170v1_genomic.gbff_pp5/PROKKA_05152020:X:FANIDGOH_00008 (length 131)
GCA_002121705.1_ASM212170v1_genomic.gbff_pp5/PROKKA_05152020:X:FANIDGOH_00009 (length 89)
GCA_002121705.1_ASM212170v1_genomic.gbff_pp5/PROKKA_05152020:X:FANIDGOH_00010 (length 372)
GCA_002121705.1_ASM212170v1_genomic.gbff_pp5/PROKKA_05152020:X:FANIDGOH_00011 (length 280)
GCA_002121705.1_ASM212170v1_genomic.gbff_pp5/PROKKA_05152020:X:FANIDGOH_00012 (length 219)
GCA_002121705.1_ASM212170v1_genomic.gbff_pp5/PROKKA_05152020:X:FANIDGOH_00013 (length 342)
GCA_002121705.1_ASM212170v1_genomic.gbff_pp5/PROKKA_05152020:X:FANIDGOH_00014 (length 380)
GCA_002121705.1_ASM212170v1_genomic.gbff_pp5/PROKKA_05152020:X:FANIDGOH_00015 (length 318)
GCA_002121705.1_ASM212170v1_genomic.gbff_pp5/PROKKA_05152020:X:FANIDGOH_00016 (length 446)
GCA_002121705.1_ASM212170v1_genomic.gbff_pp5/PROKKA_05152020:X:FANIDGOH_00017 (length 37)
GCA_002121705.1_ASM212170v1_genomic.gbff_pp5/PROKKA_05152020:X:FANIDGOH_00018 (length 244)
GCA_002121705.1_ASM212170v1_genomic.gbff_pp5/PROKKA_05152020:X:FANIDGOH_00019 (length 224)
GCA_002121705.1_ASM212170v1_genomic.gbff_pp5/PROKKA_05152020:X:FANIDGOH_00020 (length 138)
GCA_002121705.1_ASM212170v1_genomic.gbff_pp5/PROKKA_05152020:X:FANIDGOH_00021 (length 120)
GCA_002121705.1_ASM212170v1_genomic.gbff_pp5/PROKKA_05152020:X:FANIDGOH_00022 (length 901)
GCA_002121705.1_ASM212170v1_genomic.gbff_pp5/PROKKA_05152020:X:FANIDGOH_00023 (length 494)
GCA_002121705.1_ASM212170v1_genomic.gbff_pp5/PROKKA_05152020:X:FANIDGOH_00024 (length 400)
GCA_002121705.1_ASM212170v1_genomic.gbff_pp5/PROKKA_05152020:X:FANIDGOH_00025 (length 64)
GCA_002121705.1_ASM212170v1_genomic.gbff_pp5/PROKKA_05152020:X:FANIDGOH_00026 (length 104)
GCA_002121705.1_ASM212170v1_genomic.gbff_pp5/PROKKA_05152020:X:FANIDGOH_00027 (length 107)
GCA_002121705.1_ASM212170v1_genomic.gbff_pp5/PROKKA_05152020:X:FANIDGOH_00028 (length 442)
GCA_002121705.1_ASM212170v1_genomic.gbff_pp5/PROKKA_05152020:X:FANIDGOH_00029 (length 285)
GCA_002121705.1_ASM212170v1_genomic.gbff_pp5/PROKKA_05152020:X:FANIDGOH_00030 (length 265)
GCA_002121705.1_ASM212170v1_genomic.gbff_pp5/PROKKA_05152020:X:FANIDGOH_00031 (length 271)
GCA_002121705.1_ASM212170v1_genomic.gbff_pp5/PROKKA_05152020:X:FANIDGOH_00032 (length 260)
GCA_002121705.1_ASM212170v1_genomic.gbff_pp5/PROKKA_05152020:X:FANIDGOH_00033 (length 270)
GCA_002121705.1_ASM212170v1_genomic.gbff_pp5/PROKKA_05152020:X:FANIDGOH_00034 (length 102)
GCA_002121705.1_ASM212170v1_genomic.gbff_pp5/PROKKA_05152020:X:FANIDGOH_00035 (length 494)
GCA_002121705.1_ASM212170v1_genomic.gbff_pp5/PROKKA_05152020:X:FANIDGOH_00036 (length 228)
GCA_002121705.1_ASM212170v1_genomic.gbff_pp5/PROKKA_05152020:X:FANIDGOH_00037 (length 419)
GCA_002121705.1_ASM212170v1_genomic.gbff_pp5/PROKKA_05152020:X:FANIDGOH_00038 (length 518)

DiscRep_ALL:DISC_INCONSISTENT_MOLINFO_TECH::Molinfo Technique Report (some missing, all same)
DiscRep_SUB:DISC_INCONSISTENT_MOLINFO_TECH::technique (all missing)
DiscRep_SUB:DISC_INCONSISTENT_MOLINFO_TECH::1 Molinfos are missing field technique
GCA_002121705.1_ASM212170v1_genomic.gbff_pp5/PROKKA_05152020:X:FANIDGOH_1 (length 42690)

