[18:22:43] This is prokka 1.14.6
[18:22:43] Written by Torsten Seemann <torsten.seemann@gmail.com>
[18:22:43] Homepage is https://github.com/tseemann/prokka
[18:22:43] Local time is Fri May 15 18:22:43 2020
[18:22:43] You are tsweet
[18:22:43] Operating system is linux
[18:22:43] You have BioPerl 1.007002
[18:22:43] System has 8 cores.
[18:22:43] Will use maximum of 8 cores.
[18:22:43] Annotating as >>> Bacteria <<<
[18:22:43] Generating locus_tag from '1505.1_ASM1150v1_genomic.gbff_pp6' contents.
[18:22:43] Setting --locustag CIDHKLLJ from MD5 c2d145537ff7d0e1e13be81a4a145948
[18:22:43] Enabling options to ensure Genbank/ENA/DDJB submission compliance.
[18:22:43] Creating new output folder: GCA_000011505.1_ASM1150v1_genomic.gbff_pp6
[18:22:43] Running: mkdir -p GCA_000011505\.1_ASM1150v1_genomic\.gbff_pp6
[18:22:43] Using filename prefix: PROKKA_05152020.XXX
[18:22:43] Setting HMMER_NCPU=1
[18:22:43] Writing log to: GCA_000011505.1_ASM1150v1_genomic.gbff_pp6/PROKKA_05152020.log
[18:22:43] Command: /home/tsweet/anaconda3/bin/prokka --centre X --compliant 1505.1_ASM1150v1_genomic.gbff_pp6 --outdir GCA_000011505.1_ASM1150v1_genomic.gbff_pp6
[18:22:43] Appending to PATH: /home/tsweet/anaconda3/bin
[18:22:43] Looking for 'aragorn' - found /home/tsweet/anaconda3/bin/aragorn
[18:22:43] Determined aragorn version is 001002 from 'ARAGORN v1.2.38 Dean Laslett'
[18:22:43] Looking for 'barrnap' - found /home/tsweet/anaconda3/bin/barrnap
[18:22:43] Determined barrnap version is 000009 from 'barrnap 0.9'
[18:22:43] Looking for 'blastp' - found /home/tsweet/anaconda3/bin/blastp
[18:22:43] Determined blastp version is 002009 from 'blastp: 2.9.0+'
[18:22:43] Looking for 'cmpress' - found /home/tsweet/anaconda3/bin/cmpress
[18:22:43] Determined cmpress version is 001001 from '# INFERNAL 1.1.2 (July 2016)'
[18:22:43] Looking for 'cmscan' - found /home/tsweet/anaconda3/bin/cmscan
[18:22:43] Determined cmscan version is 001001 from '# INFERNAL 1.1.2 (July 2016)'
[18:22:43] Looking for 'egrep' - found /bin/egrep
[18:22:43] Looking for 'find' - found /usr/bin/find
[18:22:43] Looking for 'grep' - found /bin/grep
[18:22:43] Looking for 'hmmpress' - found /home/tsweet/anaconda3/bin/hmmpress
[18:22:43] Determined hmmpress version is 003003 from '# HMMER 3.3 (Nov 2019); http://hmmer.org/'
[18:22:43] Looking for 'hmmscan' - found /home/tsweet/anaconda3/bin/hmmscan
[18:22:43] Determined hmmscan version is 003003 from '# HMMER 3.3 (Nov 2019); http://hmmer.org/'
[18:22:43] Looking for 'java' - found /home/tsweet/anaconda3/bin/java
[18:22:43] Looking for 'makeblastdb' - found /home/tsweet/anaconda3/bin/makeblastdb
[18:22:43] Determined makeblastdb version is 002009 from 'makeblastdb: 2.9.0+'
[18:22:43] Looking for 'minced' - found /home/tsweet/anaconda3/bin/minced
[18:22:43] Determined minced version is 004002 from 'minced 0.4.2'
[18:22:43] Looking for 'parallel' - found /home/tsweet/anaconda3/bin/parallel
[18:22:43] Determined parallel version is 20200322 from 'GNU parallel 20200322'
[18:22:43] Looking for 'prodigal' - found /home/tsweet/anaconda3/bin/prodigal
[18:22:43] Determined prodigal version is 002006 from 'Prodigal V2.6.3: February, 2016'
[18:22:43] Looking for 'prokka-genbank_to_fasta_db' - found /home/tsweet/anaconda3/bin/prokka-genbank_to_fasta_db
[18:22:43] Looking for 'sed' - found /bin/sed
[18:22:43] Looking for 'tbl2asn' - found /home/tsweet/anaconda3/bin/tbl2asn
[18:22:43] Determined tbl2asn version is 025007 from 'tbl2asn 25.7   arguments:'
[18:22:43] Using genetic code table 11.
[18:22:43] Loading and checking input file: 1505.1_ASM1150v1_genomic.gbff_pp6
[18:22:43] Wrote 1 contigs totalling 9356 bp.
[18:22:43] Predicting tRNAs and tmRNAs
[18:22:43] Running: aragorn -l -gc11  -w GCA_000011505\.1_ASM1150v1_genomic\.gbff_pp6\/PROKKA_05152020\.fna
[18:22:43] 1 tRNA-Ala c[93,168] 34 (tgc)
[18:22:43] 2 tRNA-Pro c[192,265] 35 (tgg)
[18:22:43] 3 tRNA-Arg c[286,362] 35 (acg)
[18:22:43] 4 tRNA-Leu c[368,456] 35 (taa)
[18:22:43] 5 tRNA-Gly c[464,538] 33 (gcc)
[18:22:43] 6 tRNA-Lys c[571,645] 35 (ttt)
[18:22:43] 7 tRNA-Thr c[651,726] 34 (tgt)
[18:22:43] 8 tRNA-Val c[743,818] 34 (tac)
[18:22:43] Found 8 tRNAs
[18:22:43] Predicting Ribosomal RNAs
[18:22:43] Running Barrnap with 8 threads
[18:22:43] 1 gnl|X|CIDHKLLJ_1 866 5S ribosomal RNA (partial)
[18:22:43] Found 1 rRNAs
[18:22:43] Skipping ncRNA search, enable with --rfam if desired.
[18:22:43] Total of 9 tRNA + rRNA features
[18:22:43] Searching for CRISPR repeats
[18:22:43] Found 0 CRISPRs
[18:22:43] Predicting coding sequences
[18:22:43] Contigs total 9356 bp, so using meta mode
[18:22:43] Running: prodigal -i GCA_000011505\.1_ASM1150v1_genomic\.gbff_pp6\/PROKKA_05152020\.fna -c -m -g 11 -p meta -f sco -q
[18:22:43] Found 7 CDS
[18:22:43] Connecting features back to sequences
[18:22:43] Not using genus-specific database. Try --usegenus to enable it.
[18:22:43] Annotating CDS, please be patient.
[18:22:43] Will use 8 CPUs for similarity searching.
[18:22:43] There are still 7 unannotated CDS left (started with 7)
[18:22:43] Will use blast to search against /home/tsweet/anaconda3/db/kingdom/Bacteria/IS with 8 CPUs
[18:22:43] Running: cat GCA_000011505\.1_ASM1150v1_genomic\.gbff_pp6\/PROKKA_05152020\.IS\.tmp\.24216\.faa | parallel --gnu --plain -j 8 --block 142 --recstart '>' --pipe blastp -query - -db /home/tsweet/anaconda3/db/kingdom/Bacteria/IS -evalue 1e-30 -qcov_hsp_perc 90 -num_threads 1 -num_descriptions 1 -num_alignments 1 -seg no > GCA_000011505\.1_ASM1150v1_genomic\.gbff_pp6\/PROKKA_05152020\.IS\.tmp\.24216\.blast 2> /dev/null
[18:22:43] Deleting unwanted file: GCA_000011505.1_ASM1150v1_genomic.gbff_pp6/PROKKA_05152020.IS.tmp.24216.faa
[18:22:43] Deleting unwanted file: GCA_000011505.1_ASM1150v1_genomic.gbff_pp6/PROKKA_05152020.IS.tmp.24216.blast
[18:22:43] There are still 7 unannotated CDS left (started with 7)
[18:22:43] Will use blast to search against /home/tsweet/anaconda3/db/kingdom/Bacteria/AMR with 8 CPUs
[18:22:43] Running: cat GCA_000011505\.1_ASM1150v1_genomic\.gbff_pp6\/PROKKA_05152020\.AMR\.tmp\.24216\.faa | parallel --gnu --plain -j 8 --block 142 --recstart '>' --pipe blastp -query - -db /home/tsweet/anaconda3/db/kingdom/Bacteria/AMR -evalue 9.99999999999999e-301 -qcov_hsp_perc 90 -num_threads 1 -num_descriptions 1 -num_alignments 1 -seg no > GCA_000011505\.1_ASM1150v1_genomic\.gbff_pp6\/PROKKA_05152020\.AMR\.tmp\.24216\.blast 2> /dev/null
[18:22:44] Deleting unwanted file: GCA_000011505.1_ASM1150v1_genomic.gbff_pp6/PROKKA_05152020.AMR.tmp.24216.faa
[18:22:44] Deleting unwanted file: GCA_000011505.1_ASM1150v1_genomic.gbff_pp6/PROKKA_05152020.AMR.tmp.24216.blast
[18:22:44] There are still 7 unannotated CDS left (started with 7)
[18:22:44] Will use blast to search against /home/tsweet/anaconda3/db/kingdom/Bacteria/sprot with 8 CPUs
[18:22:44] Running: cat GCA_000011505\.1_ASM1150v1_genomic\.gbff_pp6\/PROKKA_05152020\.sprot\.tmp\.24216\.faa | parallel --gnu --plain -j 8 --block 142 --recstart '>' --pipe blastp -query - -db /home/tsweet/anaconda3/db/kingdom/Bacteria/sprot -evalue 1e-09 -qcov_hsp_perc 80 -num_threads 1 -num_descriptions 1 -num_alignments 1 -seg no > GCA_000011505\.1_ASM1150v1_genomic\.gbff_pp6\/PROKKA_05152020\.sprot\.tmp\.24216\.blast 2> /dev/null
[18:22:44] Deleting unwanted file: GCA_000011505.1_ASM1150v1_genomic.gbff_pp6/PROKKA_05152020.sprot.tmp.24216.faa
[18:22:44] Deleting unwanted file: GCA_000011505.1_ASM1150v1_genomic.gbff_pp6/PROKKA_05152020.sprot.tmp.24216.blast
[18:22:44] Found 7 unique /gene codes.
[18:22:44] Fixed 0 colliding /gene names.
[18:22:44] Adding /locus_tag identifiers
[18:22:44] Assigned 16 locus_tags to CDS and RNA features.
[18:22:44] Writing outputs to GCA_000011505.1_ASM1150v1_genomic.gbff_pp6/
[18:22:44] Generating annotation statistics file
[18:22:44] Generating Genbank and Sequin files
[18:22:44] Running: tbl2asn -V b -a r10k -l paired-ends -M n -N 1 -y 'Annotated using prokka 1.14.6 from https://github.com/tseemann/prokka' -Z GCA_000011505\.1_ASM1150v1_genomic\.gbff_pp6\/PROKKA_05152020\.err -i GCA_000011505\.1_ASM1150v1_genomic\.gbff_pp6\/PROKKA_05152020\.fsa 2> /dev/null
[18:22:44] Deleting unwanted file: GCA_000011505.1_ASM1150v1_genomic.gbff_pp6/errorsummary.val
[18:22:44] Deleting unwanted file: GCA_000011505.1_ASM1150v1_genomic.gbff_pp6/PROKKA_05152020.dr
[18:22:44] Deleting unwanted file: GCA_000011505.1_ASM1150v1_genomic.gbff_pp6/PROKKA_05152020.fixedproducts
[18:22:44] Deleting unwanted file: GCA_000011505.1_ASM1150v1_genomic.gbff_pp6/PROKKA_05152020.ecn
[18:22:44] Deleting unwanted file: GCA_000011505.1_ASM1150v1_genomic.gbff_pp6/PROKKA_05152020.val
[18:22:44] Repairing broken .GBK output that tbl2asn produces...
[18:22:44] Running: sed 's/COORDINATES: profile/COORDINATES:profile/' < GCA_000011505\.1_ASM1150v1_genomic\.gbff_pp6\/PROKKA_05152020\.gbf > GCA_000011505\.1_ASM1150v1_genomic\.gbff_pp6\/PROKKA_05152020\.gbk
[18:22:44] Deleting unwanted file: GCA_000011505.1_ASM1150v1_genomic.gbff_pp6/PROKKA_05152020.gbf
[18:22:44] Output files:
[18:22:44] GCA_000011505.1_ASM1150v1_genomic.gbff_pp6/PROKKA_05152020.err
[18:22:44] GCA_000011505.1_ASM1150v1_genomic.gbff_pp6/PROKKA_05152020.faa
[18:22:44] GCA_000011505.1_ASM1150v1_genomic.gbff_pp6/PROKKA_05152020.txt
[18:22:44] GCA_000011505.1_ASM1150v1_genomic.gbff_pp6/PROKKA_05152020.fna
[18:22:44] GCA_000011505.1_ASM1150v1_genomic.gbff_pp6/PROKKA_05152020.gbk
[18:22:44] GCA_000011505.1_ASM1150v1_genomic.gbff_pp6/PROKKA_05152020.log
[18:22:44] GCA_000011505.1_ASM1150v1_genomic.gbff_pp6/PROKKA_05152020.tsv
[18:22:44] GCA_000011505.1_ASM1150v1_genomic.gbff_pp6/PROKKA_05152020.tbl
[18:22:44] GCA_000011505.1_ASM1150v1_genomic.gbff_pp6/PROKKA_05152020.ffn
[18:22:44] GCA_000011505.1_ASM1150v1_genomic.gbff_pp6/PROKKA_05152020.sqn
[18:22:44] GCA_000011505.1_ASM1150v1_genomic.gbff_pp6/PROKKA_05152020.gff
[18:22:44] GCA_000011505.1_ASM1150v1_genomic.gbff_pp6/PROKKA_05152020.HAMAP.hmm.tmp.24216.faa
[18:22:44] GCA_000011505.1_ASM1150v1_genomic.gbff_pp6/PROKKA_05152020.fsa
[18:22:44] Annotation finished successfully.
[18:22:44] Walltime used: 0.02 minutes
[18:22:44] If you use this result please cite the Prokka paper:
[18:22:44] Seemann T (2014) Prokka: rapid prokaryotic genome annotation. Bioinformatics. 30(14):2068-9.
[18:22:44] Type 'prokka --citation' for more details.
[18:22:44] Share and enjoy!
