[18:22:59] This is prokka 1.14.6
[18:22:59] Written by Torsten Seemann <torsten.seemann@gmail.com>
[18:22:59] Homepage is https://github.com/tseemann/prokka
[18:22:59] Local time is Fri May 15 18:22:59 2020
[18:22:59] You are tsweet
[18:22:59] Operating system is linux
[18:22:59] You have BioPerl 1.007002
[18:22:59] System has 8 cores.
[18:22:59] Will use maximum of 8 cores.
[18:22:59] Annotating as >>> Bacteria <<<
[18:22:59] Generating locus_tag from '240215.1_ASM324021v1_genomic.gbff_pp21' contents.
[18:22:59] Setting --locustag PKEBDKFA from MD5 94ebd4fa0ac41ddd22b24861ecdc31b7
[18:22:59] Enabling options to ensure Genbank/ENA/DDJB submission compliance.
[18:22:59] Creating new output folder: GCA_003240215.1_ASM324021v1_genomic.gbff_pp21
[18:22:59] Running: mkdir -p GCA_003240215\.1_ASM324021v1_genomic\.gbff_pp21
[18:22:59] Using filename prefix: PROKKA_05152020.XXX
[18:22:59] Setting HMMER_NCPU=1
[18:22:59] Writing log to: GCA_003240215.1_ASM324021v1_genomic.gbff_pp21/PROKKA_05152020.log
[18:22:59] Command: /home/tsweet/anaconda3/bin/prokka --centre X --compliant 240215.1_ASM324021v1_genomic.gbff_pp21 --outdir GCA_003240215.1_ASM324021v1_genomic.gbff_pp21
[18:22:59] Appending to PATH: /home/tsweet/anaconda3/bin
[18:22:59] Looking for 'aragorn' - found /home/tsweet/anaconda3/bin/aragorn
[18:22:59] Determined aragorn version is 001002 from 'ARAGORN v1.2.38 Dean Laslett'
[18:22:59] Looking for 'barrnap' - found /home/tsweet/anaconda3/bin/barrnap
[18:22:59] Determined barrnap version is 000009 from 'barrnap 0.9'
[18:22:59] Looking for 'blastp' - found /home/tsweet/anaconda3/bin/blastp
[18:22:59] Determined blastp version is 002009 from 'blastp: 2.9.0+'
[18:22:59] Looking for 'cmpress' - found /home/tsweet/anaconda3/bin/cmpress
[18:22:59] Determined cmpress version is 001001 from '# INFERNAL 1.1.2 (July 2016)'
[18:22:59] Looking for 'cmscan' - found /home/tsweet/anaconda3/bin/cmscan
[18:22:59] Determined cmscan version is 001001 from '# INFERNAL 1.1.2 (July 2016)'
[18:22:59] Looking for 'egrep' - found /bin/egrep
[18:22:59] Looking for 'find' - found /usr/bin/find
[18:22:59] Looking for 'grep' - found /bin/grep
[18:22:59] Looking for 'hmmpress' - found /home/tsweet/anaconda3/bin/hmmpress
[18:22:59] Determined hmmpress version is 003003 from '# HMMER 3.3 (Nov 2019); http://hmmer.org/'
[18:22:59] Looking for 'hmmscan' - found /home/tsweet/anaconda3/bin/hmmscan
[18:22:59] Determined hmmscan version is 003003 from '# HMMER 3.3 (Nov 2019); http://hmmer.org/'
[18:22:59] Looking for 'java' - found /home/tsweet/anaconda3/bin/java
[18:22:59] Looking for 'makeblastdb' - found /home/tsweet/anaconda3/bin/makeblastdb
[18:22:59] Determined makeblastdb version is 002009 from 'makeblastdb: 2.9.0+'
[18:22:59] Looking for 'minced' - found /home/tsweet/anaconda3/bin/minced
[18:22:59] Determined minced version is 004002 from 'minced 0.4.2'
[18:22:59] Looking for 'parallel' - found /home/tsweet/anaconda3/bin/parallel
[18:22:59] Determined parallel version is 20200322 from 'GNU parallel 20200322'
[18:22:59] Looking for 'prodigal' - found /home/tsweet/anaconda3/bin/prodigal
[18:22:59] Determined prodigal version is 002006 from 'Prodigal V2.6.3: February, 2016'
[18:22:59] Looking for 'prokka-genbank_to_fasta_db' - found /home/tsweet/anaconda3/bin/prokka-genbank_to_fasta_db
[18:22:59] Looking for 'sed' - found /bin/sed
[18:22:59] Looking for 'tbl2asn' - found /home/tsweet/anaconda3/bin/tbl2asn
[18:22:59] Determined tbl2asn version is 025007 from 'tbl2asn 25.7   arguments:'
[18:22:59] Using genetic code table 11.
[18:22:59] Loading and checking input file: 240215.1_ASM324021v1_genomic.gbff_pp21
[18:22:59] Wrote 1 contigs totalling 7119 bp.
[18:22:59] Predicting tRNAs and tmRNAs
[18:22:59] Running: aragorn -l -gc11  -w GCA_003240215\.1_ASM324021v1_genomic\.gbff_pp21\/PROKKA_05152020\.fna
[18:22:59] Found 0 tRNAs
[18:22:59] Predicting Ribosomal RNAs
[18:22:59] Running Barrnap with 8 threads
[18:22:59] Found 0 rRNAs
[18:22:59] Skipping ncRNA search, enable with --rfam if desired.
[18:22:59] Total of 0 tRNA + rRNA features
[18:22:59] Searching for CRISPR repeats
[18:22:59] Found 0 CRISPRs
[18:22:59] Predicting coding sequences
[18:22:59] Contigs total 7119 bp, so using meta mode
[18:22:59] Running: prodigal -i GCA_003240215\.1_ASM324021v1_genomic\.gbff_pp21\/PROKKA_05152020\.fna -c -m -g 11 -p meta -f sco -q
[18:22:59] Found 7 CDS
[18:22:59] Connecting features back to sequences
[18:22:59] Not using genus-specific database. Try --usegenus to enable it.
[18:22:59] Annotating CDS, please be patient.
[18:22:59] Will use 8 CPUs for similarity searching.
[18:22:59] There are still 7 unannotated CDS left (started with 7)
[18:22:59] Will use blast to search against /home/tsweet/anaconda3/db/kingdom/Bacteria/IS with 8 CPUs
[18:22:59] Running: cat GCA_003240215\.1_ASM324021v1_genomic\.gbff_pp21\/PROKKA_05152020\.IS\.tmp\.27197\.faa | parallel --gnu --plain -j 8 --block 124 --recstart '>' --pipe blastp -query - -db /home/tsweet/anaconda3/db/kingdom/Bacteria/IS -evalue 1e-30 -qcov_hsp_perc 90 -num_threads 1 -num_descriptions 1 -num_alignments 1 -seg no > GCA_003240215\.1_ASM324021v1_genomic\.gbff_pp21\/PROKKA_05152020\.IS\.tmp\.27197\.blast 2> /dev/null
[18:22:59] Deleting unwanted file: GCA_003240215.1_ASM324021v1_genomic.gbff_pp21/PROKKA_05152020.IS.tmp.27197.faa
[18:22:59] Deleting unwanted file: GCA_003240215.1_ASM324021v1_genomic.gbff_pp21/PROKKA_05152020.IS.tmp.27197.blast
[18:22:59] There are still 7 unannotated CDS left (started with 7)
[18:22:59] Will use blast to search against /home/tsweet/anaconda3/db/kingdom/Bacteria/AMR with 8 CPUs
[18:22:59] Running: cat GCA_003240215\.1_ASM324021v1_genomic\.gbff_pp21\/PROKKA_05152020\.AMR\.tmp\.27197\.faa | parallel --gnu --plain -j 8 --block 124 --recstart '>' --pipe blastp -query - -db /home/tsweet/anaconda3/db/kingdom/Bacteria/AMR -evalue 9.99999999999999e-301 -qcov_hsp_perc 90 -num_threads 1 -num_descriptions 1 -num_alignments 1 -seg no > GCA_003240215\.1_ASM324021v1_genomic\.gbff_pp21\/PROKKA_05152020\.AMR\.tmp\.27197\.blast 2> /dev/null
[18:22:59] Deleting unwanted file: GCA_003240215.1_ASM324021v1_genomic.gbff_pp21/PROKKA_05152020.AMR.tmp.27197.faa
[18:22:59] Deleting unwanted file: GCA_003240215.1_ASM324021v1_genomic.gbff_pp21/PROKKA_05152020.AMR.tmp.27197.blast
[18:22:59] There are still 7 unannotated CDS left (started with 7)
[18:22:59] Will use blast to search against /home/tsweet/anaconda3/db/kingdom/Bacteria/sprot with 8 CPUs
[18:22:59] Running: cat GCA_003240215\.1_ASM324021v1_genomic\.gbff_pp21\/PROKKA_05152020\.sprot\.tmp\.27197\.faa | parallel --gnu --plain -j 8 --block 124 --recstart '>' --pipe blastp -query - -db /home/tsweet/anaconda3/db/kingdom/Bacteria/sprot -evalue 1e-09 -qcov_hsp_perc 80 -num_threads 1 -num_descriptions 1 -num_alignments 1 -seg no > GCA_003240215\.1_ASM324021v1_genomic\.gbff_pp21\/PROKKA_05152020\.sprot\.tmp\.27197\.blast 2> /dev/null
[18:23:00] Deleting unwanted file: GCA_003240215.1_ASM324021v1_genomic.gbff_pp21/PROKKA_05152020.sprot.tmp.27197.faa
[18:23:00] Deleting unwanted file: GCA_003240215.1_ASM324021v1_genomic.gbff_pp21/PROKKA_05152020.sprot.tmp.27197.blast
[18:23:00] There are still 2 unannotated CDS left (started with 7)
[18:23:00] Will use hmmer3 to search against /home/tsweet/anaconda3/db/hmm/HAMAP.hmm with 8 CPUs
[18:23:00] Running: cat GCA_003240215\.1_ASM324021v1_genomic\.gbff_pp21\/PROKKA_05152020\.HAMAP\.hmm\.tmp\.27197\.faa | parallel --gnu --plain -j 8 --block 36 --recstart '>' --pipe hmmscan --noali --notextw --acc -E 1e-09 --cpu 1 /home/tsweet/anaconda3/db/hmm/HAMAP.hmm /dev/stdin > GCA_003240215\.1_ASM324021v1_genomic\.gbff_pp21\/PROKKA_05152020\.HAMAP\.hmm\.tmp\.27197\.hmmer3 2> /dev/null
[18:23:00] Deleting unwanted file: GCA_003240215.1_ASM324021v1_genomic.gbff_pp21/PROKKA_05152020.HAMAP.hmm.tmp.27197.faa
[18:23:00] Deleting unwanted file: GCA_003240215.1_ASM324021v1_genomic.gbff_pp21/PROKKA_05152020.HAMAP.hmm.tmp.27197.hmmer3
[18:23:00] Labelling remaining 2 proteins as 'hypothetical protein'
[18:23:00] Possible /pseudo 'Superantigen-like protein 13' at gnl|X|PKEBDKFA_1 position 5192
[18:23:00] Possible /pseudo 'Superantigen-like protein 13' at gnl|X|PKEBDKFA_1 position 5997
[18:23:00] Found 2 unique /gene codes.
[18:23:00] Fixed 0 colliding /gene names.
[18:23:00] Adding /locus_tag identifiers
[18:23:00] Assigned 7 locus_tags to CDS and RNA features.
[18:23:00] Writing outputs to GCA_003240215.1_ASM324021v1_genomic.gbff_pp21/
[18:23:00] Generating annotation statistics file
[18:23:00] Generating Genbank and Sequin files
[18:23:00] Running: tbl2asn -V b -a r10k -l paired-ends -M n -N 1 -y 'Annotated using prokka 1.14.6 from https://github.com/tseemann/prokka' -Z GCA_003240215\.1_ASM324021v1_genomic\.gbff_pp21\/PROKKA_05152020\.err -i GCA_003240215\.1_ASM324021v1_genomic\.gbff_pp21\/PROKKA_05152020\.fsa 2> /dev/null
[18:23:00] Deleting unwanted file: GCA_003240215.1_ASM324021v1_genomic.gbff_pp21/errorsummary.val
[18:23:00] Deleting unwanted file: GCA_003240215.1_ASM324021v1_genomic.gbff_pp21/PROKKA_05152020.dr
[18:23:00] Deleting unwanted file: GCA_003240215.1_ASM324021v1_genomic.gbff_pp21/PROKKA_05152020.fixedproducts
[18:23:00] Deleting unwanted file: GCA_003240215.1_ASM324021v1_genomic.gbff_pp21/PROKKA_05152020.ecn
[18:23:00] Deleting unwanted file: GCA_003240215.1_ASM324021v1_genomic.gbff_pp21/PROKKA_05152020.val
[18:23:00] Repairing broken .GBK output that tbl2asn produces...
[18:23:00] Running: sed 's/COORDINATES: profile/COORDINATES:profile/' < GCA_003240215\.1_ASM324021v1_genomic\.gbff_pp21\/PROKKA_05152020\.gbf > GCA_003240215\.1_ASM324021v1_genomic\.gbff_pp21\/PROKKA_05152020\.gbk
[18:23:00] Deleting unwanted file: GCA_003240215.1_ASM324021v1_genomic.gbff_pp21/PROKKA_05152020.gbf
[18:23:00] Output files:
[18:23:00] GCA_003240215.1_ASM324021v1_genomic.gbff_pp21/PROKKA_05152020.err
[18:23:00] GCA_003240215.1_ASM324021v1_genomic.gbff_pp21/PROKKA_05152020.faa
[18:23:00] GCA_003240215.1_ASM324021v1_genomic.gbff_pp21/PROKKA_05152020.txt
[18:23:00] GCA_003240215.1_ASM324021v1_genomic.gbff_pp21/PROKKA_05152020.fna
[18:23:00] GCA_003240215.1_ASM324021v1_genomic.gbff_pp21/PROKKA_05152020.gbk
[18:23:00] GCA_003240215.1_ASM324021v1_genomic.gbff_pp21/PROKKA_05152020.log
[18:23:00] GCA_003240215.1_ASM324021v1_genomic.gbff_pp21/PROKKA_05152020.tsv
[18:23:00] GCA_003240215.1_ASM324021v1_genomic.gbff_pp21/PROKKA_05152020.tbl
[18:23:00] GCA_003240215.1_ASM324021v1_genomic.gbff_pp21/PROKKA_05152020.ffn
[18:23:00] GCA_003240215.1_ASM324021v1_genomic.gbff_pp21/PROKKA_05152020.sqn
[18:23:00] GCA_003240215.1_ASM324021v1_genomic.gbff_pp21/PROKKA_05152020.gff
[18:23:00] GCA_003240215.1_ASM324021v1_genomic.gbff_pp21/PROKKA_05152020.fsa
[18:23:00] Annotation finished successfully.
[18:23:00] Walltime used: 0.02 minutes
[18:23:00] If you use this result please cite the Prokka paper:
[18:23:00] Seemann T (2014) Prokka: rapid prokaryotic genome annotation. Bioinformatics. 30(14):2068-9.
[18:23:00] Type 'prokka --citation' for more details.
[18:23:00] Share and enjoy!
