Discrepancy Report Results

Summary
DISC_SOURCE_QUALS_ASNDISC:strain (all present, all unique)
DISC_SOURCE_QUALS_ASNDISC:taxname (all present, all unique)
DISC_FEATURE_COUNT:gene: 40 present
DISC_FEATURE_COUNT:CDS: 40 present
DISC_COUNT_NUCLEOTIDES:1 nucleotide Bioseqs are present
OVERLAPPING_GENES:11 genes overlap another gene on the same strand.
DISC_QUALITY_SCORES:Quality scores are missing on all sequences.
ONCALLER_COMMENT_PRESENT:1 comment descriptors were found (all same)
SHORT_PROT_SEQUENCES:1 protein sequences are shorter than 50 aa.
MISSING_GENOMEASSEMBLY_COMMENTS:1 bioseqs are missing GenomeAssembly structured comments
MOLTYPE_NOT_MRNA:1 molecule types are not set as mRNA.
TECHNIQUE_NOT_TSA:1 technique are not set as TSA
MISSING_STRUCTURED_COMMENT:1 sequences do not include structured comments.
MISSING_PROJECT:41 sequences do not include project.
DISC_INCONSISTENT_MOLINFO_TECH:Molinfo Technique Report (some missing, all same)


Detailed Report

DiscRep_ALL:DISC_SOURCE_QUALS_ASNDISC::strain (all present, all unique)
DiscRep_SUB:DISC_SOURCE_QUALS_ASNDISC::1 sources have unique values for strain
DiscRep_ALL:DISC_SOURCE_QUALS_ASNDISC::taxname (all present, all unique)
DiscRep_SUB:DISC_SOURCE_QUALS_ASNDISC::1 sources have unique values for taxname
DiscRep_ALL:DISC_FEATURE_COUNT::gene: 40 present
DiscRep_ALL:DISC_FEATURE_COUNT::CDS: 40 present
DiscRep_ALL:DISC_COUNT_NUCLEOTIDES::1 nucleotide Bioseqs are present
GCA_900251895.1_M3925_genomic.gbff_pp17/PROKKA_05152020:X:IBPBOOHP_1 (length 45900)

DiscRep_ALL:OVERLAPPING_GENES::11 genes overlap another gene on the same strand.
GCA_900251895.1_M3925_genomic.gbff_pp17/PROKKA_05152020:Gene	IBPBOOHP_00014	IBPBOOHP_1:12288-12875	IBPBOOHP_00014
GCA_900251895.1_M3925_genomic.gbff_pp17/PROKKA_05152020:Gene	IBPBOOHP_00015	IBPBOOHP_1:12865-13452	IBPBOOHP_00015
GCA_900251895.1_M3925_genomic.gbff_pp17/PROKKA_05152020:Gene	cca	IBPBOOHP_1:16243-17445	IBPBOOHP_00019
GCA_900251895.1_M3925_genomic.gbff_pp17/PROKKA_05152020:Gene	birA	IBPBOOHP_1:17432-18403	IBPBOOHP_00020
GCA_900251895.1_M3925_genomic.gbff_pp17/PROKKA_05152020:Gene	dnaD	IBPBOOHP_1:23062-23748	IBPBOOHP_00023
GCA_900251895.1_M3925_genomic.gbff_pp17/PROKKA_05152020:Gene	nth	IBPBOOHP_1:23738-24397	IBPBOOHP_00024
GCA_900251895.1_M3925_genomic.gbff_pp17/PROKKA_05152020:Gene	ponA	IBPBOOHP_1:c27444-25261	IBPBOOHP_00026
GCA_900251895.1_M3925_genomic.gbff_pp17/PROKKA_05152020:Gene	recU	IBPBOOHP_1:c28118-27441	IBPBOOHP_00027
GCA_900251895.1_M3925_genomic.gbff_pp17/PROKKA_05152020:Gene	IBPBOOHP_00028	IBPBOOHP_1:28555-28956	IBPBOOHP_00028
GCA_900251895.1_M3925_genomic.gbff_pp17/PROKKA_05152020:Gene	IBPBOOHP_00029	IBPBOOHP_1:28949-29512	IBPBOOHP_00029
GCA_900251895.1_M3925_genomic.gbff_pp17/PROKKA_05152020:Gene	gpsB	IBPBOOHP_1:29478-29870	IBPBOOHP_00030

DiscRep_ALL:DISC_QUALITY_SCORES::Quality scores are missing on all sequences.

DiscRep_ALL:ONCALLER_COMMENT_PRESENT::1 comment descriptors were found (all same)
GCA_900251895.1_M3925_genomic.gbff_pp17/PROKKA_05152020:X:IBPBOOHP_1:Annotated using prokka 1.14.6 from https://github.com/tseemann/prokka

DiscRep_ALL:SHORT_PROT_SEQUENCES::1 protein sequences are shorter than 50 aa.
GCA_900251895.1_M3925_genomic.gbff_pp17/PROKKA_05152020:X:IBPBOOHP_00031 (length 38)

DiscRep_ALL:MISSING_GENOMEASSEMBLY_COMMENTS::1 bioseqs are missing GenomeAssembly structured comments
GCA_900251895.1_M3925_genomic.gbff_pp17/PROKKA_05152020:X:IBPBOOHP_1 (length 45900)

DiscRep_ALL:MOLTYPE_NOT_MRNA::1 molecule types are not set as mRNA.
GCA_900251895.1_M3925_genomic.gbff_pp17/PROKKA_05152020:X:IBPBOOHP_1 (length 45900)

DiscRep_ALL:TECHNIQUE_NOT_TSA::1 technique are not set as TSA
GCA_900251895.1_M3925_genomic.gbff_pp17/PROKKA_05152020:X:IBPBOOHP_1 (length 45900)

DiscRep_ALL:MISSING_STRUCTURED_COMMENT::1 sequences do not include structured comments.
GCA_900251895.1_M3925_genomic.gbff_pp17/PROKKA_05152020:X:IBPBOOHP_1 (length 45900)

DiscRep_ALL:MISSING_PROJECT::41 sequences do not include project.
GCA_900251895.1_M3925_genomic.gbff_pp17/PROKKA_05152020:X:IBPBOOHP_1 (length 45900)
GCA_900251895.1_M3925_genomic.gbff_pp17/PROKKA_05152020:X:IBPBOOHP_00001 (length 103)
GCA_900251895.1_M3925_genomic.gbff_pp17/PROKKA_05152020:X:IBPBOOHP_00002 (length 436)
GCA_900251895.1_M3925_genomic.gbff_pp17/PROKKA_05152020:X:IBPBOOHP_00003 (length 332)
GCA_900251895.1_M3925_genomic.gbff_pp17/PROKKA_05152020:X:IBPBOOHP_00004 (length 90)
GCA_900251895.1_M3925_genomic.gbff_pp17/PROKKA_05152020:X:IBPBOOHP_00005 (length 190)
GCA_900251895.1_M3925_genomic.gbff_pp17/PROKKA_05152020:X:IBPBOOHP_00006 (length 241)
GCA_900251895.1_M3925_genomic.gbff_pp17/PROKKA_05152020:X:IBPBOOHP_00007 (length 314)
GCA_900251895.1_M3925_genomic.gbff_pp17/PROKKA_05152020:X:IBPBOOHP_00008 (length 149)
GCA_900251895.1_M3925_genomic.gbff_pp17/PROKKA_05152020:X:IBPBOOHP_00009 (length 66)
GCA_900251895.1_M3925_genomic.gbff_pp17/PROKKA_05152020:X:IBPBOOHP_00010 (length 388)
GCA_900251895.1_M3925_genomic.gbff_pp17/PROKKA_05152020:X:IBPBOOHP_00011 (length 354)
GCA_900251895.1_M3925_genomic.gbff_pp17/PROKKA_05152020:X:IBPBOOHP_00012 (length 432)
GCA_900251895.1_M3925_genomic.gbff_pp17/PROKKA_05152020:X:IBPBOOHP_00013 (length 414)
GCA_900251895.1_M3925_genomic.gbff_pp17/PROKKA_05152020:X:IBPBOOHP_00014 (length 195)
GCA_900251895.1_M3925_genomic.gbff_pp17/PROKKA_05152020:X:IBPBOOHP_00015 (length 195)
GCA_900251895.1_M3925_genomic.gbff_pp17/PROKKA_05152020:X:IBPBOOHP_00016 (length 232)
GCA_900251895.1_M3925_genomic.gbff_pp17/PROKKA_05152020:X:IBPBOOHP_00017 (length 105)
GCA_900251895.1_M3925_genomic.gbff_pp17/PROKKA_05152020:X:IBPBOOHP_00018 (length 380)
GCA_900251895.1_M3925_genomic.gbff_pp17/PROKKA_05152020:X:IBPBOOHP_00019 (length 400)
GCA_900251895.1_M3925_genomic.gbff_pp17/PROKKA_05152020:X:IBPBOOHP_00020 (length 323)
GCA_900251895.1_M3925_genomic.gbff_pp17/PROKKA_05152020:X:IBPBOOHP_00021 (length 897)
GCA_900251895.1_M3925_genomic.gbff_pp17/PROKKA_05152020:X:IBPBOOHP_00022 (length 430)
GCA_900251895.1_M3925_genomic.gbff_pp17/PROKKA_05152020:X:IBPBOOHP_00023 (length 228)
GCA_900251895.1_M3925_genomic.gbff_pp17/PROKKA_05152020:X:IBPBOOHP_00024 (length 219)
GCA_900251895.1_M3925_genomic.gbff_pp17/PROKKA_05152020:X:IBPBOOHP_00025 (length 113)
GCA_900251895.1_M3925_genomic.gbff_pp17/PROKKA_05152020:X:IBPBOOHP_00026 (length 727)
GCA_900251895.1_M3925_genomic.gbff_pp17/PROKKA_05152020:X:IBPBOOHP_00027 (length 225)
GCA_900251895.1_M3925_genomic.gbff_pp17/PROKKA_05152020:X:IBPBOOHP_00028 (length 133)
GCA_900251895.1_M3925_genomic.gbff_pp17/PROKKA_05152020:X:IBPBOOHP_00029 (length 187)
GCA_900251895.1_M3925_genomic.gbff_pp17/PROKKA_05152020:X:IBPBOOHP_00030 (length 130)
GCA_900251895.1_M3925_genomic.gbff_pp17/PROKKA_05152020:X:IBPBOOHP_00031 (length 38)
GCA_900251895.1_M3925_genomic.gbff_pp17/PROKKA_05152020:X:IBPBOOHP_00032 (length 381)
GCA_900251895.1_M3925_genomic.gbff_pp17/PROKKA_05152020:X:IBPBOOHP_00033 (length 110)
GCA_900251895.1_M3925_genomic.gbff_pp17/PROKKA_05152020:X:IBPBOOHP_00034 (length 446)
GCA_900251895.1_M3925_genomic.gbff_pp17/PROKKA_05152020:X:IBPBOOHP_00035 (length 1146)
GCA_900251895.1_M3925_genomic.gbff_pp17/PROKKA_05152020:X:IBPBOOHP_00036 (length 292)
GCA_900251895.1_M3925_genomic.gbff_pp17/PROKKA_05152020:X:IBPBOOHP_00037 (length 372)
GCA_900251895.1_M3925_genomic.gbff_pp17/PROKKA_05152020:X:IBPBOOHP_00038 (length 346)
GCA_900251895.1_M3925_genomic.gbff_pp17/PROKKA_05152020:X:IBPBOOHP_00039 (length 440)
GCA_900251895.1_M3925_genomic.gbff_pp17/PROKKA_05152020:X:IBPBOOHP_00040 (length 506)

DiscRep_ALL:DISC_INCONSISTENT_MOLINFO_TECH::Molinfo Technique Report (some missing, all same)
DiscRep_SUB:DISC_INCONSISTENT_MOLINFO_TECH::technique (all missing)
DiscRep_SUB:DISC_INCONSISTENT_MOLINFO_TECH::1 Molinfos are missing field technique
GCA_900251895.1_M3925_genomic.gbff_pp17/PROKKA_05152020:X:IBPBOOHP_1 (length 45900)

