Discrepancy Report Results

Summary
DISC_SOURCE_QUALS_ASNDISC:strain (all present, all unique)
DISC_SOURCE_QUALS_ASNDISC:taxname (all present, all unique)
DISC_FEATURE_COUNT:gene: 10 present
DISC_FEATURE_COUNT:CDS: 10 present
DISC_COUNT_NUCLEOTIDES:1 nucleotide Bioseqs are present
OVERLAPPING_GENES:4 genes overlap another gene on the same strand.
SUSPECT_PRODUCT_NAMES:1 product_names contain suspect phrase or characters
	May contain database identifier more appropriate in note; remove from product name
		1 features contains three or more numbers together that may be identifiers more appropriate in note
DISC_QUALITY_SCORES:Quality scores are missing on all sequences.
ONCALLER_COMMENT_PRESENT:1 comment descriptors were found (all same)
SHORT_PROT_SEQUENCES:1 protein sequences are shorter than 50 aa.
MISSING_GENOMEASSEMBLY_COMMENTS:1 bioseqs are missing GenomeAssembly structured comments
MOLTYPE_NOT_MRNA:1 molecule types are not set as mRNA.
TECHNIQUE_NOT_TSA:1 technique are not set as TSA
MISSING_STRUCTURED_COMMENT:1 sequences do not include structured comments.
MISSING_PROJECT:11 sequences do not include project.
DISC_INCONSISTENT_MOLINFO_TECH:Molinfo Technique Report (some missing, all same)


Detailed Report

DiscRep_ALL:DISC_SOURCE_QUALS_ASNDISC::strain (all present, all unique)
DiscRep_SUB:DISC_SOURCE_QUALS_ASNDISC::1 sources have unique values for strain
DiscRep_ALL:DISC_SOURCE_QUALS_ASNDISC::taxname (all present, all unique)
DiscRep_SUB:DISC_SOURCE_QUALS_ASNDISC::1 sources have unique values for taxname
DiscRep_ALL:DISC_FEATURE_COUNT::gene: 10 present
DiscRep_ALL:DISC_FEATURE_COUNT::CDS: 10 present
DiscRep_ALL:DISC_COUNT_NUCLEOTIDES::1 nucleotide Bioseqs are present
GCA_000215405.2_ASM21540v2_genomic.gbff_pp1/PROKKA_05152020:X:MEGLDCKF_1 (length 8135)

DiscRep_ALL:OVERLAPPING_GENES::4 genes overlap another gene on the same strand.
GCA_000215405.2_ASM21540v2_genomic.gbff_pp1/PROKKA_05152020:Gene	MEGLDCKF_00006	MEGLDCKF_1:c3692-3189	MEGLDCKF_00006
GCA_000215405.2_ASM21540v2_genomic.gbff_pp1/PROKKA_05152020:Gene	MEGLDCKF_00007	MEGLDCKF_1:c4272-3685	MEGLDCKF_00007
GCA_000215405.2_ASM21540v2_genomic.gbff_pp1/PROKKA_05152020:Gene	frdB	MEGLDCKF_1:c6135-5320	MEGLDCKF_00009
GCA_000215405.2_ASM21540v2_genomic.gbff_pp1/PROKKA_05152020:Gene	frdA	MEGLDCKF_1:c7901-6135	MEGLDCKF_00010

DiscRep_ALL:SUSPECT_PRODUCT_NAMES::1 product_names contain suspect phrase or characters
DiscRep_SUB:SUSPECT_PRODUCT_NAMES::May contain database identifier more appropriate in note; remove from product name
DiscRep_SUB:SUSPECT_PRODUCT_NAMES::1 features contains three or more numbers together that may be identifiers more appropriate in note
GCA_000215405.2_ASM21540v2_genomic.gbff_pp1/PROKKA_05152020:CDS	Putative metallophosphoesterase MG207	MEGLDCKF_1:c3692-3189	MEGLDCKF_00006

DiscRep_ALL:DISC_QUALITY_SCORES::Quality scores are missing on all sequences.

DiscRep_ALL:ONCALLER_COMMENT_PRESENT::1 comment descriptors were found (all same)
GCA_000215405.2_ASM21540v2_genomic.gbff_pp1/PROKKA_05152020:X:MEGLDCKF_1:Annotated using prokka 1.14.6 from https://github.com/tseemann/prokka

DiscRep_ALL:SHORT_PROT_SEQUENCES::1 protein sequences are shorter than 50 aa.
GCA_000215405.2_ASM21540v2_genomic.gbff_pp1/PROKKA_05152020:X:MEGLDCKF_00001 (length 41)

DiscRep_ALL:MISSING_GENOMEASSEMBLY_COMMENTS::1 bioseqs are missing GenomeAssembly structured comments
GCA_000215405.2_ASM21540v2_genomic.gbff_pp1/PROKKA_05152020:X:MEGLDCKF_1 (length 8135)

DiscRep_ALL:MOLTYPE_NOT_MRNA::1 molecule types are not set as mRNA.
GCA_000215405.2_ASM21540v2_genomic.gbff_pp1/PROKKA_05152020:X:MEGLDCKF_1 (length 8135)

DiscRep_ALL:TECHNIQUE_NOT_TSA::1 technique are not set as TSA
GCA_000215405.2_ASM21540v2_genomic.gbff_pp1/PROKKA_05152020:X:MEGLDCKF_1 (length 8135)

DiscRep_ALL:MISSING_STRUCTURED_COMMENT::1 sequences do not include structured comments.
GCA_000215405.2_ASM21540v2_genomic.gbff_pp1/PROKKA_05152020:X:MEGLDCKF_1 (length 8135)

DiscRep_ALL:MISSING_PROJECT::11 sequences do not include project.
GCA_000215405.2_ASM21540v2_genomic.gbff_pp1/PROKKA_05152020:X:MEGLDCKF_1 (length 8135)
GCA_000215405.2_ASM21540v2_genomic.gbff_pp1/PROKKA_05152020:X:MEGLDCKF_00001 (length 41)
GCA_000215405.2_ASM21540v2_genomic.gbff_pp1/PROKKA_05152020:X:MEGLDCKF_00002 (length 168)
GCA_000215405.2_ASM21540v2_genomic.gbff_pp1/PROKKA_05152020:X:MEGLDCKF_00003 (length 131)
GCA_000215405.2_ASM21540v2_genomic.gbff_pp1/PROKKA_05152020:X:MEGLDCKF_00004 (length 109)
GCA_000215405.2_ASM21540v2_genomic.gbff_pp1/PROKKA_05152020:X:MEGLDCKF_00005 (length 55)
GCA_000215405.2_ASM21540v2_genomic.gbff_pp1/PROKKA_05152020:X:MEGLDCKF_00006 (length 167)
GCA_000215405.2_ASM21540v2_genomic.gbff_pp1/PROKKA_05152020:X:MEGLDCKF_00007 (length 195)
GCA_000215405.2_ASM21540v2_genomic.gbff_pp1/PROKKA_05152020:X:MEGLDCKF_00008 (length 266)
GCA_000215405.2_ASM21540v2_genomic.gbff_pp1/PROKKA_05152020:X:MEGLDCKF_00009 (length 271)
GCA_000215405.2_ASM21540v2_genomic.gbff_pp1/PROKKA_05152020:X:MEGLDCKF_00010 (length 588)

DiscRep_ALL:DISC_INCONSISTENT_MOLINFO_TECH::Molinfo Technique Report (some missing, all same)
DiscRep_SUB:DISC_INCONSISTENT_MOLINFO_TECH::technique (all missing)
DiscRep_SUB:DISC_INCONSISTENT_MOLINFO_TECH::1 Molinfos are missing field technique
GCA_000215405.2_ASM21540v2_genomic.gbff_pp1/PROKKA_05152020:X:MEGLDCKF_1 (length 8135)

