Discrepancy Report Results

Summary
DISC_SOURCE_QUALS_ASNDISC:strain (all present, all unique)
DISC_SOURCE_QUALS_ASNDISC:taxname (all present, all unique)
DISC_FEATURE_COUNT:gene: 9 present
DISC_FEATURE_COUNT:CDS: 9 present
DISC_COUNT_NUCLEOTIDES:1 nucleotide Bioseqs are present
OVERLAPPING_GENES:2 genes overlap another gene on the same strand.
DISC_QUALITY_SCORES:Quality scores are missing on all sequences.
ONCALLER_COMMENT_PRESENT:1 comment descriptors were found (all same)
MISSING_GENOMEASSEMBLY_COMMENTS:1 bioseqs are missing GenomeAssembly structured comments
MOLTYPE_NOT_MRNA:1 molecule types are not set as mRNA.
TECHNIQUE_NOT_TSA:1 technique are not set as TSA
MISSING_STRUCTURED_COMMENT:1 sequences do not include structured comments.
MISSING_PROJECT:10 sequences do not include project.
DISC_INCONSISTENT_MOLINFO_TECH:Molinfo Technique Report (some missing, all same)


Detailed Report

DiscRep_ALL:DISC_SOURCE_QUALS_ASNDISC::strain (all present, all unique)
DiscRep_SUB:DISC_SOURCE_QUALS_ASNDISC::1 sources have unique values for strain
DiscRep_ALL:DISC_SOURCE_QUALS_ASNDISC::taxname (all present, all unique)
DiscRep_SUB:DISC_SOURCE_QUALS_ASNDISC::1 sources have unique values for taxname
DiscRep_ALL:DISC_FEATURE_COUNT::gene: 9 present
DiscRep_ALL:DISC_FEATURE_COUNT::CDS: 9 present
DiscRep_ALL:DISC_COUNT_NUCLEOTIDES::1 nucleotide Bioseqs are present
GCA_000262835.1_VRSA02_3_genomic.gbff_pp10/PROKKA_05152020:X:AOKLCGBP_1 (length 11299)

DiscRep_ALL:OVERLAPPING_GENES::2 genes overlap another gene on the same strand.
GCA_000262835.1_VRSA02_3_genomic.gbff_pp10/PROKKA_05152020:Gene	lrgB	AOKLCGBP_1:c5333-4632	AOKLCGBP_00004
GCA_000262835.1_VRSA02_3_genomic.gbff_pp10/PROKKA_05152020:Gene	lrgA	AOKLCGBP_1:c5769-5326	AOKLCGBP_00005

DiscRep_ALL:DISC_QUALITY_SCORES::Quality scores are missing on all sequences.

DiscRep_ALL:ONCALLER_COMMENT_PRESENT::1 comment descriptors were found (all same)
GCA_000262835.1_VRSA02_3_genomic.gbff_pp10/PROKKA_05152020:X:AOKLCGBP_1:Annotated using prokka 1.14.6 from https://github.com/tseemann/prokka

DiscRep_ALL:MISSING_GENOMEASSEMBLY_COMMENTS::1 bioseqs are missing GenomeAssembly structured comments
GCA_000262835.1_VRSA02_3_genomic.gbff_pp10/PROKKA_05152020:X:AOKLCGBP_1 (length 11299)

DiscRep_ALL:MOLTYPE_NOT_MRNA::1 molecule types are not set as mRNA.
GCA_000262835.1_VRSA02_3_genomic.gbff_pp10/PROKKA_05152020:X:AOKLCGBP_1 (length 11299)

DiscRep_ALL:TECHNIQUE_NOT_TSA::1 technique are not set as TSA
GCA_000262835.1_VRSA02_3_genomic.gbff_pp10/PROKKA_05152020:X:AOKLCGBP_1 (length 11299)

DiscRep_ALL:MISSING_STRUCTURED_COMMENT::1 sequences do not include structured comments.
GCA_000262835.1_VRSA02_3_genomic.gbff_pp10/PROKKA_05152020:X:AOKLCGBP_1 (length 11299)

DiscRep_ALL:MISSING_PROJECT::10 sequences do not include project.
GCA_000262835.1_VRSA02_3_genomic.gbff_pp10/PROKKA_05152020:X:AOKLCGBP_1 (length 11299)
GCA_000262835.1_VRSA02_3_genomic.gbff_pp10/PROKKA_05152020:X:AOKLCGBP_00001 (length 263)
GCA_000262835.1_VRSA02_3_genomic.gbff_pp10/PROKKA_05152020:X:AOKLCGBP_00002 (length 234)
GCA_000262835.1_VRSA02_3_genomic.gbff_pp10/PROKKA_05152020:X:AOKLCGBP_00003 (length 763)
GCA_000262835.1_VRSA02_3_genomic.gbff_pp10/PROKKA_05152020:X:AOKLCGBP_00004 (length 233)
GCA_000262835.1_VRSA02_3_genomic.gbff_pp10/PROKKA_05152020:X:AOKLCGBP_00005 (length 147)
GCA_000262835.1_VRSA02_3_genomic.gbff_pp10/PROKKA_05152020:X:AOKLCGBP_00006 (length 246)
GCA_000262835.1_VRSA02_3_genomic.gbff_pp10/PROKKA_05152020:X:AOKLCGBP_00007 (length 579)
GCA_000262835.1_VRSA02_3_genomic.gbff_pp10/PROKKA_05152020:X:AOKLCGBP_00008 (length 224)
GCA_000262835.1_VRSA02_3_genomic.gbff_pp10/PROKKA_05152020:X:AOKLCGBP_00009 (length 573)

DiscRep_ALL:DISC_INCONSISTENT_MOLINFO_TECH::Molinfo Technique Report (some missing, all same)
DiscRep_SUB:DISC_INCONSISTENT_MOLINFO_TECH::technique (all missing)
DiscRep_SUB:DISC_INCONSISTENT_MOLINFO_TECH::1 Molinfos are missing field technique
GCA_000262835.1_VRSA02_3_genomic.gbff_pp10/PROKKA_05152020:X:AOKLCGBP_1 (length 11299)

