[18:27:25] This is prokka 1.14.6
[18:27:25] Written by Torsten Seemann <torsten.seemann@gmail.com>
[18:27:25] Homepage is https://github.com/tseemann/prokka
[18:27:25] Local time is Fri May 15 18:27:25 2020
[18:27:25] You are tsweet
[18:27:25] Operating system is linux
[18:27:25] You have BioPerl 1.007002
[18:27:26] System has 8 cores.
[18:27:26] Will use maximum of 8 cores.
[18:27:26] Annotating as >>> Bacteria <<<
[18:27:26] Generating locus_tag from '996485.1_ASM199648v1_genomic.gbff_pp2' contents.
[18:27:26] Setting --locustag MDFJFFIF from MD5 6df3ff2f23ba77b26ff8850731ce2855
[18:27:26] Enabling options to ensure Genbank/ENA/DDJB submission compliance.
[18:27:26] Creating new output folder: GCA_001996485.1_ASM199648v1_genomic.gbff_pp2
[18:27:26] Running: mkdir -p GCA_001996485\.1_ASM199648v1_genomic\.gbff_pp2
[18:27:26] Using filename prefix: PROKKA_05152020.XXX
[18:27:26] Setting HMMER_NCPU=1
[18:27:26] Writing log to: GCA_001996485.1_ASM199648v1_genomic.gbff_pp2/PROKKA_05152020.log
[18:27:26] Command: /home/tsweet/anaconda3/bin/prokka --centre X --compliant 996485.1_ASM199648v1_genomic.gbff_pp2 --outdir GCA_001996485.1_ASM199648v1_genomic.gbff_pp2
[18:27:26] Appending to PATH: /home/tsweet/anaconda3/bin
[18:27:26] Looking for 'aragorn' - found /home/tsweet/anaconda3/bin/aragorn
[18:27:26] Determined aragorn version is 001002 from 'ARAGORN v1.2.38 Dean Laslett'
[18:27:26] Looking for 'barrnap' - found /home/tsweet/anaconda3/bin/barrnap
[18:27:26] Determined barrnap version is 000009 from 'barrnap 0.9'
[18:27:26] Looking for 'blastp' - found /home/tsweet/anaconda3/bin/blastp
[18:27:26] Determined blastp version is 002009 from 'blastp: 2.9.0+'
[18:27:26] Looking for 'cmpress' - found /home/tsweet/anaconda3/bin/cmpress
[18:27:26] Determined cmpress version is 001001 from '# INFERNAL 1.1.2 (July 2016)'
[18:27:26] Looking for 'cmscan' - found /home/tsweet/anaconda3/bin/cmscan
[18:27:26] Determined cmscan version is 001001 from '# INFERNAL 1.1.2 (July 2016)'
[18:27:26] Looking for 'egrep' - found /bin/egrep
[18:27:26] Looking for 'find' - found /usr/bin/find
[18:27:26] Looking for 'grep' - found /bin/grep
[18:27:26] Looking for 'hmmpress' - found /home/tsweet/anaconda3/bin/hmmpress
[18:27:26] Determined hmmpress version is 003003 from '# HMMER 3.3 (Nov 2019); http://hmmer.org/'
[18:27:26] Looking for 'hmmscan' - found /home/tsweet/anaconda3/bin/hmmscan
[18:27:26] Determined hmmscan version is 003003 from '# HMMER 3.3 (Nov 2019); http://hmmer.org/'
[18:27:26] Looking for 'java' - found /home/tsweet/anaconda3/bin/java
[18:27:26] Looking for 'makeblastdb' - found /home/tsweet/anaconda3/bin/makeblastdb
[18:27:26] Determined makeblastdb version is 002009 from 'makeblastdb: 2.9.0+'
[18:27:26] Looking for 'minced' - found /home/tsweet/anaconda3/bin/minced
[18:27:26] Determined minced version is 004002 from 'minced 0.4.2'
[18:27:26] Looking for 'parallel' - found /home/tsweet/anaconda3/bin/parallel
[18:27:26] Determined parallel version is 20200322 from 'GNU parallel 20200322'
[18:27:26] Looking for 'prodigal' - found /home/tsweet/anaconda3/bin/prodigal
[18:27:26] Determined prodigal version is 002006 from 'Prodigal V2.6.3: February, 2016'
[18:27:26] Looking for 'prokka-genbank_to_fasta_db' - found /home/tsweet/anaconda3/bin/prokka-genbank_to_fasta_db
[18:27:26] Looking for 'sed' - found /bin/sed
[18:27:26] Looking for 'tbl2asn' - found /home/tsweet/anaconda3/bin/tbl2asn
[18:27:26] Determined tbl2asn version is 025007 from 'tbl2asn 25.7   arguments:'
[18:27:26] Using genetic code table 11.
[18:27:26] Loading and checking input file: 996485.1_ASM199648v1_genomic.gbff_pp2
[18:27:26] Wrote 1 contigs totalling 72971 bp.
[18:27:26] Predicting tRNAs and tmRNAs
[18:27:26] Running: aragorn -l -gc11  -w GCA_001996485\.1_ASM199648v1_genomic\.gbff_pp2\/PROKKA_05152020\.fna
[18:27:26] Found 0 tRNAs
[18:27:26] Predicting Ribosomal RNAs
[18:27:26] Running Barrnap with 8 threads
[18:27:26] Found 0 rRNAs
[18:27:26] Skipping ncRNA search, enable with --rfam if desired.
[18:27:26] Total of 0 tRNA + rRNA features
[18:27:26] Searching for CRISPR repeats
[18:27:26] Found 0 CRISPRs
[18:27:26] Predicting coding sequences
[18:27:26] Contigs total 72971 bp, so using meta mode
[18:27:26] Running: prodigal -i GCA_001996485\.1_ASM199648v1_genomic\.gbff_pp2\/PROKKA_05152020\.fna -c -m -g 11 -p meta -f sco -q
[18:27:26] Found 79 CDS
[18:27:26] Connecting features back to sequences
[18:27:26] Not using genus-specific database. Try --usegenus to enable it.
[18:27:26] Annotating CDS, please be patient.
[18:27:26] Will use 8 CPUs for similarity searching.
[18:27:26] There are still 79 unannotated CDS left (started with 79)
[18:27:26] Will use blast to search against /home/tsweet/anaconda3/db/kingdom/Bacteria/IS with 8 CPUs
[18:27:26] Running: cat GCA_001996485\.1_ASM199648v1_genomic\.gbff_pp2\/PROKKA_05152020\.IS\.tmp\.11449\.faa | parallel --gnu --plain -j 8 --block 1303 --recstart '>' --pipe blastp -query - -db /home/tsweet/anaconda3/db/kingdom/Bacteria/IS -evalue 1e-30 -qcov_hsp_perc 90 -num_threads 1 -num_descriptions 1 -num_alignments 1 -seg no > GCA_001996485\.1_ASM199648v1_genomic\.gbff_pp2\/PROKKA_05152020\.IS\.tmp\.11449\.blast 2> /dev/null
[18:27:27] Deleting unwanted file: GCA_001996485.1_ASM199648v1_genomic.gbff_pp2/PROKKA_05152020.IS.tmp.11449.faa
[18:27:27] Deleting unwanted file: GCA_001996485.1_ASM199648v1_genomic.gbff_pp2/PROKKA_05152020.IS.tmp.11449.blast
[18:27:27] There are still 77 unannotated CDS left (started with 79)
[18:27:27] Will use blast to search against /home/tsweet/anaconda3/db/kingdom/Bacteria/AMR with 8 CPUs
[18:27:27] Running: cat GCA_001996485\.1_ASM199648v1_genomic\.gbff_pp2\/PROKKA_05152020\.AMR\.tmp\.11449\.faa | parallel --gnu --plain -j 8 --block 1282 --recstart '>' --pipe blastp -query - -db /home/tsweet/anaconda3/db/kingdom/Bacteria/AMR -evalue 9.99999999999999e-301 -qcov_hsp_perc 90 -num_threads 1 -num_descriptions 1 -num_alignments 1 -seg no > GCA_001996485\.1_ASM199648v1_genomic\.gbff_pp2\/PROKKA_05152020\.AMR\.tmp\.11449\.blast 2> /dev/null
[18:27:27] Deleting unwanted file: GCA_001996485.1_ASM199648v1_genomic.gbff_pp2/PROKKA_05152020.AMR.tmp.11449.faa
[18:27:27] Deleting unwanted file: GCA_001996485.1_ASM199648v1_genomic.gbff_pp2/PROKKA_05152020.AMR.tmp.11449.blast
[18:27:27] There are still 77 unannotated CDS left (started with 79)
[18:27:27] Will use blast to search against /home/tsweet/anaconda3/db/kingdom/Bacteria/sprot with 8 CPUs
[18:27:27] Running: cat GCA_001996485\.1_ASM199648v1_genomic\.gbff_pp2\/PROKKA_05152020\.sprot\.tmp\.11449\.faa | parallel --gnu --plain -j 8 --block 1282 --recstart '>' --pipe blastp -query - -db /home/tsweet/anaconda3/db/kingdom/Bacteria/sprot -evalue 1e-09 -qcov_hsp_perc 80 -num_threads 1 -num_descriptions 1 -num_alignments 1 -seg no > GCA_001996485\.1_ASM199648v1_genomic\.gbff_pp2\/PROKKA_05152020\.sprot\.tmp\.11449\.blast 2> /dev/null
[18:27:29] Modify product: Putative heme-dependent peroxidase SA0544 => Putative heme-dependent peroxidase
[18:27:29] Modify product: Uncharacterized beta-barrel protein YwiB => putative beta-barrel protein YwiB
[18:27:29] Modify product: Probable ABC transporter permease protein HI_1471 => putative ABC transporter permease protein
[18:27:29] Modify product: Uncharacterized protein Rv2715 => putative protein
[18:27:29] Modify product: Probable pyridine nucleotide-disulfide oxidoreductase RclA => putative pyridine nucleotide-disulfide oxidoreductase RclA
[18:27:29] Cleaned 5 /product names
[18:27:29] Deleting unwanted file: GCA_001996485.1_ASM199648v1_genomic.gbff_pp2/PROKKA_05152020.sprot.tmp.11449.faa
[18:27:29] Deleting unwanted file: GCA_001996485.1_ASM199648v1_genomic.gbff_pp2/PROKKA_05152020.sprot.tmp.11449.blast
[18:27:29] There are still 45 unannotated CDS left (started with 79)
[18:27:29] Will use hmmer3 to search against /home/tsweet/anaconda3/db/hmm/HAMAP.hmm with 8 CPUs
[18:27:29] Running: cat GCA_001996485\.1_ASM199648v1_genomic\.gbff_pp2\/PROKKA_05152020\.HAMAP\.hmm\.tmp\.11449\.faa | parallel --gnu --plain -j 8 --block 669 --recstart '>' --pipe hmmscan --noali --notextw --acc -E 1e-09 --cpu 1 /home/tsweet/anaconda3/db/hmm/HAMAP.hmm /dev/stdin > GCA_001996485\.1_ASM199648v1_genomic\.gbff_pp2\/PROKKA_05152020\.HAMAP\.hmm\.tmp\.11449\.hmmer3 2> /dev/null
[18:27:30] Deleting unwanted file: GCA_001996485.1_ASM199648v1_genomic.gbff_pp2/PROKKA_05152020.HAMAP.hmm.tmp.11449.faa
[18:27:30] Deleting unwanted file: GCA_001996485.1_ASM199648v1_genomic.gbff_pp2/PROKKA_05152020.HAMAP.hmm.tmp.11449.hmmer3
[18:27:30] Labelling remaining 40 proteins as 'hypothetical protein'
[18:27:30] Possible /pseudo 'IS30 family transposase ISSau5' at gnl|X|MDFJFFIF_1 position 37845
[18:27:30] Found 32 unique /gene codes.
[18:27:30] Fixed 2 duplicate /gene - mntB_1 mntB_2
[18:27:30] Fixed 1 colliding /gene names.
[18:27:30] Adding /locus_tag identifiers
[18:27:30] Assigned 79 locus_tags to CDS and RNA features.
[18:27:30] Writing outputs to GCA_001996485.1_ASM199648v1_genomic.gbff_pp2/
[18:27:30] Generating annotation statistics file
[18:27:30] Generating Genbank and Sequin files
[18:27:30] Running: tbl2asn -V b -a r10k -l paired-ends -M n -N 1 -y 'Annotated using prokka 1.14.6 from https://github.com/tseemann/prokka' -Z GCA_001996485\.1_ASM199648v1_genomic\.gbff_pp2\/PROKKA_05152020\.err -i GCA_001996485\.1_ASM199648v1_genomic\.gbff_pp2\/PROKKA_05152020\.fsa 2> /dev/null
[18:27:30] Deleting unwanted file: GCA_001996485.1_ASM199648v1_genomic.gbff_pp2/errorsummary.val
[18:27:30] Deleting unwanted file: GCA_001996485.1_ASM199648v1_genomic.gbff_pp2/PROKKA_05152020.dr
[18:27:30] Deleting unwanted file: GCA_001996485.1_ASM199648v1_genomic.gbff_pp2/PROKKA_05152020.fixedproducts
[18:27:30] Deleting unwanted file: GCA_001996485.1_ASM199648v1_genomic.gbff_pp2/PROKKA_05152020.ecn
[18:27:30] Deleting unwanted file: GCA_001996485.1_ASM199648v1_genomic.gbff_pp2/PROKKA_05152020.val
[18:27:30] Repairing broken .GBK output that tbl2asn produces...
[18:27:30] Running: sed 's/COORDINATES: profile/COORDINATES:profile/' < GCA_001996485\.1_ASM199648v1_genomic\.gbff_pp2\/PROKKA_05152020\.gbf > GCA_001996485\.1_ASM199648v1_genomic\.gbff_pp2\/PROKKA_05152020\.gbk
[18:27:30] Deleting unwanted file: GCA_001996485.1_ASM199648v1_genomic.gbff_pp2/PROKKA_05152020.gbf
[18:27:30] Output files:
[18:27:30] GCA_001996485.1_ASM199648v1_genomic.gbff_pp2/PROKKA_05152020.err
[18:27:30] GCA_001996485.1_ASM199648v1_genomic.gbff_pp2/PROKKA_05152020.faa
[18:27:30] GCA_001996485.1_ASM199648v1_genomic.gbff_pp2/PROKKA_05152020.txt
[18:27:30] GCA_001996485.1_ASM199648v1_genomic.gbff_pp2/PROKKA_05152020.fna
[18:27:30] GCA_001996485.1_ASM199648v1_genomic.gbff_pp2/PROKKA_05152020.gbk
[18:27:30] GCA_001996485.1_ASM199648v1_genomic.gbff_pp2/PROKKA_05152020.log
[18:27:30] GCA_001996485.1_ASM199648v1_genomic.gbff_pp2/PROKKA_05152020.tsv
[18:27:30] GCA_001996485.1_ASM199648v1_genomic.gbff_pp2/PROKKA_05152020.tbl
[18:27:30] GCA_001996485.1_ASM199648v1_genomic.gbff_pp2/PROKKA_05152020.ffn
[18:27:30] GCA_001996485.1_ASM199648v1_genomic.gbff_pp2/PROKKA_05152020.sqn
[18:27:30] GCA_001996485.1_ASM199648v1_genomic.gbff_pp2/PROKKA_05152020.gff
[18:27:30] GCA_001996485.1_ASM199648v1_genomic.gbff_pp2/PROKKA_05152020.fsa
[18:27:30] Annotation finished successfully.
[18:27:30] Walltime used: 0.08 minutes
[18:27:30] If you use this result please cite the Prokka paper:
[18:27:30] Seemann T (2014) Prokka: rapid prokaryotic genome annotation. Bioinformatics. 30(14):2068-9.
[18:27:30] Type 'prokka --citation' for more details.
[18:27:30] Share and enjoy!
