Discrepancy Report Results

Summary
DISC_SOURCE_QUALS_ASNDISC:strain (all present, all unique)
DISC_SOURCE_QUALS_ASNDISC:taxname (all present, all unique)
DISC_FEATURE_COUNT:gene: 79 present
DISC_FEATURE_COUNT:CDS: 79 present
DISC_COUNT_NUCLEOTIDES:1 nucleotide Bioseqs are present
OVERLAPPING_GENES:22 genes overlap another gene on the same strand.
DISC_QUALITY_SCORES:Quality scores are missing on all sequences.
ONCALLER_COMMENT_PRESENT:1 comment descriptors were found (all same)
MISSING_GENOMEASSEMBLY_COMMENTS:1 bioseqs are missing GenomeAssembly structured comments
MOLTYPE_NOT_MRNA:1 molecule types are not set as mRNA.
TECHNIQUE_NOT_TSA:1 technique are not set as TSA
MISSING_STRUCTURED_COMMENT:1 sequences do not include structured comments.
MISSING_PROJECT:80 sequences do not include project.
DISC_INCONSISTENT_MOLINFO_TECH:Molinfo Technique Report (some missing, all same)


Detailed Report

DiscRep_ALL:DISC_SOURCE_QUALS_ASNDISC::strain (all present, all unique)
DiscRep_SUB:DISC_SOURCE_QUALS_ASNDISC::1 sources have unique values for strain
DiscRep_ALL:DISC_SOURCE_QUALS_ASNDISC::taxname (all present, all unique)
DiscRep_SUB:DISC_SOURCE_QUALS_ASNDISC::1 sources have unique values for taxname
DiscRep_ALL:DISC_FEATURE_COUNT::gene: 79 present
DiscRep_ALL:DISC_FEATURE_COUNT::CDS: 79 present
DiscRep_ALL:DISC_COUNT_NUCLEOTIDES::1 nucleotide Bioseqs are present
GCA_001996485.1_ASM199648v1_genomic.gbff_pp2/PROKKA_05152020:X:MDFJFFIF_1 (length 72971)

DiscRep_ALL:OVERLAPPING_GENES::22 genes overlap another gene on the same strand.
GCA_001996485.1_ASM199648v1_genomic.gbff_pp2/PROKKA_05152020:Gene	rclA	MDFJFFIF_1:c8312-6990	MDFJFFIF_00008
GCA_001996485.1_ASM199648v1_genomic.gbff_pp2/PROKKA_05152020:Gene	MDFJFFIF_00009	MDFJFFIF_1:c8739-8299	MDFJFFIF_00009
GCA_001996485.1_ASM199648v1_genomic.gbff_pp2/PROKKA_05152020:Gene	MDFJFFIF_00020	MDFJFFIF_1:17727-18362	MDFJFFIF_00020
GCA_001996485.1_ASM199648v1_genomic.gbff_pp2/PROKKA_05152020:Gene	MDFJFFIF_00021	MDFJFFIF_1:18328-18573	MDFJFFIF_00021
GCA_001996485.1_ASM199648v1_genomic.gbff_pp2/PROKKA_05152020:Gene	ywiB	MDFJFFIF_1:25479-25907	MDFJFFIF_00029
GCA_001996485.1_ASM199648v1_genomic.gbff_pp2/PROKKA_05152020:Gene	argS	MDFJFFIF_1:25904-27565	MDFJFFIF_00030
GCA_001996485.1_ASM199648v1_genomic.gbff_pp2/PROKKA_05152020:Gene	hdl IVa	MDFJFFIF_1:31007-31726	MDFJFFIF_00034
GCA_001996485.1_ASM199648v1_genomic.gbff_pp2/PROKKA_05152020:Gene	MDFJFFIF_00035	MDFJFFIF_1:31710-32510	MDFJFFIF_00035
GCA_001996485.1_ASM199648v1_genomic.gbff_pp2/PROKKA_05152020:Gene	MDFJFFIF_00045	MDFJFFIF_1:c40512-39466	MDFJFFIF_00045
GCA_001996485.1_ASM199648v1_genomic.gbff_pp2/PROKKA_05152020:Gene	infB	MDFJFFIF_1:c42349-40502	MDFJFFIF_00046
GCA_001996485.1_ASM199648v1_genomic.gbff_pp2/PROKKA_05152020:Gene	mrpA	MDFJFFIF_1:52223-54625	MDFJFFIF_00060
GCA_001996485.1_ASM199648v1_genomic.gbff_pp2/PROKKA_05152020:Gene	mrpB	MDFJFFIF_1:54612-55037	MDFJFFIF_00061
GCA_001996485.1_ASM199648v1_genomic.gbff_pp2/PROKKA_05152020:Gene	mrpC	MDFJFFIF_1:55034-55378	MDFJFFIF_00062
GCA_001996485.1_ASM199648v1_genomic.gbff_pp2/PROKKA_05152020:Gene	mnhD1	MDFJFFIF_1:55365-56864	MDFJFFIF_00063
GCA_001996485.1_ASM199648v1_genomic.gbff_pp2/PROKKA_05152020:Gene	mrpE	MDFJFFIF_1:56865-57347	MDFJFFIF_00064
GCA_001996485.1_ASM199648v1_genomic.gbff_pp2/PROKKA_05152020:Gene	mrpF	MDFJFFIF_1:57344-57646	MDFJFFIF_00065
GCA_001996485.1_ASM199648v1_genomic.gbff_pp2/PROKKA_05152020:Gene	MDFJFFIF_00066	MDFJFFIF_1:57612-58058	MDFJFFIF_00066
GCA_001996485.1_ASM199648v1_genomic.gbff_pp2/PROKKA_05152020:Gene	mntA	MDFJFFIF_1:c62529-61600	MDFJFFIF_00068
GCA_001996485.1_ASM199648v1_genomic.gbff_pp2/PROKKA_05152020:Gene	mntB_1	MDFJFFIF_1:c63362-62526	MDFJFFIF_00069
GCA_001996485.1_ASM199648v1_genomic.gbff_pp2/PROKKA_05152020:Gene	mntB_2	MDFJFFIF_1:c64099-63356	MDFJFFIF_00070
GCA_001996485.1_ASM199648v1_genomic.gbff_pp2/PROKKA_05152020:Gene	tarB	MDFJFFIF_1:68810-69913	MDFJFFIF_00076
GCA_001996485.1_ASM199648v1_genomic.gbff_pp2/PROKKA_05152020:Gene	tagX	MDFJFFIF_1:69910-70971	MDFJFFIF_00077

DiscRep_ALL:DISC_QUALITY_SCORES::Quality scores are missing on all sequences.

DiscRep_ALL:ONCALLER_COMMENT_PRESENT::1 comment descriptors were found (all same)
GCA_001996485.1_ASM199648v1_genomic.gbff_pp2/PROKKA_05152020:X:MDFJFFIF_1:Annotated using prokka 1.14.6 from https://github.com/tseemann/prokka

DiscRep_ALL:MISSING_GENOMEASSEMBLY_COMMENTS::1 bioseqs are missing GenomeAssembly structured comments
GCA_001996485.1_ASM199648v1_genomic.gbff_pp2/PROKKA_05152020:X:MDFJFFIF_1 (length 72971)

DiscRep_ALL:MOLTYPE_NOT_MRNA::1 molecule types are not set as mRNA.
GCA_001996485.1_ASM199648v1_genomic.gbff_pp2/PROKKA_05152020:X:MDFJFFIF_1 (length 72971)

DiscRep_ALL:TECHNIQUE_NOT_TSA::1 technique are not set as TSA
GCA_001996485.1_ASM199648v1_genomic.gbff_pp2/PROKKA_05152020:X:MDFJFFIF_1 (length 72971)

DiscRep_ALL:MISSING_STRUCTURED_COMMENT::1 sequences do not include structured comments.
GCA_001996485.1_ASM199648v1_genomic.gbff_pp2/PROKKA_05152020:X:MDFJFFIF_1 (length 72971)

DiscRep_ALL:MISSING_PROJECT::80 sequences do not include project.
GCA_001996485.1_ASM199648v1_genomic.gbff_pp2/PROKKA_05152020:X:MDFJFFIF_1 (length 72971)
GCA_001996485.1_ASM199648v1_genomic.gbff_pp2/PROKKA_05152020:X:MDFJFFIF_00001 (length 250)
GCA_001996485.1_ASM199648v1_genomic.gbff_pp2/PROKKA_05152020:X:MDFJFFIF_00002 (length 328)
GCA_001996485.1_ASM199648v1_genomic.gbff_pp2/PROKKA_05152020:X:MDFJFFIF_00003 (length 278)
GCA_001996485.1_ASM199648v1_genomic.gbff_pp2/PROKKA_05152020:X:MDFJFFIF_00004 (length 306)
GCA_001996485.1_ASM199648v1_genomic.gbff_pp2/PROKKA_05152020:X:MDFJFFIF_00005 (length 327)
GCA_001996485.1_ASM199648v1_genomic.gbff_pp2/PROKKA_05152020:X:MDFJFFIF_00006 (length 358)
GCA_001996485.1_ASM199648v1_genomic.gbff_pp2/PROKKA_05152020:X:MDFJFFIF_00007 (length 113)
GCA_001996485.1_ASM199648v1_genomic.gbff_pp2/PROKKA_05152020:X:MDFJFFIF_00008 (length 440)
GCA_001996485.1_ASM199648v1_genomic.gbff_pp2/PROKKA_05152020:X:MDFJFFIF_00009 (length 146)
GCA_001996485.1_ASM199648v1_genomic.gbff_pp2/PROKKA_05152020:X:MDFJFFIF_00010 (length 469)
GCA_001996485.1_ASM199648v1_genomic.gbff_pp2/PROKKA_05152020:X:MDFJFFIF_00011 (length 208)
GCA_001996485.1_ASM199648v1_genomic.gbff_pp2/PROKKA_05152020:X:MDFJFFIF_00012 (length 213)
GCA_001996485.1_ASM199648v1_genomic.gbff_pp2/PROKKA_05152020:X:MDFJFFIF_00013 (length 205)
GCA_001996485.1_ASM199648v1_genomic.gbff_pp2/PROKKA_05152020:X:MDFJFFIF_00014 (length 209)
GCA_001996485.1_ASM199648v1_genomic.gbff_pp2/PROKKA_05152020:X:MDFJFFIF_00015 (length 206)
GCA_001996485.1_ASM199648v1_genomic.gbff_pp2/PROKKA_05152020:X:MDFJFFIF_00016 (length 213)
GCA_001996485.1_ASM199648v1_genomic.gbff_pp2/PROKKA_05152020:X:MDFJFFIF_00017 (length 103)
GCA_001996485.1_ASM199648v1_genomic.gbff_pp2/PROKKA_05152020:X:MDFJFFIF_00018 (length 209)
GCA_001996485.1_ASM199648v1_genomic.gbff_pp2/PROKKA_05152020:X:MDFJFFIF_00019 (length 216)
GCA_001996485.1_ASM199648v1_genomic.gbff_pp2/PROKKA_05152020:X:MDFJFFIF_00020 (length 211)
GCA_001996485.1_ASM199648v1_genomic.gbff_pp2/PROKKA_05152020:X:MDFJFFIF_00021 (length 81)
GCA_001996485.1_ASM199648v1_genomic.gbff_pp2/PROKKA_05152020:X:MDFJFFIF_00022 (length 208)
GCA_001996485.1_ASM199648v1_genomic.gbff_pp2/PROKKA_05152020:X:MDFJFFIF_00023 (length 312)
GCA_001996485.1_ASM199648v1_genomic.gbff_pp2/PROKKA_05152020:X:MDFJFFIF_00024 (length 178)
GCA_001996485.1_ASM199648v1_genomic.gbff_pp2/PROKKA_05152020:X:MDFJFFIF_00025 (length 158)
GCA_001996485.1_ASM199648v1_genomic.gbff_pp2/PROKKA_05152020:X:MDFJFFIF_00026 (length 431)
GCA_001996485.1_ASM199648v1_genomic.gbff_pp2/PROKKA_05152020:X:MDFJFFIF_00027 (length 173)
GCA_001996485.1_ASM199648v1_genomic.gbff_pp2/PROKKA_05152020:X:MDFJFFIF_00028 (length 336)
GCA_001996485.1_ASM199648v1_genomic.gbff_pp2/PROKKA_05152020:X:MDFJFFIF_00029 (length 142)
GCA_001996485.1_ASM199648v1_genomic.gbff_pp2/PROKKA_05152020:X:MDFJFFIF_00030 (length 553)
GCA_001996485.1_ASM199648v1_genomic.gbff_pp2/PROKKA_05152020:X:MDFJFFIF_00031 (length 211)
GCA_001996485.1_ASM199648v1_genomic.gbff_pp2/PROKKA_05152020:X:MDFJFFIF_00032 (length 295)
GCA_001996485.1_ASM199648v1_genomic.gbff_pp2/PROKKA_05152020:X:MDFJFFIF_00033 (length 328)
GCA_001996485.1_ASM199648v1_genomic.gbff_pp2/PROKKA_05152020:X:MDFJFFIF_00034 (length 239)
GCA_001996485.1_ASM199648v1_genomic.gbff_pp2/PROKKA_05152020:X:MDFJFFIF_00035 (length 266)
GCA_001996485.1_ASM199648v1_genomic.gbff_pp2/PROKKA_05152020:X:MDFJFFIF_00036 (length 168)
GCA_001996485.1_ASM199648v1_genomic.gbff_pp2/PROKKA_05152020:X:MDFJFFIF_00037 (length 238)
GCA_001996485.1_ASM199648v1_genomic.gbff_pp2/PROKKA_05152020:X:MDFJFFIF_00038 (length 262)
GCA_001996485.1_ASM199648v1_genomic.gbff_pp2/PROKKA_05152020:X:MDFJFFIF_00039 (length 124)
GCA_001996485.1_ASM199648v1_genomic.gbff_pp2/PROKKA_05152020:X:MDFJFFIF_00040 (length 165)
GCA_001996485.1_ASM199648v1_genomic.gbff_pp2/PROKKA_05152020:X:MDFJFFIF_00041 (length 149)
GCA_001996485.1_ASM199648v1_genomic.gbff_pp2/PROKKA_05152020:X:MDFJFFIF_00042 (length 167)
GCA_001996485.1_ASM199648v1_genomic.gbff_pp2/PROKKA_05152020:X:MDFJFFIF_00043 (length 118)
GCA_001996485.1_ASM199648v1_genomic.gbff_pp2/PROKKA_05152020:X:MDFJFFIF_00044 (length 196)
GCA_001996485.1_ASM199648v1_genomic.gbff_pp2/PROKKA_05152020:X:MDFJFFIF_00045 (length 348)
GCA_001996485.1_ASM199648v1_genomic.gbff_pp2/PROKKA_05152020:X:MDFJFFIF_00046 (length 615)
GCA_001996485.1_ASM199648v1_genomic.gbff_pp2/PROKKA_05152020:X:MDFJFFIF_00047 (length 452)
GCA_001996485.1_ASM199648v1_genomic.gbff_pp2/PROKKA_05152020:X:MDFJFFIF_00048 (length 831)
GCA_001996485.1_ASM199648v1_genomic.gbff_pp2/PROKKA_05152020:X:MDFJFFIF_00049 (length 127)
GCA_001996485.1_ASM199648v1_genomic.gbff_pp2/PROKKA_05152020:X:MDFJFFIF_00050 (length 86)
GCA_001996485.1_ASM199648v1_genomic.gbff_pp2/PROKKA_05152020:X:MDFJFFIF_00051 (length 366)
GCA_001996485.1_ASM199648v1_genomic.gbff_pp2/PROKKA_05152020:X:MDFJFFIF_00052 (length 363)
GCA_001996485.1_ASM199648v1_genomic.gbff_pp2/PROKKA_05152020:X:MDFJFFIF_00053 (length 100)
GCA_001996485.1_ASM199648v1_genomic.gbff_pp2/PROKKA_05152020:X:MDFJFFIF_00054 (length 106)
GCA_001996485.1_ASM199648v1_genomic.gbff_pp2/PROKKA_05152020:X:MDFJFFIF_00055 (length 94)
GCA_001996485.1_ASM199648v1_genomic.gbff_pp2/PROKKA_05152020:X:MDFJFFIF_00056 (length 133)
GCA_001996485.1_ASM199648v1_genomic.gbff_pp2/PROKKA_05152020:X:MDFJFFIF_00057 (length 74)
GCA_001996485.1_ASM199648v1_genomic.gbff_pp2/PROKKA_05152020:X:MDFJFFIF_00058 (length 67)
GCA_001996485.1_ASM199648v1_genomic.gbff_pp2/PROKKA_05152020:X:MDFJFFIF_00059 (length 186)
GCA_001996485.1_ASM199648v1_genomic.gbff_pp2/PROKKA_05152020:X:MDFJFFIF_00060 (length 800)
GCA_001996485.1_ASM199648v1_genomic.gbff_pp2/PROKKA_05152020:X:MDFJFFIF_00061 (length 141)
GCA_001996485.1_ASM199648v1_genomic.gbff_pp2/PROKKA_05152020:X:MDFJFFIF_00062 (length 114)
GCA_001996485.1_ASM199648v1_genomic.gbff_pp2/PROKKA_05152020:X:MDFJFFIF_00063 (length 499)
GCA_001996485.1_ASM199648v1_genomic.gbff_pp2/PROKKA_05152020:X:MDFJFFIF_00064 (length 160)
GCA_001996485.1_ASM199648v1_genomic.gbff_pp2/PROKKA_05152020:X:MDFJFFIF_00065 (length 100)
GCA_001996485.1_ASM199648v1_genomic.gbff_pp2/PROKKA_05152020:X:MDFJFFIF_00066 (length 148)
GCA_001996485.1_ASM199648v1_genomic.gbff_pp2/PROKKA_05152020:X:MDFJFFIF_00067 (length 680)
GCA_001996485.1_ASM199648v1_genomic.gbff_pp2/PROKKA_05152020:X:MDFJFFIF_00068 (length 309)
GCA_001996485.1_ASM199648v1_genomic.gbff_pp2/PROKKA_05152020:X:MDFJFFIF_00069 (length 278)
GCA_001996485.1_ASM199648v1_genomic.gbff_pp2/PROKKA_05152020:X:MDFJFFIF_00070 (length 247)
GCA_001996485.1_ASM199648v1_genomic.gbff_pp2/PROKKA_05152020:X:MDFJFFIF_00071 (length 214)
GCA_001996485.1_ASM199648v1_genomic.gbff_pp2/PROKKA_05152020:X:MDFJFFIF_00072 (length 250)
GCA_001996485.1_ASM199648v1_genomic.gbff_pp2/PROKKA_05152020:X:MDFJFFIF_00073 (length 254)
GCA_001996485.1_ASM199648v1_genomic.gbff_pp2/PROKKA_05152020:X:MDFJFFIF_00074 (length 264)
GCA_001996485.1_ASM199648v1_genomic.gbff_pp2/PROKKA_05152020:X:MDFJFFIF_00075 (length 270)
GCA_001996485.1_ASM199648v1_genomic.gbff_pp2/PROKKA_05152020:X:MDFJFFIF_00076 (length 367)
GCA_001996485.1_ASM199648v1_genomic.gbff_pp2/PROKKA_05152020:X:MDFJFFIF_00077 (length 353)
GCA_001996485.1_ASM199648v1_genomic.gbff_pp2/PROKKA_05152020:X:MDFJFFIF_00078 (length 132)
GCA_001996485.1_ASM199648v1_genomic.gbff_pp2/PROKKA_05152020:X:MDFJFFIF_00079 (length 431)

DiscRep_ALL:DISC_INCONSISTENT_MOLINFO_TECH::Molinfo Technique Report (some missing, all same)
DiscRep_SUB:DISC_INCONSISTENT_MOLINFO_TECH::technique (all missing)
DiscRep_SUB:DISC_INCONSISTENT_MOLINFO_TECH::1 Molinfos are missing field technique
GCA_001996485.1_ASM199648v1_genomic.gbff_pp2/PROKKA_05152020:X:MDFJFFIF_1 (length 72971)

