[18:25:12] This is prokka 1.14.6
[18:25:12] Written by Torsten Seemann <torsten.seemann@gmail.com>
[18:25:12] Homepage is https://github.com/tseemann/prokka
[18:25:12] Local time is Fri May 15 18:25:12 2020
[18:25:12] You are tsweet
[18:25:12] Operating system is linux
[18:25:12] You have BioPerl 1.007002
[18:25:12] System has 8 cores.
[18:25:12] Will use maximum of 8 cores.
[18:25:12] Annotating as >>> Bacteria <<<
[18:25:12] Generating locus_tag from '60415.1_ASM16041v1_genomic.gbff_pp12' contents.
[18:25:12] Setting --locustag EGALHOAJ from MD5 e0a518a34d6e9251f3fcf04896e40a8a
[18:25:12] Enabling options to ensure Genbank/ENA/DDJB submission compliance.
[18:25:12] Creating new output folder: GCA_000160415.1_ASM16041v1_genomic.gbff_pp12
[18:25:12] Running: mkdir -p GCA_000160415\.1_ASM16041v1_genomic\.gbff_pp12
[18:25:12] Using filename prefix: PROKKA_05152020.XXX
[18:25:12] Setting HMMER_NCPU=1
[18:25:12] Writing log to: GCA_000160415.1_ASM16041v1_genomic.gbff_pp12/PROKKA_05152020.log
[18:25:12] Command: /home/tsweet/anaconda3/bin/prokka --centre X --compliant 60415.1_ASM16041v1_genomic.gbff_pp12 --outdir GCA_000160415.1_ASM16041v1_genomic.gbff_pp12
[18:25:12] Appending to PATH: /home/tsweet/anaconda3/bin
[18:25:12] Looking for 'aragorn' - found /home/tsweet/anaconda3/bin/aragorn
[18:25:12] Determined aragorn version is 001002 from 'ARAGORN v1.2.38 Dean Laslett'
[18:25:12] Looking for 'barrnap' - found /home/tsweet/anaconda3/bin/barrnap
[18:25:12] Determined barrnap version is 000009 from 'barrnap 0.9'
[18:25:12] Looking for 'blastp' - found /home/tsweet/anaconda3/bin/blastp
[18:25:12] Determined blastp version is 002009 from 'blastp: 2.9.0+'
[18:25:12] Looking for 'cmpress' - found /home/tsweet/anaconda3/bin/cmpress
[18:25:12] Determined cmpress version is 001001 from '# INFERNAL 1.1.2 (July 2016)'
[18:25:12] Looking for 'cmscan' - found /home/tsweet/anaconda3/bin/cmscan
[18:25:12] Determined cmscan version is 001001 from '# INFERNAL 1.1.2 (July 2016)'
[18:25:12] Looking for 'egrep' - found /bin/egrep
[18:25:12] Looking for 'find' - found /usr/bin/find
[18:25:12] Looking for 'grep' - found /bin/grep
[18:25:12] Looking for 'hmmpress' - found /home/tsweet/anaconda3/bin/hmmpress
[18:25:12] Determined hmmpress version is 003003 from '# HMMER 3.3 (Nov 2019); http://hmmer.org/'
[18:25:12] Looking for 'hmmscan' - found /home/tsweet/anaconda3/bin/hmmscan
[18:25:12] Determined hmmscan version is 003003 from '# HMMER 3.3 (Nov 2019); http://hmmer.org/'
[18:25:12] Looking for 'java' - found /home/tsweet/anaconda3/bin/java
[18:25:12] Looking for 'makeblastdb' - found /home/tsweet/anaconda3/bin/makeblastdb
[18:25:12] Determined makeblastdb version is 002009 from 'makeblastdb: 2.9.0+'
[18:25:12] Looking for 'minced' - found /home/tsweet/anaconda3/bin/minced
[18:25:12] Determined minced version is 004002 from 'minced 0.4.2'
[18:25:12] Looking for 'parallel' - found /home/tsweet/anaconda3/bin/parallel
[18:25:12] Determined parallel version is 20200322 from 'GNU parallel 20200322'
[18:25:12] Looking for 'prodigal' - found /home/tsweet/anaconda3/bin/prodigal
[18:25:12] Determined prodigal version is 002006 from 'Prodigal V2.6.3: February, 2016'
[18:25:12] Looking for 'prokka-genbank_to_fasta_db' - found /home/tsweet/anaconda3/bin/prokka-genbank_to_fasta_db
[18:25:12] Looking for 'sed' - found /bin/sed
[18:25:12] Looking for 'tbl2asn' - found /home/tsweet/anaconda3/bin/tbl2asn
[18:25:12] Determined tbl2asn version is 025007 from 'tbl2asn 25.7   arguments:'
[18:25:12] Using genetic code table 11.
[18:25:12] Loading and checking input file: 60415.1_ASM16041v1_genomic.gbff_pp12
[18:25:12] Wrote 1 contigs totalling 26246 bp.
[18:25:12] Predicting tRNAs and tmRNAs
[18:25:12] Running: aragorn -l -gc11  -w GCA_000160415\.1_ASM16041v1_genomic\.gbff_pp12\/PROKKA_05152020\.fna
[18:25:12] Found 0 tRNAs
[18:25:12] Predicting Ribosomal RNAs
[18:25:12] Running Barrnap with 8 threads
[18:25:12] Found 0 rRNAs
[18:25:12] Skipping ncRNA search, enable with --rfam if desired.
[18:25:12] Total of 0 tRNA + rRNA features
[18:25:12] Searching for CRISPR repeats
[18:25:12] Found 0 CRISPRs
[18:25:12] Predicting coding sequences
[18:25:12] Contigs total 26246 bp, so using meta mode
[18:25:12] Running: prodigal -i GCA_000160415\.1_ASM16041v1_genomic\.gbff_pp12\/PROKKA_05152020\.fna -c -m -g 11 -p meta -f sco -q
[18:25:12] Found 28 CDS
[18:25:12] Connecting features back to sequences
[18:25:12] Not using genus-specific database. Try --usegenus to enable it.
[18:25:12] Annotating CDS, please be patient.
[18:25:12] Will use 8 CPUs for similarity searching.
[18:25:12] There are still 28 unannotated CDS left (started with 28)
[18:25:12] Will use blast to search against /home/tsweet/anaconda3/db/kingdom/Bacteria/IS with 8 CPUs
[18:25:12] Running: cat GCA_000160415\.1_ASM16041v1_genomic\.gbff_pp12\/PROKKA_05152020\.IS\.tmp\.19221\.faa | parallel --gnu --plain -j 8 --block 402 --recstart '>' --pipe blastp -query - -db /home/tsweet/anaconda3/db/kingdom/Bacteria/IS -evalue 1e-30 -qcov_hsp_perc 90 -num_threads 1 -num_descriptions 1 -num_alignments 1 -seg no > GCA_000160415\.1_ASM16041v1_genomic\.gbff_pp12\/PROKKA_05152020\.IS\.tmp\.19221\.blast 2> /dev/null
[18:25:13] Deleting unwanted file: GCA_000160415.1_ASM16041v1_genomic.gbff_pp12/PROKKA_05152020.IS.tmp.19221.faa
[18:25:13] Deleting unwanted file: GCA_000160415.1_ASM16041v1_genomic.gbff_pp12/PROKKA_05152020.IS.tmp.19221.blast
[18:25:13] There are still 28 unannotated CDS left (started with 28)
[18:25:13] Will use blast to search against /home/tsweet/anaconda3/db/kingdom/Bacteria/AMR with 8 CPUs
[18:25:13] Running: cat GCA_000160415\.1_ASM16041v1_genomic\.gbff_pp12\/PROKKA_05152020\.AMR\.tmp\.19221\.faa | parallel --gnu --plain -j 8 --block 402 --recstart '>' --pipe blastp -query - -db /home/tsweet/anaconda3/db/kingdom/Bacteria/AMR -evalue 9.99999999999999e-301 -qcov_hsp_perc 90 -num_threads 1 -num_descriptions 1 -num_alignments 1 -seg no > GCA_000160415\.1_ASM16041v1_genomic\.gbff_pp12\/PROKKA_05152020\.AMR\.tmp\.19221\.blast 2> /dev/null
[18:25:13] Deleting unwanted file: GCA_000160415.1_ASM16041v1_genomic.gbff_pp12/PROKKA_05152020.AMR.tmp.19221.faa
[18:25:13] Deleting unwanted file: GCA_000160415.1_ASM16041v1_genomic.gbff_pp12/PROKKA_05152020.AMR.tmp.19221.blast
[18:25:13] There are still 28 unannotated CDS left (started with 28)
[18:25:13] Will use blast to search against /home/tsweet/anaconda3/db/kingdom/Bacteria/sprot with 8 CPUs
[18:25:13] Running: cat GCA_000160415\.1_ASM16041v1_genomic\.gbff_pp12\/PROKKA_05152020\.sprot\.tmp\.19221\.faa | parallel --gnu --plain -j 8 --block 402 --recstart '>' --pipe blastp -query - -db /home/tsweet/anaconda3/db/kingdom/Bacteria/sprot -evalue 1e-09 -qcov_hsp_perc 80 -num_threads 1 -num_descriptions 1 -num_alignments 1 -seg no > GCA_000160415\.1_ASM16041v1_genomic\.gbff_pp12\/PROKKA_05152020\.sprot\.tmp\.19221\.blast 2> /dev/null
[18:25:13] Modify product: Putative surface protein SA2285 => Putative surface protein
[18:25:14] Modify product: Uncharacterized protein SAOUHSC_02783 => putative protein
[18:25:14] Modify product: Uncharacterized oxidoreductase SA2266 => putative oxidoreductase
[18:25:14] Modify product: Uncharacterized protein SA2269 => putative protein
[18:25:14] Modify product: Uncharacterized protein SAOUHSC_02783 => putative protein
[18:25:14] Modify product: Uncharacterized protein SAOUHSC_02783 => putative protein
[18:25:14] Cleaned 6 /product names
[18:25:14] Deleting unwanted file: GCA_000160415.1_ASM16041v1_genomic.gbff_pp12/PROKKA_05152020.sprot.tmp.19221.faa
[18:25:14] Deleting unwanted file: GCA_000160415.1_ASM16041v1_genomic.gbff_pp12/PROKKA_05152020.sprot.tmp.19221.blast
[18:25:14] There are still 16 unannotated CDS left (started with 28)
[18:25:14] Will use hmmer3 to search against /home/tsweet/anaconda3/db/hmm/HAMAP.hmm with 8 CPUs
[18:25:14] Running: cat GCA_000160415\.1_ASM16041v1_genomic\.gbff_pp12\/PROKKA_05152020\.HAMAP\.hmm\.tmp\.19221\.faa | parallel --gnu --plain -j 8 --block 194 --recstart '>' --pipe hmmscan --noali --notextw --acc -E 1e-09 --cpu 1 /home/tsweet/anaconda3/db/hmm/HAMAP.hmm /dev/stdin > GCA_000160415\.1_ASM16041v1_genomic\.gbff_pp12\/PROKKA_05152020\.HAMAP\.hmm\.tmp\.19221\.hmmer3 2> /dev/null
[18:25:14] Deleting unwanted file: GCA_000160415.1_ASM16041v1_genomic.gbff_pp12/PROKKA_05152020.HAMAP.hmm.tmp.19221.faa
[18:25:14] Deleting unwanted file: GCA_000160415.1_ASM16041v1_genomic.gbff_pp12/PROKKA_05152020.HAMAP.hmm.tmp.19221.hmmer3
[18:25:14] Labelling remaining 14 proteins as 'hypothetical protein'
[18:25:14] Possible /pseudo 'putative protein' at gnl|X|EGALHOAJ_1 position 10231
[18:25:14] Possible /pseudo 'putative protein' at gnl|X|EGALHOAJ_1 position 10626
[18:25:14] Found 8 unique /gene codes.
[18:25:14] Fixed 0 colliding /gene names.
[18:25:14] Adding /locus_tag identifiers
[18:25:14] Assigned 28 locus_tags to CDS and RNA features.
[18:25:14] Writing outputs to GCA_000160415.1_ASM16041v1_genomic.gbff_pp12/
[18:25:14] Generating annotation statistics file
[18:25:14] Generating Genbank and Sequin files
[18:25:14] Running: tbl2asn -V b -a r10k -l paired-ends -M n -N 1 -y 'Annotated using prokka 1.14.6 from https://github.com/tseemann/prokka' -Z GCA_000160415\.1_ASM16041v1_genomic\.gbff_pp12\/PROKKA_05152020\.err -i GCA_000160415\.1_ASM16041v1_genomic\.gbff_pp12\/PROKKA_05152020\.fsa 2> /dev/null
[18:25:14] Deleting unwanted file: GCA_000160415.1_ASM16041v1_genomic.gbff_pp12/errorsummary.val
[18:25:14] Deleting unwanted file: GCA_000160415.1_ASM16041v1_genomic.gbff_pp12/PROKKA_05152020.dr
[18:25:14] Deleting unwanted file: GCA_000160415.1_ASM16041v1_genomic.gbff_pp12/PROKKA_05152020.fixedproducts
[18:25:14] Deleting unwanted file: GCA_000160415.1_ASM16041v1_genomic.gbff_pp12/PROKKA_05152020.ecn
[18:25:14] Deleting unwanted file: GCA_000160415.1_ASM16041v1_genomic.gbff_pp12/PROKKA_05152020.val
[18:25:14] Repairing broken .GBK output that tbl2asn produces...
[18:25:14] Running: sed 's/COORDINATES: profile/COORDINATES:profile/' < GCA_000160415\.1_ASM16041v1_genomic\.gbff_pp12\/PROKKA_05152020\.gbf > GCA_000160415\.1_ASM16041v1_genomic\.gbff_pp12\/PROKKA_05152020\.gbk
[18:25:14] Deleting unwanted file: GCA_000160415.1_ASM16041v1_genomic.gbff_pp12/PROKKA_05152020.gbf
[18:25:14] Output files:
[18:25:14] GCA_000160415.1_ASM16041v1_genomic.gbff_pp12/PROKKA_05152020.err
[18:25:14] GCA_000160415.1_ASM16041v1_genomic.gbff_pp12/PROKKA_05152020.faa
[18:25:14] GCA_000160415.1_ASM16041v1_genomic.gbff_pp12/PROKKA_05152020.txt
[18:25:14] GCA_000160415.1_ASM16041v1_genomic.gbff_pp12/PROKKA_05152020.fna
[18:25:14] GCA_000160415.1_ASM16041v1_genomic.gbff_pp12/PROKKA_05152020.gbk
[18:25:14] GCA_000160415.1_ASM16041v1_genomic.gbff_pp12/PROKKA_05152020.log
[18:25:14] GCA_000160415.1_ASM16041v1_genomic.gbff_pp12/PROKKA_05152020.tsv
[18:25:14] GCA_000160415.1_ASM16041v1_genomic.gbff_pp12/PROKKA_05152020.tbl
[18:25:14] GCA_000160415.1_ASM16041v1_genomic.gbff_pp12/PROKKA_05152020.ffn
[18:25:14] GCA_000160415.1_ASM16041v1_genomic.gbff_pp12/PROKKA_05152020.sqn
[18:25:14] GCA_000160415.1_ASM16041v1_genomic.gbff_pp12/PROKKA_05152020.gff
[18:25:14] GCA_000160415.1_ASM16041v1_genomic.gbff_pp12/PROKKA_05152020.fsa
[18:25:14] Annotation finished successfully.
[18:25:14] Walltime used: 0.03 minutes
[18:25:14] If you use this result please cite the Prokka paper:
[18:25:14] Seemann T (2014) Prokka: rapid prokaryotic genome annotation. Bioinformatics. 30(14):2068-9.
[18:25:14] Type 'prokka --citation' for more details.
[18:25:14] Thank you, come again.
