Discrepancy Report Results

Summary
DISC_SOURCE_QUALS_ASNDISC:strain (all present, all unique)
DISC_SOURCE_QUALS_ASNDISC:taxname (all present, all unique)
DISC_FEATURE_COUNT:gene: 28 present
DISC_FEATURE_COUNT:CDS: 28 present
DISC_COUNT_NUCLEOTIDES:1 nucleotide Bioseqs are present
OVERLAPPING_GENES:5 genes overlap another gene on the same strand.
DISC_QUALITY_SCORES:Quality scores are missing on all sequences.
ONCALLER_COMMENT_PRESENT:1 comment descriptors were found (all same)
SHORT_PROT_SEQUENCES:1 protein sequences are shorter than 50 aa.
MISSING_GENOMEASSEMBLY_COMMENTS:1 bioseqs are missing GenomeAssembly structured comments
MOLTYPE_NOT_MRNA:1 molecule types are not set as mRNA.
TECHNIQUE_NOT_TSA:1 technique are not set as TSA
MISSING_STRUCTURED_COMMENT:1 sequences do not include structured comments.
MISSING_PROJECT:29 sequences do not include project.
DISC_INCONSISTENT_MOLINFO_TECH:Molinfo Technique Report (some missing, all same)


Detailed Report

DiscRep_ALL:DISC_SOURCE_QUALS_ASNDISC::strain (all present, all unique)
DiscRep_SUB:DISC_SOURCE_QUALS_ASNDISC::1 sources have unique values for strain
DiscRep_ALL:DISC_SOURCE_QUALS_ASNDISC::taxname (all present, all unique)
DiscRep_SUB:DISC_SOURCE_QUALS_ASNDISC::1 sources have unique values for taxname
DiscRep_ALL:DISC_FEATURE_COUNT::gene: 28 present
DiscRep_ALL:DISC_FEATURE_COUNT::CDS: 28 present
DiscRep_ALL:DISC_COUNT_NUCLEOTIDES::1 nucleotide Bioseqs are present
GCA_000160415.1_ASM16041v1_genomic.gbff_pp12/PROKKA_05152020:X:EGALHOAJ_1 (length 26246)

DiscRep_ALL:OVERLAPPING_GENES::5 genes overlap another gene on the same strand.
GCA_000160415.1_ASM16041v1_genomic.gbff_pp12/PROKKA_05152020:Gene	EGALHOAJ_00010	EGALHOAJ_1:10231-10677	EGALHOAJ_00010
GCA_000160415.1_ASM16041v1_genomic.gbff_pp12/PROKKA_05152020:Gene	EGALHOAJ_00011	EGALHOAJ_1:10626-11015	EGALHOAJ_00011
GCA_000160415.1_ASM16041v1_genomic.gbff_pp12/PROKKA_05152020:Gene	EGALHOAJ_00012	EGALHOAJ_1:11012-12124	EGALHOAJ_00012
GCA_000160415.1_ASM16041v1_genomic.gbff_pp12/PROKKA_05152020:Gene	EGALHOAJ_00017	EGALHOAJ_1:c15307-15173	EGALHOAJ_00017
GCA_000160415.1_ASM16041v1_genomic.gbff_pp12/PROKKA_05152020:Gene	EGALHOAJ_00018	EGALHOAJ_1:c15575-15294	EGALHOAJ_00018

DiscRep_ALL:DISC_QUALITY_SCORES::Quality scores are missing on all sequences.

DiscRep_ALL:ONCALLER_COMMENT_PRESENT::1 comment descriptors were found (all same)
GCA_000160415.1_ASM16041v1_genomic.gbff_pp12/PROKKA_05152020:X:EGALHOAJ_1:Annotated using prokka 1.14.6 from https://github.com/tseemann/prokka

DiscRep_ALL:SHORT_PROT_SEQUENCES::1 protein sequences are shorter than 50 aa.
GCA_000160415.1_ASM16041v1_genomic.gbff_pp12/PROKKA_05152020:X:EGALHOAJ_00017 (length 44)

DiscRep_ALL:MISSING_GENOMEASSEMBLY_COMMENTS::1 bioseqs are missing GenomeAssembly structured comments
GCA_000160415.1_ASM16041v1_genomic.gbff_pp12/PROKKA_05152020:X:EGALHOAJ_1 (length 26246)

DiscRep_ALL:MOLTYPE_NOT_MRNA::1 molecule types are not set as mRNA.
GCA_000160415.1_ASM16041v1_genomic.gbff_pp12/PROKKA_05152020:X:EGALHOAJ_1 (length 26246)

DiscRep_ALL:TECHNIQUE_NOT_TSA::1 technique are not set as TSA
GCA_000160415.1_ASM16041v1_genomic.gbff_pp12/PROKKA_05152020:X:EGALHOAJ_1 (length 26246)

DiscRep_ALL:MISSING_STRUCTURED_COMMENT::1 sequences do not include structured comments.
GCA_000160415.1_ASM16041v1_genomic.gbff_pp12/PROKKA_05152020:X:EGALHOAJ_1 (length 26246)

DiscRep_ALL:MISSING_PROJECT::29 sequences do not include project.
GCA_000160415.1_ASM16041v1_genomic.gbff_pp12/PROKKA_05152020:X:EGALHOAJ_1 (length 26246)
GCA_000160415.1_ASM16041v1_genomic.gbff_pp12/PROKKA_05152020:X:EGALHOAJ_00001 (length 196)
GCA_000160415.1_ASM16041v1_genomic.gbff_pp12/PROKKA_05152020:X:EGALHOAJ_00002 (length 397)
GCA_000160415.1_ASM16041v1_genomic.gbff_pp12/PROKKA_05152020:X:EGALHOAJ_00003 (length 56)
GCA_000160415.1_ASM16041v1_genomic.gbff_pp12/PROKKA_05152020:X:EGALHOAJ_00004 (length 102)
GCA_000160415.1_ASM16041v1_genomic.gbff_pp12/PROKKA_05152020:X:EGALHOAJ_00005 (length 88)
GCA_000160415.1_ASM16041v1_genomic.gbff_pp12/PROKKA_05152020:X:EGALHOAJ_00006 (length 602)
GCA_000160415.1_ASM16041v1_genomic.gbff_pp12/PROKKA_05152020:X:EGALHOAJ_00007 (length 130)
GCA_000160415.1_ASM16041v1_genomic.gbff_pp12/PROKKA_05152020:X:EGALHOAJ_00008 (length 953)
GCA_000160415.1_ASM16041v1_genomic.gbff_pp12/PROKKA_05152020:X:EGALHOAJ_00009 (length 258)
GCA_000160415.1_ASM16041v1_genomic.gbff_pp12/PROKKA_05152020:X:EGALHOAJ_00010 (length 148)
GCA_000160415.1_ASM16041v1_genomic.gbff_pp12/PROKKA_05152020:X:EGALHOAJ_00011 (length 129)
GCA_000160415.1_ASM16041v1_genomic.gbff_pp12/PROKKA_05152020:X:EGALHOAJ_00012 (length 370)
GCA_000160415.1_ASM16041v1_genomic.gbff_pp12/PROKKA_05152020:X:EGALHOAJ_00013 (length 108)
GCA_000160415.1_ASM16041v1_genomic.gbff_pp12/PROKKA_05152020:X:EGALHOAJ_00014 (length 95)
GCA_000160415.1_ASM16041v1_genomic.gbff_pp12/PROKKA_05152020:X:EGALHOAJ_00015 (length 264)
GCA_000160415.1_ASM16041v1_genomic.gbff_pp12/PROKKA_05152020:X:EGALHOAJ_00016 (length 63)
GCA_000160415.1_ASM16041v1_genomic.gbff_pp12/PROKKA_05152020:X:EGALHOAJ_00017 (length 44)
GCA_000160415.1_ASM16041v1_genomic.gbff_pp12/PROKKA_05152020:X:EGALHOAJ_00018 (length 93)
GCA_000160415.1_ASM16041v1_genomic.gbff_pp12/PROKKA_05152020:X:EGALHOAJ_00019 (length 231)
GCA_000160415.1_ASM16041v1_genomic.gbff_pp12/PROKKA_05152020:X:EGALHOAJ_00020 (length 140)
GCA_000160415.1_ASM16041v1_genomic.gbff_pp12/PROKKA_05152020:X:EGALHOAJ_00021 (length 139)
GCA_000160415.1_ASM16041v1_genomic.gbff_pp12/PROKKA_05152020:X:EGALHOAJ_00022 (length 139)
GCA_000160415.1_ASM16041v1_genomic.gbff_pp12/PROKKA_05152020:X:EGALHOAJ_00023 (length 140)
GCA_000160415.1_ASM16041v1_genomic.gbff_pp12/PROKKA_05152020:X:EGALHOAJ_00024 (length 512)
GCA_000160415.1_ASM16041v1_genomic.gbff_pp12/PROKKA_05152020:X:EGALHOAJ_00025 (length 239)
GCA_000160415.1_ASM16041v1_genomic.gbff_pp12/PROKKA_05152020:X:EGALHOAJ_00026 (length 121)
GCA_000160415.1_ASM16041v1_genomic.gbff_pp12/PROKKA_05152020:X:EGALHOAJ_00027 (length 273)
GCA_000160415.1_ASM16041v1_genomic.gbff_pp12/PROKKA_05152020:X:EGALHOAJ_00028 (length 272)

DiscRep_ALL:DISC_INCONSISTENT_MOLINFO_TECH::Molinfo Technique Report (some missing, all same)
DiscRep_SUB:DISC_INCONSISTENT_MOLINFO_TECH::technique (all missing)
DiscRep_SUB:DISC_INCONSISTENT_MOLINFO_TECH::1 Molinfos are missing field technique
GCA_000160415.1_ASM16041v1_genomic.gbff_pp12/PROKKA_05152020:X:EGALHOAJ_1 (length 26246)

