Discrepancy Report Results

Summary
DISC_SOURCE_QUALS_ASNDISC:strain (all present, all unique)
DISC_SOURCE_QUALS_ASNDISC:taxname (all present, all unique)
DISC_FEATURE_COUNT:gene: 30 present
DISC_FEATURE_COUNT:CDS: 30 present
DISC_COUNT_NUCLEOTIDES:1 nucleotide Bioseqs are present
OVERLAPPING_GENES:6 genes overlap another gene on the same strand.
DISC_QUALITY_SCORES:Quality scores are missing on all sequences.
ONCALLER_COMMENT_PRESENT:1 comment descriptors were found (all same)
MISSING_GENOMEASSEMBLY_COMMENTS:1 bioseqs are missing GenomeAssembly structured comments
MOLTYPE_NOT_MRNA:1 molecule types are not set as mRNA.
TECHNIQUE_NOT_TSA:1 technique are not set as TSA
MISSING_STRUCTURED_COMMENT:1 sequences do not include structured comments.
MISSING_PROJECT:31 sequences do not include project.
DISC_INCONSISTENT_MOLINFO_TECH:Molinfo Technique Report (some missing, all same)


Detailed Report

DiscRep_ALL:DISC_SOURCE_QUALS_ASNDISC::strain (all present, all unique)
DiscRep_SUB:DISC_SOURCE_QUALS_ASNDISC::1 sources have unique values for strain
DiscRep_ALL:DISC_SOURCE_QUALS_ASNDISC::taxname (all present, all unique)
DiscRep_SUB:DISC_SOURCE_QUALS_ASNDISC::1 sources have unique values for taxname
DiscRep_ALL:DISC_FEATURE_COUNT::gene: 30 present
DiscRep_ALL:DISC_FEATURE_COUNT::CDS: 30 present
DiscRep_ALL:DISC_COUNT_NUCLEOTIDES::1 nucleotide Bioseqs are present
GCA_000009005.1_ASM900v1_genomic.gbff_pp13/PROKKA_05152020:X:LGJHLHJI_1 (length 29329)

DiscRep_ALL:OVERLAPPING_GENES::6 genes overlap another gene on the same strand.
GCA_000009005.1_ASM900v1_genomic.gbff_pp13/PROKKA_05152020:Gene	LGJHLHJI_00009	LGJHLHJI_1:c8199-7399	LGJHLHJI_00009
GCA_000009005.1_ASM900v1_genomic.gbff_pp13/PROKKA_05152020:Gene	hdl IVa	LGJHLHJI_1:c8902-8183	LGJHLHJI_00010
GCA_000009005.1_ASM900v1_genomic.gbff_pp13/PROKKA_05152020:Gene	argS	LGJHLHJI_1:c13946-12285	LGJHLHJI_00014
GCA_000009005.1_ASM900v1_genomic.gbff_pp13/PROKKA_05152020:Gene	ywiB	LGJHLHJI_1:c14371-13943	LGJHLHJI_00015
GCA_000009005.1_ASM900v1_genomic.gbff_pp13/PROKKA_05152020:Gene	LGJHLHJI_00026	LGJHLHJI_1:25187-25627	LGJHLHJI_00026
GCA_000009005.1_ASM900v1_genomic.gbff_pp13/PROKKA_05152020:Gene	rclA	LGJHLHJI_1:25614-26936	LGJHLHJI_00027

DiscRep_ALL:DISC_QUALITY_SCORES::Quality scores are missing on all sequences.

DiscRep_ALL:ONCALLER_COMMENT_PRESENT::1 comment descriptors were found (all same)
GCA_000009005.1_ASM900v1_genomic.gbff_pp13/PROKKA_05152020:X:LGJHLHJI_1:Annotated using prokka 1.14.6 from https://github.com/tseemann/prokka

DiscRep_ALL:MISSING_GENOMEASSEMBLY_COMMENTS::1 bioseqs are missing GenomeAssembly structured comments
GCA_000009005.1_ASM900v1_genomic.gbff_pp13/PROKKA_05152020:X:LGJHLHJI_1 (length 29329)

DiscRep_ALL:MOLTYPE_NOT_MRNA::1 molecule types are not set as mRNA.
GCA_000009005.1_ASM900v1_genomic.gbff_pp13/PROKKA_05152020:X:LGJHLHJI_1 (length 29329)

DiscRep_ALL:TECHNIQUE_NOT_TSA::1 technique are not set as TSA
GCA_000009005.1_ASM900v1_genomic.gbff_pp13/PROKKA_05152020:X:LGJHLHJI_1 (length 29329)

DiscRep_ALL:MISSING_STRUCTURED_COMMENT::1 sequences do not include structured comments.
GCA_000009005.1_ASM900v1_genomic.gbff_pp13/PROKKA_05152020:X:LGJHLHJI_1 (length 29329)

DiscRep_ALL:MISSING_PROJECT::31 sequences do not include project.
GCA_000009005.1_ASM900v1_genomic.gbff_pp13/PROKKA_05152020:X:LGJHLHJI_1 (length 29329)
GCA_000009005.1_ASM900v1_genomic.gbff_pp13/PROKKA_05152020:X:LGJHLHJI_00001 (length 186)
GCA_000009005.1_ASM900v1_genomic.gbff_pp13/PROKKA_05152020:X:LGJHLHJI_00002 (length 67)
GCA_000009005.1_ASM900v1_genomic.gbff_pp13/PROKKA_05152020:X:LGJHLHJI_00003 (length 74)
GCA_000009005.1_ASM900v1_genomic.gbff_pp13/PROKKA_05152020:X:LGJHLHJI_00004 (length 309)
GCA_000009005.1_ASM900v1_genomic.gbff_pp13/PROKKA_05152020:X:LGJHLHJI_00005 (length 124)
GCA_000009005.1_ASM900v1_genomic.gbff_pp13/PROKKA_05152020:X:LGJHLHJI_00006 (length 262)
GCA_000009005.1_ASM900v1_genomic.gbff_pp13/PROKKA_05152020:X:LGJHLHJI_00007 (length 238)
GCA_000009005.1_ASM900v1_genomic.gbff_pp13/PROKKA_05152020:X:LGJHLHJI_00008 (length 168)
GCA_000009005.1_ASM900v1_genomic.gbff_pp13/PROKKA_05152020:X:LGJHLHJI_00009 (length 266)
GCA_000009005.1_ASM900v1_genomic.gbff_pp13/PROKKA_05152020:X:LGJHLHJI_00010 (length 239)
GCA_000009005.1_ASM900v1_genomic.gbff_pp13/PROKKA_05152020:X:LGJHLHJI_00011 (length 328)
GCA_000009005.1_ASM900v1_genomic.gbff_pp13/PROKKA_05152020:X:LGJHLHJI_00012 (length 295)
GCA_000009005.1_ASM900v1_genomic.gbff_pp13/PROKKA_05152020:X:LGJHLHJI_00013 (length 211)
GCA_000009005.1_ASM900v1_genomic.gbff_pp13/PROKKA_05152020:X:LGJHLHJI_00014 (length 553)
GCA_000009005.1_ASM900v1_genomic.gbff_pp13/PROKKA_05152020:X:LGJHLHJI_00015 (length 142)
GCA_000009005.1_ASM900v1_genomic.gbff_pp13/PROKKA_05152020:X:LGJHLHJI_00016 (length 336)
GCA_000009005.1_ASM900v1_genomic.gbff_pp13/PROKKA_05152020:X:LGJHLHJI_00017 (length 173)
GCA_000009005.1_ASM900v1_genomic.gbff_pp13/PROKKA_05152020:X:LGJHLHJI_00018 (length 431)
GCA_000009005.1_ASM900v1_genomic.gbff_pp13/PROKKA_05152020:X:LGJHLHJI_00019 (length 158)
GCA_000009005.1_ASM900v1_genomic.gbff_pp13/PROKKA_05152020:X:LGJHLHJI_00020 (length 178)
GCA_000009005.1_ASM900v1_genomic.gbff_pp13/PROKKA_05152020:X:LGJHLHJI_00021 (length 312)
GCA_000009005.1_ASM900v1_genomic.gbff_pp13/PROKKA_05152020:X:LGJHLHJI_00022 (length 213)
GCA_000009005.1_ASM900v1_genomic.gbff_pp13/PROKKA_05152020:X:LGJHLHJI_00023 (length 182)
GCA_000009005.1_ASM900v1_genomic.gbff_pp13/PROKKA_05152020:X:LGJHLHJI_00024 (length 210)
GCA_000009005.1_ASM900v1_genomic.gbff_pp13/PROKKA_05152020:X:LGJHLHJI_00025 (length 464)
GCA_000009005.1_ASM900v1_genomic.gbff_pp13/PROKKA_05152020:X:LGJHLHJI_00026 (length 146)
GCA_000009005.1_ASM900v1_genomic.gbff_pp13/PROKKA_05152020:X:LGJHLHJI_00027 (length 440)
GCA_000009005.1_ASM900v1_genomic.gbff_pp13/PROKKA_05152020:X:LGJHLHJI_00028 (length 113)
GCA_000009005.1_ASM900v1_genomic.gbff_pp13/PROKKA_05152020:X:LGJHLHJI_00029 (length 358)
GCA_000009005.1_ASM900v1_genomic.gbff_pp13/PROKKA_05152020:X:LGJHLHJI_00030 (length 224)

DiscRep_ALL:DISC_INCONSISTENT_MOLINFO_TECH::Molinfo Technique Report (some missing, all same)
DiscRep_SUB:DISC_INCONSISTENT_MOLINFO_TECH::technique (all missing)
DiscRep_SUB:DISC_INCONSISTENT_MOLINFO_TECH::1 Molinfos are missing field technique
GCA_000009005.1_ASM900v1_genomic.gbff_pp13/PROKKA_05152020:X:LGJHLHJI_1 (length 29329)

