Discrepancy Report Results

Summary
DISC_SOURCE_QUALS_ASNDISC:strain (all present, all unique)
DISC_SOURCE_QUALS_ASNDISC:taxname (all present, all unique)
DISC_FEATURE_COUNT:gene: 22 present
DISC_FEATURE_COUNT:CDS: 22 present
DISC_COUNT_NUCLEOTIDES:1 nucleotide Bioseqs are present
OVERLAPPING_GENES:5 genes overlap another gene on the same strand.
DISC_QUALITY_SCORES:Quality scores are missing on all sequences.
ONCALLER_COMMENT_PRESENT:1 comment descriptors were found (all same)
SHORT_PROT_SEQUENCES:1 protein sequences are shorter than 50 aa.
MISSING_GENOMEASSEMBLY_COMMENTS:1 bioseqs are missing GenomeAssembly structured comments
MOLTYPE_NOT_MRNA:1 molecule types are not set as mRNA.
TECHNIQUE_NOT_TSA:1 technique are not set as TSA
MISSING_STRUCTURED_COMMENT:1 sequences do not include structured comments.
MISSING_PROJECT:23 sequences do not include project.
DISC_INCONSISTENT_MOLINFO_TECH:Molinfo Technique Report (some missing, all same)


Detailed Report

DiscRep_ALL:DISC_SOURCE_QUALS_ASNDISC::strain (all present, all unique)
DiscRep_SUB:DISC_SOURCE_QUALS_ASNDISC::1 sources have unique values for strain
DiscRep_ALL:DISC_SOURCE_QUALS_ASNDISC::taxname (all present, all unique)
DiscRep_SUB:DISC_SOURCE_QUALS_ASNDISC::1 sources have unique values for taxname
DiscRep_ALL:DISC_FEATURE_COUNT::gene: 22 present
DiscRep_ALL:DISC_FEATURE_COUNT::CDS: 22 present
DiscRep_ALL:DISC_COUNT_NUCLEOTIDES::1 nucleotide Bioseqs are present
GCA_000009005.1_ASM900v1_genomic.gbff_pp22/PROKKA_05152020:X:MNOCLFAP_1 (length 22438)

DiscRep_ALL:OVERLAPPING_GENES::5 genes overlap another gene on the same strand.
GCA_000009005.1_ASM900v1_genomic.gbff_pp22/PROKKA_05152020:Gene	MNOCLFAP_00002	MNOCLFAP_1:c1849-1757	MNOCLFAP_00002
GCA_000009005.1_ASM900v1_genomic.gbff_pp22/PROKKA_05152020:Gene	MNOCLFAP_00003	MNOCLFAP_1:c2630-1836	MNOCLFAP_00003
GCA_000009005.1_ASM900v1_genomic.gbff_pp22/PROKKA_05152020:Gene	MNOCLFAP_00005	MNOCLFAP_1:c3782-3456	MNOCLFAP_00005
GCA_000009005.1_ASM900v1_genomic.gbff_pp22/PROKKA_05152020:Gene	MNOCLFAP_00006	MNOCLFAP_1:c5056-3782	MNOCLFAP_00006
GCA_000009005.1_ASM900v1_genomic.gbff_pp22/PROKKA_05152020:Gene	MNOCLFAP_00007	MNOCLFAP_1:c5826-5053	MNOCLFAP_00007

DiscRep_ALL:DISC_QUALITY_SCORES::Quality scores are missing on all sequences.

DiscRep_ALL:ONCALLER_COMMENT_PRESENT::1 comment descriptors were found (all same)
GCA_000009005.1_ASM900v1_genomic.gbff_pp22/PROKKA_05152020:X:MNOCLFAP_1:Annotated using prokka 1.14.6 from https://github.com/tseemann/prokka

DiscRep_ALL:SHORT_PROT_SEQUENCES::1 protein sequences are shorter than 50 aa.
GCA_000009005.1_ASM900v1_genomic.gbff_pp22/PROKKA_05152020:X:MNOCLFAP_00002 (length 30)

DiscRep_ALL:MISSING_GENOMEASSEMBLY_COMMENTS::1 bioseqs are missing GenomeAssembly structured comments
GCA_000009005.1_ASM900v1_genomic.gbff_pp22/PROKKA_05152020:X:MNOCLFAP_1 (length 22438)

DiscRep_ALL:MOLTYPE_NOT_MRNA::1 molecule types are not set as mRNA.
GCA_000009005.1_ASM900v1_genomic.gbff_pp22/PROKKA_05152020:X:MNOCLFAP_1 (length 22438)

DiscRep_ALL:TECHNIQUE_NOT_TSA::1 technique are not set as TSA
GCA_000009005.1_ASM900v1_genomic.gbff_pp22/PROKKA_05152020:X:MNOCLFAP_1 (length 22438)

DiscRep_ALL:MISSING_STRUCTURED_COMMENT::1 sequences do not include structured comments.
GCA_000009005.1_ASM900v1_genomic.gbff_pp22/PROKKA_05152020:X:MNOCLFAP_1 (length 22438)

DiscRep_ALL:MISSING_PROJECT::23 sequences do not include project.
GCA_000009005.1_ASM900v1_genomic.gbff_pp22/PROKKA_05152020:X:MNOCLFAP_1 (length 22438)
GCA_000009005.1_ASM900v1_genomic.gbff_pp22/PROKKA_05152020:X:MNOCLFAP_00001 (length 63)
GCA_000009005.1_ASM900v1_genomic.gbff_pp22/PROKKA_05152020:X:MNOCLFAP_00002 (length 30)
GCA_000009005.1_ASM900v1_genomic.gbff_pp22/PROKKA_05152020:X:MNOCLFAP_00003 (length 264)
GCA_000009005.1_ASM900v1_genomic.gbff_pp22/PROKKA_05152020:X:MNOCLFAP_00004 (length 95)
GCA_000009005.1_ASM900v1_genomic.gbff_pp22/PROKKA_05152020:X:MNOCLFAP_00005 (length 108)
GCA_000009005.1_ASM900v1_genomic.gbff_pp22/PROKKA_05152020:X:MNOCLFAP_00006 (length 424)
GCA_000009005.1_ASM900v1_genomic.gbff_pp22/PROKKA_05152020:X:MNOCLFAP_00007 (length 257)
GCA_000009005.1_ASM900v1_genomic.gbff_pp22/PROKKA_05152020:X:MNOCLFAP_00008 (length 260)
GCA_000009005.1_ASM900v1_genomic.gbff_pp22/PROKKA_05152020:X:MNOCLFAP_00009 (length 250)
GCA_000009005.1_ASM900v1_genomic.gbff_pp22/PROKKA_05152020:X:MNOCLFAP_00010 (length 953)
GCA_000009005.1_ASM900v1_genomic.gbff_pp22/PROKKA_05152020:X:MNOCLFAP_00011 (length 130)
GCA_000009005.1_ASM900v1_genomic.gbff_pp22/PROKKA_05152020:X:MNOCLFAP_00012 (length 611)
GCA_000009005.1_ASM900v1_genomic.gbff_pp22/PROKKA_05152020:X:MNOCLFAP_00013 (length 88)
GCA_000009005.1_ASM900v1_genomic.gbff_pp22/PROKKA_05152020:X:MNOCLFAP_00014 (length 102)
GCA_000009005.1_ASM900v1_genomic.gbff_pp22/PROKKA_05152020:X:MNOCLFAP_00015 (length 56)
GCA_000009005.1_ASM900v1_genomic.gbff_pp22/PROKKA_05152020:X:MNOCLFAP_00016 (length 397)
GCA_000009005.1_ASM900v1_genomic.gbff_pp22/PROKKA_05152020:X:MNOCLFAP_00017 (length 152)
GCA_000009005.1_ASM900v1_genomic.gbff_pp22/PROKKA_05152020:X:MNOCLFAP_00018 (length 691)
GCA_000009005.1_ASM900v1_genomic.gbff_pp22/PROKKA_05152020:X:MNOCLFAP_00019 (length 118)
GCA_000009005.1_ASM900v1_genomic.gbff_pp22/PROKKA_05152020:X:MNOCLFAP_00020 (length 247)
GCA_000009005.1_ASM900v1_genomic.gbff_pp22/PROKKA_05152020:X:MNOCLFAP_00021 (length 288)
GCA_000009005.1_ASM900v1_genomic.gbff_pp22/PROKKA_05152020:X:MNOCLFAP_00022 (length 199)

DiscRep_ALL:DISC_INCONSISTENT_MOLINFO_TECH::Molinfo Technique Report (some missing, all same)
DiscRep_SUB:DISC_INCONSISTENT_MOLINFO_TECH::technique (all missing)
DiscRep_SUB:DISC_INCONSISTENT_MOLINFO_TECH::1 Molinfos are missing field technique
GCA_000009005.1_ASM900v1_genomic.gbff_pp22/PROKKA_05152020:X:MNOCLFAP_1 (length 22438)

