Discrepancy Report Results

Summary
DISC_SOURCE_QUALS_ASNDISC:strain (all present, all unique)
DISC_SOURCE_QUALS_ASNDISC:taxname (all present, all unique)
DISC_FEATURE_COUNT:gene: 22 present
DISC_FEATURE_COUNT:CDS: 22 present
DISC_COUNT_NUCLEOTIDES:1 nucleotide Bioseqs are present
OVERLAPPING_GENES:6 genes overlap another gene on the same strand.
DISC_QUALITY_SCORES:Quality scores are missing on all sequences.
ONCALLER_COMMENT_PRESENT:1 comment descriptors were found (all same)
MISSING_GENOMEASSEMBLY_COMMENTS:1 bioseqs are missing GenomeAssembly structured comments
MOLTYPE_NOT_MRNA:1 molecule types are not set as mRNA.
TECHNIQUE_NOT_TSA:1 technique are not set as TSA
MISSING_STRUCTURED_COMMENT:1 sequences do not include structured comments.
MISSING_PROJECT:23 sequences do not include project.
DISC_INCONSISTENT_MOLINFO_TECH:Molinfo Technique Report (some missing, all same)


Detailed Report

DiscRep_ALL:DISC_SOURCE_QUALS_ASNDISC::strain (all present, all unique)
DiscRep_SUB:DISC_SOURCE_QUALS_ASNDISC::1 sources have unique values for strain
DiscRep_ALL:DISC_SOURCE_QUALS_ASNDISC::taxname (all present, all unique)
DiscRep_SUB:DISC_SOURCE_QUALS_ASNDISC::1 sources have unique values for taxname
DiscRep_ALL:DISC_FEATURE_COUNT::gene: 22 present
DiscRep_ALL:DISC_FEATURE_COUNT::CDS: 22 present
DiscRep_ALL:DISC_COUNT_NUCLEOTIDES::1 nucleotide Bioseqs are present
GCA_000547205.1_Stap_aure_M1090_V1_genomic.gbff_pp19/PROKKA_05152020:X:CHGBHGMI_1 (length 23915)

DiscRep_ALL:OVERLAPPING_GENES::6 genes overlap another gene on the same strand.
GCA_000547205.1_Stap_aure_M1090_V1_genomic.gbff_pp19/PROKKA_05152020:Gene	msrA2	CHGBHGMI_1:13131-13664	CHGBHGMI_00012
GCA_000547205.1_Stap_aure_M1090_V1_genomic.gbff_pp19/PROKKA_05152020:Gene	msrB	CHGBHGMI_1:13657-14085	CHGBHGMI_00013
GCA_000547205.1_Stap_aure_M1090_V1_genomic.gbff_pp19/PROKKA_05152020:Gene	crr	CHGBHGMI_1:14097-14597	CHGBHGMI_00014
GCA_000547205.1_Stap_aure_M1090_V1_genomic.gbff_pp19/PROKKA_05152020:Gene	CHGBHGMI_00015	CHGBHGMI_1:14597-14818	CHGBHGMI_00015
GCA_000547205.1_Stap_aure_M1090_V1_genomic.gbff_pp19/PROKKA_05152020:Gene	arlR	CHGBHGMI_1:19904-20563	CHGBHGMI_00021
GCA_000547205.1_Stap_aure_M1090_V1_genomic.gbff_pp19/PROKKA_05152020:Gene	arlS	CHGBHGMI_1:20560-21915	CHGBHGMI_00022

DiscRep_ALL:DISC_QUALITY_SCORES::Quality scores are missing on all sequences.

DiscRep_ALL:ONCALLER_COMMENT_PRESENT::1 comment descriptors were found (all same)
GCA_000547205.1_Stap_aure_M1090_V1_genomic.gbff_pp19/PROKKA_05152020:X:CHGBHGMI_1:Annotated using prokka 1.14.6 from https://github.com/tseemann/prokka

DiscRep_ALL:MISSING_GENOMEASSEMBLY_COMMENTS::1 bioseqs are missing GenomeAssembly structured comments
GCA_000547205.1_Stap_aure_M1090_V1_genomic.gbff_pp19/PROKKA_05152020:X:CHGBHGMI_1 (length 23915)

DiscRep_ALL:MOLTYPE_NOT_MRNA::1 molecule types are not set as mRNA.
GCA_000547205.1_Stap_aure_M1090_V1_genomic.gbff_pp19/PROKKA_05152020:X:CHGBHGMI_1 (length 23915)

DiscRep_ALL:TECHNIQUE_NOT_TSA::1 technique are not set as TSA
GCA_000547205.1_Stap_aure_M1090_V1_genomic.gbff_pp19/PROKKA_05152020:X:CHGBHGMI_1 (length 23915)

DiscRep_ALL:MISSING_STRUCTURED_COMMENT::1 sequences do not include structured comments.
GCA_000547205.1_Stap_aure_M1090_V1_genomic.gbff_pp19/PROKKA_05152020:X:CHGBHGMI_1 (length 23915)

DiscRep_ALL:MISSING_PROJECT::23 sequences do not include project.
GCA_000547205.1_Stap_aure_M1090_V1_genomic.gbff_pp19/PROKKA_05152020:X:CHGBHGMI_1 (length 23915)
GCA_000547205.1_Stap_aure_M1090_V1_genomic.gbff_pp19/PROKKA_05152020:X:CHGBHGMI_00001 (length 646)
GCA_000547205.1_Stap_aure_M1090_V1_genomic.gbff_pp19/PROKKA_05152020:X:CHGBHGMI_00002 (length 1423)
GCA_000547205.1_Stap_aure_M1090_V1_genomic.gbff_pp19/PROKKA_05152020:X:CHGBHGMI_00003 (length 133)
GCA_000547205.1_Stap_aure_M1090_V1_genomic.gbff_pp19/PROKKA_05152020:X:CHGBHGMI_00004 (length 234)
GCA_000547205.1_Stap_aure_M1090_V1_genomic.gbff_pp19/PROKKA_05152020:X:CHGBHGMI_00005 (length 73)
GCA_000547205.1_Stap_aure_M1090_V1_genomic.gbff_pp19/PROKKA_05152020:X:CHGBHGMI_00006 (length 83)
GCA_000547205.1_Stap_aure_M1090_V1_genomic.gbff_pp19/PROKKA_05152020:X:CHGBHGMI_00007 (length 374)
GCA_000547205.1_Stap_aure_M1090_V1_genomic.gbff_pp19/PROKKA_05152020:X:CHGBHGMI_00008 (length 145)
GCA_000547205.1_Stap_aure_M1090_V1_genomic.gbff_pp19/PROKKA_05152020:X:CHGBHGMI_00009 (length 346)
GCA_000547205.1_Stap_aure_M1090_V1_genomic.gbff_pp19/PROKKA_05152020:X:CHGBHGMI_00010 (length 159)
GCA_000547205.1_Stap_aure_M1090_V1_genomic.gbff_pp19/PROKKA_05152020:X:CHGBHGMI_00011 (length 279)
GCA_000547205.1_Stap_aure_M1090_V1_genomic.gbff_pp19/PROKKA_05152020:X:CHGBHGMI_00012 (length 177)
GCA_000547205.1_Stap_aure_M1090_V1_genomic.gbff_pp19/PROKKA_05152020:X:CHGBHGMI_00013 (length 142)
GCA_000547205.1_Stap_aure_M1090_V1_genomic.gbff_pp19/PROKKA_05152020:X:CHGBHGMI_00014 (length 166)
GCA_000547205.1_Stap_aure_M1090_V1_genomic.gbff_pp19/PROKKA_05152020:X:CHGBHGMI_00015 (length 73)
GCA_000547205.1_Stap_aure_M1090_V1_genomic.gbff_pp19/PROKKA_05152020:X:CHGBHGMI_00016 (length 496)
GCA_000547205.1_Stap_aure_M1090_V1_genomic.gbff_pp19/PROKKA_05152020:X:CHGBHGMI_00017 (length 169)
GCA_000547205.1_Stap_aure_M1090_V1_genomic.gbff_pp19/PROKKA_05152020:X:CHGBHGMI_00018 (length 356)
GCA_000547205.1_Stap_aure_M1090_V1_genomic.gbff_pp19/PROKKA_05152020:X:CHGBHGMI_00019 (length 204)
GCA_000547205.1_Stap_aure_M1090_V1_genomic.gbff_pp19/PROKKA_05152020:X:CHGBHGMI_00020 (length 66)
GCA_000547205.1_Stap_aure_M1090_V1_genomic.gbff_pp19/PROKKA_05152020:X:CHGBHGMI_00021 (length 219)
GCA_000547205.1_Stap_aure_M1090_V1_genomic.gbff_pp19/PROKKA_05152020:X:CHGBHGMI_00022 (length 451)

DiscRep_ALL:DISC_INCONSISTENT_MOLINFO_TECH::Molinfo Technique Report (some missing, all same)
DiscRep_SUB:DISC_INCONSISTENT_MOLINFO_TECH::technique (all missing)
DiscRep_SUB:DISC_INCONSISTENT_MOLINFO_TECH::1 Molinfos are missing field technique
GCA_000547205.1_Stap_aure_M1090_V1_genomic.gbff_pp19/PROKKA_05152020:X:CHGBHGMI_1 (length 23915)

