Discrepancy Report Results

Summary
DISC_SOURCE_QUALS_ASNDISC:strain (all present, all unique)
DISC_SOURCE_QUALS_ASNDISC:taxname (all present, all unique)
DISC_FEATURE_COUNT:gene: 9 present
DISC_FEATURE_COUNT:CDS: 7 present
DISC_FEATURE_COUNT:tRNA: 2 present
DISC_COUNT_NUCLEOTIDES:1 nucleotide Bioseqs are present
OVERLAPPING_GENES:5 genes overlap another gene on the same strand.
DISC_QUALITY_SCORES:Quality scores are missing on all sequences.
ONCALLER_COMMENT_PRESENT:1 comment descriptors were found (all same)
MISSING_GENOMEASSEMBLY_COMMENTS:1 bioseqs are missing GenomeAssembly structured comments
MOLTYPE_NOT_MRNA:1 molecule types are not set as mRNA.
TECHNIQUE_NOT_TSA:1 technique are not set as TSA
MISSING_STRUCTURED_COMMENT:1 sequences do not include structured comments.
MISSING_PROJECT:8 sequences do not include project.
DISC_INCONSISTENT_MOLINFO_TECH:Molinfo Technique Report (some missing, all same)


Detailed Report

DiscRep_ALL:DISC_SOURCE_QUALS_ASNDISC::strain (all present, all unique)
DiscRep_SUB:DISC_SOURCE_QUALS_ASNDISC::1 sources have unique values for strain
DiscRep_ALL:DISC_SOURCE_QUALS_ASNDISC::taxname (all present, all unique)
DiscRep_SUB:DISC_SOURCE_QUALS_ASNDISC::1 sources have unique values for taxname
DiscRep_ALL:DISC_FEATURE_COUNT::gene: 9 present
DiscRep_ALL:DISC_FEATURE_COUNT::CDS: 7 present
DiscRep_ALL:DISC_FEATURE_COUNT::tRNA: 2 present
DiscRep_ALL:DISC_COUNT_NUCLEOTIDES::1 nucleotide Bioseqs are present
GCA_900080895.1_12625_5_54_genomic.gbff_pp2/PROKKA_05152020:X:OGDJKJFC_1 (length 7563)

DiscRep_ALL:OVERLAPPING_GENES::5 genes overlap another gene on the same strand.
GCA_900080895.1_12625_5_54_genomic.gbff_pp2/PROKKA_05152020:Gene	rsbV	OGDJKJFC_1:2000-2326	OGDJKJFC_00003
GCA_900080895.1_12625_5_54_genomic.gbff_pp2/PROKKA_05152020:Gene	rsbW	OGDJKJFC_1:2298-2807	OGDJKJFC_00004
GCA_900080895.1_12625_5_54_genomic.gbff_pp2/PROKKA_05152020:Gene	sigB	OGDJKJFC_1:2782-3552	OGDJKJFC_00005
GCA_900080895.1_12625_5_54_genomic.gbff_pp2/PROKKA_05152020:Gene	yhgF	OGDJKJFC_1:3987-6137	OGDJKJFC_00006
GCA_900080895.1_12625_5_54_genomic.gbff_pp2/PROKKA_05152020:Gene	OGDJKJFC_00007	OGDJKJFC_1:6130-6585	OGDJKJFC_00007

DiscRep_ALL:DISC_QUALITY_SCORES::Quality scores are missing on all sequences.

DiscRep_ALL:ONCALLER_COMMENT_PRESENT::1 comment descriptors were found (all same)
GCA_900080895.1_12625_5_54_genomic.gbff_pp2/PROKKA_05152020:X:OGDJKJFC_1:Annotated using prokka 1.14.6 from https://github.com/tseemann/prokka

DiscRep_ALL:MISSING_GENOMEASSEMBLY_COMMENTS::1 bioseqs are missing GenomeAssembly structured comments
GCA_900080895.1_12625_5_54_genomic.gbff_pp2/PROKKA_05152020:X:OGDJKJFC_1 (length 7563)

DiscRep_ALL:MOLTYPE_NOT_MRNA::1 molecule types are not set as mRNA.
GCA_900080895.1_12625_5_54_genomic.gbff_pp2/PROKKA_05152020:X:OGDJKJFC_1 (length 7563)

DiscRep_ALL:TECHNIQUE_NOT_TSA::1 technique are not set as TSA
GCA_900080895.1_12625_5_54_genomic.gbff_pp2/PROKKA_05152020:X:OGDJKJFC_1 (length 7563)

DiscRep_ALL:MISSING_STRUCTURED_COMMENT::1 sequences do not include structured comments.
GCA_900080895.1_12625_5_54_genomic.gbff_pp2/PROKKA_05152020:X:OGDJKJFC_1 (length 7563)

DiscRep_ALL:MISSING_PROJECT::8 sequences do not include project.
GCA_900080895.1_12625_5_54_genomic.gbff_pp2/PROKKA_05152020:X:OGDJKJFC_1 (length 7563)
GCA_900080895.1_12625_5_54_genomic.gbff_pp2/PROKKA_05152020:X:OGDJKJFC_00001 (length 120)
GCA_900080895.1_12625_5_54_genomic.gbff_pp2/PROKKA_05152020:X:OGDJKJFC_00002 (length 354)
GCA_900080895.1_12625_5_54_genomic.gbff_pp2/PROKKA_05152020:X:OGDJKJFC_00003 (length 108)
GCA_900080895.1_12625_5_54_genomic.gbff_pp2/PROKKA_05152020:X:OGDJKJFC_00004 (length 169)
GCA_900080895.1_12625_5_54_genomic.gbff_pp2/PROKKA_05152020:X:OGDJKJFC_00005 (length 256)
GCA_900080895.1_12625_5_54_genomic.gbff_pp2/PROKKA_05152020:X:OGDJKJFC_00006 (length 716)
GCA_900080895.1_12625_5_54_genomic.gbff_pp2/PROKKA_05152020:X:OGDJKJFC_00007 (length 151)

DiscRep_ALL:DISC_INCONSISTENT_MOLINFO_TECH::Molinfo Technique Report (some missing, all same)
DiscRep_SUB:DISC_INCONSISTENT_MOLINFO_TECH::technique (all missing)
DiscRep_SUB:DISC_INCONSISTENT_MOLINFO_TECH::1 Molinfos are missing field technique
GCA_900080895.1_12625_5_54_genomic.gbff_pp2/PROKKA_05152020:X:OGDJKJFC_1 (length 7563)

