Discrepancy Report Results

Summary
DISC_SOURCE_QUALS_ASNDISC:strain (all present, all unique)
DISC_SOURCE_QUALS_ASNDISC:taxname (all present, all unique)
DISC_FEATURE_COUNT:gene: 77 present
DISC_FEATURE_COUNT:CDS: 77 present
DISC_COUNT_NUCLEOTIDES:1 nucleotide Bioseqs are present
OVERLAPPING_GENES:21 genes overlap another gene on the same strand.
DISC_QUALITY_SCORES:Quality scores are missing on all sequences.
ONCALLER_COMMENT_PRESENT:1 comment descriptors were found (all same)
MISSING_GENOMEASSEMBLY_COMMENTS:1 bioseqs are missing GenomeAssembly structured comments
MOLTYPE_NOT_MRNA:1 molecule types are not set as mRNA.
TECHNIQUE_NOT_TSA:1 technique are not set as TSA
MISSING_STRUCTURED_COMMENT:1 sequences do not include structured comments.
MISSING_PROJECT:78 sequences do not include project.
DISC_INCONSISTENT_MOLINFO_TECH:Molinfo Technique Report (some missing, all same)


Detailed Report

DiscRep_ALL:DISC_SOURCE_QUALS_ASNDISC::strain (all present, all unique)
DiscRep_SUB:DISC_SOURCE_QUALS_ASNDISC::1 sources have unique values for strain
DiscRep_ALL:DISC_SOURCE_QUALS_ASNDISC::taxname (all present, all unique)
DiscRep_SUB:DISC_SOURCE_QUALS_ASNDISC::1 sources have unique values for taxname
DiscRep_ALL:DISC_FEATURE_COUNT::gene: 77 present
DiscRep_ALL:DISC_FEATURE_COUNT::CDS: 77 present
DiscRep_ALL:DISC_COUNT_NUCLEOTIDES::1 nucleotide Bioseqs are present
GCA_000160415.1_ASM16041v1_genomic.gbff_pp11/PROKKA_05152020:X:EHOOANAO_1 (length 59255)

DiscRep_ALL:OVERLAPPING_GENES::21 genes overlap another gene on the same strand.
GCA_000160415.1_ASM16041v1_genomic.gbff_pp11/PROKKA_05152020:Gene	yfhH	EHOOANAO_1:c13707-13393	EHOOANAO_00013
GCA_000160415.1_ASM16041v1_genomic.gbff_pp11/PROKKA_05152020:Gene	recX	EHOOANAO_1:c14503-13685	EHOOANAO_00014
GCA_000160415.1_ASM16041v1_genomic.gbff_pp11/PROKKA_05152020:Gene	lytO	EHOOANAO_1:c19683-18238	EHOOANAO_00019
GCA_000160415.1_ASM16041v1_genomic.gbff_pp11/PROKKA_05152020:Gene	EHOOANAO_00020	EHOOANAO_1:c20101-19664	EHOOANAO_00020
GCA_000160415.1_ASM16041v1_genomic.gbff_pp11/PROKKA_05152020:Gene	EHOOANAO_00026	EHOOANAO_1:c24672-24295	EHOOANAO_00026
GCA_000160415.1_ASM16041v1_genomic.gbff_pp11/PROKKA_05152020:Gene	EHOOANAO_00027	EHOOANAO_1:c26495-24672	EHOOANAO_00027
GCA_000160415.1_ASM16041v1_genomic.gbff_pp11/PROKKA_05152020:Gene	EHOOANAO_00028	EHOOANAO_1:c28405-26495	EHOOANAO_00028
GCA_000160415.1_ASM16041v1_genomic.gbff_pp11/PROKKA_05152020:Gene	EHOOANAO_00036	EHOOANAO_1:c36917-36570	EHOOANAO_00036
GCA_000160415.1_ASM16041v1_genomic.gbff_pp11/PROKKA_05152020:Gene	EHOOANAO_00037	EHOOANAO_1:c37219-36917	EHOOANAO_00037
GCA_000160415.1_ASM16041v1_genomic.gbff_pp11/PROKKA_05152020:Gene	EHOOANAO_00038	EHOOANAO_1:c37548-37216	EHOOANAO_00038
GCA_000160415.1_ASM16041v1_genomic.gbff_pp11/PROKKA_05152020:Gene	EHOOANAO_00045	EHOOANAO_1:c43651-42374	EHOOANAO_00045
GCA_000160415.1_ASM16041v1_genomic.gbff_pp11/PROKKA_05152020:Gene	EHOOANAO_00046	EHOOANAO_1:c44078-43638	EHOOANAO_00046
GCA_000160415.1_ASM16041v1_genomic.gbff_pp11/PROKKA_05152020:Gene	EHOOANAO_00048	EHOOANAO_1:c45031-44858	EHOOANAO_00048
GCA_000160415.1_ASM16041v1_genomic.gbff_pp11/PROKKA_05152020:Gene	EHOOANAO_00049	EHOOANAO_1:c45417-45031	EHOOANAO_00049
GCA_000160415.1_ASM16041v1_genomic.gbff_pp11/PROKKA_05152020:Gene	EHOOANAO_00050	EHOOANAO_1:c45643-45407	EHOOANAO_00050
GCA_000160415.1_ASM16041v1_genomic.gbff_pp11/PROKKA_05152020:Gene	EHOOANAO_00051	EHOOANAO_1:c45904-45668	EHOOANAO_00051
GCA_000160415.1_ASM16041v1_genomic.gbff_pp11/PROKKA_05152020:Gene	EHOOANAO_00052	EHOOANAO_1:c46074-45901	EHOOANAO_00052
GCA_000160415.1_ASM16041v1_genomic.gbff_pp11/PROKKA_05152020:Gene	dut	EHOOANAO_1:c46692-46183	EHOOANAO_00053
GCA_000160415.1_ASM16041v1_genomic.gbff_pp11/PROKKA_05152020:Gene	EHOOANAO_00054	EHOOANAO_1:c46927-46685	EHOOANAO_00054
GCA_000160415.1_ASM16041v1_genomic.gbff_pp11/PROKKA_05152020:Gene	EHOOANAO_00055	EHOOANAO_1:c47153-46917	EHOOANAO_00055
GCA_000160415.1_ASM16041v1_genomic.gbff_pp11/PROKKA_05152020:Gene	EHOOANAO_00056	EHOOANAO_1:c47517-47146	EHOOANAO_00056

DiscRep_ALL:DISC_QUALITY_SCORES::Quality scores are missing on all sequences.

DiscRep_ALL:ONCALLER_COMMENT_PRESENT::1 comment descriptors were found (all same)
GCA_000160415.1_ASM16041v1_genomic.gbff_pp11/PROKKA_05152020:X:EHOOANAO_1:Annotated using prokka 1.14.6 from https://github.com/tseemann/prokka

DiscRep_ALL:MISSING_GENOMEASSEMBLY_COMMENTS::1 bioseqs are missing GenomeAssembly structured comments
GCA_000160415.1_ASM16041v1_genomic.gbff_pp11/PROKKA_05152020:X:EHOOANAO_1 (length 59255)

DiscRep_ALL:MOLTYPE_NOT_MRNA::1 molecule types are not set as mRNA.
GCA_000160415.1_ASM16041v1_genomic.gbff_pp11/PROKKA_05152020:X:EHOOANAO_1 (length 59255)

DiscRep_ALL:TECHNIQUE_NOT_TSA::1 technique are not set as TSA
GCA_000160415.1_ASM16041v1_genomic.gbff_pp11/PROKKA_05152020:X:EHOOANAO_1 (length 59255)

DiscRep_ALL:MISSING_STRUCTURED_COMMENT::1 sequences do not include structured comments.
GCA_000160415.1_ASM16041v1_genomic.gbff_pp11/PROKKA_05152020:X:EHOOANAO_1 (length 59255)

DiscRep_ALL:MISSING_PROJECT::78 sequences do not include project.
GCA_000160415.1_ASM16041v1_genomic.gbff_pp11/PROKKA_05152020:X:EHOOANAO_1 (length 59255)
GCA_000160415.1_ASM16041v1_genomic.gbff_pp11/PROKKA_05152020:X:EHOOANAO_00001 (length 148)
GCA_000160415.1_ASM16041v1_genomic.gbff_pp11/PROKKA_05152020:X:EHOOANAO_00002 (length 316)
GCA_000160415.1_ASM16041v1_genomic.gbff_pp11/PROKKA_05152020:X:EHOOANAO_00003 (length 151)
GCA_000160415.1_ASM16041v1_genomic.gbff_pp11/PROKKA_05152020:X:EHOOANAO_00004 (length 429)
GCA_000160415.1_ASM16041v1_genomic.gbff_pp11/PROKKA_05152020:X:EHOOANAO_00005 (length 381)
GCA_000160415.1_ASM16041v1_genomic.gbff_pp11/PROKKA_05152020:X:EHOOANAO_00006 (length 578)
GCA_000160415.1_ASM16041v1_genomic.gbff_pp11/PROKKA_05152020:X:EHOOANAO_00007 (length 180)
GCA_000160415.1_ASM16041v1_genomic.gbff_pp11/PROKKA_05152020:X:EHOOANAO_00008 (length 345)
GCA_000160415.1_ASM16041v1_genomic.gbff_pp11/PROKKA_05152020:X:EHOOANAO_00009 (length 325)
GCA_000160415.1_ASM16041v1_genomic.gbff_pp11/PROKKA_05152020:X:EHOOANAO_00010 (length 76)
GCA_000160415.1_ASM16041v1_genomic.gbff_pp11/PROKKA_05152020:X:EHOOANAO_00011 (length 278)
GCA_000160415.1_ASM16041v1_genomic.gbff_pp11/PROKKA_05152020:X:EHOOANAO_00012 (length 505)
GCA_000160415.1_ASM16041v1_genomic.gbff_pp11/PROKKA_05152020:X:EHOOANAO_00013 (length 104)
GCA_000160415.1_ASM16041v1_genomic.gbff_pp11/PROKKA_05152020:X:EHOOANAO_00014 (length 272)
GCA_000160415.1_ASM16041v1_genomic.gbff_pp11/PROKKA_05152020:X:EHOOANAO_00015 (length 269)
GCA_000160415.1_ASM16041v1_genomic.gbff_pp11/PROKKA_05152020:X:EHOOANAO_00016 (length 171)
GCA_000160415.1_ASM16041v1_genomic.gbff_pp11/PROKKA_05152020:X:EHOOANAO_00017 (length 53)
GCA_000160415.1_ASM16041v1_genomic.gbff_pp11/PROKKA_05152020:X:EHOOANAO_00018 (length 61)
GCA_000160415.1_ASM16041v1_genomic.gbff_pp11/PROKKA_05152020:X:EHOOANAO_00019 (length 481)
GCA_000160415.1_ASM16041v1_genomic.gbff_pp11/PROKKA_05152020:X:EHOOANAO_00020 (length 145)
GCA_000160415.1_ASM16041v1_genomic.gbff_pp11/PROKKA_05152020:X:EHOOANAO_00021 (length 131)
GCA_000160415.1_ASM16041v1_genomic.gbff_pp11/PROKKA_05152020:X:EHOOANAO_00022 (length 390)
GCA_000160415.1_ASM16041v1_genomic.gbff_pp11/PROKKA_05152020:X:EHOOANAO_00023 (length 632)
GCA_000160415.1_ASM16041v1_genomic.gbff_pp11/PROKKA_05152020:X:EHOOANAO_00024 (length 99)
GCA_000160415.1_ASM16041v1_genomic.gbff_pp11/PROKKA_05152020:X:EHOOANAO_00025 (length 58)
GCA_000160415.1_ASM16041v1_genomic.gbff_pp11/PROKKA_05152020:X:EHOOANAO_00026 (length 125)
GCA_000160415.1_ASM16041v1_genomic.gbff_pp11/PROKKA_05152020:X:EHOOANAO_00027 (length 607)
GCA_000160415.1_ASM16041v1_genomic.gbff_pp11/PROKKA_05152020:X:EHOOANAO_00028 (length 636)
GCA_000160415.1_ASM16041v1_genomic.gbff_pp11/PROKKA_05152020:X:EHOOANAO_00029 (length 633)
GCA_000160415.1_ASM16041v1_genomic.gbff_pp11/PROKKA_05152020:X:EHOOANAO_00030 (length 315)
GCA_000160415.1_ASM16041v1_genomic.gbff_pp11/PROKKA_05152020:X:EHOOANAO_00031 (length 1155)
GCA_000160415.1_ASM16041v1_genomic.gbff_pp11/PROKKA_05152020:X:EHOOANAO_00032 (length 114)
GCA_000160415.1_ASM16041v1_genomic.gbff_pp11/PROKKA_05152020:X:EHOOANAO_00033 (length 121)
GCA_000160415.1_ASM16041v1_genomic.gbff_pp11/PROKKA_05152020:X:EHOOANAO_00034 (length 193)
GCA_000160415.1_ASM16041v1_genomic.gbff_pp11/PROKKA_05152020:X:EHOOANAO_00035 (length 127)
GCA_000160415.1_ASM16041v1_genomic.gbff_pp11/PROKKA_05152020:X:EHOOANAO_00036 (length 115)
GCA_000160415.1_ASM16041v1_genomic.gbff_pp11/PROKKA_05152020:X:EHOOANAO_00037 (length 100)
GCA_000160415.1_ASM16041v1_genomic.gbff_pp11/PROKKA_05152020:X:EHOOANAO_00038 (length 110)
GCA_000160415.1_ASM16041v1_genomic.gbff_pp11/PROKKA_05152020:X:EHOOANAO_00039 (length 95)
GCA_000160415.1_ASM16041v1_genomic.gbff_pp11/PROKKA_05152020:X:EHOOANAO_00040 (length 324)
GCA_000160415.1_ASM16041v1_genomic.gbff_pp11/PROKKA_05152020:X:EHOOANAO_00041 (length 206)
GCA_000160415.1_ASM16041v1_genomic.gbff_pp11/PROKKA_05152020:X:EHOOANAO_00042 (length 56)
GCA_000160415.1_ASM16041v1_genomic.gbff_pp11/PROKKA_05152020:X:EHOOANAO_00043 (length 331)
GCA_000160415.1_ASM16041v1_genomic.gbff_pp11/PROKKA_05152020:X:EHOOANAO_00044 (length 511)
GCA_000160415.1_ASM16041v1_genomic.gbff_pp11/PROKKA_05152020:X:EHOOANAO_00045 (length 425)
GCA_000160415.1_ASM16041v1_genomic.gbff_pp11/PROKKA_05152020:X:EHOOANAO_00046 (length 146)
GCA_000160415.1_ASM16041v1_genomic.gbff_pp11/PROKKA_05152020:X:EHOOANAO_00047 (length 140)
GCA_000160415.1_ASM16041v1_genomic.gbff_pp11/PROKKA_05152020:X:EHOOANAO_00048 (length 57)
GCA_000160415.1_ASM16041v1_genomic.gbff_pp11/PROKKA_05152020:X:EHOOANAO_00049 (length 128)
GCA_000160415.1_ASM16041v1_genomic.gbff_pp11/PROKKA_05152020:X:EHOOANAO_00050 (length 78)
GCA_000160415.1_ASM16041v1_genomic.gbff_pp11/PROKKA_05152020:X:EHOOANAO_00051 (length 78)
GCA_000160415.1_ASM16041v1_genomic.gbff_pp11/PROKKA_05152020:X:EHOOANAO_00052 (length 57)
GCA_000160415.1_ASM16041v1_genomic.gbff_pp11/PROKKA_05152020:X:EHOOANAO_00053 (length 169)
GCA_000160415.1_ASM16041v1_genomic.gbff_pp11/PROKKA_05152020:X:EHOOANAO_00054 (length 80)
GCA_000160415.1_ASM16041v1_genomic.gbff_pp11/PROKKA_05152020:X:EHOOANAO_00055 (length 78)
GCA_000160415.1_ASM16041v1_genomic.gbff_pp11/PROKKA_05152020:X:EHOOANAO_00056 (length 123)
GCA_000160415.1_ASM16041v1_genomic.gbff_pp11/PROKKA_05152020:X:EHOOANAO_00057 (length 80)
GCA_000160415.1_ASM16041v1_genomic.gbff_pp11/PROKKA_05152020:X:EHOOANAO_00058 (length 122)
GCA_000160415.1_ASM16041v1_genomic.gbff_pp11/PROKKA_05152020:X:EHOOANAO_00059 (length 134)
GCA_000160415.1_ASM16041v1_genomic.gbff_pp11/PROKKA_05152020:X:EHOOANAO_00060 (length 72)
GCA_000160415.1_ASM16041v1_genomic.gbff_pp11/PROKKA_05152020:X:EHOOANAO_00061 (length 297)
GCA_000160415.1_ASM16041v1_genomic.gbff_pp11/PROKKA_05152020:X:EHOOANAO_00062 (length 156)
GCA_000160415.1_ASM16041v1_genomic.gbff_pp11/PROKKA_05152020:X:EHOOANAO_00063 (length 161)
GCA_000160415.1_ASM16041v1_genomic.gbff_pp11/PROKKA_05152020:X:EHOOANAO_00064 (length 306)
GCA_000160415.1_ASM16041v1_genomic.gbff_pp11/PROKKA_05152020:X:EHOOANAO_00065 (length 647)
GCA_000160415.1_ASM16041v1_genomic.gbff_pp11/PROKKA_05152020:X:EHOOANAO_00066 (length 87)
GCA_000160415.1_ASM16041v1_genomic.gbff_pp11/PROKKA_05152020:X:EHOOANAO_00067 (length 86)
GCA_000160415.1_ASM16041v1_genomic.gbff_pp11/PROKKA_05152020:X:EHOOANAO_00068 (length 86)
GCA_000160415.1_ASM16041v1_genomic.gbff_pp11/PROKKA_05152020:X:EHOOANAO_00069 (length 106)
GCA_000160415.1_ASM16041v1_genomic.gbff_pp11/PROKKA_05152020:X:EHOOANAO_00070 (length 76)
GCA_000160415.1_ASM16041v1_genomic.gbff_pp11/PROKKA_05152020:X:EHOOANAO_00071 (length 58)
GCA_000160415.1_ASM16041v1_genomic.gbff_pp11/PROKKA_05152020:X:EHOOANAO_00072 (length 250)
GCA_000160415.1_ASM16041v1_genomic.gbff_pp11/PROKKA_05152020:X:EHOOANAO_00073 (length 109)
GCA_000160415.1_ASM16041v1_genomic.gbff_pp11/PROKKA_05152020:X:EHOOANAO_00074 (length 71)
GCA_000160415.1_ASM16041v1_genomic.gbff_pp11/PROKKA_05152020:X:EHOOANAO_00075 (length 87)
GCA_000160415.1_ASM16041v1_genomic.gbff_pp11/PROKKA_05152020:X:EHOOANAO_00076 (length 237)
GCA_000160415.1_ASM16041v1_genomic.gbff_pp11/PROKKA_05152020:X:EHOOANAO_00077 (length 310)

DiscRep_ALL:DISC_INCONSISTENT_MOLINFO_TECH::Molinfo Technique Report (some missing, all same)
DiscRep_SUB:DISC_INCONSISTENT_MOLINFO_TECH::technique (all missing)
DiscRep_SUB:DISC_INCONSISTENT_MOLINFO_TECH::1 Molinfos are missing field technique
GCA_000160415.1_ASM16041v1_genomic.gbff_pp11/PROKKA_05152020:X:EHOOANAO_1 (length 59255)

