Discrepancy Report Results

Summary
DISC_SOURCE_QUALS_ASNDISC:strain (all present, all unique)
DISC_SOURCE_QUALS_ASNDISC:taxname (all present, all unique)
DISC_FEATURE_COUNT:gene: 10 present
DISC_FEATURE_COUNT:CDS: 10 present
DISC_COUNT_NUCLEOTIDES:1 nucleotide Bioseqs are present
OVERLAPPING_GENES:5 genes overlap another gene on the same strand.
DISC_QUALITY_SCORES:Quality scores are missing on all sequences.
ONCALLER_COMMENT_PRESENT:1 comment descriptors were found (all same)
MISSING_GENOMEASSEMBLY_COMMENTS:1 bioseqs are missing GenomeAssembly structured comments
MOLTYPE_NOT_MRNA:1 molecule types are not set as mRNA.
TECHNIQUE_NOT_TSA:1 technique are not set as TSA
MISSING_STRUCTURED_COMMENT:1 sequences do not include structured comments.
MISSING_PROJECT:11 sequences do not include project.
DISC_INCONSISTENT_MOLINFO_TECH:Molinfo Technique Report (some missing, all same)


Detailed Report

DiscRep_ALL:DISC_SOURCE_QUALS_ASNDISC::strain (all present, all unique)
DiscRep_SUB:DISC_SOURCE_QUALS_ASNDISC::1 sources have unique values for strain
DiscRep_ALL:DISC_SOURCE_QUALS_ASNDISC::taxname (all present, all unique)
DiscRep_SUB:DISC_SOURCE_QUALS_ASNDISC::1 sources have unique values for taxname
DiscRep_ALL:DISC_FEATURE_COUNT::gene: 10 present
DiscRep_ALL:DISC_FEATURE_COUNT::CDS: 10 present
DiscRep_ALL:DISC_COUNT_NUCLEOTIDES::1 nucleotide Bioseqs are present
GCA_003420165.1_ASM342016v1_genomic.gbff_pp15/PROKKA_05152020:X:JBIMIPIB_1 (length 7758)

DiscRep_ALL:OVERLAPPING_GENES::5 genes overlap another gene on the same strand.
GCA_003420165.1_ASM342016v1_genomic.gbff_pp15/PROKKA_05152020:Gene	accB	JBIMIPIB_1:1536-2000	JBIMIPIB_00003
GCA_003420165.1_ASM342016v1_genomic.gbff_pp15/PROKKA_05152020:Gene	cfiB	JBIMIPIB_1:2000-3355	JBIMIPIB_00004
GCA_003420165.1_ASM342016v1_genomic.gbff_pp15/PROKKA_05152020:Gene	xseA	JBIMIPIB_1:4198-5535	JBIMIPIB_00007
GCA_003420165.1_ASM342016v1_genomic.gbff_pp15/PROKKA_05152020:Gene	xseB	JBIMIPIB_1:5528-5758	JBIMIPIB_00008
GCA_003420165.1_ASM342016v1_genomic.gbff_pp15/PROKKA_05152020:Gene	JBIMIPIB_00009	JBIMIPIB_1:5736-6617	JBIMIPIB_00009

DiscRep_ALL:DISC_QUALITY_SCORES::Quality scores are missing on all sequences.

DiscRep_ALL:ONCALLER_COMMENT_PRESENT::1 comment descriptors were found (all same)
GCA_003420165.1_ASM342016v1_genomic.gbff_pp15/PROKKA_05152020:X:JBIMIPIB_1:Annotated using prokka 1.14.6 from https://github.com/tseemann/prokka

DiscRep_ALL:MISSING_GENOMEASSEMBLY_COMMENTS::1 bioseqs are missing GenomeAssembly structured comments
GCA_003420165.1_ASM342016v1_genomic.gbff_pp15/PROKKA_05152020:X:JBIMIPIB_1 (length 7758)

DiscRep_ALL:MOLTYPE_NOT_MRNA::1 molecule types are not set as mRNA.
GCA_003420165.1_ASM342016v1_genomic.gbff_pp15/PROKKA_05152020:X:JBIMIPIB_1 (length 7758)

DiscRep_ALL:TECHNIQUE_NOT_TSA::1 technique are not set as TSA
GCA_003420165.1_ASM342016v1_genomic.gbff_pp15/PROKKA_05152020:X:JBIMIPIB_1 (length 7758)

DiscRep_ALL:MISSING_STRUCTURED_COMMENT::1 sequences do not include structured comments.
GCA_003420165.1_ASM342016v1_genomic.gbff_pp15/PROKKA_05152020:X:JBIMIPIB_1 (length 7758)

DiscRep_ALL:MISSING_PROJECT::11 sequences do not include project.
GCA_003420165.1_ASM342016v1_genomic.gbff_pp15/PROKKA_05152020:X:JBIMIPIB_1 (length 7758)
GCA_003420165.1_ASM342016v1_genomic.gbff_pp15/PROKKA_05152020:X:JBIMIPIB_00001 (length 147)
GCA_003420165.1_ASM342016v1_genomic.gbff_pp15/PROKKA_05152020:X:JBIMIPIB_00002 (length 185)
GCA_003420165.1_ASM342016v1_genomic.gbff_pp15/PROKKA_05152020:X:JBIMIPIB_00003 (length 154)
GCA_003420165.1_ASM342016v1_genomic.gbff_pp15/PROKKA_05152020:X:JBIMIPIB_00004 (length 451)
GCA_003420165.1_ASM342016v1_genomic.gbff_pp15/PROKKA_05152020:X:JBIMIPIB_00005 (length 120)
GCA_003420165.1_ASM342016v1_genomic.gbff_pp15/PROKKA_05152020:X:JBIMIPIB_00006 (length 129)
GCA_003420165.1_ASM342016v1_genomic.gbff_pp15/PROKKA_05152020:X:JBIMIPIB_00007 (length 445)
GCA_003420165.1_ASM342016v1_genomic.gbff_pp15/PROKKA_05152020:X:JBIMIPIB_00008 (length 76)
GCA_003420165.1_ASM342016v1_genomic.gbff_pp15/PROKKA_05152020:X:JBIMIPIB_00009 (length 293)
GCA_003420165.1_ASM342016v1_genomic.gbff_pp15/PROKKA_05152020:X:JBIMIPIB_00010 (length 150)

DiscRep_ALL:DISC_INCONSISTENT_MOLINFO_TECH::Molinfo Technique Report (some missing, all same)
DiscRep_SUB:DISC_INCONSISTENT_MOLINFO_TECH::technique (all missing)
DiscRep_SUB:DISC_INCONSISTENT_MOLINFO_TECH::1 Molinfos are missing field technique
GCA_003420165.1_ASM342016v1_genomic.gbff_pp15/PROKKA_05152020:X:JBIMIPIB_1 (length 7758)

