Discrepancy Report Results

Summary
DISC_SOURCE_QUALS_ASNDISC:strain (all present, all unique)
DISC_SOURCE_QUALS_ASNDISC:taxname (all present, all unique)
DISC_FEATURE_COUNT:gene: 5 present
DISC_FEATURE_COUNT:CDS: 5 present
DISC_COUNT_NUCLEOTIDES:1 nucleotide Bioseqs are present
OVERLAPPING_GENES:2 genes overlap another gene on the same strand.
OVERLAPPING_CDS:2 coding regions overlap another coding region with a similar or identical name.
DISC_QUALITY_SCORES:Quality scores are missing on all sequences.
ONCALLER_COMMENT_PRESENT:1 comment descriptors were found (all same)
MISSING_GENOMEASSEMBLY_COMMENTS:1 bioseqs are missing GenomeAssembly structured comments
MOLTYPE_NOT_MRNA:1 molecule types are not set as mRNA.
TECHNIQUE_NOT_TSA:1 technique are not set as TSA
MISSING_STRUCTURED_COMMENT:1 sequences do not include structured comments.
MISSING_PROJECT:6 sequences do not include project.
DISC_INCONSISTENT_MOLINFO_TECH:Molinfo Technique Report (some missing, all same)


Detailed Report

DiscRep_ALL:DISC_SOURCE_QUALS_ASNDISC::strain (all present, all unique)
DiscRep_SUB:DISC_SOURCE_QUALS_ASNDISC::1 sources have unique values for strain
DiscRep_ALL:DISC_SOURCE_QUALS_ASNDISC::taxname (all present, all unique)
DiscRep_SUB:DISC_SOURCE_QUALS_ASNDISC::1 sources have unique values for taxname
DiscRep_ALL:DISC_FEATURE_COUNT::gene: 5 present
DiscRep_ALL:DISC_FEATURE_COUNT::CDS: 5 present
DiscRep_ALL:DISC_COUNT_NUCLEOTIDES::1 nucleotide Bioseqs are present
GCA_000536015.1_Stap_aure_M1473_V1_genomic.gbff_pp9/PROKKA_05152020:X:KPGKJBEP_1 (length 4221)

DiscRep_ALL:OVERLAPPING_GENES::2 genes overlap another gene on the same strand.
GCA_000536015.1_Stap_aure_M1473_V1_genomic.gbff_pp9/PROKKA_05152020:Gene	repE	KPGKJBEP_1:c3488-3198	KPGKJBEP_00004
GCA_000536015.1_Stap_aure_M1473_V1_genomic.gbff_pp9/PROKKA_05152020:Gene	repN	KPGKJBEP_1:c4018-3473	KPGKJBEP_00005

DiscRep_ALL:OVERLAPPING_CDS::2 coding regions overlap another coding region with a similar or identical name.
DiscRep_SUB:OVERLAPPING_CDS::2 coding regions overlap another coding region with a similar or identical name that do not have the appropriate note text
GCA_000536015.1_Stap_aure_M1473_V1_genomic.gbff_pp9/PROKKA_05152020:CDS	Replication initiation protein	KPGKJBEP_1:c3488-3198	KPGKJBEP_00004
GCA_000536015.1_Stap_aure_M1473_V1_genomic.gbff_pp9/PROKKA_05152020:CDS	Replication initiation protein	KPGKJBEP_1:c4018-3473	KPGKJBEP_00005

DiscRep_ALL:DISC_QUALITY_SCORES::Quality scores are missing on all sequences.

DiscRep_ALL:ONCALLER_COMMENT_PRESENT::1 comment descriptors were found (all same)
GCA_000536015.1_Stap_aure_M1473_V1_genomic.gbff_pp9/PROKKA_05152020:X:KPGKJBEP_1:Annotated using prokka 1.14.6 from https://github.com/tseemann/prokka

DiscRep_ALL:MISSING_GENOMEASSEMBLY_COMMENTS::1 bioseqs are missing GenomeAssembly structured comments
GCA_000536015.1_Stap_aure_M1473_V1_genomic.gbff_pp9/PROKKA_05152020:X:KPGKJBEP_1 (length 4221)

DiscRep_ALL:MOLTYPE_NOT_MRNA::1 molecule types are not set as mRNA.
GCA_000536015.1_Stap_aure_M1473_V1_genomic.gbff_pp9/PROKKA_05152020:X:KPGKJBEP_1 (length 4221)

DiscRep_ALL:TECHNIQUE_NOT_TSA::1 technique are not set as TSA
GCA_000536015.1_Stap_aure_M1473_V1_genomic.gbff_pp9/PROKKA_05152020:X:KPGKJBEP_1 (length 4221)

DiscRep_ALL:MISSING_STRUCTURED_COMMENT::1 sequences do not include structured comments.
GCA_000536015.1_Stap_aure_M1473_V1_genomic.gbff_pp9/PROKKA_05152020:X:KPGKJBEP_1 (length 4221)

DiscRep_ALL:MISSING_PROJECT::6 sequences do not include project.
GCA_000536015.1_Stap_aure_M1473_V1_genomic.gbff_pp9/PROKKA_05152020:X:KPGKJBEP_1 (length 4221)
GCA_000536015.1_Stap_aure_M1473_V1_genomic.gbff_pp9/PROKKA_05152020:X:KPGKJBEP_00001 (length 90)
GCA_000536015.1_Stap_aure_M1473_V1_genomic.gbff_pp9/PROKKA_05152020:X:KPGKJBEP_00002 (length 73)
GCA_000536015.1_Stap_aure_M1473_V1_genomic.gbff_pp9/PROKKA_05152020:X:KPGKJBEP_00003 (length 108)
GCA_000536015.1_Stap_aure_M1473_V1_genomic.gbff_pp9/PROKKA_05152020:X:KPGKJBEP_00004 (length 96)
GCA_000536015.1_Stap_aure_M1473_V1_genomic.gbff_pp9/PROKKA_05152020:X:KPGKJBEP_00005 (length 181)

DiscRep_ALL:DISC_INCONSISTENT_MOLINFO_TECH::Molinfo Technique Report (some missing, all same)
DiscRep_SUB:DISC_INCONSISTENT_MOLINFO_TECH::technique (all missing)
DiscRep_SUB:DISC_INCONSISTENT_MOLINFO_TECH::1 Molinfos are missing field technique
GCA_000536015.1_Stap_aure_M1473_V1_genomic.gbff_pp9/PROKKA_05152020:X:KPGKJBEP_1 (length 4221)

