Discrepancy Report Results

Summary
DISC_SOURCE_QUALS_ASNDISC:strain (all present, all unique)
DISC_SOURCE_QUALS_ASNDISC:taxname (all present, all unique)
DISC_FEATURE_COUNT:gene: 14 present
DISC_FEATURE_COUNT:CDS: 14 present
DISC_COUNT_NUCLEOTIDES:1 nucleotide Bioseqs are present
OVERLAPPING_GENES:4 genes overlap another gene on the same strand.
DISC_QUALITY_SCORES:Quality scores are missing on all sequences.
ONCALLER_COMMENT_PRESENT:1 comment descriptors were found (all same)
MISSING_GENOMEASSEMBLY_COMMENTS:1 bioseqs are missing GenomeAssembly structured comments
MOLTYPE_NOT_MRNA:1 molecule types are not set as mRNA.
TECHNIQUE_NOT_TSA:1 technique are not set as TSA
MISSING_STRUCTURED_COMMENT:1 sequences do not include structured comments.
MISSING_PROJECT:15 sequences do not include project.
DISC_INCONSISTENT_MOLINFO_TECH:Molinfo Technique Report (some missing, all same)


Detailed Report

DiscRep_ALL:DISC_SOURCE_QUALS_ASNDISC::strain (all present, all unique)
DiscRep_SUB:DISC_SOURCE_QUALS_ASNDISC::1 sources have unique values for strain
DiscRep_ALL:DISC_SOURCE_QUALS_ASNDISC::taxname (all present, all unique)
DiscRep_SUB:DISC_SOURCE_QUALS_ASNDISC::1 sources have unique values for taxname
DiscRep_ALL:DISC_FEATURE_COUNT::gene: 14 present
DiscRep_ALL:DISC_FEATURE_COUNT::CDS: 14 present
DiscRep_ALL:DISC_COUNT_NUCLEOTIDES::1 nucleotide Bioseqs are present
GCA_000009585.1_ASM958v1_genomic.gbff_pp9/PROKKA_05152020:X:KAFMMDNG_1 (length 13192)

DiscRep_ALL:OVERLAPPING_GENES::4 genes overlap another gene on the same strand.
GCA_000009585.1_ASM958v1_genomic.gbff_pp9/PROKKA_05152020:Gene	KAFMMDNG_00010	KAFMMDNG_1:c6747-5668	KAFMMDNG_00010
GCA_000009585.1_ASM958v1_genomic.gbff_pp9/PROKKA_05152020:Gene	essC	KAFMMDNG_1:c11192-6744	KAFMMDNG_00011
GCA_000009585.1_ASM958v1_genomic.gbff_pp9/PROKKA_05152020:Gene	esaB	KAFMMDNG_1:c12803-12561	KAFMMDNG_00013
GCA_000009585.1_ASM958v1_genomic.gbff_pp9/PROKKA_05152020:Gene	KAFMMDNG_00014	KAFMMDNG_1:c13161-12775	KAFMMDNG_00014

DiscRep_ALL:DISC_QUALITY_SCORES::Quality scores are missing on all sequences.

DiscRep_ALL:ONCALLER_COMMENT_PRESENT::1 comment descriptors were found (all same)
GCA_000009585.1_ASM958v1_genomic.gbff_pp9/PROKKA_05152020:X:KAFMMDNG_1:Annotated using prokka 1.14.6 from https://github.com/tseemann/prokka

DiscRep_ALL:MISSING_GENOMEASSEMBLY_COMMENTS::1 bioseqs are missing GenomeAssembly structured comments
GCA_000009585.1_ASM958v1_genomic.gbff_pp9/PROKKA_05152020:X:KAFMMDNG_1 (length 13192)

DiscRep_ALL:MOLTYPE_NOT_MRNA::1 molecule types are not set as mRNA.
GCA_000009585.1_ASM958v1_genomic.gbff_pp9/PROKKA_05152020:X:KAFMMDNG_1 (length 13192)

DiscRep_ALL:TECHNIQUE_NOT_TSA::1 technique are not set as TSA
GCA_000009585.1_ASM958v1_genomic.gbff_pp9/PROKKA_05152020:X:KAFMMDNG_1 (length 13192)

DiscRep_ALL:MISSING_STRUCTURED_COMMENT::1 sequences do not include structured comments.
GCA_000009585.1_ASM958v1_genomic.gbff_pp9/PROKKA_05152020:X:KAFMMDNG_1 (length 13192)

DiscRep_ALL:MISSING_PROJECT::15 sequences do not include project.
GCA_000009585.1_ASM958v1_genomic.gbff_pp9/PROKKA_05152020:X:KAFMMDNG_1 (length 13192)
GCA_000009585.1_ASM958v1_genomic.gbff_pp9/PROKKA_05152020:X:KAFMMDNG_00001 (length 279)
GCA_000009585.1_ASM958v1_genomic.gbff_pp9/PROKKA_05152020:X:KAFMMDNG_00002 (length 255)
GCA_000009585.1_ASM958v1_genomic.gbff_pp9/PROKKA_05152020:X:KAFMMDNG_00003 (length 130)
GCA_000009585.1_ASM958v1_genomic.gbff_pp9/PROKKA_05152020:X:KAFMMDNG_00004 (length 129)
GCA_000009585.1_ASM958v1_genomic.gbff_pp9/PROKKA_05152020:X:KAFMMDNG_00005 (length 124)
GCA_000009585.1_ASM958v1_genomic.gbff_pp9/PROKKA_05152020:X:KAFMMDNG_00006 (length 157)
GCA_000009585.1_ASM958v1_genomic.gbff_pp9/PROKKA_05152020:X:KAFMMDNG_00007 (length 137)
GCA_000009585.1_ASM958v1_genomic.gbff_pp9/PROKKA_05152020:X:KAFMMDNG_00008 (length 420)
GCA_000009585.1_ASM958v1_genomic.gbff_pp9/PROKKA_05152020:X:KAFMMDNG_00009 (length 96)
GCA_000009585.1_ASM958v1_genomic.gbff_pp9/PROKKA_05152020:X:KAFMMDNG_00010 (length 359)
GCA_000009585.1_ASM958v1_genomic.gbff_pp9/PROKKA_05152020:X:KAFMMDNG_00011 (length 1482)
GCA_000009585.1_ASM958v1_genomic.gbff_pp9/PROKKA_05152020:X:KAFMMDNG_00012 (length 444)
GCA_000009585.1_ASM958v1_genomic.gbff_pp9/PROKKA_05152020:X:KAFMMDNG_00013 (length 80)
GCA_000009585.1_ASM958v1_genomic.gbff_pp9/PROKKA_05152020:X:KAFMMDNG_00014 (length 128)

DiscRep_ALL:DISC_INCONSISTENT_MOLINFO_TECH::Molinfo Technique Report (some missing, all same)
DiscRep_SUB:DISC_INCONSISTENT_MOLINFO_TECH::technique (all missing)
DiscRep_SUB:DISC_INCONSISTENT_MOLINFO_TECH::1 Molinfos are missing field technique
GCA_000009585.1_ASM958v1_genomic.gbff_pp9/PROKKA_05152020:X:KAFMMDNG_1 (length 13192)

