[18:24:51] This is prokka 1.14.6
[18:24:51] Written by Torsten Seemann <torsten.seemann@gmail.com>
[18:24:51] Homepage is https://github.com/tseemann/prokka
[18:24:51] Local time is Fri May 15 18:24:51 2020
[18:24:51] You are tsweet
[18:24:51] Operating system is linux
[18:24:51] You have BioPerl 1.007002
[18:24:51] System has 8 cores.
[18:24:51] Will use maximum of 8 cores.
[18:24:51] Annotating as >>> Bacteria <<<
[18:24:51] Generating locus_tag from '585.1_ASM958v1_genomic.gbff_pp9' contents.
[18:24:51] Setting --locustag KAFMMDNG from MD5 4af66d70fe84a3f89a4e4b0c50571eb2
[18:24:51] Enabling options to ensure Genbank/ENA/DDJB submission compliance.
[18:24:51] Creating new output folder: GCA_000009585.1_ASM958v1_genomic.gbff_pp9
[18:24:51] Running: mkdir -p GCA_000009585\.1_ASM958v1_genomic\.gbff_pp9
[18:24:51] Using filename prefix: PROKKA_05152020.XXX
[18:24:51] Setting HMMER_NCPU=1
[18:24:51] Writing log to: GCA_000009585.1_ASM958v1_genomic.gbff_pp9/PROKKA_05152020.log
[18:24:51] Command: /home/tsweet/anaconda3/bin/prokka --centre X --compliant 585.1_ASM958v1_genomic.gbff_pp9 --outdir GCA_000009585.1_ASM958v1_genomic.gbff_pp9
[18:24:51] Appending to PATH: /home/tsweet/anaconda3/bin
[18:24:51] Looking for 'aragorn' - found /home/tsweet/anaconda3/bin/aragorn
[18:24:51] Determined aragorn version is 001002 from 'ARAGORN v1.2.38 Dean Laslett'
[18:24:51] Looking for 'barrnap' - found /home/tsweet/anaconda3/bin/barrnap
[18:24:51] Determined barrnap version is 000009 from 'barrnap 0.9'
[18:24:51] Looking for 'blastp' - found /home/tsweet/anaconda3/bin/blastp
[18:24:51] Determined blastp version is 002009 from 'blastp: 2.9.0+'
[18:24:51] Looking for 'cmpress' - found /home/tsweet/anaconda3/bin/cmpress
[18:24:51] Determined cmpress version is 001001 from '# INFERNAL 1.1.2 (July 2016)'
[18:24:51] Looking for 'cmscan' - found /home/tsweet/anaconda3/bin/cmscan
[18:24:51] Determined cmscan version is 001001 from '# INFERNAL 1.1.2 (July 2016)'
[18:24:51] Looking for 'egrep' - found /bin/egrep
[18:24:51] Looking for 'find' - found /usr/bin/find
[18:24:51] Looking for 'grep' - found /bin/grep
[18:24:51] Looking for 'hmmpress' - found /home/tsweet/anaconda3/bin/hmmpress
[18:24:51] Determined hmmpress version is 003003 from '# HMMER 3.3 (Nov 2019); http://hmmer.org/'
[18:24:51] Looking for 'hmmscan' - found /home/tsweet/anaconda3/bin/hmmscan
[18:24:51] Determined hmmscan version is 003003 from '# HMMER 3.3 (Nov 2019); http://hmmer.org/'
[18:24:51] Looking for 'java' - found /home/tsweet/anaconda3/bin/java
[18:24:51] Looking for 'makeblastdb' - found /home/tsweet/anaconda3/bin/makeblastdb
[18:24:51] Determined makeblastdb version is 002009 from 'makeblastdb: 2.9.0+'
[18:24:51] Looking for 'minced' - found /home/tsweet/anaconda3/bin/minced
[18:24:51] Determined minced version is 004002 from 'minced 0.4.2'
[18:24:51] Looking for 'parallel' - found /home/tsweet/anaconda3/bin/parallel
[18:24:51] Determined parallel version is 20200322 from 'GNU parallel 20200322'
[18:24:51] Looking for 'prodigal' - found /home/tsweet/anaconda3/bin/prodigal
[18:24:51] Determined prodigal version is 002006 from 'Prodigal V2.6.3: February, 2016'
[18:24:51] Looking for 'prokka-genbank_to_fasta_db' - found /home/tsweet/anaconda3/bin/prokka-genbank_to_fasta_db
[18:24:51] Looking for 'sed' - found /bin/sed
[18:24:51] Looking for 'tbl2asn' - found /home/tsweet/anaconda3/bin/tbl2asn
[18:24:51] Determined tbl2asn version is 025007 from 'tbl2asn 25.7   arguments:'
[18:24:51] Using genetic code table 11.
[18:24:51] Loading and checking input file: 585.1_ASM958v1_genomic.gbff_pp9
[18:24:51] Wrote 1 contigs totalling 13192 bp.
[18:24:51] Predicting tRNAs and tmRNAs
[18:24:51] Running: aragorn -l -gc11  -w GCA_000009585\.1_ASM958v1_genomic\.gbff_pp9\/PROKKA_05152020\.fna
[18:24:51] Found 0 tRNAs
[18:24:51] Predicting Ribosomal RNAs
[18:24:51] Running Barrnap with 8 threads
[18:24:51] Found 0 rRNAs
[18:24:51] Skipping ncRNA search, enable with --rfam if desired.
[18:24:51] Total of 0 tRNA + rRNA features
[18:24:51] Searching for CRISPR repeats
[18:24:51] Found 0 CRISPRs
[18:24:51] Predicting coding sequences
[18:24:51] Contigs total 13192 bp, so using meta mode
[18:24:51] Running: prodigal -i GCA_000009585\.1_ASM958v1_genomic\.gbff_pp9\/PROKKA_05152020\.fna -c -m -g 11 -p meta -f sco -q
[18:24:52] Found 14 CDS
[18:24:52] Connecting features back to sequences
[18:24:52] Not using genus-specific database. Try --usegenus to enable it.
[18:24:52] Annotating CDS, please be patient.
[18:24:52] Will use 8 CPUs for similarity searching.
[18:24:52] There are still 14 unannotated CDS left (started with 14)
[18:24:52] Will use blast to search against /home/tsweet/anaconda3/db/kingdom/Bacteria/IS with 8 CPUs
[18:24:52] Running: cat GCA_000009585\.1_ASM958v1_genomic\.gbff_pp9\/PROKKA_05152020\.IS\.tmp\.15524\.faa | parallel --gnu --plain -j 8 --block 267 --recstart '>' --pipe blastp -query - -db /home/tsweet/anaconda3/db/kingdom/Bacteria/IS -evalue 1e-30 -qcov_hsp_perc 90 -num_threads 1 -num_descriptions 1 -num_alignments 1 -seg no > GCA_000009585\.1_ASM958v1_genomic\.gbff_pp9\/PROKKA_05152020\.IS\.tmp\.15524\.blast 2> /dev/null
[18:24:52] Deleting unwanted file: GCA_000009585.1_ASM958v1_genomic.gbff_pp9/PROKKA_05152020.IS.tmp.15524.faa
[18:24:52] Deleting unwanted file: GCA_000009585.1_ASM958v1_genomic.gbff_pp9/PROKKA_05152020.IS.tmp.15524.blast
[18:24:52] There are still 13 unannotated CDS left (started with 14)
[18:24:52] Will use blast to search against /home/tsweet/anaconda3/db/kingdom/Bacteria/AMR with 8 CPUs
[18:24:52] Running: cat GCA_000009585\.1_ASM958v1_genomic\.gbff_pp9\/PROKKA_05152020\.AMR\.tmp\.15524\.faa | parallel --gnu --plain -j 8 --block 251 --recstart '>' --pipe blastp -query - -db /home/tsweet/anaconda3/db/kingdom/Bacteria/AMR -evalue 9.99999999999999e-301 -qcov_hsp_perc 90 -num_threads 1 -num_descriptions 1 -num_alignments 1 -seg no > GCA_000009585\.1_ASM958v1_genomic\.gbff_pp9\/PROKKA_05152020\.AMR\.tmp\.15524\.blast 2> /dev/null
[18:24:52] Deleting unwanted file: GCA_000009585.1_ASM958v1_genomic.gbff_pp9/PROKKA_05152020.AMR.tmp.15524.faa
[18:24:52] Deleting unwanted file: GCA_000009585.1_ASM958v1_genomic.gbff_pp9/PROKKA_05152020.AMR.tmp.15524.blast
[18:24:52] There are still 13 unannotated CDS left (started with 14)
[18:24:52] Will use blast to search against /home/tsweet/anaconda3/db/kingdom/Bacteria/sprot with 8 CPUs
[18:24:52] Running: cat GCA_000009585\.1_ASM958v1_genomic\.gbff_pp9\/PROKKA_05152020\.sprot\.tmp\.15524\.faa | parallel --gnu --plain -j 8 --block 251 --recstart '>' --pipe blastp -query - -db /home/tsweet/anaconda3/db/kingdom/Bacteria/sprot -evalue 1e-09 -qcov_hsp_perc 80 -num_threads 1 -num_descriptions 1 -num_alignments 1 -seg no > GCA_000009585\.1_ASM958v1_genomic\.gbff_pp9\/PROKKA_05152020\.sprot\.tmp\.15524\.blast 2> /dev/null
[18:24:53] Deleting unwanted file: GCA_000009585.1_ASM958v1_genomic.gbff_pp9/PROKKA_05152020.sprot.tmp.15524.faa
[18:24:53] Deleting unwanted file: GCA_000009585.1_ASM958v1_genomic.gbff_pp9/PROKKA_05152020.sprot.tmp.15524.blast
[18:24:53] There are still 10 unannotated CDS left (started with 14)
[18:24:53] Will use hmmer3 to search against /home/tsweet/anaconda3/db/hmm/HAMAP.hmm with 8 CPUs
[18:24:53] Running: cat GCA_000009585\.1_ASM958v1_genomic\.gbff_pp9\/PROKKA_05152020\.HAMAP\.hmm\.tmp\.15524\.faa | parallel --gnu --plain -j 8 --block 125 --recstart '>' --pipe hmmscan --noali --notextw --acc -E 1e-09 --cpu 1 /home/tsweet/anaconda3/db/hmm/HAMAP.hmm /dev/stdin > GCA_000009585\.1_ASM958v1_genomic\.gbff_pp9\/PROKKA_05152020\.HAMAP\.hmm\.tmp\.15524\.hmmer3 2> /dev/null
[18:24:53] Deleting unwanted file: GCA_000009585.1_ASM958v1_genomic.gbff_pp9/PROKKA_05152020.HAMAP.hmm.tmp.15524.faa
[18:24:53] Deleting unwanted file: GCA_000009585.1_ASM958v1_genomic.gbff_pp9/PROKKA_05152020.HAMAP.hmm.tmp.15524.hmmer3
[18:24:53] Labelling remaining 10 proteins as 'hypothetical protein'
[18:24:53] Found 3 unique /gene codes.
[18:24:53] Fixed 0 colliding /gene names.
[18:24:53] Adding /locus_tag identifiers
[18:24:53] Assigned 14 locus_tags to CDS and RNA features.
[18:24:53] Writing outputs to GCA_000009585.1_ASM958v1_genomic.gbff_pp9/
[18:24:53] Generating annotation statistics file
[18:24:53] Generating Genbank and Sequin files
[18:24:53] Running: tbl2asn -V b -a r10k -l paired-ends -M n -N 1 -y 'Annotated using prokka 1.14.6 from https://github.com/tseemann/prokka' -Z GCA_000009585\.1_ASM958v1_genomic\.gbff_pp9\/PROKKA_05152020\.err -i GCA_000009585\.1_ASM958v1_genomic\.gbff_pp9\/PROKKA_05152020\.fsa 2> /dev/null
[18:24:53] Deleting unwanted file: GCA_000009585.1_ASM958v1_genomic.gbff_pp9/errorsummary.val
[18:24:53] Deleting unwanted file: GCA_000009585.1_ASM958v1_genomic.gbff_pp9/PROKKA_05152020.dr
[18:24:53] Deleting unwanted file: GCA_000009585.1_ASM958v1_genomic.gbff_pp9/PROKKA_05152020.fixedproducts
[18:24:53] Deleting unwanted file: GCA_000009585.1_ASM958v1_genomic.gbff_pp9/PROKKA_05152020.ecn
[18:24:53] Deleting unwanted file: GCA_000009585.1_ASM958v1_genomic.gbff_pp9/PROKKA_05152020.val
[18:24:53] Repairing broken .GBK output that tbl2asn produces...
[18:24:53] Running: sed 's/COORDINATES: profile/COORDINATES:profile/' < GCA_000009585\.1_ASM958v1_genomic\.gbff_pp9\/PROKKA_05152020\.gbf > GCA_000009585\.1_ASM958v1_genomic\.gbff_pp9\/PROKKA_05152020\.gbk
[18:24:53] Deleting unwanted file: GCA_000009585.1_ASM958v1_genomic.gbff_pp9/PROKKA_05152020.gbf
[18:24:53] Output files:
[18:24:53] GCA_000009585.1_ASM958v1_genomic.gbff_pp9/PROKKA_05152020.err
[18:24:53] GCA_000009585.1_ASM958v1_genomic.gbff_pp9/PROKKA_05152020.faa
[18:24:53] GCA_000009585.1_ASM958v1_genomic.gbff_pp9/PROKKA_05152020.txt
[18:24:53] GCA_000009585.1_ASM958v1_genomic.gbff_pp9/PROKKA_05152020.fna
[18:24:53] GCA_000009585.1_ASM958v1_genomic.gbff_pp9/PROKKA_05152020.gbk
[18:24:53] GCA_000009585.1_ASM958v1_genomic.gbff_pp9/PROKKA_05152020.log
[18:24:53] GCA_000009585.1_ASM958v1_genomic.gbff_pp9/PROKKA_05152020.tsv
[18:24:53] GCA_000009585.1_ASM958v1_genomic.gbff_pp9/PROKKA_05152020.tbl
[18:24:53] GCA_000009585.1_ASM958v1_genomic.gbff_pp9/PROKKA_05152020.ffn
[18:24:53] GCA_000009585.1_ASM958v1_genomic.gbff_pp9/PROKKA_05152020.sqn
[18:24:53] GCA_000009585.1_ASM958v1_genomic.gbff_pp9/PROKKA_05152020.gff
[18:24:53] GCA_000009585.1_ASM958v1_genomic.gbff_pp9/PROKKA_05152020.fsa
[18:24:53] Annotation finished successfully.
[18:24:53] Walltime used: 0.03 minutes
[18:24:53] If you use this result please cite the Prokka paper:
[18:24:53] Seemann T (2014) Prokka: rapid prokaryotic genome annotation. Bioinformatics. 30(14):2068-9.
[18:24:53] Type 'prokka --citation' for more details.
[18:24:53] Thank you, come again.
