[18:22:08] This is prokka 1.14.6
[18:22:08] Written by Torsten Seemann <torsten.seemann@gmail.com>
[18:22:08] Homepage is https://github.com/tseemann/prokka
[18:22:08] Local time is Fri May 15 18:22:08 2020
[18:22:08] You are tsweet
[18:22:08] Operating system is linux
[18:22:08] You have BioPerl 1.007002
[18:22:08] System has 8 cores.
[18:22:08] Will use maximum of 8 cores.
[18:22:08] Annotating as >>> Bacteria <<<
[18:22:08] Generating locus_tag from '046295.1_ASM104629v1_genomic.gbff_pp17' contents.
[18:22:08] Setting --locustag HFFEDDFJ from MD5 1ffeddf3471c2374813293f7ab92177d
[18:22:08] Enabling options to ensure Genbank/ENA/DDJB submission compliance.
[18:22:08] Creating new output folder: 1_ASM104629v1_genomic.gbff_pp17
[18:22:08] Running: mkdir -p 1_ASM104629v1_genomic\.gbff_pp17
[18:22:08] Using filename prefix: PROKKA_05152020.XXX
[18:22:08] Setting HMMER_NCPU=1
[18:22:08] Writing log to: 1_ASM104629v1_genomic.gbff_pp17/PROKKA_05152020.log
[18:22:08] Command: /home/tsweet/anaconda3/bin/prokka --centre X --compliant 046295.1_ASM104629v1_genomic.gbff_pp17 --outdir 1_ASM104629v1_genomic.gbff_pp17
[18:22:08] Appending to PATH: /home/tsweet/anaconda3/bin
[18:22:08] Looking for 'aragorn' - found /home/tsweet/anaconda3/bin/aragorn
[18:22:08] Determined aragorn version is 001002 from 'ARAGORN v1.2.38 Dean Laslett'
[18:22:08] Looking for 'barrnap' - found /home/tsweet/anaconda3/bin/barrnap
[18:22:08] Determined barrnap version is 000009 from 'barrnap 0.9'
[18:22:08] Looking for 'blastp' - found /home/tsweet/anaconda3/bin/blastp
[18:22:08] Determined blastp version is 002009 from 'blastp: 2.9.0+'
[18:22:08] Looking for 'cmpress' - found /home/tsweet/anaconda3/bin/cmpress
[18:22:08] Determined cmpress version is 001001 from '# INFERNAL 1.1.2 (July 2016)'
[18:22:08] Looking for 'cmscan' - found /home/tsweet/anaconda3/bin/cmscan
[18:22:08] Determined cmscan version is 001001 from '# INFERNAL 1.1.2 (July 2016)'
[18:22:08] Looking for 'egrep' - found /bin/egrep
[18:22:08] Looking for 'find' - found /usr/bin/find
[18:22:08] Looking for 'grep' - found /bin/grep
[18:22:08] Looking for 'hmmpress' - found /home/tsweet/anaconda3/bin/hmmpress
[18:22:08] Determined hmmpress version is 003003 from '# HMMER 3.3 (Nov 2019); http://hmmer.org/'
[18:22:08] Looking for 'hmmscan' - found /home/tsweet/anaconda3/bin/hmmscan
[18:22:08] Determined hmmscan version is 003003 from '# HMMER 3.3 (Nov 2019); http://hmmer.org/'
[18:22:08] Looking for 'java' - found /home/tsweet/anaconda3/bin/java
[18:22:08] Looking for 'makeblastdb' - found /home/tsweet/anaconda3/bin/makeblastdb
[18:22:08] Determined makeblastdb version is 002009 from 'makeblastdb: 2.9.0+'
[18:22:08] Looking for 'minced' - found /home/tsweet/anaconda3/bin/minced
[18:22:08] Determined minced version is 004002 from 'minced 0.4.2'
[18:22:08] Looking for 'parallel' - found /home/tsweet/anaconda3/bin/parallel
[18:22:08] Determined parallel version is 20200322 from 'GNU parallel 20200322'
[18:22:08] Looking for 'prodigal' - found /home/tsweet/anaconda3/bin/prodigal
[18:22:08] Determined prodigal version is 002006 from 'Prodigal V2.6.3: February, 2016'
[18:22:08] Looking for 'prokka-genbank_to_fasta_db' - found /home/tsweet/anaconda3/bin/prokka-genbank_to_fasta_db
[18:22:08] Looking for 'sed' - found /bin/sed
[18:22:08] Looking for 'tbl2asn' - found /home/tsweet/anaconda3/bin/tbl2asn
[18:22:08] Determined tbl2asn version is 025007 from 'tbl2asn 25.7   arguments:'
[18:22:08] Using genetic code table 11.
[18:22:08] Loading and checking input file: 046295.1_ASM104629v1_genomic.gbff_pp17
[18:22:08] Wrote 1 contigs totalling 22908 bp.
[18:22:08] Predicting tRNAs and tmRNAs
[18:22:08] Running: aragorn -l -gc11  -w 1_ASM104629v1_genomic\.gbff_pp17\/PROKKA_05152020\.fna
[18:22:08] Found 0 tRNAs
[18:22:08] Predicting Ribosomal RNAs
[18:22:08] Running Barrnap with 8 threads
[18:22:08] Found 0 rRNAs
[18:22:08] Skipping ncRNA search, enable with --rfam if desired.
[18:22:08] Total of 0 tRNA + rRNA features
[18:22:08] Searching for CRISPR repeats
[18:22:09] Found 0 CRISPRs
[18:22:09] Predicting coding sequences
[18:22:09] Contigs total 22908 bp, so using meta mode
[18:22:09] Running: prodigal -i 1_ASM104629v1_genomic\.gbff_pp17\/PROKKA_05152020\.fna -c -m -g 11 -p meta -f sco -q
[18:22:09] Found 22 CDS
[18:22:09] Connecting features back to sequences
[18:22:09] Not using genus-specific database. Try --usegenus to enable it.
[18:22:09] Annotating CDS, please be patient.
[18:22:09] Will use 8 CPUs for similarity searching.
[18:22:09] There are still 22 unannotated CDS left (started with 22)
[18:22:09] Will use blast to search against /home/tsweet/anaconda3/db/kingdom/Bacteria/IS with 8 CPUs
[18:22:09] Running: cat 1_ASM104629v1_genomic\.gbff_pp17\/PROKKA_05152020\.IS\.tmp\.17866\.faa | parallel --gnu --plain -j 8 --block 387 --recstart '>' --pipe blastp -query - -db /home/tsweet/anaconda3/db/kingdom/Bacteria/IS -evalue 1e-30 -qcov_hsp_perc 90 -num_threads 1 -num_descriptions 1 -num_alignments 1 -seg no > 1_ASM104629v1_genomic\.gbff_pp17\/PROKKA_05152020\.IS\.tmp\.17866\.blast 2> /dev/null
[18:22:09] Deleting unwanted file: 1_ASM104629v1_genomic.gbff_pp17/PROKKA_05152020.IS.tmp.17866.faa
[18:22:09] Deleting unwanted file: 1_ASM104629v1_genomic.gbff_pp17/PROKKA_05152020.IS.tmp.17866.blast
[18:22:09] There are still 22 unannotated CDS left (started with 22)
[18:22:09] Will use blast to search against /home/tsweet/anaconda3/db/kingdom/Bacteria/AMR with 8 CPUs
[18:22:09] Running: cat 1_ASM104629v1_genomic\.gbff_pp17\/PROKKA_05152020\.AMR\.tmp\.17866\.faa | parallel --gnu --plain -j 8 --block 387 --recstart '>' --pipe blastp -query - -db /home/tsweet/anaconda3/db/kingdom/Bacteria/AMR -evalue 9.99999999999999e-301 -qcov_hsp_perc 90 -num_threads 1 -num_descriptions 1 -num_alignments 1 -seg no > 1_ASM104629v1_genomic\.gbff_pp17\/PROKKA_05152020\.AMR\.tmp\.17866\.blast 2> /dev/null
[18:22:09] Deleting unwanted file: 1_ASM104629v1_genomic.gbff_pp17/PROKKA_05152020.AMR.tmp.17866.faa
[18:22:09] Deleting unwanted file: 1_ASM104629v1_genomic.gbff_pp17/PROKKA_05152020.AMR.tmp.17866.blast
[18:22:09] There are still 22 unannotated CDS left (started with 22)
[18:22:09] Will use blast to search against /home/tsweet/anaconda3/db/kingdom/Bacteria/sprot with 8 CPUs
[18:22:09] Running: cat 1_ASM104629v1_genomic\.gbff_pp17\/PROKKA_05152020\.sprot\.tmp\.17866\.faa | parallel --gnu --plain -j 8 --block 387 --recstart '>' --pipe blastp -query - -db /home/tsweet/anaconda3/db/kingdom/Bacteria/sprot -evalue 1e-09 -qcov_hsp_perc 80 -num_threads 1 -num_descriptions 1 -num_alignments 1 -seg no > 1_ASM104629v1_genomic\.gbff_pp17\/PROKKA_05152020\.sprot\.tmp\.17866\.blast 2> /dev/null
[18:22:10] Modify product: UPF0346 protein MW1311 => hypothetical protein
[18:22:10] Modify product: UPF0403 protein SA1261 => hypothetical protein
[18:22:10] Modify product: Probable CtpA-like serine protease => putative CtpA-like serine protease
[18:22:10] Modify product: DegV domain-containing protein MW1315 => DegV domain-containing protein
[18:22:10] Cleaned 4 /product names
[18:22:10] Deleting unwanted file: 1_ASM104629v1_genomic.gbff_pp17/PROKKA_05152020.sprot.tmp.17866.faa
[18:22:10] Deleting unwanted file: 1_ASM104629v1_genomic.gbff_pp17/PROKKA_05152020.sprot.tmp.17866.blast
[18:22:10] There are still 6 unannotated CDS left (started with 22)
[18:22:10] Will use hmmer3 to search against /home/tsweet/anaconda3/db/hmm/HAMAP.hmm with 8 CPUs
[18:22:10] Running: cat 1_ASM104629v1_genomic\.gbff_pp17\/PROKKA_05152020\.HAMAP\.hmm\.tmp\.17866\.faa | parallel --gnu --plain -j 8 --block 72 --recstart '>' --pipe hmmscan --noali --notextw --acc -E 1e-09 --cpu 1 /home/tsweet/anaconda3/db/hmm/HAMAP.hmm /dev/stdin > 1_ASM104629v1_genomic\.gbff_pp17\/PROKKA_05152020\.HAMAP\.hmm\.tmp\.17866\.hmmer3 2> /dev/null
[18:22:10] Deleting unwanted file: 1_ASM104629v1_genomic.gbff_pp17/PROKKA_05152020.HAMAP.hmm.tmp.17866.faa
[18:22:10] Deleting unwanted file: 1_ASM104629v1_genomic.gbff_pp17/PROKKA_05152020.HAMAP.hmm.tmp.17866.hmmer3
[18:22:10] Labelling remaining 5 proteins as 'hypothetical protein'
[18:22:10] Found 12 unique /gene codes.
[18:22:10] Fixed 0 colliding /gene names.
[18:22:10] Adding /locus_tag identifiers
[18:22:10] Assigned 22 locus_tags to CDS and RNA features.
[18:22:10] Writing outputs to 1_ASM104629v1_genomic.gbff_pp17/
[18:22:10] Generating annotation statistics file
[18:22:10] Generating Genbank and Sequin files
[18:22:10] Running: tbl2asn -V b -a r10k -l paired-ends -M n -N 1 -y 'Annotated using prokka 1.14.6 from https://github.com/tseemann/prokka' -Z 1_ASM104629v1_genomic\.gbff_pp17\/PROKKA_05152020\.err -i 1_ASM104629v1_genomic\.gbff_pp17\/PROKKA_05152020\.fsa 2> /dev/null
[18:22:11] Deleting unwanted file: 1_ASM104629v1_genomic.gbff_pp17/errorsummary.val
[18:22:11] Deleting unwanted file: 1_ASM104629v1_genomic.gbff_pp17/PROKKA_05152020.dr
[18:22:11] Deleting unwanted file: 1_ASM104629v1_genomic.gbff_pp17/PROKKA_05152020.fixedproducts
[18:22:11] Deleting unwanted file: 1_ASM104629v1_genomic.gbff_pp17/PROKKA_05152020.ecn
[18:22:11] Deleting unwanted file: 1_ASM104629v1_genomic.gbff_pp17/PROKKA_05152020.val
[18:22:11] Repairing broken .GBK output that tbl2asn produces...
[18:22:11] Running: sed 's/COORDINATES: profile/COORDINATES:profile/' < 1_ASM104629v1_genomic\.gbff_pp17\/PROKKA_05152020\.gbf > 1_ASM104629v1_genomic\.gbff_pp17\/PROKKA_05152020\.gbk
[18:22:11] Deleting unwanted file: 1_ASM104629v1_genomic.gbff_pp17/PROKKA_05152020.gbf
[18:22:11] Output files:
[18:22:11] 1_ASM104629v1_genomic.gbff_pp17/PROKKA_05152020.err
[18:22:11] 1_ASM104629v1_genomic.gbff_pp17/PROKKA_05152020.faa
[18:22:11] 1_ASM104629v1_genomic.gbff_pp17/PROKKA_05152020.txt
[18:22:11] 1_ASM104629v1_genomic.gbff_pp17/PROKKA_05152020.fna
[18:22:11] 1_ASM104629v1_genomic.gbff_pp17/PROKKA_05152020.gbk
[18:22:11] 1_ASM104629v1_genomic.gbff_pp17/PROKKA_05152020.log
[18:22:11] 1_ASM104629v1_genomic.gbff_pp17/PROKKA_05152020.tsv
[18:22:11] 1_ASM104629v1_genomic.gbff_pp17/PROKKA_05152020.tbl
[18:22:11] 1_ASM104629v1_genomic.gbff_pp17/PROKKA_05152020.ffn
[18:22:11] 1_ASM104629v1_genomic.gbff_pp17/PROKKA_05152020.sqn
[18:22:11] 1_ASM104629v1_genomic.gbff_pp17/PROKKA_05152020.gff
[18:22:11] 1_ASM104629v1_genomic.gbff_pp17/PROKKA_05152020.fsa
[18:22:11] Annotation finished successfully.
[18:22:11] Walltime used: 0.05 minutes
[18:22:11] If you use this result please cite the Prokka paper:
[18:22:11] Seemann T (2014) Prokka: rapid prokaryotic genome annotation. Bioinformatics. 30(14):2068-9.
[18:22:11] Type 'prokka --citation' for more details.
[18:22:11] Share and enjoy!
