Discrepancy Report Results

Summary
DISC_SOURCE_QUALS_ASNDISC:strain (all present, all unique)
DISC_SOURCE_QUALS_ASNDISC:taxname (all present, all unique)
DISC_FEATURE_COUNT:gene: 18 present
DISC_FEATURE_COUNT:CDS: 18 present
DISC_COUNT_NUCLEOTIDES:1 nucleotide Bioseqs are present
OVERLAPPING_GENES:2 genes overlap another gene on the same strand.
DISC_QUALITY_SCORES:Quality scores are missing on all sequences.
ONCALLER_COMMENT_PRESENT:1 comment descriptors were found (all same)
MISSING_GENOMEASSEMBLY_COMMENTS:1 bioseqs are missing GenomeAssembly structured comments
MOLTYPE_NOT_MRNA:1 molecule types are not set as mRNA.
TECHNIQUE_NOT_TSA:1 technique are not set as TSA
MISSING_STRUCTURED_COMMENT:1 sequences do not include structured comments.
MISSING_PROJECT:19 sequences do not include project.
DISC_INCONSISTENT_MOLINFO_TECH:Molinfo Technique Report (some missing, all same)


Detailed Report

DiscRep_ALL:DISC_SOURCE_QUALS_ASNDISC::strain (all present, all unique)
DiscRep_SUB:DISC_SOURCE_QUALS_ASNDISC::1 sources have unique values for strain
DiscRep_ALL:DISC_SOURCE_QUALS_ASNDISC::taxname (all present, all unique)
DiscRep_SUB:DISC_SOURCE_QUALS_ASNDISC::1 sources have unique values for taxname
DiscRep_ALL:DISC_FEATURE_COUNT::gene: 18 present
DiscRep_ALL:DISC_FEATURE_COUNT::CDS: 18 present
DiscRep_ALL:DISC_COUNT_NUCLEOTIDES::1 nucleotide Bioseqs are present
GCA_000011505.1_ASM1150v1_genomic.gbff_pp18/PROKKA_05152020:X:EOLKNJBM_1 (length 17069)

DiscRep_ALL:OVERLAPPING_GENES::2 genes overlap another gene on the same strand.
GCA_000011505.1_ASM1150v1_genomic.gbff_pp18/PROKKA_05152020:Gene	EOLKNJBM_00013	EOLKNJBM_1:11119-11706	EOLKNJBM_00013
GCA_000011505.1_ASM1150v1_genomic.gbff_pp18/PROKKA_05152020:Gene	EOLKNJBM_00014	EOLKNJBM_1:11696-12283	EOLKNJBM_00014

DiscRep_ALL:DISC_QUALITY_SCORES::Quality scores are missing on all sequences.

DiscRep_ALL:ONCALLER_COMMENT_PRESENT::1 comment descriptors were found (all same)
GCA_000011505.1_ASM1150v1_genomic.gbff_pp18/PROKKA_05152020:X:EOLKNJBM_1:Annotated using prokka 1.14.6 from https://github.com/tseemann/prokka

DiscRep_ALL:MISSING_GENOMEASSEMBLY_COMMENTS::1 bioseqs are missing GenomeAssembly structured comments
GCA_000011505.1_ASM1150v1_genomic.gbff_pp18/PROKKA_05152020:X:EOLKNJBM_1 (length 17069)

DiscRep_ALL:MOLTYPE_NOT_MRNA::1 molecule types are not set as mRNA.
GCA_000011505.1_ASM1150v1_genomic.gbff_pp18/PROKKA_05152020:X:EOLKNJBM_1 (length 17069)

DiscRep_ALL:TECHNIQUE_NOT_TSA::1 technique are not set as TSA
GCA_000011505.1_ASM1150v1_genomic.gbff_pp18/PROKKA_05152020:X:EOLKNJBM_1 (length 17069)

DiscRep_ALL:MISSING_STRUCTURED_COMMENT::1 sequences do not include structured comments.
GCA_000011505.1_ASM1150v1_genomic.gbff_pp18/PROKKA_05152020:X:EOLKNJBM_1 (length 17069)

DiscRep_ALL:MISSING_PROJECT::19 sequences do not include project.
GCA_000011505.1_ASM1150v1_genomic.gbff_pp18/PROKKA_05152020:X:EOLKNJBM_1 (length 17069)
GCA_000011505.1_ASM1150v1_genomic.gbff_pp18/PROKKA_05152020:X:EOLKNJBM_00001 (length 204)
GCA_000011505.1_ASM1150v1_genomic.gbff_pp18/PROKKA_05152020:X:EOLKNJBM_00002 (length 332)
GCA_000011505.1_ASM1150v1_genomic.gbff_pp18/PROKKA_05152020:X:EOLKNJBM_00003 (length 90)
GCA_000011505.1_ASM1150v1_genomic.gbff_pp18/PROKKA_05152020:X:EOLKNJBM_00004 (length 190)
GCA_000011505.1_ASM1150v1_genomic.gbff_pp18/PROKKA_05152020:X:EOLKNJBM_00005 (length 241)
GCA_000011505.1_ASM1150v1_genomic.gbff_pp18/PROKKA_05152020:X:EOLKNJBM_00006 (length 314)
GCA_000011505.1_ASM1150v1_genomic.gbff_pp18/PROKKA_05152020:X:EOLKNJBM_00007 (length 149)
GCA_000011505.1_ASM1150v1_genomic.gbff_pp18/PROKKA_05152020:X:EOLKNJBM_00008 (length 66)
GCA_000011505.1_ASM1150v1_genomic.gbff_pp18/PROKKA_05152020:X:EOLKNJBM_00009 (length 388)
GCA_000011505.1_ASM1150v1_genomic.gbff_pp18/PROKKA_05152020:X:EOLKNJBM_00010 (length 354)
GCA_000011505.1_ASM1150v1_genomic.gbff_pp18/PROKKA_05152020:X:EOLKNJBM_00011 (length 432)
GCA_000011505.1_ASM1150v1_genomic.gbff_pp18/PROKKA_05152020:X:EOLKNJBM_00012 (length 414)
GCA_000011505.1_ASM1150v1_genomic.gbff_pp18/PROKKA_05152020:X:EOLKNJBM_00013 (length 195)
GCA_000011505.1_ASM1150v1_genomic.gbff_pp18/PROKKA_05152020:X:EOLKNJBM_00014 (length 195)
GCA_000011505.1_ASM1150v1_genomic.gbff_pp18/PROKKA_05152020:X:EOLKNJBM_00015 (length 232)
GCA_000011505.1_ASM1150v1_genomic.gbff_pp18/PROKKA_05152020:X:EOLKNJBM_00016 (length 105)
GCA_000011505.1_ASM1150v1_genomic.gbff_pp18/PROKKA_05152020:X:EOLKNJBM_00017 (length 380)
GCA_000011505.1_ASM1150v1_genomic.gbff_pp18/PROKKA_05152020:X:EOLKNJBM_00018 (length 400)

DiscRep_ALL:DISC_INCONSISTENT_MOLINFO_TECH::Molinfo Technique Report (some missing, all same)
DiscRep_SUB:DISC_INCONSISTENT_MOLINFO_TECH::technique (all missing)
DiscRep_SUB:DISC_INCONSISTENT_MOLINFO_TECH::1 Molinfos are missing field technique
GCA_000011505.1_ASM1150v1_genomic.gbff_pp18/PROKKA_05152020:X:EOLKNJBM_1 (length 17069)

