Discrepancy Report Results

Summary
DISC_SOURCE_QUALS_ASNDISC:strain (all present, all unique)
DISC_SOURCE_QUALS_ASNDISC:taxname (all present, all unique)
DISC_FEATURE_COUNT:gene: 75 present
DISC_FEATURE_COUNT:CDS: 75 present
DISC_COUNT_NUCLEOTIDES:1 nucleotide Bioseqs are present
OVERLAPPING_GENES:23 genes overlap another gene on the same strand.
DISC_QUALITY_SCORES:Quality scores are missing on all sequences.
ONCALLER_COMMENT_PRESENT:1 comment descriptors were found (all same)
MISSING_GENOMEASSEMBLY_COMMENTS:1 bioseqs are missing GenomeAssembly structured comments
MOLTYPE_NOT_MRNA:1 molecule types are not set as mRNA.
TECHNIQUE_NOT_TSA:1 technique are not set as TSA
MISSING_STRUCTURED_COMMENT:1 sequences do not include structured comments.
MISSING_PROJECT:76 sequences do not include project.
DISC_INCONSISTENT_MOLINFO_TECH:Molinfo Technique Report (some missing, all same)


Detailed Report

DiscRep_ALL:DISC_SOURCE_QUALS_ASNDISC::strain (all present, all unique)
DiscRep_SUB:DISC_SOURCE_QUALS_ASNDISC::1 sources have unique values for strain
DiscRep_ALL:DISC_SOURCE_QUALS_ASNDISC::taxname (all present, all unique)
DiscRep_SUB:DISC_SOURCE_QUALS_ASNDISC::1 sources have unique values for taxname
DiscRep_ALL:DISC_FEATURE_COUNT::gene: 75 present
DiscRep_ALL:DISC_FEATURE_COUNT::CDS: 75 present
DiscRep_ALL:DISC_COUNT_NUCLEOTIDES::1 nucleotide Bioseqs are present
GCA_000009005.1_ASM900v1_genomic.gbff_pp21/PROKKA_05152020:X:FIMMPJNN_1 (length 87985)

DiscRep_ALL:OVERLAPPING_GENES::23 genes overlap another gene on the same strand.
GCA_000009005.1_ASM900v1_genomic.gbff_pp21/PROKKA_05152020:Gene	phaB	FIMMPJNN_1:c7881-7177	FIMMPJNN_00008
GCA_000009005.1_ASM900v1_genomic.gbff_pp21/PROKKA_05152020:Gene	FIMMPJNN_00009	FIMMPJNN_1:c9167-7881	FIMMPJNN_00009
GCA_000009005.1_ASM900v1_genomic.gbff_pp21/PROKKA_05152020:Gene	FIMMPJNN_00010	FIMMPJNN_1:c10432-9167	FIMMPJNN_00010
GCA_000009005.1_ASM900v1_genomic.gbff_pp21/PROKKA_05152020:Gene	rplGA	FIMMPJNN_1:c23813-23496	FIMMPJNN_00020
GCA_000009005.1_ASM900v1_genomic.gbff_pp21/PROKKA_05152020:Gene	FIMMPJNN_00021	FIMMPJNN_1:c24094-23810	FIMMPJNN_00021
GCA_000009005.1_ASM900v1_genomic.gbff_pp21/PROKKA_05152020:Gene	hslV	FIMMPJNN_1:c42209-41664	FIMMPJNN_00035
GCA_000009005.1_ASM900v1_genomic.gbff_pp21/PROKKA_05152020:Gene	xerC	FIMMPJNN_1:c43102-42206	FIMMPJNN_00036
GCA_000009005.1_ASM900v1_genomic.gbff_pp21/PROKKA_05152020:Gene	rnhB	FIMMPJNN_1:c53864-53097	FIMMPJNN_00044
GCA_000009005.1_ASM900v1_genomic.gbff_pp21/PROKKA_05152020:Gene	rbgA	FIMMPJNN_1:c54732-53848	FIMMPJNN_00045
GCA_000009005.1_ASM900v1_genomic.gbff_pp21/PROKKA_05152020:Gene	trmD	FIMMPJNN_1:c59170-58433	FIMMPJNN_00048
GCA_000009005.1_ASM900v1_genomic.gbff_pp21/PROKKA_05152020:Gene	rimM	FIMMPJNN_1:c59673-59170	FIMMPJNN_00049
GCA_000009005.1_ASM900v1_genomic.gbff_pp21/PROKKA_05152020:Gene	FIMMPJNN_00052	FIMMPJNN_1:c62296-61964	FIMMPJNN_00052
GCA_000009005.1_ASM900v1_genomic.gbff_pp21/PROKKA_05152020:Gene	ftsY	FIMMPJNN_1:c63533-62283	FIMMPJNN_00053
GCA_000009005.1_ASM900v1_genomic.gbff_pp21/PROKKA_05152020:Gene	smc	FIMMPJNN_1:c67099-63533	FIMMPJNN_00054
GCA_000009005.1_ASM900v1_genomic.gbff_pp21/PROKKA_05152020:Gene	fabG	FIMMPJNN_1:c69559-68825	FIMMPJNN_00057
GCA_000009005.1_ASM900v1_genomic.gbff_pp21/PROKKA_05152020:Gene	fabD	FIMMPJNN_1:c70478-69552	FIMMPJNN_00058
GCA_000009005.1_ASM900v1_genomic.gbff_pp21/PROKKA_05152020:Gene	plsX	FIMMPJNN_1:c71478-70471	FIMMPJNN_00059
GCA_000009005.1_ASM900v1_genomic.gbff_pp21/PROKKA_05152020:Gene	fapR	FIMMPJNN_1:c72034-71462	FIMMPJNN_00060
GCA_000009005.1_ASM900v1_genomic.gbff_pp21/PROKKA_05152020:Gene	prkC	FIMMPJNN_1:c81902-79908	FIMMPJNN_00068
GCA_000009005.1_ASM900v1_genomic.gbff_pp21/PROKKA_05152020:Gene	stp	FIMMPJNN_1:c82642-81899	FIMMPJNN_00069
GCA_000009005.1_ASM900v1_genomic.gbff_pp21/PROKKA_05152020:Gene	rsmB	FIMMPJNN_1:c85053-83746	FIMMPJNN_00071
GCA_000009005.1_ASM900v1_genomic.gbff_pp21/PROKKA_05152020:Gene	fmt	FIMMPJNN_1:c85985-85050	FIMMPJNN_00072
GCA_000009005.1_ASM900v1_genomic.gbff_pp21/PROKKA_05152020:Gene	def1	FIMMPJNN_1:c86466-85978	FIMMPJNN_00073

DiscRep_ALL:DISC_QUALITY_SCORES::Quality scores are missing on all sequences.

DiscRep_ALL:ONCALLER_COMMENT_PRESENT::1 comment descriptors were found (all same)
GCA_000009005.1_ASM900v1_genomic.gbff_pp21/PROKKA_05152020:X:FIMMPJNN_1:Annotated using prokka 1.14.6 from https://github.com/tseemann/prokka

DiscRep_ALL:MISSING_GENOMEASSEMBLY_COMMENTS::1 bioseqs are missing GenomeAssembly structured comments
GCA_000009005.1_ASM900v1_genomic.gbff_pp21/PROKKA_05152020:X:FIMMPJNN_1 (length 87985)

DiscRep_ALL:MOLTYPE_NOT_MRNA::1 molecule types are not set as mRNA.
GCA_000009005.1_ASM900v1_genomic.gbff_pp21/PROKKA_05152020:X:FIMMPJNN_1 (length 87985)

DiscRep_ALL:TECHNIQUE_NOT_TSA::1 technique are not set as TSA
GCA_000009005.1_ASM900v1_genomic.gbff_pp21/PROKKA_05152020:X:FIMMPJNN_1 (length 87985)

DiscRep_ALL:MISSING_STRUCTURED_COMMENT::1 sequences do not include structured comments.
GCA_000009005.1_ASM900v1_genomic.gbff_pp21/PROKKA_05152020:X:FIMMPJNN_1 (length 87985)

DiscRep_ALL:MISSING_PROJECT::76 sequences do not include project.
GCA_000009005.1_ASM900v1_genomic.gbff_pp21/PROKKA_05152020:X:FIMMPJNN_1 (length 87985)
GCA_000009005.1_ASM900v1_genomic.gbff_pp21/PROKKA_05152020:X:FIMMPJNN_00001 (length 114)
GCA_000009005.1_ASM900v1_genomic.gbff_pp21/PROKKA_05152020:X:FIMMPJNN_00002 (length 519)
GCA_000009005.1_ASM900v1_genomic.gbff_pp21/PROKKA_05152020:X:FIMMPJNN_00003 (length 347)
GCA_000009005.1_ASM900v1_genomic.gbff_pp21/PROKKA_05152020:X:FIMMPJNN_00004 (length 383)
GCA_000009005.1_ASM900v1_genomic.gbff_pp21/PROKKA_05152020:X:FIMMPJNN_00005 (length 192)
GCA_000009005.1_ASM900v1_genomic.gbff_pp21/PROKKA_05152020:X:FIMMPJNN_00006 (length 130)
GCA_000009005.1_ASM900v1_genomic.gbff_pp21/PROKKA_05152020:X:FIMMPJNN_00007 (length 293)
GCA_000009005.1_ASM900v1_genomic.gbff_pp21/PROKKA_05152020:X:FIMMPJNN_00008 (length 234)
GCA_000009005.1_ASM900v1_genomic.gbff_pp21/PROKKA_05152020:X:FIMMPJNN_00009 (length 428)
GCA_000009005.1_ASM900v1_genomic.gbff_pp21/PROKKA_05152020:X:FIMMPJNN_00010 (length 421)
GCA_000009005.1_ASM900v1_genomic.gbff_pp21/PROKKA_05152020:X:FIMMPJNN_00011 (length 237)
GCA_000009005.1_ASM900v1_genomic.gbff_pp21/PROKKA_05152020:X:FIMMPJNN_00012 (length 789)
GCA_000009005.1_ASM900v1_genomic.gbff_pp21/PROKKA_05152020:X:FIMMPJNN_00013 (length 574)
GCA_000009005.1_ASM900v1_genomic.gbff_pp21/PROKKA_05152020:X:FIMMPJNN_00014 (length 698)
GCA_000009005.1_ASM900v1_genomic.gbff_pp21/PROKKA_05152020:X:FIMMPJNN_00015 (length 89)
GCA_000009005.1_ASM900v1_genomic.gbff_pp21/PROKKA_05152020:X:FIMMPJNN_00016 (length 323)
GCA_000009005.1_ASM900v1_genomic.gbff_pp21/PROKKA_05152020:X:FIMMPJNN_00017 (length 305)
GCA_000009005.1_ASM900v1_genomic.gbff_pp21/PROKKA_05152020:X:FIMMPJNN_00018 (length 130)
GCA_000009005.1_ASM900v1_genomic.gbff_pp21/PROKKA_05152020:X:FIMMPJNN_00019 (length 705)
GCA_000009005.1_ASM900v1_genomic.gbff_pp21/PROKKA_05152020:X:FIMMPJNN_00020 (length 105)
GCA_000009005.1_ASM900v1_genomic.gbff_pp21/PROKKA_05152020:X:FIMMPJNN_00021 (length 94)
GCA_000009005.1_ASM900v1_genomic.gbff_pp21/PROKKA_05152020:X:FIMMPJNN_00022 (length 391)
GCA_000009005.1_ASM900v1_genomic.gbff_pp21/PROKKA_05152020:X:FIMMPJNN_00023 (length 155)
GCA_000009005.1_ASM900v1_genomic.gbff_pp21/PROKKA_05152020:X:FIMMPJNN_00024 (length 1436)
GCA_000009005.1_ASM900v1_genomic.gbff_pp21/PROKKA_05152020:X:FIMMPJNN_00025 (length 567)
GCA_000009005.1_ASM900v1_genomic.gbff_pp21/PROKKA_05152020:X:FIMMPJNN_00026 (length 428)
GCA_000009005.1_ASM900v1_genomic.gbff_pp21/PROKKA_05152020:X:FIMMPJNN_00027 (length 260)
GCA_000009005.1_ASM900v1_genomic.gbff_pp21/PROKKA_05152020:X:FIMMPJNN_00028 (length 267)
GCA_000009005.1_ASM900v1_genomic.gbff_pp21/PROKKA_05152020:X:FIMMPJNN_00029 (length 184)
GCA_000009005.1_ASM900v1_genomic.gbff_pp21/PROKKA_05152020:X:FIMMPJNN_00030 (length 240)
GCA_000009005.1_ASM900v1_genomic.gbff_pp21/PROKKA_05152020:X:FIMMPJNN_00031 (length 293)
GCA_000009005.1_ASM900v1_genomic.gbff_pp21/PROKKA_05152020:X:FIMMPJNN_00032 (length 255)
GCA_000009005.1_ASM900v1_genomic.gbff_pp21/PROKKA_05152020:X:FIMMPJNN_00033 (length 257)
GCA_000009005.1_ASM900v1_genomic.gbff_pp21/PROKKA_05152020:X:FIMMPJNN_00034 (length 467)
GCA_000009005.1_ASM900v1_genomic.gbff_pp21/PROKKA_05152020:X:FIMMPJNN_00035 (length 181)
GCA_000009005.1_ASM900v1_genomic.gbff_pp21/PROKKA_05152020:X:FIMMPJNN_00036 (length 298)
GCA_000009005.1_ASM900v1_genomic.gbff_pp21/PROKKA_05152020:X:FIMMPJNN_00037 (length 435)
GCA_000009005.1_ASM900v1_genomic.gbff_pp21/PROKKA_05152020:X:FIMMPJNN_00038 (length 691)
GCA_000009005.1_ASM900v1_genomic.gbff_pp21/PROKKA_05152020:X:FIMMPJNN_00039 (length 290)
GCA_000009005.1_ASM900v1_genomic.gbff_pp21/PROKKA_05152020:X:FIMMPJNN_00040 (length 414)
GCA_000009005.1_ASM900v1_genomic.gbff_pp21/PROKKA_05152020:X:FIMMPJNN_00041 (length 372)
GCA_000009005.1_ASM900v1_genomic.gbff_pp21/PROKKA_05152020:X:FIMMPJNN_00042 (length 302)
GCA_000009005.1_ASM900v1_genomic.gbff_pp21/PROKKA_05152020:X:FIMMPJNN_00043 (length 388)
GCA_000009005.1_ASM900v1_genomic.gbff_pp21/PROKKA_05152020:X:FIMMPJNN_00044 (length 255)
GCA_000009005.1_ASM900v1_genomic.gbff_pp21/PROKKA_05152020:X:FIMMPJNN_00045 (length 294)
GCA_000009005.1_ASM900v1_genomic.gbff_pp21/PROKKA_05152020:X:FIMMPJNN_00046 (length 868)
GCA_000009005.1_ASM900v1_genomic.gbff_pp21/PROKKA_05152020:X:FIMMPJNN_00047 (length 116)
GCA_000009005.1_ASM900v1_genomic.gbff_pp21/PROKKA_05152020:X:FIMMPJNN_00048 (length 245)
GCA_000009005.1_ASM900v1_genomic.gbff_pp21/PROKKA_05152020:X:FIMMPJNN_00049 (length 167)
GCA_000009005.1_ASM900v1_genomic.gbff_pp21/PROKKA_05152020:X:FIMMPJNN_00050 (length 91)
GCA_000009005.1_ASM900v1_genomic.gbff_pp21/PROKKA_05152020:X:FIMMPJNN_00051 (length 455)
GCA_000009005.1_ASM900v1_genomic.gbff_pp21/PROKKA_05152020:X:FIMMPJNN_00052 (length 110)
GCA_000009005.1_ASM900v1_genomic.gbff_pp21/PROKKA_05152020:X:FIMMPJNN_00053 (length 416)
GCA_000009005.1_ASM900v1_genomic.gbff_pp21/PROKKA_05152020:X:FIMMPJNN_00054 (length 1188)
GCA_000009005.1_ASM900v1_genomic.gbff_pp21/PROKKA_05152020:X:FIMMPJNN_00055 (length 243)
GCA_000009005.1_ASM900v1_genomic.gbff_pp21/PROKKA_05152020:X:FIMMPJNN_00056 (length 77)
GCA_000009005.1_ASM900v1_genomic.gbff_pp21/PROKKA_05152020:X:FIMMPJNN_00057 (length 244)
GCA_000009005.1_ASM900v1_genomic.gbff_pp21/PROKKA_05152020:X:FIMMPJNN_00058 (length 308)
GCA_000009005.1_ASM900v1_genomic.gbff_pp21/PROKKA_05152020:X:FIMMPJNN_00059 (length 335)
GCA_000009005.1_ASM900v1_genomic.gbff_pp21/PROKKA_05152020:X:FIMMPJNN_00060 (length 190)
GCA_000009005.1_ASM900v1_genomic.gbff_pp21/PROKKA_05152020:X:FIMMPJNN_00061 (length 686)
GCA_000009005.1_ASM900v1_genomic.gbff_pp21/PROKKA_05152020:X:FIMMPJNN_00062 (length 548)
GCA_000009005.1_ASM900v1_genomic.gbff_pp21/PROKKA_05152020:X:FIMMPJNN_00063 (length 124)
GCA_000009005.1_ASM900v1_genomic.gbff_pp21/PROKKA_05152020:X:FIMMPJNN_00064 (length 62)
GCA_000009005.1_ASM900v1_genomic.gbff_pp21/PROKKA_05152020:X:FIMMPJNN_00065 (length 213)
GCA_000009005.1_ASM900v1_genomic.gbff_pp21/PROKKA_05152020:X:FIMMPJNN_00066 (length 214)
GCA_000009005.1_ASM900v1_genomic.gbff_pp21/PROKKA_05152020:X:FIMMPJNN_00067 (length 291)
GCA_000009005.1_ASM900v1_genomic.gbff_pp21/PROKKA_05152020:X:FIMMPJNN_00068 (length 664)
GCA_000009005.1_ASM900v1_genomic.gbff_pp21/PROKKA_05152020:X:FIMMPJNN_00069 (length 247)
GCA_000009005.1_ASM900v1_genomic.gbff_pp21/PROKKA_05152020:X:FIMMPJNN_00070 (length 364)
GCA_000009005.1_ASM900v1_genomic.gbff_pp21/PROKKA_05152020:X:FIMMPJNN_00071 (length 435)
GCA_000009005.1_ASM900v1_genomic.gbff_pp21/PROKKA_05152020:X:FIMMPJNN_00072 (length 311)
GCA_000009005.1_ASM900v1_genomic.gbff_pp21/PROKKA_05152020:X:FIMMPJNN_00073 (length 162)
GCA_000009005.1_ASM900v1_genomic.gbff_pp21/PROKKA_05152020:X:FIMMPJNN_00074 (length 92)
GCA_000009005.1_ASM900v1_genomic.gbff_pp21/PROKKA_05152020:X:FIMMPJNN_00075 (length 256)

DiscRep_ALL:DISC_INCONSISTENT_MOLINFO_TECH::Molinfo Technique Report (some missing, all same)
DiscRep_SUB:DISC_INCONSISTENT_MOLINFO_TECH::technique (all missing)
DiscRep_SUB:DISC_INCONSISTENT_MOLINFO_TECH::1 Molinfos are missing field technique
GCA_000009005.1_ASM900v1_genomic.gbff_pp21/PROKKA_05152020:X:FIMMPJNN_1 (length 87985)

