Discrepancy Report Results

Summary
DISC_SOURCE_QUALS_ASNDISC:strain (all present, all unique)
DISC_SOURCE_QUALS_ASNDISC:taxname (all present, all unique)
DISC_FEATURE_COUNT:gene: 28 present
DISC_FEATURE_COUNT:CDS: 28 present
DISC_COUNT_NUCLEOTIDES:1 nucleotide Bioseqs are present
OVERLAPPING_GENES:7 genes overlap another gene on the same strand.
OVERLAPPING_CDS:6 coding regions overlap another coding region with a similar or identical name.
DISC_QUALITY_SCORES:Quality scores are missing on all sequences.
ONCALLER_COMMENT_PRESENT:1 comment descriptors were found (all same)
MISSING_GENOMEASSEMBLY_COMMENTS:1 bioseqs are missing GenomeAssembly structured comments
MOLTYPE_NOT_MRNA:1 molecule types are not set as mRNA.
TECHNIQUE_NOT_TSA:1 technique are not set as TSA
MISSING_STRUCTURED_COMMENT:1 sequences do not include structured comments.
MISSING_PROJECT:29 sequences do not include project.
DISC_INCONSISTENT_MOLINFO_TECH:Molinfo Technique Report (some missing, all same)


Detailed Report

DiscRep_ALL:DISC_SOURCE_QUALS_ASNDISC::strain (all present, all unique)
DiscRep_SUB:DISC_SOURCE_QUALS_ASNDISC::1 sources have unique values for strain
DiscRep_ALL:DISC_SOURCE_QUALS_ASNDISC::taxname (all present, all unique)
DiscRep_SUB:DISC_SOURCE_QUALS_ASNDISC::1 sources have unique values for taxname
DiscRep_ALL:DISC_FEATURE_COUNT::gene: 28 present
DiscRep_ALL:DISC_FEATURE_COUNT::CDS: 28 present
DiscRep_ALL:DISC_COUNT_NUCLEOTIDES::1 nucleotide Bioseqs are present
GCA_000160415.1_ASM16041v1_genomic.gbff_pp9/PROKKA_05152020:X:OOHHBMED_1 (length 29368)

DiscRep_ALL:OVERLAPPING_GENES::7 genes overlap another gene on the same strand.
GCA_000160415.1_ASM16041v1_genomic.gbff_pp9/PROKKA_05152020:Gene	capD	OOHHBMED_1:c7021-5993	OOHHBMED_00006
GCA_000160415.1_ASM16041v1_genomic.gbff_pp9/PROKKA_05152020:Gene	pglF_1	OOHHBMED_1:c7865-7011	OOHHBMED_00007
GCA_000160415.1_ASM16041v1_genomic.gbff_pp9/PROKKA_05152020:Gene	pglF_2	OOHHBMED_1:c8835-7831	OOHHBMED_00008
GCA_000160415.1_ASM16041v1_genomic.gbff_pp9/PROKKA_05152020:Gene	repE	OOHHBMED_1:c15884-15594	OOHHBMED_00015
GCA_000160415.1_ASM16041v1_genomic.gbff_pp9/PROKKA_05152020:Gene	repN	OOHHBMED_1:c16414-15869	OOHHBMED_00016
GCA_000160415.1_ASM16041v1_genomic.gbff_pp9/PROKKA_05152020:Gene	phnE_1	OOHHBMED_1:22318-23118	OOHHBMED_00022
GCA_000160415.1_ASM16041v1_genomic.gbff_pp9/PROKKA_05152020:Gene	phnE_2	OOHHBMED_1:23115-23930	OOHHBMED_00023

DiscRep_ALL:OVERLAPPING_CDS::6 coding regions overlap another coding region with a similar or identical name.
DiscRep_SUB:OVERLAPPING_CDS::6 coding regions overlap another coding region with a similar or identical name that do not have the appropriate note text
GCA_000160415.1_ASM16041v1_genomic.gbff_pp9/PROKKA_05152020:CDS	UDP-N-acetyl-alpha-D-glucosamine C6 dehydratase	OOHHBMED_1:c7865-7011	OOHHBMED_00007
GCA_000160415.1_ASM16041v1_genomic.gbff_pp9/PROKKA_05152020:CDS	UDP-N-acetyl-alpha-D-glucosamine C6 dehydratase	OOHHBMED_1:c8835-7831	OOHHBMED_00008
GCA_000160415.1_ASM16041v1_genomic.gbff_pp9/PROKKA_05152020:CDS	Replication initiation protein	OOHHBMED_1:c15884-15594	OOHHBMED_00015
GCA_000160415.1_ASM16041v1_genomic.gbff_pp9/PROKKA_05152020:CDS	Replication initiation protein	OOHHBMED_1:c16414-15869	OOHHBMED_00016
GCA_000160415.1_ASM16041v1_genomic.gbff_pp9/PROKKA_05152020:CDS	Phosphate-import permease protein PhnE	OOHHBMED_1:22318-23118	OOHHBMED_00022
GCA_000160415.1_ASM16041v1_genomic.gbff_pp9/PROKKA_05152020:CDS	Phosphate-import permease protein PhnE	OOHHBMED_1:23115-23930	OOHHBMED_00023

DiscRep_ALL:DISC_QUALITY_SCORES::Quality scores are missing on all sequences.

DiscRep_ALL:ONCALLER_COMMENT_PRESENT::1 comment descriptors were found (all same)
GCA_000160415.1_ASM16041v1_genomic.gbff_pp9/PROKKA_05152020:X:OOHHBMED_1:Annotated using prokka 1.14.6 from https://github.com/tseemann/prokka

DiscRep_ALL:MISSING_GENOMEASSEMBLY_COMMENTS::1 bioseqs are missing GenomeAssembly structured comments
GCA_000160415.1_ASM16041v1_genomic.gbff_pp9/PROKKA_05152020:X:OOHHBMED_1 (length 29368)

DiscRep_ALL:MOLTYPE_NOT_MRNA::1 molecule types are not set as mRNA.
GCA_000160415.1_ASM16041v1_genomic.gbff_pp9/PROKKA_05152020:X:OOHHBMED_1 (length 29368)

DiscRep_ALL:TECHNIQUE_NOT_TSA::1 technique are not set as TSA
GCA_000160415.1_ASM16041v1_genomic.gbff_pp9/PROKKA_05152020:X:OOHHBMED_1 (length 29368)

DiscRep_ALL:MISSING_STRUCTURED_COMMENT::1 sequences do not include structured comments.
GCA_000160415.1_ASM16041v1_genomic.gbff_pp9/PROKKA_05152020:X:OOHHBMED_1 (length 29368)

DiscRep_ALL:MISSING_PROJECT::29 sequences do not include project.
GCA_000160415.1_ASM16041v1_genomic.gbff_pp9/PROKKA_05152020:X:OOHHBMED_1 (length 29368)
GCA_000160415.1_ASM16041v1_genomic.gbff_pp9/PROKKA_05152020:X:OOHHBMED_00001 (length 388)
GCA_000160415.1_ASM16041v1_genomic.gbff_pp9/PROKKA_05152020:X:OOHHBMED_00002 (length 369)
GCA_000160415.1_ASM16041v1_genomic.gbff_pp9/PROKKA_05152020:X:OOHHBMED_00003 (length 208)
GCA_000160415.1_ASM16041v1_genomic.gbff_pp9/PROKKA_05152020:X:OOHHBMED_00004 (length 374)
GCA_000160415.1_ASM16041v1_genomic.gbff_pp9/PROKKA_05152020:X:OOHHBMED_00005 (length 369)
GCA_000160415.1_ASM16041v1_genomic.gbff_pp9/PROKKA_05152020:X:OOHHBMED_00006 (length 342)
GCA_000160415.1_ASM16041v1_genomic.gbff_pp9/PROKKA_05152020:X:OOHHBMED_00007 (length 284)
GCA_000160415.1_ASM16041v1_genomic.gbff_pp9/PROKKA_05152020:X:OOHHBMED_00008 (length 334)
GCA_000160415.1_ASM16041v1_genomic.gbff_pp9/PROKKA_05152020:X:OOHHBMED_00009 (length 254)
GCA_000160415.1_ASM16041v1_genomic.gbff_pp9/PROKKA_05152020:X:OOHHBMED_00010 (length 228)
GCA_000160415.1_ASM16041v1_genomic.gbff_pp9/PROKKA_05152020:X:OOHHBMED_00011 (length 222)
GCA_000160415.1_ASM16041v1_genomic.gbff_pp9/PROKKA_05152020:X:OOHHBMED_00012 (length 869)
GCA_000160415.1_ASM16041v1_genomic.gbff_pp9/PROKKA_05152020:X:OOHHBMED_00013 (length 73)
GCA_000160415.1_ASM16041v1_genomic.gbff_pp9/PROKKA_05152020:X:OOHHBMED_00014 (length 108)
GCA_000160415.1_ASM16041v1_genomic.gbff_pp9/PROKKA_05152020:X:OOHHBMED_00015 (length 96)
GCA_000160415.1_ASM16041v1_genomic.gbff_pp9/PROKKA_05152020:X:OOHHBMED_00016 (length 181)
GCA_000160415.1_ASM16041v1_genomic.gbff_pp9/PROKKA_05152020:X:OOHHBMED_00017 (length 64)
GCA_000160415.1_ASM16041v1_genomic.gbff_pp9/PROKKA_05152020:X:OOHHBMED_00018 (length 511)
GCA_000160415.1_ASM16041v1_genomic.gbff_pp9/PROKKA_05152020:X:OOHHBMED_00019 (length 514)
GCA_000160415.1_ASM16041v1_genomic.gbff_pp9/PROKKA_05152020:X:OOHHBMED_00020 (length 318)
GCA_000160415.1_ASM16041v1_genomic.gbff_pp9/PROKKA_05152020:X:OOHHBMED_00021 (length 257)
GCA_000160415.1_ASM16041v1_genomic.gbff_pp9/PROKKA_05152020:X:OOHHBMED_00022 (length 266)
GCA_000160415.1_ASM16041v1_genomic.gbff_pp9/PROKKA_05152020:X:OOHHBMED_00023 (length 271)
GCA_000160415.1_ASM16041v1_genomic.gbff_pp9/PROKKA_05152020:X:OOHHBMED_00024 (length 392)
GCA_000160415.1_ASM16041v1_genomic.gbff_pp9/PROKKA_05152020:X:OOHHBMED_00025 (length 220)
GCA_000160415.1_ASM16041v1_genomic.gbff_pp9/PROKKA_05152020:X:OOHHBMED_00026 (length 452)
GCA_000160415.1_ASM16041v1_genomic.gbff_pp9/PROKKA_05152020:X:OOHHBMED_00027 (length 235)
GCA_000160415.1_ASM16041v1_genomic.gbff_pp9/PROKKA_05152020:X:OOHHBMED_00028 (length 251)

DiscRep_ALL:DISC_INCONSISTENT_MOLINFO_TECH::Molinfo Technique Report (some missing, all same)
DiscRep_SUB:DISC_INCONSISTENT_MOLINFO_TECH::technique (all missing)
DiscRep_SUB:DISC_INCONSISTENT_MOLINFO_TECH::1 Molinfos are missing field technique
GCA_000160415.1_ASM16041v1_genomic.gbff_pp9/PROKKA_05152020:X:OOHHBMED_1 (length 29368)

