[18:25:40] This is prokka 1.14.6
[18:25:40] Written by Torsten Seemann <torsten.seemann@gmail.com>
[18:25:40] Homepage is https://github.com/tseemann/prokka
[18:25:40] Local time is Fri May 15 18:25:40 2020
[18:25:40] You are tsweet
[18:25:40] Operating system is linux
[18:25:40] You have BioPerl 1.007002
[18:25:40] System has 8 cores.
[18:25:40] Will use maximum of 8 cores.
[18:25:40] Annotating as >>> Bacteria <<<
[18:25:40] Generating locus_tag from '60415.1_ASM16041v1_genomic.gbff_pp9' contents.
[18:25:40] Setting --locustag OOHHBMED from MD5 8811b6eded3876cb1824c3e860535ad3
[18:25:40] Enabling options to ensure Genbank/ENA/DDJB submission compliance.
[18:25:40] Creating new output folder: GCA_000160415.1_ASM16041v1_genomic.gbff_pp9
[18:25:40] Running: mkdir -p GCA_000160415\.1_ASM16041v1_genomic\.gbff_pp9
[18:25:40] Using filename prefix: PROKKA_05152020.XXX
[18:25:40] Setting HMMER_NCPU=1
[18:25:40] Writing log to: GCA_000160415.1_ASM16041v1_genomic.gbff_pp9/PROKKA_05152020.log
[18:25:40] Command: /home/tsweet/anaconda3/bin/prokka --centre X --compliant 60415.1_ASM16041v1_genomic.gbff_pp9 --outdir GCA_000160415.1_ASM16041v1_genomic.gbff_pp9
[18:25:40] Appending to PATH: /home/tsweet/anaconda3/bin
[18:25:40] Looking for 'aragorn' - found /home/tsweet/anaconda3/bin/aragorn
[18:25:40] Determined aragorn version is 001002 from 'ARAGORN v1.2.38 Dean Laslett'
[18:25:40] Looking for 'barrnap' - found /home/tsweet/anaconda3/bin/barrnap
[18:25:40] Determined barrnap version is 000009 from 'barrnap 0.9'
[18:25:40] Looking for 'blastp' - found /home/tsweet/anaconda3/bin/blastp
[18:25:40] Determined blastp version is 002009 from 'blastp: 2.9.0+'
[18:25:40] Looking for 'cmpress' - found /home/tsweet/anaconda3/bin/cmpress
[18:25:40] Determined cmpress version is 001001 from '# INFERNAL 1.1.2 (July 2016)'
[18:25:40] Looking for 'cmscan' - found /home/tsweet/anaconda3/bin/cmscan
[18:25:40] Determined cmscan version is 001001 from '# INFERNAL 1.1.2 (July 2016)'
[18:25:40] Looking for 'egrep' - found /bin/egrep
[18:25:40] Looking for 'find' - found /usr/bin/find
[18:25:40] Looking for 'grep' - found /bin/grep
[18:25:40] Looking for 'hmmpress' - found /home/tsweet/anaconda3/bin/hmmpress
[18:25:40] Determined hmmpress version is 003003 from '# HMMER 3.3 (Nov 2019); http://hmmer.org/'
[18:25:40] Looking for 'hmmscan' - found /home/tsweet/anaconda3/bin/hmmscan
[18:25:40] Determined hmmscan version is 003003 from '# HMMER 3.3 (Nov 2019); http://hmmer.org/'
[18:25:40] Looking for 'java' - found /home/tsweet/anaconda3/bin/java
[18:25:40] Looking for 'makeblastdb' - found /home/tsweet/anaconda3/bin/makeblastdb
[18:25:40] Determined makeblastdb version is 002009 from 'makeblastdb: 2.9.0+'
[18:25:40] Looking for 'minced' - found /home/tsweet/anaconda3/bin/minced
[18:25:40] Determined minced version is 004002 from 'minced 0.4.2'
[18:25:40] Looking for 'parallel' - found /home/tsweet/anaconda3/bin/parallel
[18:25:40] Determined parallel version is 20200322 from 'GNU parallel 20200322'
[18:25:40] Looking for 'prodigal' - found /home/tsweet/anaconda3/bin/prodigal
[18:25:40] Determined prodigal version is 002006 from 'Prodigal V2.6.3: February, 2016'
[18:25:40] Looking for 'prokka-genbank_to_fasta_db' - found /home/tsweet/anaconda3/bin/prokka-genbank_to_fasta_db
[18:25:40] Looking for 'sed' - found /bin/sed
[18:25:40] Looking for 'tbl2asn' - found /home/tsweet/anaconda3/bin/tbl2asn
[18:25:40] Determined tbl2asn version is 025007 from 'tbl2asn 25.7   arguments:'
[18:25:40] Using genetic code table 11.
[18:25:40] Loading and checking input file: 60415.1_ASM16041v1_genomic.gbff_pp9
[18:25:40] Wrote 1 contigs totalling 29368 bp.
[18:25:40] Predicting tRNAs and tmRNAs
[18:25:40] Running: aragorn -l -gc11  -w GCA_000160415\.1_ASM16041v1_genomic\.gbff_pp9\/PROKKA_05152020\.fna
[18:25:40] Found 0 tRNAs
[18:25:40] Predicting Ribosomal RNAs
[18:25:40] Running Barrnap with 8 threads
[18:25:40] Found 0 rRNAs
[18:25:40] Skipping ncRNA search, enable with --rfam if desired.
[18:25:40] Total of 0 tRNA + rRNA features
[18:25:40] Searching for CRISPR repeats
[18:25:40] Found 0 CRISPRs
[18:25:40] Predicting coding sequences
[18:25:40] Contigs total 29368 bp, so using meta mode
[18:25:40] Running: prodigal -i GCA_000160415\.1_ASM16041v1_genomic\.gbff_pp9\/PROKKA_05152020\.fna -c -m -g 11 -p meta -f sco -q
[18:25:40] Found 28 CDS
[18:25:40] Connecting features back to sequences
[18:25:40] Not using genus-specific database. Try --usegenus to enable it.
[18:25:40] Annotating CDS, please be patient.
[18:25:40] Will use 8 CPUs for similarity searching.
[18:25:40] There are still 28 unannotated CDS left (started with 28)
[18:25:40] Will use blast to search against /home/tsweet/anaconda3/db/kingdom/Bacteria/IS with 8 CPUs
[18:25:40] Running: cat GCA_000160415\.1_ASM16041v1_genomic\.gbff_pp9\/PROKKA_05152020\.IS\.tmp\.23002\.faa | parallel --gnu --plain -j 8 --block 536 --recstart '>' --pipe blastp -query - -db /home/tsweet/anaconda3/db/kingdom/Bacteria/IS -evalue 1e-30 -qcov_hsp_perc 90 -num_threads 1 -num_descriptions 1 -num_alignments 1 -seg no > GCA_000160415\.1_ASM16041v1_genomic\.gbff_pp9\/PROKKA_05152020\.IS\.tmp\.23002\.blast 2> /dev/null
[18:25:41] Deleting unwanted file: GCA_000160415.1_ASM16041v1_genomic.gbff_pp9/PROKKA_05152020.IS.tmp.23002.faa
[18:25:41] Deleting unwanted file: GCA_000160415.1_ASM16041v1_genomic.gbff_pp9/PROKKA_05152020.IS.tmp.23002.blast
[18:25:41] There are still 27 unannotated CDS left (started with 28)
[18:25:41] Will use blast to search against /home/tsweet/anaconda3/db/kingdom/Bacteria/AMR with 8 CPUs
[18:25:41] Running: cat GCA_000160415\.1_ASM16041v1_genomic\.gbff_pp9\/PROKKA_05152020\.AMR\.tmp\.23002\.faa | parallel --gnu --plain -j 8 --block 531 --recstart '>' --pipe blastp -query - -db /home/tsweet/anaconda3/db/kingdom/Bacteria/AMR -evalue 9.99999999999999e-301 -qcov_hsp_perc 90 -num_threads 1 -num_descriptions 1 -num_alignments 1 -seg no > GCA_000160415\.1_ASM16041v1_genomic\.gbff_pp9\/PROKKA_05152020\.AMR\.tmp\.23002\.blast 2> /dev/null
[18:25:41] Deleting unwanted file: GCA_000160415.1_ASM16041v1_genomic.gbff_pp9/PROKKA_05152020.AMR.tmp.23002.faa
[18:25:41] Deleting unwanted file: GCA_000160415.1_ASM16041v1_genomic.gbff_pp9/PROKKA_05152020.AMR.tmp.23002.blast
[18:25:41] There are still 26 unannotated CDS left (started with 28)
[18:25:41] Will use blast to search against /home/tsweet/anaconda3/db/kingdom/Bacteria/sprot with 8 CPUs
[18:25:41] Running: cat GCA_000160415\.1_ASM16041v1_genomic\.gbff_pp9\/PROKKA_05152020\.sprot\.tmp\.23002\.faa | parallel --gnu --plain -j 8 --block 502 --recstart '>' --pipe blastp -query - -db /home/tsweet/anaconda3/db/kingdom/Bacteria/sprot -evalue 1e-09 -qcov_hsp_perc 80 -num_threads 1 -num_descriptions 1 -num_alignments 1 -seg no > GCA_000160415\.1_ASM16041v1_genomic\.gbff_pp9\/PROKKA_05152020\.sprot\.tmp\.23002\.blast 2> /dev/null
[18:25:42] Modify product: Probable ABC transporter phosphonate/phosphite binding protein PhnD2 => putative ABC transporter phosphonate/phosphite binding protein PhnD2
[18:25:42] Cleaned 1 /product names
[18:25:42] Deleting unwanted file: GCA_000160415.1_ASM16041v1_genomic.gbff_pp9/PROKKA_05152020.sprot.tmp.23002.faa
[18:25:42] Deleting unwanted file: GCA_000160415.1_ASM16041v1_genomic.gbff_pp9/PROKKA_05152020.sprot.tmp.23002.blast
[18:25:42] There are still 7 unannotated CDS left (started with 28)
[18:25:42] Will use hmmer3 to search against /home/tsweet/anaconda3/db/hmm/HAMAP.hmm with 8 CPUs
[18:25:42] Running: cat GCA_000160415\.1_ASM16041v1_genomic\.gbff_pp9\/PROKKA_05152020\.HAMAP\.hmm\.tmp\.23002\.faa | parallel --gnu --plain -j 8 --block 120 --recstart '>' --pipe hmmscan --noali --notextw --acc -E 1e-09 --cpu 1 /home/tsweet/anaconda3/db/hmm/HAMAP.hmm /dev/stdin > GCA_000160415\.1_ASM16041v1_genomic\.gbff_pp9\/PROKKA_05152020\.HAMAP\.hmm\.tmp\.23002\.hmmer3 2> /dev/null
[18:25:42] Deleting unwanted file: GCA_000160415.1_ASM16041v1_genomic.gbff_pp9/PROKKA_05152020.HAMAP.hmm.tmp.23002.faa
[18:25:42] Deleting unwanted file: GCA_000160415.1_ASM16041v1_genomic.gbff_pp9/PROKKA_05152020.HAMAP.hmm.tmp.23002.hmmer3
[18:25:42] Labelling remaining 6 proteins as 'hypothetical protein'
[18:25:42] Possible /pseudo 'UDP-N-acetyl-alpha-D-glucosamine C6 dehydratase' at gnl|X|OOHHBMED_1 position 7831
[18:25:42] Possible /pseudo 'Replication initiation protein' at gnl|X|OOHHBMED_1 position 15869
[18:25:42] Possible /pseudo 'Phosphate-import permease protein PhnE' at gnl|X|OOHHBMED_1 position 23115
[18:25:42] Found 19 unique /gene codes.
[18:25:42] Fixed 2 duplicate /gene - pglF_1 pglF_2
[18:25:42] Fixed 2 duplicate /gene - phnE_1 phnE_2
[18:25:42] Fixed 2 colliding /gene names.
[18:25:42] Adding /locus_tag identifiers
[18:25:42] Assigned 28 locus_tags to CDS and RNA features.
[18:25:42] Writing outputs to GCA_000160415.1_ASM16041v1_genomic.gbff_pp9/
[18:25:42] Generating annotation statistics file
[18:25:42] Generating Genbank and Sequin files
[18:25:42] Running: tbl2asn -V b -a r10k -l paired-ends -M n -N 1 -y 'Annotated using prokka 1.14.6 from https://github.com/tseemann/prokka' -Z GCA_000160415\.1_ASM16041v1_genomic\.gbff_pp9\/PROKKA_05152020\.err -i GCA_000160415\.1_ASM16041v1_genomic\.gbff_pp9\/PROKKA_05152020\.fsa 2> /dev/null
[18:25:43] Deleting unwanted file: GCA_000160415.1_ASM16041v1_genomic.gbff_pp9/errorsummary.val
[18:25:43] Deleting unwanted file: GCA_000160415.1_ASM16041v1_genomic.gbff_pp9/PROKKA_05152020.dr
[18:25:43] Deleting unwanted file: GCA_000160415.1_ASM16041v1_genomic.gbff_pp9/PROKKA_05152020.fixedproducts
[18:25:43] Deleting unwanted file: GCA_000160415.1_ASM16041v1_genomic.gbff_pp9/PROKKA_05152020.ecn
[18:25:43] Deleting unwanted file: GCA_000160415.1_ASM16041v1_genomic.gbff_pp9/PROKKA_05152020.val
[18:25:43] Repairing broken .GBK output that tbl2asn produces...
[18:25:43] Running: sed 's/COORDINATES: profile/COORDINATES:profile/' < GCA_000160415\.1_ASM16041v1_genomic\.gbff_pp9\/PROKKA_05152020\.gbf > GCA_000160415\.1_ASM16041v1_genomic\.gbff_pp9\/PROKKA_05152020\.gbk
[18:25:43] Deleting unwanted file: GCA_000160415.1_ASM16041v1_genomic.gbff_pp9/PROKKA_05152020.gbf
[18:25:43] Output files:
[18:25:43] GCA_000160415.1_ASM16041v1_genomic.gbff_pp9/PROKKA_05152020.err
[18:25:43] GCA_000160415.1_ASM16041v1_genomic.gbff_pp9/PROKKA_05152020.faa
[18:25:43] GCA_000160415.1_ASM16041v1_genomic.gbff_pp9/PROKKA_05152020.txt
[18:25:43] GCA_000160415.1_ASM16041v1_genomic.gbff_pp9/PROKKA_05152020.fna
[18:25:43] GCA_000160415.1_ASM16041v1_genomic.gbff_pp9/PROKKA_05152020.gbk
[18:25:43] GCA_000160415.1_ASM16041v1_genomic.gbff_pp9/PROKKA_05152020.log
[18:25:43] GCA_000160415.1_ASM16041v1_genomic.gbff_pp9/PROKKA_05152020.tsv
[18:25:43] GCA_000160415.1_ASM16041v1_genomic.gbff_pp9/PROKKA_05152020.tbl
[18:25:43] GCA_000160415.1_ASM16041v1_genomic.gbff_pp9/PROKKA_05152020.ffn
[18:25:43] GCA_000160415.1_ASM16041v1_genomic.gbff_pp9/PROKKA_05152020.sqn
[18:25:43] GCA_000160415.1_ASM16041v1_genomic.gbff_pp9/PROKKA_05152020.gff
[18:25:43] GCA_000160415.1_ASM16041v1_genomic.gbff_pp9/PROKKA_05152020.fsa
[18:25:43] Annotation finished successfully.
[18:25:43] Walltime used: 0.05 minutes
[18:25:43] If you use this result please cite the Prokka paper:
[18:25:43] Seemann T (2014) Prokka: rapid prokaryotic genome annotation. Bioinformatics. 30(14):2068-9.
[18:25:43] Type 'prokka --citation' for more details.
[18:25:43] Share and enjoy!
