Discrepancy Report Results

Summary
DISC_SOURCE_QUALS_ASNDISC:strain (all present, all unique)
DISC_SOURCE_QUALS_ASNDISC:taxname (all present, all unique)
DISC_FEATURE_COUNT:gene: 8 present
DISC_FEATURE_COUNT:CDS: 8 present
DISC_COUNT_NUCLEOTIDES:1 nucleotide Bioseqs are present
OVERLAPPING_GENES:2 genes overlap another gene on the same strand.
DISC_QUALITY_SCORES:Quality scores are missing on all sequences.
ONCALLER_COMMENT_PRESENT:1 comment descriptors were found (all same)
MISSING_GENOMEASSEMBLY_COMMENTS:1 bioseqs are missing GenomeAssembly structured comments
MOLTYPE_NOT_MRNA:1 molecule types are not set as mRNA.
TECHNIQUE_NOT_TSA:1 technique are not set as TSA
MISSING_STRUCTURED_COMMENT:1 sequences do not include structured comments.
MISSING_PROJECT:9 sequences do not include project.
DISC_INCONSISTENT_MOLINFO_TECH:Molinfo Technique Report (some missing, all same)


Detailed Report

DiscRep_ALL:DISC_SOURCE_QUALS_ASNDISC::strain (all present, all unique)
DiscRep_SUB:DISC_SOURCE_QUALS_ASNDISC::1 sources have unique values for strain
DiscRep_ALL:DISC_SOURCE_QUALS_ASNDISC::taxname (all present, all unique)
DiscRep_SUB:DISC_SOURCE_QUALS_ASNDISC::1 sources have unique values for taxname
DiscRep_ALL:DISC_FEATURE_COUNT::gene: 8 present
DiscRep_ALL:DISC_FEATURE_COUNT::CDS: 8 present
DiscRep_ALL:DISC_COUNT_NUCLEOTIDES::1 nucleotide Bioseqs are present
GCA_000013465.1_ASM1346v1_genomic.gbff_pp21/PROKKA_05152020:X:AGBBPLPD_1 (length 7615)

DiscRep_ALL:OVERLAPPING_GENES::2 genes overlap another gene on the same strand.
GCA_000013465.1_ASM1346v1_genomic.gbff_pp21/PROKKA_05152020:Gene	panC	AGBBPLPD_1:c4655-3804	AGBBPLPD_00005
GCA_000013465.1_ASM1346v1_genomic.gbff_pp21/PROKKA_05152020:Gene	panB	AGBBPLPD_1:c5466-4648	AGBBPLPD_00006

DiscRep_ALL:DISC_QUALITY_SCORES::Quality scores are missing on all sequences.

DiscRep_ALL:ONCALLER_COMMENT_PRESENT::1 comment descriptors were found (all same)
GCA_000013465.1_ASM1346v1_genomic.gbff_pp21/PROKKA_05152020:X:AGBBPLPD_1:Annotated using prokka 1.14.6 from https://github.com/tseemann/prokka

DiscRep_ALL:MISSING_GENOMEASSEMBLY_COMMENTS::1 bioseqs are missing GenomeAssembly structured comments
GCA_000013465.1_ASM1346v1_genomic.gbff_pp21/PROKKA_05152020:X:AGBBPLPD_1 (length 7615)

DiscRep_ALL:MOLTYPE_NOT_MRNA::1 molecule types are not set as mRNA.
GCA_000013465.1_ASM1346v1_genomic.gbff_pp21/PROKKA_05152020:X:AGBBPLPD_1 (length 7615)

DiscRep_ALL:TECHNIQUE_NOT_TSA::1 technique are not set as TSA
GCA_000013465.1_ASM1346v1_genomic.gbff_pp21/PROKKA_05152020:X:AGBBPLPD_1 (length 7615)

DiscRep_ALL:MISSING_STRUCTURED_COMMENT::1 sequences do not include structured comments.
GCA_000013465.1_ASM1346v1_genomic.gbff_pp21/PROKKA_05152020:X:AGBBPLPD_1 (length 7615)

DiscRep_ALL:MISSING_PROJECT::9 sequences do not include project.
GCA_000013465.1_ASM1346v1_genomic.gbff_pp21/PROKKA_05152020:X:AGBBPLPD_1 (length 7615)
GCA_000013465.1_ASM1346v1_genomic.gbff_pp21/PROKKA_05152020:X:AGBBPLPD_00001 (length 412)
GCA_000013465.1_ASM1346v1_genomic.gbff_pp21/PROKKA_05152020:X:AGBBPLPD_00002 (length 211)
GCA_000013465.1_ASM1346v1_genomic.gbff_pp21/PROKKA_05152020:X:AGBBPLPD_00003 (length 358)
GCA_000013465.1_ASM1346v1_genomic.gbff_pp21/PROKKA_05152020:X:AGBBPLPD_00004 (length 127)
GCA_000013465.1_ASM1346v1_genomic.gbff_pp21/PROKKA_05152020:X:AGBBPLPD_00005 (length 283)
GCA_000013465.1_ASM1346v1_genomic.gbff_pp21/PROKKA_05152020:X:AGBBPLPD_00006 (length 272)
GCA_000013465.1_ASM1346v1_genomic.gbff_pp21/PROKKA_05152020:X:AGBBPLPD_00007 (length 286)
GCA_000013465.1_ASM1346v1_genomic.gbff_pp21/PROKKA_05152020:X:AGBBPLPD_00008 (length 234)

DiscRep_ALL:DISC_INCONSISTENT_MOLINFO_TECH::Molinfo Technique Report (some missing, all same)
DiscRep_SUB:DISC_INCONSISTENT_MOLINFO_TECH::technique (all missing)
DiscRep_SUB:DISC_INCONSISTENT_MOLINFO_TECH::1 Molinfos are missing field technique
GCA_000013465.1_ASM1346v1_genomic.gbff_pp21/PROKKA_05152020:X:AGBBPLPD_1 (length 7615)

