Discrepancy Report Results

Summary
DISC_SOURCE_QUALS_ASNDISC:strain (all present, all unique)
DISC_SOURCE_QUALS_ASNDISC:taxname (all present, all unique)
DISC_FEATURE_COUNT:gene: 52 present
DISC_FEATURE_COUNT:CDS: 52 present
DISC_COUNT_NUCLEOTIDES:1 nucleotide Bioseqs are present
OVERLAPPING_GENES:7 genes overlap another gene on the same strand.
SUSPECT_PRODUCT_NAMES:2 product_names contain suspect phrase or characters
	May contain database identifier more appropriate in note; remove from product name
		1 features contains three or more numbers together that may be identifiers more appropriate in note
		1 features Contains underscore
DISC_QUALITY_SCORES:Quality scores are missing on all sequences.
ONCALLER_COMMENT_PRESENT:1 comment descriptors were found (all same)
SHORT_PROT_SEQUENCES:1 protein sequences are shorter than 50 aa.
MISSING_GENOMEASSEMBLY_COMMENTS:1 bioseqs are missing GenomeAssembly structured comments
MOLTYPE_NOT_MRNA:1 molecule types are not set as mRNA.
TECHNIQUE_NOT_TSA:1 technique are not set as TSA
MISSING_STRUCTURED_COMMENT:1 sequences do not include structured comments.
MISSING_PROJECT:53 sequences do not include project.
DISC_INCONSISTENT_MOLINFO_TECH:Molinfo Technique Report (some missing, all same)


Detailed Report

DiscRep_ALL:DISC_SOURCE_QUALS_ASNDISC::strain (all present, all unique)
DiscRep_SUB:DISC_SOURCE_QUALS_ASNDISC::1 sources have unique values for strain
DiscRep_ALL:DISC_SOURCE_QUALS_ASNDISC::taxname (all present, all unique)
DiscRep_SUB:DISC_SOURCE_QUALS_ASNDISC::1 sources have unique values for taxname
DiscRep_ALL:DISC_FEATURE_COUNT::gene: 52 present
DiscRep_ALL:DISC_FEATURE_COUNT::CDS: 52 present
DiscRep_ALL:DISC_COUNT_NUCLEOTIDES::1 nucleotide Bioseqs are present
GCA_000160415.1_ASM16041v1_genomic.gbff_pp13/PROKKA_05152020:X:EFEAKEDL_1 (length 45843)

DiscRep_ALL:OVERLAPPING_GENES::7 genes overlap another gene on the same strand.
GCA_000160415.1_ASM16041v1_genomic.gbff_pp13/PROKKA_05152020:Gene	rplO	EFEAKEDL_1:2196-2636	EFEAKEDL_00006
GCA_000160415.1_ASM16041v1_genomic.gbff_pp13/PROKKA_05152020:Gene	secY	EFEAKEDL_1:2636-3928	EFEAKEDL_00007
GCA_000160415.1_ASM16041v1_genomic.gbff_pp13/PROKKA_05152020:Gene	ecfA1	EFEAKEDL_1:7780-8700	EFEAKEDL_00015
GCA_000160415.1_ASM16041v1_genomic.gbff_pp13/PROKKA_05152020:Gene	ecfA2	EFEAKEDL_1:8697-9557	EFEAKEDL_00016
GCA_000160415.1_ASM16041v1_genomic.gbff_pp13/PROKKA_05152020:Gene	ecfT	EFEAKEDL_1:9547-10353	EFEAKEDL_00017
GCA_000160415.1_ASM16041v1_genomic.gbff_pp13/PROKKA_05152020:Gene	EFEAKEDL_00021	EFEAKEDL_1:12795-13892	EFEAKEDL_00021
GCA_000160415.1_ASM16041v1_genomic.gbff_pp13/PROKKA_05152020:Gene	EFEAKEDL_00022	EFEAKEDL_1:13889-14182	EFEAKEDL_00022

DiscRep_ALL:SUSPECT_PRODUCT_NAMES::2 product_names contain suspect phrase or characters
DiscRep_SUB:SUSPECT_PRODUCT_NAMES::May contain database identifier more appropriate in note; remove from product name
DiscRep_SUB:SUSPECT_PRODUCT_NAMES::1 features contains three or more numbers together that may be identifiers more appropriate in note
GCA_000160415.1_ASM16041v1_genomic.gbff_pp13/PROKKA_05152020:CDS	putative oxidoreductase/MSMEI_2347	EFEAKEDL_1:27593-28441	EFEAKEDL_00034

DiscRep_SUB:SUSPECT_PRODUCT_NAMES::1 features Contains underscore
GCA_000160415.1_ASM16041v1_genomic.gbff_pp13/PROKKA_05152020:CDS	putative oxidoreductase/MSMEI_2347	EFEAKEDL_1:27593-28441	EFEAKEDL_00034

DiscRep_ALL:DISC_QUALITY_SCORES::Quality scores are missing on all sequences.

DiscRep_ALL:ONCALLER_COMMENT_PRESENT::1 comment descriptors were found (all same)
GCA_000160415.1_ASM16041v1_genomic.gbff_pp13/PROKKA_05152020:X:EFEAKEDL_1:Annotated using prokka 1.14.6 from https://github.com/tseemann/prokka

DiscRep_ALL:SHORT_PROT_SEQUENCES::1 protein sequences are shorter than 50 aa.
GCA_000160415.1_ASM16041v1_genomic.gbff_pp13/PROKKA_05152020:X:EFEAKEDL_00010 (length 37)

DiscRep_ALL:MISSING_GENOMEASSEMBLY_COMMENTS::1 bioseqs are missing GenomeAssembly structured comments
GCA_000160415.1_ASM16041v1_genomic.gbff_pp13/PROKKA_05152020:X:EFEAKEDL_1 (length 45843)

DiscRep_ALL:MOLTYPE_NOT_MRNA::1 molecule types are not set as mRNA.
GCA_000160415.1_ASM16041v1_genomic.gbff_pp13/PROKKA_05152020:X:EFEAKEDL_1 (length 45843)

DiscRep_ALL:TECHNIQUE_NOT_TSA::1 technique are not set as TSA
GCA_000160415.1_ASM16041v1_genomic.gbff_pp13/PROKKA_05152020:X:EFEAKEDL_1 (length 45843)

DiscRep_ALL:MISSING_STRUCTURED_COMMENT::1 sequences do not include structured comments.
GCA_000160415.1_ASM16041v1_genomic.gbff_pp13/PROKKA_05152020:X:EFEAKEDL_1 (length 45843)

DiscRep_ALL:MISSING_PROJECT::53 sequences do not include project.
GCA_000160415.1_ASM16041v1_genomic.gbff_pp13/PROKKA_05152020:X:EFEAKEDL_1 (length 45843)
GCA_000160415.1_ASM16041v1_genomic.gbff_pp13/PROKKA_05152020:X:EFEAKEDL_00001 (length 132)
GCA_000160415.1_ASM16041v1_genomic.gbff_pp13/PROKKA_05152020:X:EFEAKEDL_00002 (length 178)
GCA_000160415.1_ASM16041v1_genomic.gbff_pp13/PROKKA_05152020:X:EFEAKEDL_00003 (length 119)
GCA_000160415.1_ASM16041v1_genomic.gbff_pp13/PROKKA_05152020:X:EFEAKEDL_00004 (length 166)
GCA_000160415.1_ASM16041v1_genomic.gbff_pp13/PROKKA_05152020:X:EFEAKEDL_00005 (length 59)
GCA_000160415.1_ASM16041v1_genomic.gbff_pp13/PROKKA_05152020:X:EFEAKEDL_00006 (length 146)
GCA_000160415.1_ASM16041v1_genomic.gbff_pp13/PROKKA_05152020:X:EFEAKEDL_00007 (length 430)
GCA_000160415.1_ASM16041v1_genomic.gbff_pp13/PROKKA_05152020:X:EFEAKEDL_00008 (length 215)
GCA_000160415.1_ASM16041v1_genomic.gbff_pp13/PROKKA_05152020:X:EFEAKEDL_00009 (length 72)
GCA_000160415.1_ASM16041v1_genomic.gbff_pp13/PROKKA_05152020:X:EFEAKEDL_00010 (length 37)
GCA_000160415.1_ASM16041v1_genomic.gbff_pp13/PROKKA_05152020:X:EFEAKEDL_00011 (length 121)
GCA_000160415.1_ASM16041v1_genomic.gbff_pp13/PROKKA_05152020:X:EFEAKEDL_00012 (length 129)
GCA_000160415.1_ASM16041v1_genomic.gbff_pp13/PROKKA_05152020:X:EFEAKEDL_00013 (length 314)
GCA_000160415.1_ASM16041v1_genomic.gbff_pp13/PROKKA_05152020:X:EFEAKEDL_00014 (length 122)
GCA_000160415.1_ASM16041v1_genomic.gbff_pp13/PROKKA_05152020:X:EFEAKEDL_00015 (length 306)
GCA_000160415.1_ASM16041v1_genomic.gbff_pp13/PROKKA_05152020:X:EFEAKEDL_00016 (length 286)
GCA_000160415.1_ASM16041v1_genomic.gbff_pp13/PROKKA_05152020:X:EFEAKEDL_00017 (length 268)
GCA_000160415.1_ASM16041v1_genomic.gbff_pp13/PROKKA_05152020:X:EFEAKEDL_00018 (length 267)
GCA_000160415.1_ASM16041v1_genomic.gbff_pp13/PROKKA_05152020:X:EFEAKEDL_00019 (length 145)
GCA_000160415.1_ASM16041v1_genomic.gbff_pp13/PROKKA_05152020:X:EFEAKEDL_00020 (length 132)
GCA_000160415.1_ASM16041v1_genomic.gbff_pp13/PROKKA_05152020:X:EFEAKEDL_00021 (length 365)
GCA_000160415.1_ASM16041v1_genomic.gbff_pp13/PROKKA_05152020:X:EFEAKEDL_00022 (length 97)
GCA_000160415.1_ASM16041v1_genomic.gbff_pp13/PROKKA_05152020:X:EFEAKEDL_00023 (length 263)
GCA_000160415.1_ASM16041v1_genomic.gbff_pp13/PROKKA_05152020:X:EFEAKEDL_00024 (length 378)
GCA_000160415.1_ASM16041v1_genomic.gbff_pp13/PROKKA_05152020:X:EFEAKEDL_00025 (length 468)
GCA_000160415.1_ASM16041v1_genomic.gbff_pp13/PROKKA_05152020:X:EFEAKEDL_00026 (length 74)
GCA_000160415.1_ASM16041v1_genomic.gbff_pp13/PROKKA_05152020:X:EFEAKEDL_00027 (length 554)
GCA_000160415.1_ASM16041v1_genomic.gbff_pp13/PROKKA_05152020:X:EFEAKEDL_00028 (length 234)
GCA_000160415.1_ASM16041v1_genomic.gbff_pp13/PROKKA_05152020:X:EFEAKEDL_00029 (length 141)
GCA_000160415.1_ASM16041v1_genomic.gbff_pp13/PROKKA_05152020:X:EFEAKEDL_00030 (length 271)
GCA_000160415.1_ASM16041v1_genomic.gbff_pp13/PROKKA_05152020:X:EFEAKEDL_00031 (length 284)
GCA_000160415.1_ASM16041v1_genomic.gbff_pp13/PROKKA_05152020:X:EFEAKEDL_00032 (length 807)
GCA_000160415.1_ASM16041v1_genomic.gbff_pp13/PROKKA_05152020:X:EFEAKEDL_00033 (length 138)
GCA_000160415.1_ASM16041v1_genomic.gbff_pp13/PROKKA_05152020:X:EFEAKEDL_00034 (length 282)
GCA_000160415.1_ASM16041v1_genomic.gbff_pp13/PROKKA_05152020:X:EFEAKEDL_00035 (length 144)
GCA_000160415.1_ASM16041v1_genomic.gbff_pp13/PROKKA_05152020:X:EFEAKEDL_00036 (length 246)
GCA_000160415.1_ASM16041v1_genomic.gbff_pp13/PROKKA_05152020:X:EFEAKEDL_00037 (length 263)
GCA_000160415.1_ASM16041v1_genomic.gbff_pp13/PROKKA_05152020:X:EFEAKEDL_00038 (length 142)
GCA_000160415.1_ASM16041v1_genomic.gbff_pp13/PROKKA_05152020:X:EFEAKEDL_00039 (length 171)
GCA_000160415.1_ASM16041v1_genomic.gbff_pp13/PROKKA_05152020:X:EFEAKEDL_00040 (length 310)
GCA_000160415.1_ASM16041v1_genomic.gbff_pp13/PROKKA_05152020:X:EFEAKEDL_00041 (length 326)
GCA_000160415.1_ASM16041v1_genomic.gbff_pp13/PROKKA_05152020:X:EFEAKEDL_00042 (length 103)
GCA_000160415.1_ASM16041v1_genomic.gbff_pp13/PROKKA_05152020:X:EFEAKEDL_00043 (length 570)
GCA_000160415.1_ASM16041v1_genomic.gbff_pp13/PROKKA_05152020:X:EFEAKEDL_00044 (length 470)
GCA_000160415.1_ASM16041v1_genomic.gbff_pp13/PROKKA_05152020:X:EFEAKEDL_00045 (length 294)
GCA_000160415.1_ASM16041v1_genomic.gbff_pp13/PROKKA_05152020:X:EFEAKEDL_00046 (length 334)
GCA_000160415.1_ASM16041v1_genomic.gbff_pp13/PROKKA_05152020:X:EFEAKEDL_00047 (length 333)
GCA_000160415.1_ASM16041v1_genomic.gbff_pp13/PROKKA_05152020:X:EFEAKEDL_00048 (length 520)
GCA_000160415.1_ASM16041v1_genomic.gbff_pp13/PROKKA_05152020:X:EFEAKEDL_00049 (length 178)
GCA_000160415.1_ASM16041v1_genomic.gbff_pp13/PROKKA_05152020:X:EFEAKEDL_00050 (length 79)
GCA_000160415.1_ASM16041v1_genomic.gbff_pp13/PROKKA_05152020:X:EFEAKEDL_00051 (length 169)
GCA_000160415.1_ASM16041v1_genomic.gbff_pp13/PROKKA_05152020:X:EFEAKEDL_00052 (length 103)

DiscRep_ALL:DISC_INCONSISTENT_MOLINFO_TECH::Molinfo Technique Report (some missing, all same)
DiscRep_SUB:DISC_INCONSISTENT_MOLINFO_TECH::technique (all missing)
DiscRep_SUB:DISC_INCONSISTENT_MOLINFO_TECH::1 Molinfos are missing field technique
GCA_000160415.1_ASM16041v1_genomic.gbff_pp13/PROKKA_05152020:X:EFEAKEDL_1 (length 45843)

