Discrepancy Report Results

Summary
DISC_SOURCE_QUALS_ASNDISC:strain (all present, all unique)
DISC_SOURCE_QUALS_ASNDISC:taxname (all present, all unique)
DISC_FEATURE_COUNT:gene: 82 present
DISC_FEATURE_COUNT:CDS: 80 present
DISC_FEATURE_COUNT:tRNA: 2 present
DISC_COUNT_NUCLEOTIDES:1 nucleotide Bioseqs are present
OVERLAPPING_GENES:19 genes overlap another gene on the same strand.
DISC_QUALITY_SCORES:Quality scores are missing on all sequences.
ONCALLER_COMMENT_PRESENT:1 comment descriptors were found (all same)
SHORT_PROT_SEQUENCES:2 protein sequences are shorter than 50 aa.
MISSING_GENOMEASSEMBLY_COMMENTS:1 bioseqs are missing GenomeAssembly structured comments
MOLTYPE_NOT_MRNA:1 molecule types are not set as mRNA.
TECHNIQUE_NOT_TSA:1 technique are not set as TSA
MISSING_STRUCTURED_COMMENT:1 sequences do not include structured comments.
MISSING_PROJECT:81 sequences do not include project.
DISC_INCONSISTENT_MOLINFO_TECH:Molinfo Technique Report (some missing, all same)


Detailed Report

DiscRep_ALL:DISC_SOURCE_QUALS_ASNDISC::strain (all present, all unique)
DiscRep_SUB:DISC_SOURCE_QUALS_ASNDISC::1 sources have unique values for strain
DiscRep_ALL:DISC_SOURCE_QUALS_ASNDISC::taxname (all present, all unique)
DiscRep_SUB:DISC_SOURCE_QUALS_ASNDISC::1 sources have unique values for taxname
DiscRep_ALL:DISC_FEATURE_COUNT::gene: 82 present
DiscRep_ALL:DISC_FEATURE_COUNT::CDS: 80 present
DiscRep_ALL:DISC_FEATURE_COUNT::tRNA: 2 present
DiscRep_ALL:DISC_COUNT_NUCLEOTIDES::1 nucleotide Bioseqs are present
GCA_000009005.1_ASM900v1_genomic.gbff_pp15/PROKKA_05152020:X:CMLBKDKH_1 (length 90285)

DiscRep_ALL:OVERLAPPING_GENES::19 genes overlap another gene on the same strand.
GCA_000009005.1_ASM900v1_genomic.gbff_pp15/PROKKA_05152020:Gene	rsmG	CMLBKDKH_1:c5150-4431	CMLBKDKH_00007
GCA_000009005.1_ASM900v1_genomic.gbff_pp15/PROKKA_05152020:Gene	mnmG	CMLBKDKH_1:c7027-5150	CMLBKDKH_00008
GCA_000009005.1_ASM900v1_genomic.gbff_pp15/PROKKA_05152020:Gene	CMLBKDKH_00014	CMLBKDKH_1:13116-13352	CMLBKDKH_00014
GCA_000009005.1_ASM900v1_genomic.gbff_pp15/PROKKA_05152020:Gene	recF	CMLBKDKH_1:13349-14461	CMLBKDKH_00015
GCA_000009005.1_ASM900v1_genomic.gbff_pp15/PROKKA_05152020:Gene	CMLBKDKH_00021	CMLBKDKH_1:24167-24862	CMLBKDKH_00021
GCA_000009005.1_ASM900v1_genomic.gbff_pp15/PROKKA_05152020:Gene	CMLBKDKH_00022	CMLBKDKH_1:24859-25188	CMLBKDKH_00022
GCA_000009005.1_ASM900v1_genomic.gbff_pp15/PROKKA_05152020:Gene	gdpP	CMLBKDKH_1:27768-29735	CMLBKDKH_00025
GCA_000009005.1_ASM900v1_genomic.gbff_pp15/PROKKA_05152020:Gene	rplI	CMLBKDKH_1:29732-30178	CMLBKDKH_00026
GCA_000009005.1_ASM900v1_genomic.gbff_pp15/PROKKA_05152020:Gene	mecR1	CMLBKDKH_1:51277-52263	CMLBKDKH_00047
GCA_000009005.1_ASM900v1_genomic.gbff_pp15/PROKKA_05152020:Gene	CMLBKDKH_00048	CMLBKDKH_1:52223-52495	CMLBKDKH_00048
GCA_000009005.1_ASM900v1_genomic.gbff_pp15/PROKKA_05152020:Gene	CMLBKDKH_00055	CMLBKDKH_1:c60962-59169	CMLBKDKH_00055
GCA_000009005.1_ASM900v1_genomic.gbff_pp15/PROKKA_05152020:Gene	CMLBKDKH_00056	CMLBKDKH_1:c61258-60962	CMLBKDKH_00056
GCA_000009005.1_ASM900v1_genomic.gbff_pp15/PROKKA_05152020:Gene	hsdM	CMLBKDKH_1:67774-69288	CMLBKDKH_00063
GCA_000009005.1_ASM900v1_genomic.gbff_pp15/PROKKA_05152020:Gene	CMLBKDKH_00064	CMLBKDKH_1:69278-70510	CMLBKDKH_00064
GCA_000009005.1_ASM900v1_genomic.gbff_pp15/PROKKA_05152020:Gene	CMLBKDKH_00065	CMLBKDKH_1:70494-73622	CMLBKDKH_00065
GCA_000009005.1_ASM900v1_genomic.gbff_pp15/PROKKA_05152020:Gene	CMLBKDKH_00066	CMLBKDKH_1:73735-74442	CMLBKDKH_00066
GCA_000009005.1_ASM900v1_genomic.gbff_pp15/PROKKA_05152020:Gene	CMLBKDKH_00067	CMLBKDKH_1:74435-74902	CMLBKDKH_00067
GCA_000009005.1_ASM900v1_genomic.gbff_pp15/PROKKA_05152020:Gene	entS	CMLBKDKH_1:c81146-79926	CMLBKDKH_00074
GCA_000009005.1_ASM900v1_genomic.gbff_pp15/PROKKA_05152020:Gene	ywqN	CMLBKDKH_1:c81690-81139	CMLBKDKH_00075

DiscRep_ALL:DISC_QUALITY_SCORES::Quality scores are missing on all sequences.

DiscRep_ALL:ONCALLER_COMMENT_PRESENT::1 comment descriptors were found (all same)
GCA_000009005.1_ASM900v1_genomic.gbff_pp15/PROKKA_05152020:X:CMLBKDKH_1:Annotated using prokka 1.14.6 from https://github.com/tseemann/prokka

DiscRep_ALL:SHORT_PROT_SEQUENCES::2 protein sequences are shorter than 50 aa.
GCA_000009005.1_ASM900v1_genomic.gbff_pp15/PROKKA_05152020:X:CMLBKDKH_00011 (length 45)
GCA_000009005.1_ASM900v1_genomic.gbff_pp15/PROKKA_05152020:X:CMLBKDKH_00039 (length 33)

DiscRep_ALL:MISSING_GENOMEASSEMBLY_COMMENTS::1 bioseqs are missing GenomeAssembly structured comments
GCA_000009005.1_ASM900v1_genomic.gbff_pp15/PROKKA_05152020:X:CMLBKDKH_1 (length 90285)

DiscRep_ALL:MOLTYPE_NOT_MRNA::1 molecule types are not set as mRNA.
GCA_000009005.1_ASM900v1_genomic.gbff_pp15/PROKKA_05152020:X:CMLBKDKH_1 (length 90285)

DiscRep_ALL:TECHNIQUE_NOT_TSA::1 technique are not set as TSA
GCA_000009005.1_ASM900v1_genomic.gbff_pp15/PROKKA_05152020:X:CMLBKDKH_1 (length 90285)

DiscRep_ALL:MISSING_STRUCTURED_COMMENT::1 sequences do not include structured comments.
GCA_000009005.1_ASM900v1_genomic.gbff_pp15/PROKKA_05152020:X:CMLBKDKH_1 (length 90285)

DiscRep_ALL:MISSING_PROJECT::81 sequences do not include project.
GCA_000009005.1_ASM900v1_genomic.gbff_pp15/PROKKA_05152020:X:CMLBKDKH_1 (length 90285)
GCA_000009005.1_ASM900v1_genomic.gbff_pp15/PROKKA_05152020:X:CMLBKDKH_00001 (length 66)
GCA_000009005.1_ASM900v1_genomic.gbff_pp15/PROKKA_05152020:X:CMLBKDKH_00002 (length 189)
GCA_000009005.1_ASM900v1_genomic.gbff_pp15/PROKKA_05152020:X:CMLBKDKH_00003 (length 131)
GCA_000009005.1_ASM900v1_genomic.gbff_pp15/PROKKA_05152020:X:CMLBKDKH_00004 (length 117)
GCA_000009005.1_ASM900v1_genomic.gbff_pp15/PROKKA_05152020:X:CMLBKDKH_00005 (length 161)
GCA_000009005.1_ASM900v1_genomic.gbff_pp15/PROKKA_05152020:X:CMLBKDKH_00006 (length 279)
GCA_000009005.1_ASM900v1_genomic.gbff_pp15/PROKKA_05152020:X:CMLBKDKH_00007 (length 239)
GCA_000009005.1_ASM900v1_genomic.gbff_pp15/PROKKA_05152020:X:CMLBKDKH_00008 (length 625)
GCA_000009005.1_ASM900v1_genomic.gbff_pp15/PROKKA_05152020:X:CMLBKDKH_00009 (length 459)
GCA_000009005.1_ASM900v1_genomic.gbff_pp15/PROKKA_05152020:X:CMLBKDKH_00010 (length 117)
GCA_000009005.1_ASM900v1_genomic.gbff_pp15/PROKKA_05152020:X:CMLBKDKH_00011 (length 45)
GCA_000009005.1_ASM900v1_genomic.gbff_pp15/PROKKA_05152020:X:CMLBKDKH_00012 (length 453)
GCA_000009005.1_ASM900v1_genomic.gbff_pp15/PROKKA_05152020:X:CMLBKDKH_00013 (length 377)
GCA_000009005.1_ASM900v1_genomic.gbff_pp15/PROKKA_05152020:X:CMLBKDKH_00014 (length 78)
GCA_000009005.1_ASM900v1_genomic.gbff_pp15/PROKKA_05152020:X:CMLBKDKH_00015 (length 370)
GCA_000009005.1_ASM900v1_genomic.gbff_pp15/PROKKA_05152020:X:CMLBKDKH_00016 (length 644)
GCA_000009005.1_ASM900v1_genomic.gbff_pp15/PROKKA_05152020:X:CMLBKDKH_00017 (length 889)
GCA_000009005.1_ASM900v1_genomic.gbff_pp15/PROKKA_05152020:X:CMLBKDKH_00018 (length 276)
GCA_000009005.1_ASM900v1_genomic.gbff_pp15/PROKKA_05152020:X:CMLBKDKH_00019 (length 504)
GCA_000009005.1_ASM900v1_genomic.gbff_pp15/PROKKA_05152020:X:CMLBKDKH_00020 (length 428)
GCA_000009005.1_ASM900v1_genomic.gbff_pp15/PROKKA_05152020:X:CMLBKDKH_00021 (length 231)
GCA_000009005.1_ASM900v1_genomic.gbff_pp15/PROKKA_05152020:X:CMLBKDKH_00022 (length 109)
GCA_000009005.1_ASM900v1_genomic.gbff_pp15/PROKKA_05152020:X:CMLBKDKH_00023 (length 322)
GCA_000009005.1_ASM900v1_genomic.gbff_pp15/PROKKA_05152020:X:CMLBKDKH_00024 (length 312)
GCA_000009005.1_ASM900v1_genomic.gbff_pp15/PROKKA_05152020:X:CMLBKDKH_00025 (length 655)
GCA_000009005.1_ASM900v1_genomic.gbff_pp15/PROKKA_05152020:X:CMLBKDKH_00026 (length 148)
GCA_000009005.1_ASM900v1_genomic.gbff_pp15/PROKKA_05152020:X:CMLBKDKH_00027 (length 466)
GCA_000009005.1_ASM900v1_genomic.gbff_pp15/PROKKA_05152020:X:CMLBKDKH_00028 (length 427)
GCA_000009005.1_ASM900v1_genomic.gbff_pp15/PROKKA_05152020:X:CMLBKDKH_00031 (length 233)
GCA_000009005.1_ASM900v1_genomic.gbff_pp15/PROKKA_05152020:X:CMLBKDKH_00032 (length 608)
GCA_000009005.1_ASM900v1_genomic.gbff_pp15/PROKKA_05152020:X:CMLBKDKH_00033 (length 427)
GCA_000009005.1_ASM900v1_genomic.gbff_pp15/PROKKA_05152020:X:CMLBKDKH_00034 (length 262)
GCA_000009005.1_ASM900v1_genomic.gbff_pp15/PROKKA_05152020:X:CMLBKDKH_00035 (length 260)
GCA_000009005.1_ASM900v1_genomic.gbff_pp15/PROKKA_05152020:X:CMLBKDKH_00036 (length 786)
GCA_000009005.1_ASM900v1_genomic.gbff_pp15/PROKKA_05152020:X:CMLBKDKH_00037 (length 159)
GCA_000009005.1_ASM900v1_genomic.gbff_pp15/PROKKA_05152020:X:CMLBKDKH_00038 (length 418)
GCA_000009005.1_ASM900v1_genomic.gbff_pp15/PROKKA_05152020:X:CMLBKDKH_00039 (length 33)
GCA_000009005.1_ASM900v1_genomic.gbff_pp15/PROKKA_05152020:X:CMLBKDKH_00040 (length 79)
GCA_000009005.1_ASM900v1_genomic.gbff_pp15/PROKKA_05152020:X:CMLBKDKH_00041 (length 224)
GCA_000009005.1_ASM900v1_genomic.gbff_pp15/PROKKA_05152020:X:CMLBKDKH_00042 (length 55)
GCA_000009005.1_ASM900v1_genomic.gbff_pp15/PROKKA_05152020:X:CMLBKDKH_00043 (length 76)
GCA_000009005.1_ASM900v1_genomic.gbff_pp15/PROKKA_05152020:X:CMLBKDKH_00044 (length 247)
GCA_000009005.1_ASM900v1_genomic.gbff_pp15/PROKKA_05152020:X:CMLBKDKH_00045 (length 142)
GCA_000009005.1_ASM900v1_genomic.gbff_pp15/PROKKA_05152020:X:CMLBKDKH_00046 (length 668)
GCA_000009005.1_ASM900v1_genomic.gbff_pp15/PROKKA_05152020:X:CMLBKDKH_00047 (length 328)
GCA_000009005.1_ASM900v1_genomic.gbff_pp15/PROKKA_05152020:X:CMLBKDKH_00048 (length 90)
GCA_000009005.1_ASM900v1_genomic.gbff_pp15/PROKKA_05152020:X:CMLBKDKH_00049 (length 507)
GCA_000009005.1_ASM900v1_genomic.gbff_pp15/PROKKA_05152020:X:CMLBKDKH_00050 (length 168)
GCA_000009005.1_ASM900v1_genomic.gbff_pp15/PROKKA_05152020:X:CMLBKDKH_00051 (length 103)
GCA_000009005.1_ASM900v1_genomic.gbff_pp15/PROKKA_05152020:X:CMLBKDKH_00052 (length 116)
GCA_000009005.1_ASM900v1_genomic.gbff_pp15/PROKKA_05152020:X:CMLBKDKH_00053 (length 542)
GCA_000009005.1_ASM900v1_genomic.gbff_pp15/PROKKA_05152020:X:CMLBKDKH_00054 (length 449)
GCA_000009005.1_ASM900v1_genomic.gbff_pp15/PROKKA_05152020:X:CMLBKDKH_00055 (length 597)
GCA_000009005.1_ASM900v1_genomic.gbff_pp15/PROKKA_05152020:X:CMLBKDKH_00056 (length 98)
GCA_000009005.1_ASM900v1_genomic.gbff_pp15/PROKKA_05152020:X:CMLBKDKH_00057 (length 527)
GCA_000009005.1_ASM900v1_genomic.gbff_pp15/PROKKA_05152020:X:CMLBKDKH_00058 (length 310)
GCA_000009005.1_ASM900v1_genomic.gbff_pp15/PROKKA_05152020:X:CMLBKDKH_00059 (length 125)
GCA_000009005.1_ASM900v1_genomic.gbff_pp15/PROKKA_05152020:X:CMLBKDKH_00060 (length 165)
GCA_000009005.1_ASM900v1_genomic.gbff_pp15/PROKKA_05152020:X:CMLBKDKH_00061 (length 423)
GCA_000009005.1_ASM900v1_genomic.gbff_pp15/PROKKA_05152020:X:CMLBKDKH_00062 (length 158)
GCA_000009005.1_ASM900v1_genomic.gbff_pp15/PROKKA_05152020:X:CMLBKDKH_00063 (length 504)
GCA_000009005.1_ASM900v1_genomic.gbff_pp15/PROKKA_05152020:X:CMLBKDKH_00064 (length 410)
GCA_000009005.1_ASM900v1_genomic.gbff_pp15/PROKKA_05152020:X:CMLBKDKH_00065 (length 1042)
GCA_000009005.1_ASM900v1_genomic.gbff_pp15/PROKKA_05152020:X:CMLBKDKH_00066 (length 235)
GCA_000009005.1_ASM900v1_genomic.gbff_pp15/PROKKA_05152020:X:CMLBKDKH_00067 (length 155)
GCA_000009005.1_ASM900v1_genomic.gbff_pp15/PROKKA_05152020:X:CMLBKDKH_00068 (length 185)
GCA_000009005.1_ASM900v1_genomic.gbff_pp15/PROKKA_05152020:X:CMLBKDKH_00069 (length 505)
GCA_000009005.1_ASM900v1_genomic.gbff_pp15/PROKKA_05152020:X:CMLBKDKH_00070 (length 190)
GCA_000009005.1_ASM900v1_genomic.gbff_pp15/PROKKA_05152020:X:CMLBKDKH_00071 (length 328)
GCA_000009005.1_ASM900v1_genomic.gbff_pp15/PROKKA_05152020:X:CMLBKDKH_00072 (length 67)
GCA_000009005.1_ASM900v1_genomic.gbff_pp15/PROKKA_05152020:X:CMLBKDKH_00073 (length 98)
GCA_000009005.1_ASM900v1_genomic.gbff_pp15/PROKKA_05152020:X:CMLBKDKH_00074 (length 406)
GCA_000009005.1_ASM900v1_genomic.gbff_pp15/PROKKA_05152020:X:CMLBKDKH_00075 (length 183)
GCA_000009005.1_ASM900v1_genomic.gbff_pp15/PROKKA_05152020:X:CMLBKDKH_00076 (length 294)
GCA_000009005.1_ASM900v1_genomic.gbff_pp15/PROKKA_05152020:X:CMLBKDKH_00077 (length 177)
GCA_000009005.1_ASM900v1_genomic.gbff_pp15/PROKKA_05152020:X:CMLBKDKH_00078 (length 247)
GCA_000009005.1_ASM900v1_genomic.gbff_pp15/PROKKA_05152020:X:CMLBKDKH_00079 (length 139)
GCA_000009005.1_ASM900v1_genomic.gbff_pp15/PROKKA_05152020:X:CMLBKDKH_00080 (length 200)
GCA_000009005.1_ASM900v1_genomic.gbff_pp15/PROKKA_05152020:X:CMLBKDKH_00081 (length 1050)
GCA_000009005.1_ASM900v1_genomic.gbff_pp15/PROKKA_05152020:X:CMLBKDKH_00082 (length 160)

DiscRep_ALL:DISC_INCONSISTENT_MOLINFO_TECH::Molinfo Technique Report (some missing, all same)
DiscRep_SUB:DISC_INCONSISTENT_MOLINFO_TECH::technique (all missing)
DiscRep_SUB:DISC_INCONSISTENT_MOLINFO_TECH::1 Molinfos are missing field technique
GCA_000009005.1_ASM900v1_genomic.gbff_pp15/PROKKA_05152020:X:CMLBKDKH_1 (length 90285)

