Discrepancy Report Results

Summary
DISC_SOURCE_QUALS_ASNDISC:strain (all present, all unique)
DISC_SOURCE_QUALS_ASNDISC:taxname (all present, all unique)
DISC_FEATURE_COUNT:gene: 9 present
DISC_FEATURE_COUNT:CDS: 9 present
DISC_COUNT_NUCLEOTIDES:1 nucleotide Bioseqs are present
OVERLAPPING_GENES:5 genes overlap another gene on the same strand.
DISC_QUALITY_SCORES:Quality scores are missing on all sequences.
ONCALLER_COMMENT_PRESENT:1 comment descriptors were found (all same)
SHORT_PROT_SEQUENCES:1 protein sequences are shorter than 50 aa.
MISSING_GENOMEASSEMBLY_COMMENTS:1 bioseqs are missing GenomeAssembly structured comments
MOLTYPE_NOT_MRNA:1 molecule types are not set as mRNA.
TECHNIQUE_NOT_TSA:1 technique are not set as TSA
MISSING_STRUCTURED_COMMENT:1 sequences do not include structured comments.
MISSING_PROJECT:10 sequences do not include project.
DISC_INCONSISTENT_MOLINFO_TECH:Molinfo Technique Report (some missing, all same)


Detailed Report

DiscRep_ALL:DISC_SOURCE_QUALS_ASNDISC::strain (all present, all unique)
DiscRep_SUB:DISC_SOURCE_QUALS_ASNDISC::1 sources have unique values for strain
DiscRep_ALL:DISC_SOURCE_QUALS_ASNDISC::taxname (all present, all unique)
DiscRep_SUB:DISC_SOURCE_QUALS_ASNDISC::1 sources have unique values for taxname
DiscRep_ALL:DISC_FEATURE_COUNT::gene: 9 present
DiscRep_ALL:DISC_FEATURE_COUNT::CDS: 9 present
DiscRep_ALL:DISC_COUNT_NUCLEOTIDES::1 nucleotide Bioseqs are present
GCA_001194545.1_7907_4_56_genomic.gbff_pp13/PROKKA_05152020:X:BPDMCOHN_1 (length 7564)

DiscRep_ALL:OVERLAPPING_GENES::5 genes overlap another gene on the same strand.
GCA_001194545.1_7907_4_56_genomic.gbff_pp13/PROKKA_05152020:Gene	gluP	BPDMCOHN_1:2605-4068	BPDMCOHN_00004
GCA_001194545.1_7907_4_56_genomic.gbff_pp13/PROKKA_05152020:Gene	BPDMCOHN_00005	BPDMCOHN_1:4049-4252	BPDMCOHN_00005
GCA_001194545.1_7907_4_56_genomic.gbff_pp13/PROKKA_05152020:Gene	glcK	BPDMCOHN_1:4249-5235	BPDMCOHN_00006
GCA_001194545.1_7907_4_56_genomic.gbff_pp13/PROKKA_05152020:Gene	BPDMCOHN_00007	BPDMCOHN_1:5235-5564	BPDMCOHN_00007
GCA_001194545.1_7907_4_56_genomic.gbff_pp13/PROKKA_05152020:Gene	BPDMCOHN_00008	BPDMCOHN_1:5561-6184	BPDMCOHN_00008

DiscRep_ALL:DISC_QUALITY_SCORES::Quality scores are missing on all sequences.

DiscRep_ALL:ONCALLER_COMMENT_PRESENT::1 comment descriptors were found (all same)
GCA_001194545.1_7907_4_56_genomic.gbff_pp13/PROKKA_05152020:X:BPDMCOHN_1:Annotated using prokka 1.14.6 from https://github.com/tseemann/prokka

DiscRep_ALL:SHORT_PROT_SEQUENCES::1 protein sequences are shorter than 50 aa.
GCA_001194545.1_7907_4_56_genomic.gbff_pp13/PROKKA_05152020:X:BPDMCOHN_00002 (length 49)

DiscRep_ALL:MISSING_GENOMEASSEMBLY_COMMENTS::1 bioseqs are missing GenomeAssembly structured comments
GCA_001194545.1_7907_4_56_genomic.gbff_pp13/PROKKA_05152020:X:BPDMCOHN_1 (length 7564)

DiscRep_ALL:MOLTYPE_NOT_MRNA::1 molecule types are not set as mRNA.
GCA_001194545.1_7907_4_56_genomic.gbff_pp13/PROKKA_05152020:X:BPDMCOHN_1 (length 7564)

DiscRep_ALL:TECHNIQUE_NOT_TSA::1 technique are not set as TSA
GCA_001194545.1_7907_4_56_genomic.gbff_pp13/PROKKA_05152020:X:BPDMCOHN_1 (length 7564)

DiscRep_ALL:MISSING_STRUCTURED_COMMENT::1 sequences do not include structured comments.
GCA_001194545.1_7907_4_56_genomic.gbff_pp13/PROKKA_05152020:X:BPDMCOHN_1 (length 7564)

DiscRep_ALL:MISSING_PROJECT::10 sequences do not include project.
GCA_001194545.1_7907_4_56_genomic.gbff_pp13/PROKKA_05152020:X:BPDMCOHN_1 (length 7564)
GCA_001194545.1_7907_4_56_genomic.gbff_pp13/PROKKA_05152020:X:BPDMCOHN_00001 (length 504)
GCA_001194545.1_7907_4_56_genomic.gbff_pp13/PROKKA_05152020:X:BPDMCOHN_00002 (length 49)
GCA_001194545.1_7907_4_56_genomic.gbff_pp13/PROKKA_05152020:X:BPDMCOHN_00003 (length 197)
GCA_001194545.1_7907_4_56_genomic.gbff_pp13/PROKKA_05152020:X:BPDMCOHN_00004 (length 487)
GCA_001194545.1_7907_4_56_genomic.gbff_pp13/PROKKA_05152020:X:BPDMCOHN_00005 (length 67)
GCA_001194545.1_7907_4_56_genomic.gbff_pp13/PROKKA_05152020:X:BPDMCOHN_00006 (length 328)
GCA_001194545.1_7907_4_56_genomic.gbff_pp13/PROKKA_05152020:X:BPDMCOHN_00007 (length 109)
GCA_001194545.1_7907_4_56_genomic.gbff_pp13/PROKKA_05152020:X:BPDMCOHN_00008 (length 207)
GCA_001194545.1_7907_4_56_genomic.gbff_pp13/PROKKA_05152020:X:BPDMCOHN_00009 (length 324)

DiscRep_ALL:DISC_INCONSISTENT_MOLINFO_TECH::Molinfo Technique Report (some missing, all same)
DiscRep_SUB:DISC_INCONSISTENT_MOLINFO_TECH::technique (all missing)
DiscRep_SUB:DISC_INCONSISTENT_MOLINFO_TECH::1 Molinfos are missing field technique
GCA_001194545.1_7907_4_56_genomic.gbff_pp13/PROKKA_05152020:X:BPDMCOHN_1 (length 7564)

