Discrepancy Report Results

Summary
DISC_SOURCE_QUALS_ASNDISC:strain (all present, all unique)
DISC_SOURCE_QUALS_ASNDISC:taxname (all present, all unique)
DISC_FEATURE_COUNT:gene: 10 present
DISC_FEATURE_COUNT:CDS: 10 present
DISC_COUNT_NUCLEOTIDES:1 nucleotide Bioseqs are present
OVERLAPPING_GENES:2 genes overlap another gene on the same strand.
OVERLAPPING_CDS:2 coding regions overlap another coding region with a similar or identical name.
DISC_QUALITY_SCORES:Quality scores are missing on all sequences.
ONCALLER_COMMENT_PRESENT:1 comment descriptors were found (all same)
MISSING_GENOMEASSEMBLY_COMMENTS:1 bioseqs are missing GenomeAssembly structured comments
MOLTYPE_NOT_MRNA:1 molecule types are not set as mRNA.
TECHNIQUE_NOT_TSA:1 technique are not set as TSA
MISSING_STRUCTURED_COMMENT:1 sequences do not include structured comments.
MISSING_PROJECT:11 sequences do not include project.
DISC_INCONSISTENT_MOLINFO_TECH:Molinfo Technique Report (some missing, all same)


Detailed Report

DiscRep_ALL:DISC_SOURCE_QUALS_ASNDISC::strain (all present, all unique)
DiscRep_SUB:DISC_SOURCE_QUALS_ASNDISC::1 sources have unique values for strain
DiscRep_ALL:DISC_SOURCE_QUALS_ASNDISC::taxname (all present, all unique)
DiscRep_SUB:DISC_SOURCE_QUALS_ASNDISC::1 sources have unique values for taxname
DiscRep_ALL:DISC_FEATURE_COUNT::gene: 10 present
DiscRep_ALL:DISC_FEATURE_COUNT::CDS: 10 present
DiscRep_ALL:DISC_COUNT_NUCLEOTIDES::1 nucleotide Bioseqs are present
GCA_000543485.1_Stap_aure_M0773_V1_genomic.gbff_pp9/PROKKA_05152020:X:GMOEFFOK_1 (length 9560)

DiscRep_ALL:OVERLAPPING_GENES::2 genes overlap another gene on the same strand.
GCA_000543485.1_Stap_aure_M0773_V1_genomic.gbff_pp9/PROKKA_05152020:Gene	repE	GMOEFFOK_1:c7560-7270	GMOEFFOK_00007
GCA_000543485.1_Stap_aure_M0773_V1_genomic.gbff_pp9/PROKKA_05152020:Gene	repN	GMOEFFOK_1:c8090-7545	GMOEFFOK_00008

DiscRep_ALL:OVERLAPPING_CDS::2 coding regions overlap another coding region with a similar or identical name.
DiscRep_SUB:OVERLAPPING_CDS::2 coding regions overlap another coding region with a similar or identical name that do not have the appropriate note text
GCA_000543485.1_Stap_aure_M0773_V1_genomic.gbff_pp9/PROKKA_05152020:CDS	Replication initiation protein	GMOEFFOK_1:c7560-7270	GMOEFFOK_00007
GCA_000543485.1_Stap_aure_M0773_V1_genomic.gbff_pp9/PROKKA_05152020:CDS	Replication initiation protein	GMOEFFOK_1:c8090-7545	GMOEFFOK_00008

DiscRep_ALL:DISC_QUALITY_SCORES::Quality scores are missing on all sequences.

DiscRep_ALL:ONCALLER_COMMENT_PRESENT::1 comment descriptors were found (all same)
GCA_000543485.1_Stap_aure_M0773_V1_genomic.gbff_pp9/PROKKA_05152020:X:GMOEFFOK_1:Annotated using prokka 1.14.6 from https://github.com/tseemann/prokka

DiscRep_ALL:MISSING_GENOMEASSEMBLY_COMMENTS::1 bioseqs are missing GenomeAssembly structured comments
GCA_000543485.1_Stap_aure_M0773_V1_genomic.gbff_pp9/PROKKA_05152020:X:GMOEFFOK_1 (length 9560)

DiscRep_ALL:MOLTYPE_NOT_MRNA::1 molecule types are not set as mRNA.
GCA_000543485.1_Stap_aure_M0773_V1_genomic.gbff_pp9/PROKKA_05152020:X:GMOEFFOK_1 (length 9560)

DiscRep_ALL:TECHNIQUE_NOT_TSA::1 technique are not set as TSA
GCA_000543485.1_Stap_aure_M0773_V1_genomic.gbff_pp9/PROKKA_05152020:X:GMOEFFOK_1 (length 9560)

DiscRep_ALL:MISSING_STRUCTURED_COMMENT::1 sequences do not include structured comments.
GCA_000543485.1_Stap_aure_M0773_V1_genomic.gbff_pp9/PROKKA_05152020:X:GMOEFFOK_1 (length 9560)

DiscRep_ALL:MISSING_PROJECT::11 sequences do not include project.
GCA_000543485.1_Stap_aure_M0773_V1_genomic.gbff_pp9/PROKKA_05152020:X:GMOEFFOK_1 (length 9560)
GCA_000543485.1_Stap_aure_M0773_V1_genomic.gbff_pp9/PROKKA_05152020:X:GMOEFFOK_00001 (length 254)
GCA_000543485.1_Stap_aure_M0773_V1_genomic.gbff_pp9/PROKKA_05152020:X:GMOEFFOK_00002 (length 228)
GCA_000543485.1_Stap_aure_M0773_V1_genomic.gbff_pp9/PROKKA_05152020:X:GMOEFFOK_00003 (length 222)
GCA_000543485.1_Stap_aure_M0773_V1_genomic.gbff_pp9/PROKKA_05152020:X:GMOEFFOK_00004 (length 869)
GCA_000543485.1_Stap_aure_M0773_V1_genomic.gbff_pp9/PROKKA_05152020:X:GMOEFFOK_00005 (length 73)
GCA_000543485.1_Stap_aure_M0773_V1_genomic.gbff_pp9/PROKKA_05152020:X:GMOEFFOK_00006 (length 108)
GCA_000543485.1_Stap_aure_M0773_V1_genomic.gbff_pp9/PROKKA_05152020:X:GMOEFFOK_00007 (length 96)
GCA_000543485.1_Stap_aure_M0773_V1_genomic.gbff_pp9/PROKKA_05152020:X:GMOEFFOK_00008 (length 181)
GCA_000543485.1_Stap_aure_M0773_V1_genomic.gbff_pp9/PROKKA_05152020:X:GMOEFFOK_00009 (length 64)
GCA_000543485.1_Stap_aure_M0773_V1_genomic.gbff_pp9/PROKKA_05152020:X:GMOEFFOK_00010 (length 267)

DiscRep_ALL:DISC_INCONSISTENT_MOLINFO_TECH::Molinfo Technique Report (some missing, all same)
DiscRep_SUB:DISC_INCONSISTENT_MOLINFO_TECH::technique (all missing)
DiscRep_SUB:DISC_INCONSISTENT_MOLINFO_TECH::1 Molinfos are missing field technique
GCA_000543485.1_Stap_aure_M0773_V1_genomic.gbff_pp9/PROKKA_05152020:X:GMOEFFOK_1 (length 9560)

