Discrepancy Report Results

Summary
DISC_SOURCE_QUALS_ASNDISC:strain (all present, all unique)
DISC_SOURCE_QUALS_ASNDISC:taxname (all present, all unique)
DISC_FEATURE_COUNT:gene: 101 present
DISC_FEATURE_COUNT:CDS: 101 present
DISC_COUNT_NUCLEOTIDES:1 nucleotide Bioseqs are present
OVERLAPPING_GENES:32 genes overlap another gene on the same strand.
DISC_QUALITY_SCORES:Quality scores are missing on all sequences.
ONCALLER_COMMENT_PRESENT:1 comment descriptors were found (all same)
MISSING_GENOMEASSEMBLY_COMMENTS:1 bioseqs are missing GenomeAssembly structured comments
MOLTYPE_NOT_MRNA:1 molecule types are not set as mRNA.
TECHNIQUE_NOT_TSA:1 technique are not set as TSA
MISSING_STRUCTURED_COMMENT:1 sequences do not include structured comments.
MISSING_PROJECT:102 sequences do not include project.
DISC_INCONSISTENT_MOLINFO_TECH:Molinfo Technique Report (some missing, all same)


Detailed Report

DiscRep_ALL:DISC_SOURCE_QUALS_ASNDISC::strain (all present, all unique)
DiscRep_SUB:DISC_SOURCE_QUALS_ASNDISC::1 sources have unique values for strain
DiscRep_ALL:DISC_SOURCE_QUALS_ASNDISC::taxname (all present, all unique)
DiscRep_SUB:DISC_SOURCE_QUALS_ASNDISC::1 sources have unique values for taxname
DiscRep_ALL:DISC_FEATURE_COUNT::gene: 101 present
DiscRep_ALL:DISC_FEATURE_COUNT::CDS: 101 present
DiscRep_ALL:DISC_COUNT_NUCLEOTIDES::1 nucleotide Bioseqs are present
GCA_900081425.1_12641_2_75_genomic.gbff_pp21/PROKKA_05152020:X:DGPDLLBB_1 (length 116715)

DiscRep_ALL:OVERLAPPING_GENES::32 genes overlap another gene on the same strand.
GCA_900081425.1_12641_2_75_genomic.gbff_pp21/PROKKA_05152020:Gene	phaB	DGPDLLBB_1:c7881-7177	DGPDLLBB_00008
GCA_900081425.1_12641_2_75_genomic.gbff_pp21/PROKKA_05152020:Gene	DGPDLLBB_00009	DGPDLLBB_1:c9167-7881	DGPDLLBB_00009
GCA_900081425.1_12641_2_75_genomic.gbff_pp21/PROKKA_05152020:Gene	DGPDLLBB_00010	DGPDLLBB_1:c10432-9167	DGPDLLBB_00010
GCA_900081425.1_12641_2_75_genomic.gbff_pp21/PROKKA_05152020:Gene	rplGA	DGPDLLBB_1:c23813-23496	DGPDLLBB_00020
GCA_900081425.1_12641_2_75_genomic.gbff_pp21/PROKKA_05152020:Gene	DGPDLLBB_00021	DGPDLLBB_1:c24094-23810	DGPDLLBB_00021
GCA_900081425.1_12641_2_75_genomic.gbff_pp21/PROKKA_05152020:Gene	hslV	DGPDLLBB_1:c42209-41664	DGPDLLBB_00035
GCA_900081425.1_12641_2_75_genomic.gbff_pp21/PROKKA_05152020:Gene	xerC	DGPDLLBB_1:c43102-42206	DGPDLLBB_00036
GCA_900081425.1_12641_2_75_genomic.gbff_pp21/PROKKA_05152020:Gene	rnhB	DGPDLLBB_1:c53864-53097	DGPDLLBB_00044
GCA_900081425.1_12641_2_75_genomic.gbff_pp21/PROKKA_05152020:Gene	rbgA	DGPDLLBB_1:c54732-53848	DGPDLLBB_00045
GCA_900081425.1_12641_2_75_genomic.gbff_pp21/PROKKA_05152020:Gene	trmD	DGPDLLBB_1:c59170-58433	DGPDLLBB_00048
GCA_900081425.1_12641_2_75_genomic.gbff_pp21/PROKKA_05152020:Gene	rimM	DGPDLLBB_1:c59673-59170	DGPDLLBB_00049
GCA_900081425.1_12641_2_75_genomic.gbff_pp21/PROKKA_05152020:Gene	DGPDLLBB_00052	DGPDLLBB_1:c62296-61964	DGPDLLBB_00052
GCA_900081425.1_12641_2_75_genomic.gbff_pp21/PROKKA_05152020:Gene	ftsY	DGPDLLBB_1:c63533-62283	DGPDLLBB_00053
GCA_900081425.1_12641_2_75_genomic.gbff_pp21/PROKKA_05152020:Gene	smc	DGPDLLBB_1:c67099-63533	DGPDLLBB_00054
GCA_900081425.1_12641_2_75_genomic.gbff_pp21/PROKKA_05152020:Gene	fabG	DGPDLLBB_1:c69559-68825	DGPDLLBB_00057
GCA_900081425.1_12641_2_75_genomic.gbff_pp21/PROKKA_05152020:Gene	fabD	DGPDLLBB_1:c70478-69552	DGPDLLBB_00058
GCA_900081425.1_12641_2_75_genomic.gbff_pp21/PROKKA_05152020:Gene	plsX	DGPDLLBB_1:c71457-70471	DGPDLLBB_00059
GCA_900081425.1_12641_2_75_genomic.gbff_pp21/PROKKA_05152020:Gene	prkC	DGPDLLBB_1:c81902-79908	DGPDLLBB_00068
GCA_900081425.1_12641_2_75_genomic.gbff_pp21/PROKKA_05152020:Gene	stp	DGPDLLBB_1:c82642-81899	DGPDLLBB_00069
GCA_900081425.1_12641_2_75_genomic.gbff_pp21/PROKKA_05152020:Gene	rsmB	DGPDLLBB_1:c85053-83746	DGPDLLBB_00071
GCA_900081425.1_12641_2_75_genomic.gbff_pp21/PROKKA_05152020:Gene	fmt	DGPDLLBB_1:c85985-85050	DGPDLLBB_00072
GCA_900081425.1_12641_2_75_genomic.gbff_pp21/PROKKA_05152020:Gene	def1	DGPDLLBB_1:c86466-85978	DGPDLLBB_00073
GCA_900081425.1_12641_2_75_genomic.gbff_pp21/PROKKA_05152020:Gene	priA	DGPDLLBB_1:c90998-88590	DGPDLLBB_00076
GCA_900081425.1_12641_2_75_genomic.gbff_pp21/PROKKA_05152020:Gene	coaBC	DGPDLLBB_1:c92197-90998	DGPDLLBB_00077
GCA_900081425.1_12641_2_75_genomic.gbff_pp21/PROKKA_05152020:Gene	rpoZ	DGPDLLBB_1:c92631-92413	DGPDLLBB_00078
GCA_900081425.1_12641_2_75_genomic.gbff_pp21/PROKKA_05152020:Gene	gmk	DGPDLLBB_1:c93254-92631	DGPDLLBB_00079
GCA_900081425.1_12641_2_75_genomic.gbff_pp21/PROKKA_05152020:Gene	pyrE	DGPDLLBB_1:c97180-96569	DGPDLLBB_00083
GCA_900081425.1_12641_2_75_genomic.gbff_pp21/PROKKA_05152020:Gene	pyrF	DGPDLLBB_1:c97872-97180	DGPDLLBB_00084
GCA_900081425.1_12641_2_75_genomic.gbff_pp21/PROKKA_05152020:Gene	carB	DGPDLLBB_1:c101155-97982	DGPDLLBB_00085
GCA_900081425.1_12641_2_75_genomic.gbff_pp21/PROKKA_05152020:Gene	carA	DGPDLLBB_1:c102248-101148	DGPDLLBB_00086
GCA_900081425.1_12641_2_75_genomic.gbff_pp21/PROKKA_05152020:Gene	rluD	DGPDLLBB_1:c107820-106903	DGPDLLBB_00091
GCA_900081425.1_12641_2_75_genomic.gbff_pp21/PROKKA_05152020:Gene	lspA	DGPDLLBB_1:c108311-107820	DGPDLLBB_00092

DiscRep_ALL:DISC_QUALITY_SCORES::Quality scores are missing on all sequences.

DiscRep_ALL:ONCALLER_COMMENT_PRESENT::1 comment descriptors were found (all same)
GCA_900081425.1_12641_2_75_genomic.gbff_pp21/PROKKA_05152020:X:DGPDLLBB_1:Annotated using prokka 1.14.6 from https://github.com/tseemann/prokka

DiscRep_ALL:MISSING_GENOMEASSEMBLY_COMMENTS::1 bioseqs are missing GenomeAssembly structured comments
GCA_900081425.1_12641_2_75_genomic.gbff_pp21/PROKKA_05152020:X:DGPDLLBB_1 (length 116715)

DiscRep_ALL:MOLTYPE_NOT_MRNA::1 molecule types are not set as mRNA.
GCA_900081425.1_12641_2_75_genomic.gbff_pp21/PROKKA_05152020:X:DGPDLLBB_1 (length 116715)

DiscRep_ALL:TECHNIQUE_NOT_TSA::1 technique are not set as TSA
GCA_900081425.1_12641_2_75_genomic.gbff_pp21/PROKKA_05152020:X:DGPDLLBB_1 (length 116715)

DiscRep_ALL:MISSING_STRUCTURED_COMMENT::1 sequences do not include structured comments.
GCA_900081425.1_12641_2_75_genomic.gbff_pp21/PROKKA_05152020:X:DGPDLLBB_1 (length 116715)

DiscRep_ALL:MISSING_PROJECT::102 sequences do not include project.
GCA_900081425.1_12641_2_75_genomic.gbff_pp21/PROKKA_05152020:X:DGPDLLBB_1 (length 116715)
GCA_900081425.1_12641_2_75_genomic.gbff_pp21/PROKKA_05152020:X:DGPDLLBB_00001 (length 114)
GCA_900081425.1_12641_2_75_genomic.gbff_pp21/PROKKA_05152020:X:DGPDLLBB_00002 (length 519)
GCA_900081425.1_12641_2_75_genomic.gbff_pp21/PROKKA_05152020:X:DGPDLLBB_00003 (length 347)
GCA_900081425.1_12641_2_75_genomic.gbff_pp21/PROKKA_05152020:X:DGPDLLBB_00004 (length 383)
GCA_900081425.1_12641_2_75_genomic.gbff_pp21/PROKKA_05152020:X:DGPDLLBB_00005 (length 192)
GCA_900081425.1_12641_2_75_genomic.gbff_pp21/PROKKA_05152020:X:DGPDLLBB_00006 (length 130)
GCA_900081425.1_12641_2_75_genomic.gbff_pp21/PROKKA_05152020:X:DGPDLLBB_00007 (length 275)
GCA_900081425.1_12641_2_75_genomic.gbff_pp21/PROKKA_05152020:X:DGPDLLBB_00008 (length 234)
GCA_900081425.1_12641_2_75_genomic.gbff_pp21/PROKKA_05152020:X:DGPDLLBB_00009 (length 428)
GCA_900081425.1_12641_2_75_genomic.gbff_pp21/PROKKA_05152020:X:DGPDLLBB_00010 (length 421)
GCA_900081425.1_12641_2_75_genomic.gbff_pp21/PROKKA_05152020:X:DGPDLLBB_00011 (length 237)
GCA_900081425.1_12641_2_75_genomic.gbff_pp21/PROKKA_05152020:X:DGPDLLBB_00012 (length 789)
GCA_900081425.1_12641_2_75_genomic.gbff_pp21/PROKKA_05152020:X:DGPDLLBB_00013 (length 557)
GCA_900081425.1_12641_2_75_genomic.gbff_pp21/PROKKA_05152020:X:DGPDLLBB_00014 (length 698)
GCA_900081425.1_12641_2_75_genomic.gbff_pp21/PROKKA_05152020:X:DGPDLLBB_00015 (length 89)
GCA_900081425.1_12641_2_75_genomic.gbff_pp21/PROKKA_05152020:X:DGPDLLBB_00016 (length 323)
GCA_900081425.1_12641_2_75_genomic.gbff_pp21/PROKKA_05152020:X:DGPDLLBB_00017 (length 305)
GCA_900081425.1_12641_2_75_genomic.gbff_pp21/PROKKA_05152020:X:DGPDLLBB_00018 (length 116)
GCA_900081425.1_12641_2_75_genomic.gbff_pp21/PROKKA_05152020:X:DGPDLLBB_00019 (length 705)
GCA_900081425.1_12641_2_75_genomic.gbff_pp21/PROKKA_05152020:X:DGPDLLBB_00020 (length 105)
GCA_900081425.1_12641_2_75_genomic.gbff_pp21/PROKKA_05152020:X:DGPDLLBB_00021 (length 94)
GCA_900081425.1_12641_2_75_genomic.gbff_pp21/PROKKA_05152020:X:DGPDLLBB_00022 (length 391)
GCA_900081425.1_12641_2_75_genomic.gbff_pp21/PROKKA_05152020:X:DGPDLLBB_00023 (length 155)
GCA_900081425.1_12641_2_75_genomic.gbff_pp21/PROKKA_05152020:X:DGPDLLBB_00024 (length 1438)
GCA_900081425.1_12641_2_75_genomic.gbff_pp21/PROKKA_05152020:X:DGPDLLBB_00025 (length 567)
GCA_900081425.1_12641_2_75_genomic.gbff_pp21/PROKKA_05152020:X:DGPDLLBB_00026 (length 428)
GCA_900081425.1_12641_2_75_genomic.gbff_pp21/PROKKA_05152020:X:DGPDLLBB_00027 (length 260)
GCA_900081425.1_12641_2_75_genomic.gbff_pp21/PROKKA_05152020:X:DGPDLLBB_00028 (length 256)
GCA_900081425.1_12641_2_75_genomic.gbff_pp21/PROKKA_05152020:X:DGPDLLBB_00029 (length 184)
GCA_900081425.1_12641_2_75_genomic.gbff_pp21/PROKKA_05152020:X:DGPDLLBB_00030 (length 240)
GCA_900081425.1_12641_2_75_genomic.gbff_pp21/PROKKA_05152020:X:DGPDLLBB_00031 (length 293)
GCA_900081425.1_12641_2_75_genomic.gbff_pp21/PROKKA_05152020:X:DGPDLLBB_00032 (length 255)
GCA_900081425.1_12641_2_75_genomic.gbff_pp21/PROKKA_05152020:X:DGPDLLBB_00033 (length 257)
GCA_900081425.1_12641_2_75_genomic.gbff_pp21/PROKKA_05152020:X:DGPDLLBB_00034 (length 467)
GCA_900081425.1_12641_2_75_genomic.gbff_pp21/PROKKA_05152020:X:DGPDLLBB_00035 (length 181)
GCA_900081425.1_12641_2_75_genomic.gbff_pp21/PROKKA_05152020:X:DGPDLLBB_00036 (length 298)
GCA_900081425.1_12641_2_75_genomic.gbff_pp21/PROKKA_05152020:X:DGPDLLBB_00037 (length 435)
GCA_900081425.1_12641_2_75_genomic.gbff_pp21/PROKKA_05152020:X:DGPDLLBB_00038 (length 691)
GCA_900081425.1_12641_2_75_genomic.gbff_pp21/PROKKA_05152020:X:DGPDLLBB_00039 (length 290)
GCA_900081425.1_12641_2_75_genomic.gbff_pp21/PROKKA_05152020:X:DGPDLLBB_00040 (length 414)
GCA_900081425.1_12641_2_75_genomic.gbff_pp21/PROKKA_05152020:X:DGPDLLBB_00041 (length 372)
GCA_900081425.1_12641_2_75_genomic.gbff_pp21/PROKKA_05152020:X:DGPDLLBB_00042 (length 302)
GCA_900081425.1_12641_2_75_genomic.gbff_pp21/PROKKA_05152020:X:DGPDLLBB_00043 (length 388)
GCA_900081425.1_12641_2_75_genomic.gbff_pp21/PROKKA_05152020:X:DGPDLLBB_00044 (length 255)
GCA_900081425.1_12641_2_75_genomic.gbff_pp21/PROKKA_05152020:X:DGPDLLBB_00045 (length 294)
GCA_900081425.1_12641_2_75_genomic.gbff_pp21/PROKKA_05152020:X:DGPDLLBB_00046 (length 868)
GCA_900081425.1_12641_2_75_genomic.gbff_pp21/PROKKA_05152020:X:DGPDLLBB_00047 (length 116)
GCA_900081425.1_12641_2_75_genomic.gbff_pp21/PROKKA_05152020:X:DGPDLLBB_00048 (length 245)
GCA_900081425.1_12641_2_75_genomic.gbff_pp21/PROKKA_05152020:X:DGPDLLBB_00049 (length 167)
GCA_900081425.1_12641_2_75_genomic.gbff_pp21/PROKKA_05152020:X:DGPDLLBB_00050 (length 91)
GCA_900081425.1_12641_2_75_genomic.gbff_pp21/PROKKA_05152020:X:DGPDLLBB_00051 (length 455)
GCA_900081425.1_12641_2_75_genomic.gbff_pp21/PROKKA_05152020:X:DGPDLLBB_00052 (length 110)
GCA_900081425.1_12641_2_75_genomic.gbff_pp21/PROKKA_05152020:X:DGPDLLBB_00053 (length 416)
GCA_900081425.1_12641_2_75_genomic.gbff_pp21/PROKKA_05152020:X:DGPDLLBB_00054 (length 1188)
GCA_900081425.1_12641_2_75_genomic.gbff_pp21/PROKKA_05152020:X:DGPDLLBB_00055 (length 243)
GCA_900081425.1_12641_2_75_genomic.gbff_pp21/PROKKA_05152020:X:DGPDLLBB_00056 (length 77)
GCA_900081425.1_12641_2_75_genomic.gbff_pp21/PROKKA_05152020:X:DGPDLLBB_00057 (length 244)
GCA_900081425.1_12641_2_75_genomic.gbff_pp21/PROKKA_05152020:X:DGPDLLBB_00058 (length 308)
GCA_900081425.1_12641_2_75_genomic.gbff_pp21/PROKKA_05152020:X:DGPDLLBB_00059 (length 328)
GCA_900081425.1_12641_2_75_genomic.gbff_pp21/PROKKA_05152020:X:DGPDLLBB_00060 (length 185)
GCA_900081425.1_12641_2_75_genomic.gbff_pp21/PROKKA_05152020:X:DGPDLLBB_00061 (length 686)
GCA_900081425.1_12641_2_75_genomic.gbff_pp21/PROKKA_05152020:X:DGPDLLBB_00062 (length 548)
GCA_900081425.1_12641_2_75_genomic.gbff_pp21/PROKKA_05152020:X:DGPDLLBB_00063 (length 124)
GCA_900081425.1_12641_2_75_genomic.gbff_pp21/PROKKA_05152020:X:DGPDLLBB_00064 (length 62)
GCA_900081425.1_12641_2_75_genomic.gbff_pp21/PROKKA_05152020:X:DGPDLLBB_00065 (length 213)
GCA_900081425.1_12641_2_75_genomic.gbff_pp21/PROKKA_05152020:X:DGPDLLBB_00066 (length 214)
GCA_900081425.1_12641_2_75_genomic.gbff_pp21/PROKKA_05152020:X:DGPDLLBB_00067 (length 291)
GCA_900081425.1_12641_2_75_genomic.gbff_pp21/PROKKA_05152020:X:DGPDLLBB_00068 (length 664)
GCA_900081425.1_12641_2_75_genomic.gbff_pp21/PROKKA_05152020:X:DGPDLLBB_00069 (length 247)
GCA_900081425.1_12641_2_75_genomic.gbff_pp21/PROKKA_05152020:X:DGPDLLBB_00070 (length 364)
GCA_900081425.1_12641_2_75_genomic.gbff_pp21/PROKKA_05152020:X:DGPDLLBB_00071 (length 435)
GCA_900081425.1_12641_2_75_genomic.gbff_pp21/PROKKA_05152020:X:DGPDLLBB_00072 (length 311)
GCA_900081425.1_12641_2_75_genomic.gbff_pp21/PROKKA_05152020:X:DGPDLLBB_00073 (length 162)
GCA_900081425.1_12641_2_75_genomic.gbff_pp21/PROKKA_05152020:X:DGPDLLBB_00074 (length 92)
GCA_900081425.1_12641_2_75_genomic.gbff_pp21/PROKKA_05152020:X:DGPDLLBB_00075 (length 317)
GCA_900081425.1_12641_2_75_genomic.gbff_pp21/PROKKA_05152020:X:DGPDLLBB_00076 (length 802)
GCA_900081425.1_12641_2_75_genomic.gbff_pp21/PROKKA_05152020:X:DGPDLLBB_00077 (length 399)
GCA_900081425.1_12641_2_75_genomic.gbff_pp21/PROKKA_05152020:X:DGPDLLBB_00078 (length 72)
GCA_900081425.1_12641_2_75_genomic.gbff_pp21/PROKKA_05152020:X:DGPDLLBB_00079 (length 207)
GCA_900081425.1_12641_2_75_genomic.gbff_pp21/PROKKA_05152020:X:DGPDLLBB_00080 (length 565)
GCA_900081425.1_12641_2_75_genomic.gbff_pp21/PROKKA_05152020:X:DGPDLLBB_00081 (length 133)
GCA_900081425.1_12641_2_75_genomic.gbff_pp21/PROKKA_05152020:X:DGPDLLBB_00082 (length 70)
GCA_900081425.1_12641_2_75_genomic.gbff_pp21/PROKKA_05152020:X:DGPDLLBB_00083 (length 203)
GCA_900081425.1_12641_2_75_genomic.gbff_pp21/PROKKA_05152020:X:DGPDLLBB_00084 (length 230)
GCA_900081425.1_12641_2_75_genomic.gbff_pp21/PROKKA_05152020:X:DGPDLLBB_00085 (length 1057)
GCA_900081425.1_12641_2_75_genomic.gbff_pp21/PROKKA_05152020:X:DGPDLLBB_00086 (length 366)
GCA_900081425.1_12641_2_75_genomic.gbff_pp21/PROKKA_05152020:X:DGPDLLBB_00087 (length 425)
GCA_900081425.1_12641_2_75_genomic.gbff_pp21/PROKKA_05152020:X:DGPDLLBB_00088 (length 293)
GCA_900081425.1_12641_2_75_genomic.gbff_pp21/PROKKA_05152020:X:DGPDLLBB_00089 (length 435)
GCA_900081425.1_12641_2_75_genomic.gbff_pp21/PROKKA_05152020:X:DGPDLLBB_00090 (length 175)
GCA_900081425.1_12641_2_75_genomic.gbff_pp21/PROKKA_05152020:X:DGPDLLBB_00091 (length 305)
GCA_900081425.1_12641_2_75_genomic.gbff_pp21/PROKKA_05152020:X:DGPDLLBB_00092 (length 163)
GCA_900081425.1_12641_2_75_genomic.gbff_pp21/PROKKA_05152020:X:DGPDLLBB_00093 (length 57)
GCA_900081425.1_12641_2_75_genomic.gbff_pp21/PROKKA_05152020:X:DGPDLLBB_00094 (length 265)
GCA_900081425.1_12641_2_75_genomic.gbff_pp21/PROKKA_05152020:X:DGPDLLBB_00095 (length 917)
GCA_900081425.1_12641_2_75_genomic.gbff_pp21/PROKKA_05152020:X:DGPDLLBB_00096 (length 205)
GCA_900081425.1_12641_2_75_genomic.gbff_pp21/PROKKA_05152020:X:DGPDLLBB_00097 (length 268)
GCA_900081425.1_12641_2_75_genomic.gbff_pp21/PROKKA_05152020:X:DGPDLLBB_00098 (length 96)
GCA_900081425.1_12641_2_75_genomic.gbff_pp21/PROKKA_05152020:X:DGPDLLBB_00099 (length 184)
GCA_900081425.1_12641_2_75_genomic.gbff_pp21/PROKKA_05152020:X:DGPDLLBB_00100 (length 224)
GCA_900081425.1_12641_2_75_genomic.gbff_pp21/PROKKA_05152020:X:DGPDLLBB_00101 (length 105)

DiscRep_ALL:DISC_INCONSISTENT_MOLINFO_TECH::Molinfo Technique Report (some missing, all same)
DiscRep_SUB:DISC_INCONSISTENT_MOLINFO_TECH::technique (all missing)
DiscRep_SUB:DISC_INCONSISTENT_MOLINFO_TECH::1 Molinfos are missing field technique
GCA_900081425.1_12641_2_75_genomic.gbff_pp21/PROKKA_05152020:X:DGPDLLBB_1 (length 116715)

