[18:26:56] This is prokka 1.14.6
[18:26:56] Written by Torsten Seemann <torsten.seemann@gmail.com>
[18:26:56] Homepage is https://github.com/tseemann/prokka
[18:26:56] Local time is Fri May 15 18:26:56 2020
[18:26:56] You are tsweet
[18:26:56] Operating system is linux
[18:26:56] You have BioPerl 1.007002
[18:26:56] System has 8 cores.
[18:26:56] Will use maximum of 8 cores.
[18:26:56] Annotating as >>> Bacteria <<<
[18:26:56] Generating locus_tag from '91425.1_12641_2_75_genomic.gbff_pp21' contents.
[18:26:56] Setting --locustag DGPDLLBB from MD5 d09d55bb63f74f7d698ad5c7e1c0d428
[18:26:56] Enabling options to ensure Genbank/ENA/DDJB submission compliance.
[18:26:56] Creating new output folder: GCA_900081425.1_12641_2_75_genomic.gbff_pp21
[18:26:56] Running: mkdir -p GCA_900081425\.1_12641_2_75_genomic\.gbff_pp21
[18:26:56] Using filename prefix: PROKKA_05152020.XXX
[18:26:56] Setting HMMER_NCPU=1
[18:26:56] Writing log to: GCA_900081425.1_12641_2_75_genomic.gbff_pp21/PROKKA_05152020.log
[18:26:56] Command: /home/tsweet/anaconda3/bin/prokka --centre X --compliant 91425.1_12641_2_75_genomic.gbff_pp21 --outdir GCA_900081425.1_12641_2_75_genomic.gbff_pp21
[18:26:56] Appending to PATH: /home/tsweet/anaconda3/bin
[18:26:56] Looking for 'aragorn' - found /home/tsweet/anaconda3/bin/aragorn
[18:26:56] Determined aragorn version is 001002 from 'ARAGORN v1.2.38 Dean Laslett'
[18:26:56] Looking for 'barrnap' - found /home/tsweet/anaconda3/bin/barrnap
[18:26:56] Determined barrnap version is 000009 from 'barrnap 0.9'
[18:26:56] Looking for 'blastp' - found /home/tsweet/anaconda3/bin/blastp
[18:26:56] Determined blastp version is 002009 from 'blastp: 2.9.0+'
[18:26:56] Looking for 'cmpress' - found /home/tsweet/anaconda3/bin/cmpress
[18:26:56] Determined cmpress version is 001001 from '# INFERNAL 1.1.2 (July 2016)'
[18:26:56] Looking for 'cmscan' - found /home/tsweet/anaconda3/bin/cmscan
[18:26:56] Determined cmscan version is 001001 from '# INFERNAL 1.1.2 (July 2016)'
[18:26:56] Looking for 'egrep' - found /bin/egrep
[18:26:56] Looking for 'find' - found /usr/bin/find
[18:26:56] Looking for 'grep' - found /bin/grep
[18:26:56] Looking for 'hmmpress' - found /home/tsweet/anaconda3/bin/hmmpress
[18:26:56] Determined hmmpress version is 003003 from '# HMMER 3.3 (Nov 2019); http://hmmer.org/'
[18:26:56] Looking for 'hmmscan' - found /home/tsweet/anaconda3/bin/hmmscan
[18:26:56] Determined hmmscan version is 003003 from '# HMMER 3.3 (Nov 2019); http://hmmer.org/'
[18:26:56] Looking for 'java' - found /home/tsweet/anaconda3/bin/java
[18:26:56] Looking for 'makeblastdb' - found /home/tsweet/anaconda3/bin/makeblastdb
[18:26:56] Determined makeblastdb version is 002009 from 'makeblastdb: 2.9.0+'
[18:26:56] Looking for 'minced' - found /home/tsweet/anaconda3/bin/minced
[18:26:56] Determined minced version is 004002 from 'minced 0.4.2'
[18:26:56] Looking for 'parallel' - found /home/tsweet/anaconda3/bin/parallel
[18:26:56] Determined parallel version is 20200322 from 'GNU parallel 20200322'
[18:26:56] Looking for 'prodigal' - found /home/tsweet/anaconda3/bin/prodigal
[18:26:56] Determined prodigal version is 002006 from 'Prodigal V2.6.3: February, 2016'
[18:26:56] Looking for 'prokka-genbank_to_fasta_db' - found /home/tsweet/anaconda3/bin/prokka-genbank_to_fasta_db
[18:26:56] Looking for 'sed' - found /bin/sed
[18:26:56] Looking for 'tbl2asn' - found /home/tsweet/anaconda3/bin/tbl2asn
[18:26:56] Determined tbl2asn version is 025007 from 'tbl2asn 25.7   arguments:'
[18:26:56] Using genetic code table 11.
[18:26:56] Loading and checking input file: 91425.1_12641_2_75_genomic.gbff_pp21
[18:26:56] Wrote 1 contigs totalling 116715 bp.
[18:26:56] Predicting tRNAs and tmRNAs
[18:26:56] Running: aragorn -l -gc11  -w GCA_900081425\.1_12641_2_75_genomic\.gbff_pp21\/PROKKA_05152020\.fna
[18:26:56] Found 0 tRNAs
[18:26:56] Predicting Ribosomal RNAs
[18:26:56] Running Barrnap with 8 threads
[18:26:56] Found 0 rRNAs
[18:26:56] Skipping ncRNA search, enable with --rfam if desired.
[18:26:56] Total of 0 tRNA + rRNA features
[18:26:56] Searching for CRISPR repeats
[18:26:56] Found 0 CRISPRs
[18:26:56] Predicting coding sequences
[18:26:56] Contigs total 116715 bp, so using single mode
[18:26:56] Running: prodigal -i GCA_900081425\.1_12641_2_75_genomic\.gbff_pp21\/PROKKA_05152020\.fna -c -m -g 11 -p single -f sco -q
[18:26:56] Found 101 CDS
[18:26:56] Connecting features back to sequences
[18:26:56] Not using genus-specific database. Try --usegenus to enable it.
[18:26:56] Annotating CDS, please be patient.
[18:26:56] Will use 8 CPUs for similarity searching.
[18:26:56] There are still 101 unannotated CDS left (started with 101)
[18:26:56] Will use blast to search against /home/tsweet/anaconda3/db/kingdom/Bacteria/IS with 8 CPUs
[18:26:56] Running: cat GCA_900081425\.1_12641_2_75_genomic\.gbff_pp21\/PROKKA_05152020\.IS\.tmp\.6182\.faa | parallel --gnu --plain -j 8 --block 2166 --recstart '>' --pipe blastp -query - -db /home/tsweet/anaconda3/db/kingdom/Bacteria/IS -evalue 1e-30 -qcov_hsp_perc 90 -num_threads 1 -num_descriptions 1 -num_alignments 1 -seg no > GCA_900081425\.1_12641_2_75_genomic\.gbff_pp21\/PROKKA_05152020\.IS\.tmp\.6182\.blast 2> /dev/null
[18:26:57] Deleting unwanted file: GCA_900081425.1_12641_2_75_genomic.gbff_pp21/PROKKA_05152020.IS.tmp.6182.faa
[18:26:57] Deleting unwanted file: GCA_900081425.1_12641_2_75_genomic.gbff_pp21/PROKKA_05152020.IS.tmp.6182.blast
[18:26:57] There are still 100 unannotated CDS left (started with 101)
[18:26:57] Will use blast to search against /home/tsweet/anaconda3/db/kingdom/Bacteria/AMR with 8 CPUs
[18:26:57] Running: cat GCA_900081425\.1_12641_2_75_genomic\.gbff_pp21\/PROKKA_05152020\.AMR\.tmp\.6182\.faa | parallel --gnu --plain -j 8 --block 2158 --recstart '>' --pipe blastp -query - -db /home/tsweet/anaconda3/db/kingdom/Bacteria/AMR -evalue 9.99999999999999e-301 -qcov_hsp_perc 90 -num_threads 1 -num_descriptions 1 -num_alignments 1 -seg no > GCA_900081425\.1_12641_2_75_genomic\.gbff_pp21\/PROKKA_05152020\.AMR\.tmp\.6182\.blast 2> /dev/null
[18:26:58] Deleting unwanted file: GCA_900081425.1_12641_2_75_genomic.gbff_pp21/PROKKA_05152020.AMR.tmp.6182.faa
[18:26:58] Deleting unwanted file: GCA_900081425.1_12641_2_75_genomic.gbff_pp21/PROKKA_05152020.AMR.tmp.6182.blast
[18:26:58] There are still 100 unannotated CDS left (started with 101)
[18:26:58] Will use blast to search against /home/tsweet/anaconda3/db/kingdom/Bacteria/sprot with 8 CPUs
[18:26:58] Running: cat GCA_900081425\.1_12641_2_75_genomic\.gbff_pp21\/PROKKA_05152020\.sprot\.tmp\.6182\.faa | parallel --gnu --plain -j 8 --block 2158 --recstart '>' --pipe blastp -query - -db /home/tsweet/anaconda3/db/kingdom/Bacteria/sprot -evalue 1e-09 -qcov_hsp_perc 80 -num_threads 1 -num_descriptions 1 -num_alignments 1 -seg no > GCA_900081425\.1_12641_2_75_genomic\.gbff_pp21\/PROKKA_05152020\.sprot\.tmp\.6182\.blast 2> /dev/null
[18:27:00] Modify product: Probable ribosomal protein YlxQ => putative ribosomal protein YlxQ
[18:27:00] Modify product: Putative zinc metalloprotease SA1105 => Putative zinc metalloprotease
[18:27:00] Modify product: Probable cell wall hydrolase LytN => putative cell wall hydrolase LytN
[18:27:00] Modify product: UPF0122 protein SAV1236 => hypothetical protein
[18:27:00] Modify product: Uncharacterized protein SA1069 => putative protein
[18:27:00] Modify product: Uncharacterized protein Spy1614 => putative protein
[18:27:00] Modify product: Probable dual-specificity RNA methyltransferase RlmN => putative dual-specificity RNA methyltransferase RlmN
[18:27:00] Modify product: Rqc2 homolog RqcH => Rqc2 RqcH
[18:27:00] Cleaned 8 /product names
[18:27:00] Deleting unwanted file: GCA_900081425.1_12641_2_75_genomic.gbff_pp21/PROKKA_05152020.sprot.tmp.6182.faa
[18:27:00] Deleting unwanted file: GCA_900081425.1_12641_2_75_genomic.gbff_pp21/PROKKA_05152020.sprot.tmp.6182.blast
[18:27:00] There are still 20 unannotated CDS left (started with 101)
[18:27:00] Will use hmmer3 to search against /home/tsweet/anaconda3/db/hmm/HAMAP.hmm with 8 CPUs
[18:27:00] Running: cat GCA_900081425\.1_12641_2_75_genomic\.gbff_pp21\/PROKKA_05152020\.HAMAP\.hmm\.tmp\.6182\.faa | parallel --gnu --plain -j 8 --block 362 --recstart '>' --pipe hmmscan --noali --notextw --acc -E 1e-09 --cpu 1 /home/tsweet/anaconda3/db/hmm/HAMAP.hmm /dev/stdin > GCA_900081425\.1_12641_2_75_genomic\.gbff_pp21\/PROKKA_05152020\.HAMAP\.hmm\.tmp\.6182\.hmmer3 2> /dev/null
[18:27:01] Deleting unwanted file: GCA_900081425.1_12641_2_75_genomic.gbff_pp21/PROKKA_05152020.HAMAP.hmm.tmp.6182.faa
[18:27:01] Deleting unwanted file: GCA_900081425.1_12641_2_75_genomic.gbff_pp21/PROKKA_05152020.HAMAP.hmm.tmp.6182.hmmer3
[18:27:01] Labelling remaining 17 proteins as 'hypothetical protein'
[18:27:01] Possible /pseudo 'putative protein' at gnl|X|DGPDLLBB_1 position 76148
[18:27:01] Found 79 unique /gene codes.
[18:27:01] Fixed 0 colliding /gene names.
[18:27:01] Adding /locus_tag identifiers
[18:27:01] Assigned 101 locus_tags to CDS and RNA features.
[18:27:01] Writing outputs to GCA_900081425.1_12641_2_75_genomic.gbff_pp21/
[18:27:01] Generating annotation statistics file
[18:27:01] Generating Genbank and Sequin files
[18:27:01] Running: tbl2asn -V b -a r10k -l paired-ends -M n -N 1 -y 'Annotated using prokka 1.14.6 from https://github.com/tseemann/prokka' -Z GCA_900081425\.1_12641_2_75_genomic\.gbff_pp21\/PROKKA_05152020\.err -i GCA_900081425\.1_12641_2_75_genomic\.gbff_pp21\/PROKKA_05152020\.fsa 2> /dev/null
[18:27:01] Deleting unwanted file: GCA_900081425.1_12641_2_75_genomic.gbff_pp21/errorsummary.val
[18:27:01] Deleting unwanted file: GCA_900081425.1_12641_2_75_genomic.gbff_pp21/PROKKA_05152020.dr
[18:27:01] Deleting unwanted file: GCA_900081425.1_12641_2_75_genomic.gbff_pp21/PROKKA_05152020.fixedproducts
[18:27:01] Deleting unwanted file: GCA_900081425.1_12641_2_75_genomic.gbff_pp21/PROKKA_05152020.ecn
[18:27:01] Deleting unwanted file: GCA_900081425.1_12641_2_75_genomic.gbff_pp21/PROKKA_05152020.val
[18:27:01] Repairing broken .GBK output that tbl2asn produces...
[18:27:01] Running: sed 's/COORDINATES: profile/COORDINATES:profile/' < GCA_900081425\.1_12641_2_75_genomic\.gbff_pp21\/PROKKA_05152020\.gbf > GCA_900081425\.1_12641_2_75_genomic\.gbff_pp21\/PROKKA_05152020\.gbk
[18:27:01] Deleting unwanted file: GCA_900081425.1_12641_2_75_genomic.gbff_pp21/PROKKA_05152020.gbf
[18:27:01] Output files:
[18:27:01] GCA_900081425.1_12641_2_75_genomic.gbff_pp21/PROKKA_05152020.err
[18:27:01] GCA_900081425.1_12641_2_75_genomic.gbff_pp21/PROKKA_05152020.faa
[18:27:01] GCA_900081425.1_12641_2_75_genomic.gbff_pp21/PROKKA_05152020.txt
[18:27:01] GCA_900081425.1_12641_2_75_genomic.gbff_pp21/PROKKA_05152020.fna
[18:27:01] GCA_900081425.1_12641_2_75_genomic.gbff_pp21/PROKKA_05152020.gbk
[18:27:01] GCA_900081425.1_12641_2_75_genomic.gbff_pp21/PROKKA_05152020.log
[18:27:01] GCA_900081425.1_12641_2_75_genomic.gbff_pp21/PROKKA_05152020.tsv
[18:27:01] GCA_900081425.1_12641_2_75_genomic.gbff_pp21/PROKKA_05152020.tbl
[18:27:01] GCA_900081425.1_12641_2_75_genomic.gbff_pp21/PROKKA_05152020.ffn
[18:27:01] GCA_900081425.1_12641_2_75_genomic.gbff_pp21/PROKKA_05152020.sqn
[18:27:01] GCA_900081425.1_12641_2_75_genomic.gbff_pp21/PROKKA_05152020.gff
[18:27:01] GCA_900081425.1_12641_2_75_genomic.gbff_pp21/PROKKA_05152020.fsa
[18:27:01] Annotation finished successfully.
[18:27:01] Walltime used: 0.08 minutes
[18:27:01] If you use this result please cite the Prokka paper:
[18:27:01] Seemann T (2014) Prokka: rapid prokaryotic genome annotation. Bioinformatics. 30(14):2068-9.
[18:27:01] Type 'prokka --citation' for more details.
[18:27:01] Share and enjoy!
