[18:25:02] This is prokka 1.14.6
[18:25:02] Written by Torsten Seemann <torsten.seemann@gmail.com>
[18:25:02] Homepage is https://github.com/tseemann/prokka
[18:25:02] Local time is Fri May 15 18:25:02 2020
[18:25:02] You are tsweet
[18:25:02] Operating system is linux
[18:25:02] You have BioPerl 1.007002
[18:25:02] System has 8 cores.
[18:25:02] Will use maximum of 8 cores.
[18:25:02] Annotating as >>> Bacteria <<<
[18:25:02] Generating locus_tag from '60355.1_ASM16035v1_genomic.gbff_pp3' contents.
[18:25:02] Setting --locustag GBPBBHJG from MD5 0b9bb130bec18275c86351a7d2a739f7
[18:25:02] Enabling options to ensure Genbank/ENA/DDJB submission compliance.
[18:25:02] Creating new output folder: GCA_000160355.1_ASM16035v1_genomic.gbff_pp3
[18:25:02] Running: mkdir -p GCA_000160355\.1_ASM16035v1_genomic\.gbff_pp3
[18:25:02] Using filename prefix: PROKKA_05152020.XXX
[18:25:02] Setting HMMER_NCPU=1
[18:25:02] Writing log to: GCA_000160355.1_ASM16035v1_genomic.gbff_pp3/PROKKA_05152020.log
[18:25:02] Command: /home/tsweet/anaconda3/bin/prokka --centre X --compliant 60355.1_ASM16035v1_genomic.gbff_pp3 --outdir GCA_000160355.1_ASM16035v1_genomic.gbff_pp3
[18:25:02] Appending to PATH: /home/tsweet/anaconda3/bin
[18:25:02] Looking for 'aragorn' - found /home/tsweet/anaconda3/bin/aragorn
[18:25:02] Determined aragorn version is 001002 from 'ARAGORN v1.2.38 Dean Laslett'
[18:25:02] Looking for 'barrnap' - found /home/tsweet/anaconda3/bin/barrnap
[18:25:02] Determined barrnap version is 000009 from 'barrnap 0.9'
[18:25:02] Looking for 'blastp' - found /home/tsweet/anaconda3/bin/blastp
[18:25:02] Determined blastp version is 002009 from 'blastp: 2.9.0+'
[18:25:02] Looking for 'cmpress' - found /home/tsweet/anaconda3/bin/cmpress
[18:25:02] Determined cmpress version is 001001 from '# INFERNAL 1.1.2 (July 2016)'
[18:25:02] Looking for 'cmscan' - found /home/tsweet/anaconda3/bin/cmscan
[18:25:02] Determined cmscan version is 001001 from '# INFERNAL 1.1.2 (July 2016)'
[18:25:02] Looking for 'egrep' - found /bin/egrep
[18:25:02] Looking for 'find' - found /usr/bin/find
[18:25:02] Looking for 'grep' - found /bin/grep
[18:25:02] Looking for 'hmmpress' - found /home/tsweet/anaconda3/bin/hmmpress
[18:25:02] Determined hmmpress version is 003003 from '# HMMER 3.3 (Nov 2019); http://hmmer.org/'
[18:25:02] Looking for 'hmmscan' - found /home/tsweet/anaconda3/bin/hmmscan
[18:25:02] Determined hmmscan version is 003003 from '# HMMER 3.3 (Nov 2019); http://hmmer.org/'
[18:25:02] Looking for 'java' - found /home/tsweet/anaconda3/bin/java
[18:25:02] Looking for 'makeblastdb' - found /home/tsweet/anaconda3/bin/makeblastdb
[18:25:02] Determined makeblastdb version is 002009 from 'makeblastdb: 2.9.0+'
[18:25:02] Looking for 'minced' - found /home/tsweet/anaconda3/bin/minced
[18:25:02] Determined minced version is 004002 from 'minced 0.4.2'
[18:25:02] Looking for 'parallel' - found /home/tsweet/anaconda3/bin/parallel
[18:25:02] Determined parallel version is 20200322 from 'GNU parallel 20200322'
[18:25:02] Looking for 'prodigal' - found /home/tsweet/anaconda3/bin/prodigal
[18:25:02] Determined prodigal version is 002006 from 'Prodigal V2.6.3: February, 2016'
[18:25:02] Looking for 'prokka-genbank_to_fasta_db' - found /home/tsweet/anaconda3/bin/prokka-genbank_to_fasta_db
[18:25:02] Looking for 'sed' - found /bin/sed
[18:25:02] Looking for 'tbl2asn' - found /home/tsweet/anaconda3/bin/tbl2asn
[18:25:02] Determined tbl2asn version is 025007 from 'tbl2asn 25.7   arguments:'
[18:25:02] Using genetic code table 11.
[18:25:02] Loading and checking input file: 60355.1_ASM16035v1_genomic.gbff_pp3
[18:25:02] Wrote 1 contigs totalling 9022 bp.
[18:25:02] Predicting tRNAs and tmRNAs
[18:25:02] Running: aragorn -l -gc11  -w GCA_000160355\.1_ASM16035v1_genomic\.gbff_pp3\/PROKKA_05152020\.fna
[18:25:02] Found 0 tRNAs
[18:25:02] Predicting Ribosomal RNAs
[18:25:02] Running Barrnap with 8 threads
[18:25:03] Found 0 rRNAs
[18:25:03] Skipping ncRNA search, enable with --rfam if desired.
[18:25:03] Total of 0 tRNA + rRNA features
[18:25:03] Searching for CRISPR repeats
[18:25:03] Found 0 CRISPRs
[18:25:03] Predicting coding sequences
[18:25:03] Contigs total 9022 bp, so using meta mode
[18:25:03] Running: prodigal -i GCA_000160355\.1_ASM16035v1_genomic\.gbff_pp3\/PROKKA_05152020\.fna -c -m -g 11 -p meta -f sco -q
[18:25:03] Found 9 CDS
[18:25:03] Connecting features back to sequences
[18:25:03] Not using genus-specific database. Try --usegenus to enable it.
[18:25:03] Annotating CDS, please be patient.
[18:25:03] Will use 8 CPUs for similarity searching.
[18:25:03] There are still 9 unannotated CDS left (started with 9)
[18:25:03] Will use blast to search against /home/tsweet/anaconda3/db/kingdom/Bacteria/IS with 8 CPUs
[18:25:03] Running: cat GCA_000160355\.1_ASM16035v1_genomic\.gbff_pp3\/PROKKA_05152020\.IS\.tmp\.17615\.faa | parallel --gnu --plain -j 8 --block 114 --recstart '>' --pipe blastp -query - -db /home/tsweet/anaconda3/db/kingdom/Bacteria/IS -evalue 1e-30 -qcov_hsp_perc 90 -num_threads 1 -num_descriptions 1 -num_alignments 1 -seg no > GCA_000160355\.1_ASM16035v1_genomic\.gbff_pp3\/PROKKA_05152020\.IS\.tmp\.17615\.blast 2> /dev/null
[18:25:03] Deleting unwanted file: GCA_000160355.1_ASM16035v1_genomic.gbff_pp3/PROKKA_05152020.IS.tmp.17615.faa
[18:25:03] Deleting unwanted file: GCA_000160355.1_ASM16035v1_genomic.gbff_pp3/PROKKA_05152020.IS.tmp.17615.blast
[18:25:03] There are still 9 unannotated CDS left (started with 9)
[18:25:03] Will use blast to search against /home/tsweet/anaconda3/db/kingdom/Bacteria/AMR with 8 CPUs
[18:25:03] Running: cat GCA_000160355\.1_ASM16035v1_genomic\.gbff_pp3\/PROKKA_05152020\.AMR\.tmp\.17615\.faa | parallel --gnu --plain -j 8 --block 114 --recstart '>' --pipe blastp -query - -db /home/tsweet/anaconda3/db/kingdom/Bacteria/AMR -evalue 9.99999999999999e-301 -qcov_hsp_perc 90 -num_threads 1 -num_descriptions 1 -num_alignments 1 -seg no > GCA_000160355\.1_ASM16035v1_genomic\.gbff_pp3\/PROKKA_05152020\.AMR\.tmp\.17615\.blast 2> /dev/null
[18:25:03] Deleting unwanted file: GCA_000160355.1_ASM16035v1_genomic.gbff_pp3/PROKKA_05152020.AMR.tmp.17615.faa
[18:25:03] Deleting unwanted file: GCA_000160355.1_ASM16035v1_genomic.gbff_pp3/PROKKA_05152020.AMR.tmp.17615.blast
[18:25:03] There are still 9 unannotated CDS left (started with 9)
[18:25:03] Will use blast to search against /home/tsweet/anaconda3/db/kingdom/Bacteria/sprot with 8 CPUs
[18:25:03] Running: cat GCA_000160355\.1_ASM16035v1_genomic\.gbff_pp3\/PROKKA_05152020\.sprot\.tmp\.17615\.faa | parallel --gnu --plain -j 8 --block 114 --recstart '>' --pipe blastp -query - -db /home/tsweet/anaconda3/db/kingdom/Bacteria/sprot -evalue 1e-09 -qcov_hsp_perc 80 -num_threads 1 -num_descriptions 1 -num_alignments 1 -seg no > GCA_000160355\.1_ASM16035v1_genomic\.gbff_pp3\/PROKKA_05152020\.sprot\.tmp\.17615\.blast 2> /dev/null
[18:25:03] Modify product: Uncharacterized oxidoreductase SA2266 => putative oxidoreductase
[18:25:03] Cleaned 1 /product names
[18:25:03] Deleting unwanted file: GCA_000160355.1_ASM16035v1_genomic.gbff_pp3/PROKKA_05152020.sprot.tmp.17615.faa
[18:25:03] Deleting unwanted file: GCA_000160355.1_ASM16035v1_genomic.gbff_pp3/PROKKA_05152020.sprot.tmp.17615.blast
[18:25:03] There are still 6 unannotated CDS left (started with 9)
[18:25:03] Will use hmmer3 to search against /home/tsweet/anaconda3/db/hmm/HAMAP.hmm with 8 CPUs
[18:25:03] Running: cat GCA_000160355\.1_ASM16035v1_genomic\.gbff_pp3\/PROKKA_05152020\.HAMAP\.hmm\.tmp\.17615\.faa | parallel --gnu --plain -j 8 --block 49 --recstart '>' --pipe hmmscan --noali --notextw --acc -E 1e-09 --cpu 1 /home/tsweet/anaconda3/db/hmm/HAMAP.hmm /dev/stdin > GCA_000160355\.1_ASM16035v1_genomic\.gbff_pp3\/PROKKA_05152020\.HAMAP\.hmm\.tmp\.17615\.hmmer3 2> /dev/null
[18:25:04] Deleting unwanted file: GCA_000160355.1_ASM16035v1_genomic.gbff_pp3/PROKKA_05152020.HAMAP.hmm.tmp.17615.faa
[18:25:04] Deleting unwanted file: GCA_000160355.1_ASM16035v1_genomic.gbff_pp3/PROKKA_05152020.HAMAP.hmm.tmp.17615.hmmer3
[18:25:04] Labelling remaining 6 proteins as 'hypothetical protein'
[18:25:04] Found 2 unique /gene codes.
[18:25:04] Fixed 0 colliding /gene names.
[18:25:04] Adding /locus_tag identifiers
[18:25:04] Assigned 9 locus_tags to CDS and RNA features.
[18:25:04] Writing outputs to GCA_000160355.1_ASM16035v1_genomic.gbff_pp3/
[18:25:04] Generating annotation statistics file
[18:25:04] Generating Genbank and Sequin files
[18:25:04] Running: tbl2asn -V b -a r10k -l paired-ends -M n -N 1 -y 'Annotated using prokka 1.14.6 from https://github.com/tseemann/prokka' -Z GCA_000160355\.1_ASM16035v1_genomic\.gbff_pp3\/PROKKA_05152020\.err -i GCA_000160355\.1_ASM16035v1_genomic\.gbff_pp3\/PROKKA_05152020\.fsa 2> /dev/null
[18:25:04] Deleting unwanted file: GCA_000160355.1_ASM16035v1_genomic.gbff_pp3/errorsummary.val
[18:25:04] Deleting unwanted file: GCA_000160355.1_ASM16035v1_genomic.gbff_pp3/PROKKA_05152020.dr
[18:25:04] Deleting unwanted file: GCA_000160355.1_ASM16035v1_genomic.gbff_pp3/PROKKA_05152020.fixedproducts
[18:25:04] Deleting unwanted file: GCA_000160355.1_ASM16035v1_genomic.gbff_pp3/PROKKA_05152020.ecn
[18:25:04] Deleting unwanted file: GCA_000160355.1_ASM16035v1_genomic.gbff_pp3/PROKKA_05152020.val
[18:25:04] Repairing broken .GBK output that tbl2asn produces...
[18:25:04] Running: sed 's/COORDINATES: profile/COORDINATES:profile/' < GCA_000160355\.1_ASM16035v1_genomic\.gbff_pp3\/PROKKA_05152020\.gbf > GCA_000160355\.1_ASM16035v1_genomic\.gbff_pp3\/PROKKA_05152020\.gbk
[18:25:04] Deleting unwanted file: GCA_000160355.1_ASM16035v1_genomic.gbff_pp3/PROKKA_05152020.gbf
[18:25:04] Output files:
[18:25:04] GCA_000160355.1_ASM16035v1_genomic.gbff_pp3/PROKKA_05152020.err
[18:25:04] GCA_000160355.1_ASM16035v1_genomic.gbff_pp3/PROKKA_05152020.faa
[18:25:04] GCA_000160355.1_ASM16035v1_genomic.gbff_pp3/PROKKA_05152020.txt
[18:25:04] GCA_000160355.1_ASM16035v1_genomic.gbff_pp3/PROKKA_05152020.fna
[18:25:04] GCA_000160355.1_ASM16035v1_genomic.gbff_pp3/PROKKA_05152020.gbk
[18:25:04] GCA_000160355.1_ASM16035v1_genomic.gbff_pp3/PROKKA_05152020.log
[18:25:04] GCA_000160355.1_ASM16035v1_genomic.gbff_pp3/PROKKA_05152020.tsv
[18:25:04] GCA_000160355.1_ASM16035v1_genomic.gbff_pp3/PROKKA_05152020.tbl
[18:25:04] GCA_000160355.1_ASM16035v1_genomic.gbff_pp3/PROKKA_05152020.ffn
[18:25:04] GCA_000160355.1_ASM16035v1_genomic.gbff_pp3/PROKKA_05152020.sqn
[18:25:04] GCA_000160355.1_ASM16035v1_genomic.gbff_pp3/PROKKA_05152020.gff
[18:25:04] GCA_000160355.1_ASM16035v1_genomic.gbff_pp3/PROKKA_05152020.fsa
[18:25:04] Annotation finished successfully.
[18:25:04] Walltime used: 0.03 minutes
[18:25:04] If you use this result please cite the Prokka paper:
[18:25:04] Seemann T (2014) Prokka: rapid prokaryotic genome annotation. Bioinformatics. 30(14):2068-9.
[18:25:04] Type 'prokka --citation' for more details.
[18:25:04] Thank you, come again.
