Discrepancy Report Results

Summary
DISC_SOURCE_QUALS_ASNDISC:strain (all present, all unique)
DISC_SOURCE_QUALS_ASNDISC:taxname (all present, all unique)
DISC_FEATURE_COUNT:gene: 6 present
DISC_FEATURE_COUNT:CDS: 6 present
DISC_COUNT_NUCLEOTIDES:1 nucleotide Bioseqs are present
OVERLAPPING_GENES:3 genes overlap another gene on the same strand.
DISC_QUALITY_SCORES:Quality scores are missing on all sequences.
ONCALLER_COMMENT_PRESENT:1 comment descriptors were found (all same)
MISSING_GENOMEASSEMBLY_COMMENTS:1 bioseqs are missing GenomeAssembly structured comments
MOLTYPE_NOT_MRNA:1 molecule types are not set as mRNA.
TECHNIQUE_NOT_TSA:1 technique are not set as TSA
MISSING_STRUCTURED_COMMENT:1 sequences do not include structured comments.
MISSING_PROJECT:7 sequences do not include project.
DISC_INCONSISTENT_MOLINFO_TECH:Molinfo Technique Report (some missing, all same)


Detailed Report

DiscRep_ALL:DISC_SOURCE_QUALS_ASNDISC::strain (all present, all unique)
DiscRep_SUB:DISC_SOURCE_QUALS_ASNDISC::1 sources have unique values for strain
DiscRep_ALL:DISC_SOURCE_QUALS_ASNDISC::taxname (all present, all unique)
DiscRep_SUB:DISC_SOURCE_QUALS_ASNDISC::1 sources have unique values for taxname
DiscRep_ALL:DISC_FEATURE_COUNT::gene: 6 present
DiscRep_ALL:DISC_FEATURE_COUNT::CDS: 6 present
DiscRep_ALL:DISC_COUNT_NUCLEOTIDES::1 nucleotide Bioseqs are present
GCA_000248795.2_ASM24879v2_genomic.gbff_pp12/PROKKA_05152020:X:ADGJDBML_1 (length 6402)

DiscRep_ALL:OVERLAPPING_GENES::3 genes overlap another gene on the same strand.
GCA_000248795.2_ASM24879v2_genomic.gbff_pp12/PROKKA_05152020:Gene	mrpC	ADGJDBML_1:c1591-1247	ADGJDBML_00001
GCA_000248795.2_ASM24879v2_genomic.gbff_pp12/PROKKA_05152020:Gene	mrpB	ADGJDBML_1:c2013-1588	ADGJDBML_00002
GCA_000248795.2_ASM24879v2_genomic.gbff_pp12/PROKKA_05152020:Gene	mrpA	ADGJDBML_1:c4402-2000	ADGJDBML_00003

DiscRep_ALL:DISC_QUALITY_SCORES::Quality scores are missing on all sequences.

DiscRep_ALL:ONCALLER_COMMENT_PRESENT::1 comment descriptors were found (all same)
GCA_000248795.2_ASM24879v2_genomic.gbff_pp12/PROKKA_05152020:X:ADGJDBML_1:Annotated using prokka 1.14.6 from https://github.com/tseemann/prokka

DiscRep_ALL:MISSING_GENOMEASSEMBLY_COMMENTS::1 bioseqs are missing GenomeAssembly structured comments
GCA_000248795.2_ASM24879v2_genomic.gbff_pp12/PROKKA_05152020:X:ADGJDBML_1 (length 6402)

DiscRep_ALL:MOLTYPE_NOT_MRNA::1 molecule types are not set as mRNA.
GCA_000248795.2_ASM24879v2_genomic.gbff_pp12/PROKKA_05152020:X:ADGJDBML_1 (length 6402)

DiscRep_ALL:TECHNIQUE_NOT_TSA::1 technique are not set as TSA
GCA_000248795.2_ASM24879v2_genomic.gbff_pp12/PROKKA_05152020:X:ADGJDBML_1 (length 6402)

DiscRep_ALL:MISSING_STRUCTURED_COMMENT::1 sequences do not include structured comments.
GCA_000248795.2_ASM24879v2_genomic.gbff_pp12/PROKKA_05152020:X:ADGJDBML_1 (length 6402)

DiscRep_ALL:MISSING_PROJECT::7 sequences do not include project.
GCA_000248795.2_ASM24879v2_genomic.gbff_pp12/PROKKA_05152020:X:ADGJDBML_1 (length 6402)
GCA_000248795.2_ASM24879v2_genomic.gbff_pp12/PROKKA_05152020:X:ADGJDBML_00001 (length 114)
GCA_000248795.2_ASM24879v2_genomic.gbff_pp12/PROKKA_05152020:X:ADGJDBML_00002 (length 141)
GCA_000248795.2_ASM24879v2_genomic.gbff_pp12/PROKKA_05152020:X:ADGJDBML_00003 (length 800)
GCA_000248795.2_ASM24879v2_genomic.gbff_pp12/PROKKA_05152020:X:ADGJDBML_00004 (length 186)
GCA_000248795.2_ASM24879v2_genomic.gbff_pp12/PROKKA_05152020:X:ADGJDBML_00005 (length 67)
GCA_000248795.2_ASM24879v2_genomic.gbff_pp12/PROKKA_05152020:X:ADGJDBML_00006 (length 74)

DiscRep_ALL:DISC_INCONSISTENT_MOLINFO_TECH::Molinfo Technique Report (some missing, all same)
DiscRep_SUB:DISC_INCONSISTENT_MOLINFO_TECH::technique (all missing)
DiscRep_SUB:DISC_INCONSISTENT_MOLINFO_TECH::1 Molinfos are missing field technique
GCA_000248795.2_ASM24879v2_genomic.gbff_pp12/PROKKA_05152020:X:ADGJDBML_1 (length 6402)

