Discrepancy Report Results

Summary
DISC_SOURCE_QUALS_ASNDISC:strain (all present, all unique)
DISC_SOURCE_QUALS_ASNDISC:taxname (all present, all unique)
DISC_FEATURE_COUNT:gene: 10 present
DISC_FEATURE_COUNT:CDS: 10 present
DISC_COUNT_NUCLEOTIDES:1 nucleotide Bioseqs are present
OVERLAPPING_GENES:2 genes overlap another gene on the same strand.
OVERLAPPING_CDS:2 coding regions overlap another coding region with a similar or identical name.
DISC_QUALITY_SCORES:Quality scores are missing on all sequences.
ONCALLER_COMMENT_PRESENT:1 comment descriptors were found (all same)
MISSING_GENOMEASSEMBLY_COMMENTS:1 bioseqs are missing GenomeAssembly structured comments
MOLTYPE_NOT_MRNA:1 molecule types are not set as mRNA.
TECHNIQUE_NOT_TSA:1 technique are not set as TSA
MISSING_STRUCTURED_COMMENT:1 sequences do not include structured comments.
MISSING_PROJECT:11 sequences do not include project.
DISC_INCONSISTENT_MOLINFO_TECH:Molinfo Technique Report (some missing, all same)


Detailed Report

DiscRep_ALL:DISC_SOURCE_QUALS_ASNDISC::strain (all present, all unique)
DiscRep_SUB:DISC_SOURCE_QUALS_ASNDISC::1 sources have unique values for strain
DiscRep_ALL:DISC_SOURCE_QUALS_ASNDISC::taxname (all present, all unique)
DiscRep_SUB:DISC_SOURCE_QUALS_ASNDISC::1 sources have unique values for taxname
DiscRep_ALL:DISC_FEATURE_COUNT::gene: 10 present
DiscRep_ALL:DISC_FEATURE_COUNT::CDS: 10 present
DiscRep_ALL:DISC_COUNT_NUCLEOTIDES::1 nucleotide Bioseqs are present
GCA_000009665.1_ASM966v1_genomic.gbff_pp4/PROKKA_05152020:X:KPFLFOMC_1 (length 11043)

DiscRep_ALL:OVERLAPPING_GENES::2 genes overlap another gene on the same strand.
GCA_000009665.1_ASM966v1_genomic.gbff_pp4/PROKKA_05152020:Gene	phnE_1	KPFLFOMC_1:5432-6232	KPFLFOMC_00005
GCA_000009665.1_ASM966v1_genomic.gbff_pp4/PROKKA_05152020:Gene	phnE_2	KPFLFOMC_1:6229-7044	KPFLFOMC_00006

DiscRep_ALL:OVERLAPPING_CDS::2 coding regions overlap another coding region with a similar or identical name.
DiscRep_SUB:OVERLAPPING_CDS::2 coding regions overlap another coding region with a similar or identical name that do not have the appropriate note text
GCA_000009665.1_ASM966v1_genomic.gbff_pp4/PROKKA_05152020:CDS	Phosphate-import permease protein PhnE	KPFLFOMC_1:5432-6232	KPFLFOMC_00005
GCA_000009665.1_ASM966v1_genomic.gbff_pp4/PROKKA_05152020:CDS	Phosphate-import permease protein PhnE	KPFLFOMC_1:6229-7044	KPFLFOMC_00006

DiscRep_ALL:DISC_QUALITY_SCORES::Quality scores are missing on all sequences.

DiscRep_ALL:ONCALLER_COMMENT_PRESENT::1 comment descriptors were found (all same)
GCA_000009665.1_ASM966v1_genomic.gbff_pp4/PROKKA_05152020:X:KPFLFOMC_1:Annotated using prokka 1.14.6 from https://github.com/tseemann/prokka

DiscRep_ALL:MISSING_GENOMEASSEMBLY_COMMENTS::1 bioseqs are missing GenomeAssembly structured comments
GCA_000009665.1_ASM966v1_genomic.gbff_pp4/PROKKA_05152020:X:KPFLFOMC_1 (length 11043)

DiscRep_ALL:MOLTYPE_NOT_MRNA::1 molecule types are not set as mRNA.
GCA_000009665.1_ASM966v1_genomic.gbff_pp4/PROKKA_05152020:X:KPFLFOMC_1 (length 11043)

DiscRep_ALL:TECHNIQUE_NOT_TSA::1 technique are not set as TSA
GCA_000009665.1_ASM966v1_genomic.gbff_pp4/PROKKA_05152020:X:KPFLFOMC_1 (length 11043)

DiscRep_ALL:MISSING_STRUCTURED_COMMENT::1 sequences do not include structured comments.
GCA_000009665.1_ASM966v1_genomic.gbff_pp4/PROKKA_05152020:X:KPFLFOMC_1 (length 11043)

DiscRep_ALL:MISSING_PROJECT::11 sequences do not include project.
GCA_000009665.1_ASM966v1_genomic.gbff_pp4/PROKKA_05152020:X:KPFLFOMC_1 (length 11043)
GCA_000009665.1_ASM966v1_genomic.gbff_pp4/PROKKA_05152020:X:KPFLFOMC_00001 (length 511)
GCA_000009665.1_ASM966v1_genomic.gbff_pp4/PROKKA_05152020:X:KPFLFOMC_00002 (length 514)
GCA_000009665.1_ASM966v1_genomic.gbff_pp4/PROKKA_05152020:X:KPFLFOMC_00003 (length 318)
GCA_000009665.1_ASM966v1_genomic.gbff_pp4/PROKKA_05152020:X:KPFLFOMC_00004 (length 257)
GCA_000009665.1_ASM966v1_genomic.gbff_pp4/PROKKA_05152020:X:KPFLFOMC_00005 (length 266)
GCA_000009665.1_ASM966v1_genomic.gbff_pp4/PROKKA_05152020:X:KPFLFOMC_00006 (length 271)
GCA_000009665.1_ASM966v1_genomic.gbff_pp4/PROKKA_05152020:X:KPFLFOMC_00007 (length 392)
GCA_000009665.1_ASM966v1_genomic.gbff_pp4/PROKKA_05152020:X:KPFLFOMC_00008 (length 220)
GCA_000009665.1_ASM966v1_genomic.gbff_pp4/PROKKA_05152020:X:KPFLFOMC_00009 (length 452)
GCA_000009665.1_ASM966v1_genomic.gbff_pp4/PROKKA_05152020:X:KPFLFOMC_00010 (length 173)

DiscRep_ALL:DISC_INCONSISTENT_MOLINFO_TECH::Molinfo Technique Report (some missing, all same)
DiscRep_SUB:DISC_INCONSISTENT_MOLINFO_TECH::technique (all missing)
DiscRep_SUB:DISC_INCONSISTENT_MOLINFO_TECH::1 Molinfos are missing field technique
GCA_000009665.1_ASM966v1_genomic.gbff_pp4/PROKKA_05152020:X:KPFLFOMC_1 (length 11043)

