[18:21:48] This is prokka 1.14.6
[18:21:48] Written by Torsten Seemann <torsten.seemann@gmail.com>
[18:21:48] Homepage is https://github.com/tseemann/prokka
[18:21:48] Local time is Fri May 15 18:21:48 2020
[18:21:48] You are tsweet
[18:21:48] Operating system is linux
[18:21:48] You have BioPerl 1.007002
[18:21:48] System has 8 cores.
[18:21:48] Will use maximum of 8 cores.
[18:21:48] Annotating as >>> Bacteria <<<
[18:21:48] Generating locus_tag from '005.1_ASM900v1_genomic.gbff_pp7' contents.
[18:21:48] Setting --locustag COBEFPMI from MD5 c8bef962ea2f3cf16cb03508ec8c0593
[18:21:48] Enabling options to ensure Genbank/ENA/DDJB submission compliance.
[18:21:48] Creating new output folder: GCA_000009005.1_ASM900v1_genomic.gbff_pp7
[18:21:48] Running: mkdir -p GCA_000009005\.1_ASM900v1_genomic\.gbff_pp7
[18:21:48] Using filename prefix: PROKKA_05152020.XXX
[18:21:48] Setting HMMER_NCPU=1
[18:21:48] Writing log to: GCA_000009005.1_ASM900v1_genomic.gbff_pp7/PROKKA_05152020.log
[18:21:48] Command: /home/tsweet/anaconda3/bin/prokka --centre X --compliant 005.1_ASM900v1_genomic.gbff_pp7 --outdir GCA_000009005.1_ASM900v1_genomic.gbff_pp7
[18:21:48] Appending to PATH: /home/tsweet/anaconda3/bin
[18:21:48] Looking for 'aragorn' - found /home/tsweet/anaconda3/bin/aragorn
[18:21:48] Determined aragorn version is 001002 from 'ARAGORN v1.2.38 Dean Laslett'
[18:21:48] Looking for 'barrnap' - found /home/tsweet/anaconda3/bin/barrnap
[18:21:48] Determined barrnap version is 000009 from 'barrnap 0.9'
[18:21:48] Looking for 'blastp' - found /home/tsweet/anaconda3/bin/blastp
[18:21:48] Determined blastp version is 002009 from 'blastp: 2.9.0+'
[18:21:48] Looking for 'cmpress' - found /home/tsweet/anaconda3/bin/cmpress
[18:21:48] Determined cmpress version is 001001 from '# INFERNAL 1.1.2 (July 2016)'
[18:21:48] Looking for 'cmscan' - found /home/tsweet/anaconda3/bin/cmscan
[18:21:48] Determined cmscan version is 001001 from '# INFERNAL 1.1.2 (July 2016)'
[18:21:48] Looking for 'egrep' - found /bin/egrep
[18:21:48] Looking for 'find' - found /usr/bin/find
[18:21:48] Looking for 'grep' - found /bin/grep
[18:21:48] Looking for 'hmmpress' - found /home/tsweet/anaconda3/bin/hmmpress
[18:21:48] Determined hmmpress version is 003003 from '# HMMER 3.3 (Nov 2019); http://hmmer.org/'
[18:21:48] Looking for 'hmmscan' - found /home/tsweet/anaconda3/bin/hmmscan
[18:21:48] Determined hmmscan version is 003003 from '# HMMER 3.3 (Nov 2019); http://hmmer.org/'
[18:21:48] Looking for 'java' - found /home/tsweet/anaconda3/bin/java
[18:21:48] Looking for 'makeblastdb' - found /home/tsweet/anaconda3/bin/makeblastdb
[18:21:48] Determined makeblastdb version is 002009 from 'makeblastdb: 2.9.0+'
[18:21:48] Looking for 'minced' - found /home/tsweet/anaconda3/bin/minced
[18:21:48] Determined minced version is 004002 from 'minced 0.4.2'
[18:21:48] Looking for 'parallel' - found /home/tsweet/anaconda3/bin/parallel
[18:21:48] Determined parallel version is 20200322 from 'GNU parallel 20200322'
[18:21:48] Looking for 'prodigal' - found /home/tsweet/anaconda3/bin/prodigal
[18:21:48] Determined prodigal version is 002006 from 'Prodigal V2.6.3: February, 2016'
[18:21:48] Looking for 'prokka-genbank_to_fasta_db' - found /home/tsweet/anaconda3/bin/prokka-genbank_to_fasta_db
[18:21:48] Looking for 'sed' - found /bin/sed
[18:21:48] Looking for 'tbl2asn' - found /home/tsweet/anaconda3/bin/tbl2asn
[18:21:48] Determined tbl2asn version is 025007 from 'tbl2asn 25.7   arguments:'
[18:21:48] Using genetic code table 11.
[18:21:48] Loading and checking input file: 005.1_ASM900v1_genomic.gbff_pp7
[18:21:48] Wrote 1 contigs totalling 63099 bp.
[18:21:48] Predicting tRNAs and tmRNAs
[18:21:48] Running: aragorn -l -gc11  -w GCA_000009005\.1_ASM900v1_genomic\.gbff_pp7\/PROKKA_05152020\.fna
[18:21:48] 1 tRNA-Ser c[9100,9192] 37 (tga)
[18:21:48] Found 1 tRNAs
[18:21:48] Predicting Ribosomal RNAs
[18:21:48] Running Barrnap with 8 threads
[18:21:48] Found 0 rRNAs
[18:21:48] Skipping ncRNA search, enable with --rfam if desired.
[18:21:48] Total of 1 tRNA + rRNA features
[18:21:48] Searching for CRISPR repeats
[18:21:48] Found 0 CRISPRs
[18:21:48] Predicting coding sequences
[18:21:48] Contigs total 63099 bp, so using meta mode
[18:21:48] Running: prodigal -i GCA_000009005\.1_ASM900v1_genomic\.gbff_pp7\/PROKKA_05152020\.fna -c -m -g 11 -p meta -f sco -q
[18:21:49] Excluding CDS which overlaps existing RNA (tRNA) at gnl|X|COBEFPMI_1:8945..9139 on + strand
[18:21:49] Found 56 CDS
[18:21:49] Connecting features back to sequences
[18:21:49] Not using genus-specific database. Try --usegenus to enable it.
[18:21:49] Annotating CDS, please be patient.
[18:21:49] Will use 8 CPUs for similarity searching.
[18:21:49] There are still 56 unannotated CDS left (started with 56)
[18:21:49] Will use blast to search against /home/tsweet/anaconda3/db/kingdom/Bacteria/IS with 8 CPUs
[18:21:49] Running: cat GCA_000009005\.1_ASM900v1_genomic\.gbff_pp7\/PROKKA_05152020\.IS\.tmp\.14737\.faa | parallel --gnu --plain -j 8 --block 1068 --recstart '>' --pipe blastp -query - -db /home/tsweet/anaconda3/db/kingdom/Bacteria/IS -evalue 1e-30 -qcov_hsp_perc 90 -num_threads 1 -num_descriptions 1 -num_alignments 1 -seg no > GCA_000009005\.1_ASM900v1_genomic\.gbff_pp7\/PROKKA_05152020\.IS\.tmp\.14737\.blast 2> /dev/null
[18:21:49] Deleting unwanted file: GCA_000009005.1_ASM900v1_genomic.gbff_pp7/PROKKA_05152020.IS.tmp.14737.faa
[18:21:49] Deleting unwanted file: GCA_000009005.1_ASM900v1_genomic.gbff_pp7/PROKKA_05152020.IS.tmp.14737.blast
[18:21:49] There are still 56 unannotated CDS left (started with 56)
[18:21:49] Will use blast to search against /home/tsweet/anaconda3/db/kingdom/Bacteria/AMR with 8 CPUs
[18:21:49] Running: cat GCA_000009005\.1_ASM900v1_genomic\.gbff_pp7\/PROKKA_05152020\.AMR\.tmp\.14737\.faa | parallel --gnu --plain -j 8 --block 1068 --recstart '>' --pipe blastp -query - -db /home/tsweet/anaconda3/db/kingdom/Bacteria/AMR -evalue 9.99999999999999e-301 -qcov_hsp_perc 90 -num_threads 1 -num_descriptions 1 -num_alignments 1 -seg no > GCA_000009005\.1_ASM900v1_genomic\.gbff_pp7\/PROKKA_05152020\.AMR\.tmp\.14737\.blast 2> /dev/null
[18:21:50] Deleting unwanted file: GCA_000009005.1_ASM900v1_genomic.gbff_pp7/PROKKA_05152020.AMR.tmp.14737.faa
[18:21:50] Deleting unwanted file: GCA_000009005.1_ASM900v1_genomic.gbff_pp7/PROKKA_05152020.AMR.tmp.14737.blast
[18:21:50] There are still 56 unannotated CDS left (started with 56)
[18:21:50] Will use blast to search against /home/tsweet/anaconda3/db/kingdom/Bacteria/sprot with 8 CPUs
[18:21:50] Running: cat GCA_000009005\.1_ASM900v1_genomic\.gbff_pp7\/PROKKA_05152020\.sprot\.tmp\.14737\.faa | parallel --gnu --plain -j 8 --block 1068 --recstart '>' --pipe blastp -query - -db /home/tsweet/anaconda3/db/kingdom/Bacteria/sprot -evalue 1e-09 -qcov_hsp_perc 80 -num_threads 1 -num_descriptions 1 -num_alignments 1 -seg no > GCA_000009005\.1_ASM900v1_genomic\.gbff_pp7\/PROKKA_05152020\.sprot\.tmp\.14737\.blast 2> /dev/null
[18:21:51] Modify product: Nucleoid-associated protein SA0437 => Nucleoid-associated protein
[18:21:51] Modify product: Probable D-methionine-binding lipoprotein MetQ => putative D-methionine-binding lipoprotein MetQ
[18:21:51] Modify product: Uncharacterized protein SAOUHSC_02783 => putative protein
[18:21:51] Modify product: Uncharacterized protein SAOUHSC_02783 => putative protein
[18:21:51] Modify product: Uncharacterized lipoprotein SA0397 => putative lipoprotein
[18:21:51] Modify product: Uncharacterized lipoprotein SAOUHSC_00053 => putative lipoprotein
[18:21:51] Modify product: Uncharacterized lipoprotein SA0397 => putative lipoprotein
[18:21:51] Modify product: Probable type I restriction enzyme BthVORF4518P M protein => putative type I restriction enzymeP M protein
[18:21:51] Cleaned 8 /product names
[18:21:51] Deleting unwanted file: GCA_000009005.1_ASM900v1_genomic.gbff_pp7/PROKKA_05152020.sprot.tmp.14737.faa
[18:21:51] Deleting unwanted file: GCA_000009005.1_ASM900v1_genomic.gbff_pp7/PROKKA_05152020.sprot.tmp.14737.blast
[18:21:51] There are still 26 unannotated CDS left (started with 56)
[18:21:51] Will use hmmer3 to search against /home/tsweet/anaconda3/db/hmm/HAMAP.hmm with 8 CPUs
[18:21:51] Running: cat GCA_000009005\.1_ASM900v1_genomic\.gbff_pp7\/PROKKA_05152020\.HAMAP\.hmm\.tmp\.14737\.faa | parallel --gnu --plain -j 8 --block 420 --recstart '>' --pipe hmmscan --noali --notextw --acc -E 1e-09 --cpu 1 /home/tsweet/anaconda3/db/hmm/HAMAP.hmm /dev/stdin > GCA_000009005\.1_ASM900v1_genomic\.gbff_pp7\/PROKKA_05152020\.HAMAP\.hmm\.tmp\.14737\.hmmer3 2> /dev/null
[18:21:51] Deleting unwanted file: GCA_000009005.1_ASM900v1_genomic.gbff_pp7/PROKKA_05152020.HAMAP.hmm.tmp.14737.faa
[18:21:51] Deleting unwanted file: GCA_000009005.1_ASM900v1_genomic.gbff_pp7/PROKKA_05152020.HAMAP.hmm.tmp.14737.hmmer3
[18:21:51] Labelling remaining 22 proteins as 'hypothetical protein'
[18:21:51] Possible /pseudo 'putative protein' at gnl|X|COBEFPMI_1 position 41686
[18:21:51] Possible /pseudo 'putative lipoprotein' at gnl|X|COBEFPMI_1 position 43377
[18:21:51] Possible /pseudo 'putative lipoprotein' at gnl|X|COBEFPMI_1 position 44204
[18:21:51] Possible /pseudo 'Staphylococcal superantigen-like 7' at gnl|X|COBEFPMI_1 position 53529
[18:21:51] Found 25 unique /gene codes.
[18:21:51] Fixed 2 duplicate /gene - lpl2_1 lpl2_2
[18:21:51] Fixed 2 duplicate /gene - ssl5_1 ssl5_2
[18:21:51] Fixed 2 duplicate /gene - ssl7_1 ssl7_2
[18:21:51] Fixed 3 colliding /gene names.
[18:21:51] Adding /locus_tag identifiers
[18:21:51] Assigned 57 locus_tags to CDS and RNA features.
[18:21:51] Writing outputs to GCA_000009005.1_ASM900v1_genomic.gbff_pp7/
[18:21:51] Generating annotation statistics file
[18:21:51] Generating Genbank and Sequin files
[18:21:51] Running: tbl2asn -V b -a r10k -l paired-ends -M n -N 1 -y 'Annotated using prokka 1.14.6 from https://github.com/tseemann/prokka' -Z GCA_000009005\.1_ASM900v1_genomic\.gbff_pp7\/PROKKA_05152020\.err -i GCA_000009005\.1_ASM900v1_genomic\.gbff_pp7\/PROKKA_05152020\.fsa 2> /dev/null
[18:21:52] Deleting unwanted file: GCA_000009005.1_ASM900v1_genomic.gbff_pp7/errorsummary.val
[18:21:52] Deleting unwanted file: GCA_000009005.1_ASM900v1_genomic.gbff_pp7/PROKKA_05152020.dr
[18:21:52] Deleting unwanted file: GCA_000009005.1_ASM900v1_genomic.gbff_pp7/PROKKA_05152020.fixedproducts
[18:21:52] Deleting unwanted file: GCA_000009005.1_ASM900v1_genomic.gbff_pp7/PROKKA_05152020.ecn
[18:21:52] Deleting unwanted file: GCA_000009005.1_ASM900v1_genomic.gbff_pp7/PROKKA_05152020.val
[18:21:52] Repairing broken .GBK output that tbl2asn produces...
[18:21:52] Running: sed 's/COORDINATES: profile/COORDINATES:profile/' < GCA_000009005\.1_ASM900v1_genomic\.gbff_pp7\/PROKKA_05152020\.gbf > GCA_000009005\.1_ASM900v1_genomic\.gbff_pp7\/PROKKA_05152020\.gbk
[18:21:52] Deleting unwanted file: GCA_000009005.1_ASM900v1_genomic.gbff_pp7/PROKKA_05152020.gbf
[18:21:52] Output files:
[18:21:52] GCA_000009005.1_ASM900v1_genomic.gbff_pp7/PROKKA_05152020.err
[18:21:52] GCA_000009005.1_ASM900v1_genomic.gbff_pp7/PROKKA_05152020.faa
[18:21:52] GCA_000009005.1_ASM900v1_genomic.gbff_pp7/PROKKA_05152020.txt
[18:21:52] GCA_000009005.1_ASM900v1_genomic.gbff_pp7/PROKKA_05152020.fna
[18:21:52] GCA_000009005.1_ASM900v1_genomic.gbff_pp7/PROKKA_05152020.gbk
[18:21:52] GCA_000009005.1_ASM900v1_genomic.gbff_pp7/PROKKA_05152020.log
[18:21:52] GCA_000009005.1_ASM900v1_genomic.gbff_pp7/PROKKA_05152020.tsv
[18:21:52] GCA_000009005.1_ASM900v1_genomic.gbff_pp7/PROKKA_05152020.tbl
[18:21:52] GCA_000009005.1_ASM900v1_genomic.gbff_pp7/PROKKA_05152020.ffn
[18:21:52] GCA_000009005.1_ASM900v1_genomic.gbff_pp7/PROKKA_05152020.sqn
[18:21:52] GCA_000009005.1_ASM900v1_genomic.gbff_pp7/PROKKA_05152020.gff
[18:21:52] GCA_000009005.1_ASM900v1_genomic.gbff_pp7/PROKKA_05152020.fsa
[18:21:52] Annotation finished successfully.
[18:21:52] Walltime used: 0.07 minutes
[18:21:52] If you use this result please cite the Prokka paper:
[18:21:52] Seemann T (2014) Prokka: rapid prokaryotic genome annotation. Bioinformatics. 30(14):2068-9.
[18:21:52] Type 'prokka --citation' for more details.
[18:21:52] Thank you, come again.
