Discrepancy Report Results

Summary
DISC_SOURCE_QUALS_ASNDISC:strain (all present, all unique)
DISC_SOURCE_QUALS_ASNDISC:taxname (all present, all unique)
DISC_FEATURE_COUNT:gene: 57 present
DISC_FEATURE_COUNT:CDS: 56 present
DISC_FEATURE_COUNT:tRNA: 1 present
DISC_COUNT_NUCLEOTIDES:1 nucleotide Bioseqs are present
OVERLAPPING_GENES:12 genes overlap another gene on the same strand.
SUSPECT_PRODUCT_NAMES:8 product_names contain suspect phrase or characters
	FATAL: Remove organism from product name
		8 features contains 'staphylococcal'
DISC_QUALITY_SCORES:Quality scores are missing on all sequences.
ONCALLER_COMMENT_PRESENT:1 comment descriptors were found (all same)
SHORT_PROT_SEQUENCES:1 protein sequences are shorter than 50 aa.
MISSING_GENOMEASSEMBLY_COMMENTS:1 bioseqs are missing GenomeAssembly structured comments
MOLTYPE_NOT_MRNA:1 molecule types are not set as mRNA.
TECHNIQUE_NOT_TSA:1 technique are not set as TSA
MISSING_STRUCTURED_COMMENT:1 sequences do not include structured comments.
MISSING_PROJECT:57 sequences do not include project.
DISC_INCONSISTENT_MOLINFO_TECH:Molinfo Technique Report (some missing, all same)


Detailed Report

DiscRep_ALL:DISC_SOURCE_QUALS_ASNDISC::strain (all present, all unique)
DiscRep_SUB:DISC_SOURCE_QUALS_ASNDISC::1 sources have unique values for strain
DiscRep_ALL:DISC_SOURCE_QUALS_ASNDISC::taxname (all present, all unique)
DiscRep_SUB:DISC_SOURCE_QUALS_ASNDISC::1 sources have unique values for taxname
DiscRep_ALL:DISC_FEATURE_COUNT::gene: 57 present
DiscRep_ALL:DISC_FEATURE_COUNT::CDS: 56 present
DiscRep_ALL:DISC_FEATURE_COUNT::tRNA: 1 present
DiscRep_ALL:DISC_COUNT_NUCLEOTIDES::1 nucleotide Bioseqs are present
GCA_000009005.1_ASM900v1_genomic.gbff_pp7/PROKKA_05152020:X:COBEFPMI_1 (length 63099)

DiscRep_ALL:OVERLAPPING_GENES::12 genes overlap another gene on the same strand.
GCA_000009005.1_ASM900v1_genomic.gbff_pp7/PROKKA_05152020:Gene	COBEFPMI_00012	COBEFPMI_1:16627-17739	COBEFPMI_00012
GCA_000009005.1_ASM900v1_genomic.gbff_pp7/PROKKA_05152020:Gene	COBEFPMI_00013	COBEFPMI_1:17736-18518	COBEFPMI_00013
GCA_000009005.1_ASM900v1_genomic.gbff_pp7/PROKKA_05152020:Gene	COBEFPMI_00014	COBEFPMI_1:c19184-18687	COBEFPMI_00014
GCA_000009005.1_ASM900v1_genomic.gbff_pp7/PROKKA_05152020:Gene	nudC	COBEFPMI_1:c19557-19162	COBEFPMI_00015
GCA_000009005.1_ASM900v1_genomic.gbff_pp7/PROKKA_05152020:Gene	mccB	COBEFPMI_1:c25503-24361	COBEFPMI_00021
GCA_000009005.1_ASM900v1_genomic.gbff_pp7/PROKKA_05152020:Gene	mccA	COBEFPMI_1:c26452-25496	COBEFPMI_00022
GCA_000009005.1_ASM900v1_genomic.gbff_pp7/PROKKA_05152020:Gene	COBEFPMI_00034	COBEFPMI_1:c39368-39045	COBEFPMI_00034
GCA_000009005.1_ASM900v1_genomic.gbff_pp7/PROKKA_05152020:Gene	COBEFPMI_00035	COBEFPMI_1:c40693-39365	COBEFPMI_00035
GCA_000009005.1_ASM900v1_genomic.gbff_pp7/PROKKA_05152020:Gene	COBEFPMI_00044	COBEFPMI_1:c49632-48373	COBEFPMI_00044
GCA_000009005.1_ASM900v1_genomic.gbff_pp7/PROKKA_05152020:Gene	COBEFPMI_00045	COBEFPMI_1:c51181-49625	COBEFPMI_00045
GCA_000009005.1_ASM900v1_genomic.gbff_pp7/PROKKA_05152020:Gene	COBEFPMI_00055	COBEFPMI_1:60947-61099	COBEFPMI_00055
GCA_000009005.1_ASM900v1_genomic.gbff_pp7/PROKKA_05152020:Gene	COBEFPMI_00056	COBEFPMI_1:61080-61664	COBEFPMI_00056

DiscRep_ALL:SUSPECT_PRODUCT_NAMES::8 product_names contain suspect phrase or characters
FATAL: DiscRep_SUB:SUSPECT_PRODUCT_NAMES::Remove organism from product name
DiscRep_SUB:DISC_PRODUCT_NAME_QUICKFIX::8 features contains 'staphylococcal'
GCA_000009005.1_ASM900v1_genomic.gbff_pp7/PROKKA_05152020:CDS	Staphylococcal superantigen-like 5	COBEFPMI_1:c47960-47274	COBEFPMI_00043
GCA_000009005.1_ASM900v1_genomic.gbff_pp7/PROKKA_05152020:CDS	Staphylococcal superantigen-like 10	COBEFPMI_1:c52123-51440	COBEFPMI_00046
GCA_000009005.1_ASM900v1_genomic.gbff_pp7/PROKKA_05152020:CDS	Staphylococcal superantigen-like 7	COBEFPMI_1:c53188-52490	COBEFPMI_00047
GCA_000009005.1_ASM900v1_genomic.gbff_pp7/PROKKA_05152020:CDS	Staphylococcal superantigen-like 7	COBEFPMI_1:c54224-53529	COBEFPMI_00048
GCA_000009005.1_ASM900v1_genomic.gbff_pp7/PROKKA_05152020:CDS	Staphylococcal superantigen-like 5	COBEFPMI_1:c55376-54672	COBEFPMI_00049
GCA_000009005.1_ASM900v1_genomic.gbff_pp7/PROKKA_05152020:CDS	Staphylococcal superantigen-like 3	COBEFPMI_1:c56768-55737	COBEFPMI_00050
GCA_000009005.1_ASM900v1_genomic.gbff_pp7/PROKKA_05152020:CDS	Staphylococcal superantigen-like 4	COBEFPMI_1:c57759-57058	COBEFPMI_00051
GCA_000009005.1_ASM900v1_genomic.gbff_pp7/PROKKA_05152020:CDS	Staphylococcal superantigen-like 1	COBEFPMI_1:c58723-58043	COBEFPMI_00052

DiscRep_ALL:DISC_QUALITY_SCORES::Quality scores are missing on all sequences.

DiscRep_ALL:ONCALLER_COMMENT_PRESENT::1 comment descriptors were found (all same)
GCA_000009005.1_ASM900v1_genomic.gbff_pp7/PROKKA_05152020:X:COBEFPMI_1:Annotated using prokka 1.14.6 from https://github.com/tseemann/prokka

DiscRep_ALL:SHORT_PROT_SEQUENCES::1 protein sequences are shorter than 50 aa.
GCA_000009005.1_ASM900v1_genomic.gbff_pp7/PROKKA_05152020:X:COBEFPMI_00024 (length 37)

DiscRep_ALL:MISSING_GENOMEASSEMBLY_COMMENTS::1 bioseqs are missing GenomeAssembly structured comments
GCA_000009005.1_ASM900v1_genomic.gbff_pp7/PROKKA_05152020:X:COBEFPMI_1 (length 63099)

DiscRep_ALL:MOLTYPE_NOT_MRNA::1 molecule types are not set as mRNA.
GCA_000009005.1_ASM900v1_genomic.gbff_pp7/PROKKA_05152020:X:COBEFPMI_1 (length 63099)

DiscRep_ALL:TECHNIQUE_NOT_TSA::1 technique are not set as TSA
GCA_000009005.1_ASM900v1_genomic.gbff_pp7/PROKKA_05152020:X:COBEFPMI_1 (length 63099)

DiscRep_ALL:MISSING_STRUCTURED_COMMENT::1 sequences do not include structured comments.
GCA_000009005.1_ASM900v1_genomic.gbff_pp7/PROKKA_05152020:X:COBEFPMI_1 (length 63099)

DiscRep_ALL:MISSING_PROJECT::57 sequences do not include project.
GCA_000009005.1_ASM900v1_genomic.gbff_pp7/PROKKA_05152020:X:COBEFPMI_1 (length 63099)
GCA_000009005.1_ASM900v1_genomic.gbff_pp7/PROKKA_05152020:X:COBEFPMI_00001 (length 198)
GCA_000009005.1_ASM900v1_genomic.gbff_pp7/PROKKA_05152020:X:COBEFPMI_00002 (length 105)
GCA_000009005.1_ASM900v1_genomic.gbff_pp7/PROKKA_05152020:X:COBEFPMI_00003 (length 565)
GCA_000009005.1_ASM900v1_genomic.gbff_pp7/PROKKA_05152020:X:COBEFPMI_00004 (length 174)
GCA_000009005.1_ASM900v1_genomic.gbff_pp7/PROKKA_05152020:X:COBEFPMI_00005 (length 242)
GCA_000009005.1_ASM900v1_genomic.gbff_pp7/PROKKA_05152020:X:COBEFPMI_00006 (length 546)
GCA_000009005.1_ASM900v1_genomic.gbff_pp7/PROKKA_05152020:X:COBEFPMI_00007 (length 475)
GCA_000009005.1_ASM900v1_genomic.gbff_pp7/PROKKA_05152020:X:COBEFPMI_00009 (length 487)
GCA_000009005.1_ASM900v1_genomic.gbff_pp7/PROKKA_05152020:X:COBEFPMI_00010 (length 1499)
GCA_000009005.1_ASM900v1_genomic.gbff_pp7/PROKKA_05152020:X:COBEFPMI_00011 (length 294)
GCA_000009005.1_ASM900v1_genomic.gbff_pp7/PROKKA_05152020:X:COBEFPMI_00012 (length 370)
GCA_000009005.1_ASM900v1_genomic.gbff_pp7/PROKKA_05152020:X:COBEFPMI_00013 (length 260)
GCA_000009005.1_ASM900v1_genomic.gbff_pp7/PROKKA_05152020:X:COBEFPMI_00014 (length 165)
GCA_000009005.1_ASM900v1_genomic.gbff_pp7/PROKKA_05152020:X:COBEFPMI_00015 (length 131)
GCA_000009005.1_ASM900v1_genomic.gbff_pp7/PROKKA_05152020:X:COBEFPMI_00016 (length 89)
GCA_000009005.1_ASM900v1_genomic.gbff_pp7/PROKKA_05152020:X:COBEFPMI_00017 (length 372)
GCA_000009005.1_ASM900v1_genomic.gbff_pp7/PROKKA_05152020:X:COBEFPMI_00018 (length 280)
GCA_000009005.1_ASM900v1_genomic.gbff_pp7/PROKKA_05152020:X:COBEFPMI_00019 (length 219)
GCA_000009005.1_ASM900v1_genomic.gbff_pp7/PROKKA_05152020:X:COBEFPMI_00020 (length 342)
GCA_000009005.1_ASM900v1_genomic.gbff_pp7/PROKKA_05152020:X:COBEFPMI_00021 (length 380)
GCA_000009005.1_ASM900v1_genomic.gbff_pp7/PROKKA_05152020:X:COBEFPMI_00022 (length 318)
GCA_000009005.1_ASM900v1_genomic.gbff_pp7/PROKKA_05152020:X:COBEFPMI_00023 (length 446)
GCA_000009005.1_ASM900v1_genomic.gbff_pp7/PROKKA_05152020:X:COBEFPMI_00024 (length 37)
GCA_000009005.1_ASM900v1_genomic.gbff_pp7/PROKKA_05152020:X:COBEFPMI_00025 (length 244)
GCA_000009005.1_ASM900v1_genomic.gbff_pp7/PROKKA_05152020:X:COBEFPMI_00026 (length 224)
GCA_000009005.1_ASM900v1_genomic.gbff_pp7/PROKKA_05152020:X:COBEFPMI_00027 (length 138)
GCA_000009005.1_ASM900v1_genomic.gbff_pp7/PROKKA_05152020:X:COBEFPMI_00028 (length 120)
GCA_000009005.1_ASM900v1_genomic.gbff_pp7/PROKKA_05152020:X:COBEFPMI_00029 (length 901)
GCA_000009005.1_ASM900v1_genomic.gbff_pp7/PROKKA_05152020:X:COBEFPMI_00030 (length 494)
GCA_000009005.1_ASM900v1_genomic.gbff_pp7/PROKKA_05152020:X:COBEFPMI_00031 (length 400)
GCA_000009005.1_ASM900v1_genomic.gbff_pp7/PROKKA_05152020:X:COBEFPMI_00032 (length 64)
GCA_000009005.1_ASM900v1_genomic.gbff_pp7/PROKKA_05152020:X:COBEFPMI_00033 (length 104)
GCA_000009005.1_ASM900v1_genomic.gbff_pp7/PROKKA_05152020:X:COBEFPMI_00034 (length 107)
GCA_000009005.1_ASM900v1_genomic.gbff_pp7/PROKKA_05152020:X:COBEFPMI_00035 (length 442)
GCA_000009005.1_ASM900v1_genomic.gbff_pp7/PROKKA_05152020:X:COBEFPMI_00036 (length 285)
GCA_000009005.1_ASM900v1_genomic.gbff_pp7/PROKKA_05152020:X:COBEFPMI_00037 (length 265)
GCA_000009005.1_ASM900v1_genomic.gbff_pp7/PROKKA_05152020:X:COBEFPMI_00038 (length 271)
GCA_000009005.1_ASM900v1_genomic.gbff_pp7/PROKKA_05152020:X:COBEFPMI_00039 (length 260)
GCA_000009005.1_ASM900v1_genomic.gbff_pp7/PROKKA_05152020:X:COBEFPMI_00040 (length 270)
GCA_000009005.1_ASM900v1_genomic.gbff_pp7/PROKKA_05152020:X:COBEFPMI_00041 (length 102)
GCA_000009005.1_ASM900v1_genomic.gbff_pp7/PROKKA_05152020:X:COBEFPMI_00042 (length 494)
GCA_000009005.1_ASM900v1_genomic.gbff_pp7/PROKKA_05152020:X:COBEFPMI_00043 (length 228)
GCA_000009005.1_ASM900v1_genomic.gbff_pp7/PROKKA_05152020:X:COBEFPMI_00044 (length 419)
GCA_000009005.1_ASM900v1_genomic.gbff_pp7/PROKKA_05152020:X:COBEFPMI_00045 (length 518)
GCA_000009005.1_ASM900v1_genomic.gbff_pp7/PROKKA_05152020:X:COBEFPMI_00046 (length 227)
GCA_000009005.1_ASM900v1_genomic.gbff_pp7/PROKKA_05152020:X:COBEFPMI_00047 (length 232)
GCA_000009005.1_ASM900v1_genomic.gbff_pp7/PROKKA_05152020:X:COBEFPMI_00048 (length 231)
GCA_000009005.1_ASM900v1_genomic.gbff_pp7/PROKKA_05152020:X:COBEFPMI_00049 (length 234)
GCA_000009005.1_ASM900v1_genomic.gbff_pp7/PROKKA_05152020:X:COBEFPMI_00050 (length 343)
GCA_000009005.1_ASM900v1_genomic.gbff_pp7/PROKKA_05152020:X:COBEFPMI_00051 (length 233)
GCA_000009005.1_ASM900v1_genomic.gbff_pp7/PROKKA_05152020:X:COBEFPMI_00052 (length 226)
GCA_000009005.1_ASM900v1_genomic.gbff_pp7/PROKKA_05152020:X:COBEFPMI_00053 (length 281)
GCA_000009005.1_ASM900v1_genomic.gbff_pp7/PROKKA_05152020:X:COBEFPMI_00054 (length 119)
GCA_000009005.1_ASM900v1_genomic.gbff_pp7/PROKKA_05152020:X:COBEFPMI_00055 (length 50)
GCA_000009005.1_ASM900v1_genomic.gbff_pp7/PROKKA_05152020:X:COBEFPMI_00056 (length 194)
GCA_000009005.1_ASM900v1_genomic.gbff_pp7/PROKKA_05152020:X:COBEFPMI_00057 (length 110)

DiscRep_ALL:DISC_INCONSISTENT_MOLINFO_TECH::Molinfo Technique Report (some missing, all same)
DiscRep_SUB:DISC_INCONSISTENT_MOLINFO_TECH::technique (all missing)
DiscRep_SUB:DISC_INCONSISTENT_MOLINFO_TECH::1 Molinfos are missing field technique
GCA_000009005.1_ASM900v1_genomic.gbff_pp7/PROKKA_05152020:X:COBEFPMI_1 (length 63099)

