Discrepancy Report Results

Summary
DISC_SOURCE_QUALS_ASNDISC:strain (all present, all unique)
DISC_SOURCE_QUALS_ASNDISC:taxname (all present, all unique)
DISC_FEATURE_COUNT:gene: 32 present
DISC_FEATURE_COUNT:CDS: 32 present
DISC_COUNT_NUCLEOTIDES:1 nucleotide Bioseqs are present
OVERLAPPING_GENES:6 genes overlap another gene on the same strand.
DISC_QUALITY_SCORES:Quality scores are missing on all sequences.
ONCALLER_COMMENT_PRESENT:1 comment descriptors were found (all same)
MISSING_GENOMEASSEMBLY_COMMENTS:1 bioseqs are missing GenomeAssembly structured comments
MOLTYPE_NOT_MRNA:1 molecule types are not set as mRNA.
TECHNIQUE_NOT_TSA:1 technique are not set as TSA
MISSING_STRUCTURED_COMMENT:1 sequences do not include structured comments.
MISSING_PROJECT:33 sequences do not include project.
DISC_INCONSISTENT_MOLINFO_TECH:Molinfo Technique Report (some missing, all same)


Detailed Report

DiscRep_ALL:DISC_SOURCE_QUALS_ASNDISC::strain (all present, all unique)
DiscRep_SUB:DISC_SOURCE_QUALS_ASNDISC::1 sources have unique values for strain
DiscRep_ALL:DISC_SOURCE_QUALS_ASNDISC::taxname (all present, all unique)
DiscRep_SUB:DISC_SOURCE_QUALS_ASNDISC::1 sources have unique values for taxname
DiscRep_ALL:DISC_FEATURE_COUNT::gene: 32 present
DiscRep_ALL:DISC_FEATURE_COUNT::CDS: 32 present
DiscRep_ALL:DISC_COUNT_NUCLEOTIDES::1 nucleotide Bioseqs are present
GCA_000248615.2_ASM24861v2_genomic.gbff_pp18/PROKKA_05152020:X:CIEIPNNI_1 (length 63522)

DiscRep_ALL:OVERLAPPING_GENES::6 genes overlap another gene on the same strand.
GCA_000248615.2_ASM24861v2_genomic.gbff_pp18/PROKKA_05152020:Gene	msrA2	CIEIPNNI_1:52738-53271	CIEIPNNI_00022
GCA_000248615.2_ASM24861v2_genomic.gbff_pp18/PROKKA_05152020:Gene	msrB	CIEIPNNI_1:53264-53692	CIEIPNNI_00023
GCA_000248615.2_ASM24861v2_genomic.gbff_pp18/PROKKA_05152020:Gene	crr	CIEIPNNI_1:53704-54204	CIEIPNNI_00024
GCA_000248615.2_ASM24861v2_genomic.gbff_pp18/PROKKA_05152020:Gene	CIEIPNNI_00025	CIEIPNNI_1:54204-54425	CIEIPNNI_00025
GCA_000248615.2_ASM24861v2_genomic.gbff_pp18/PROKKA_05152020:Gene	arlR	CIEIPNNI_1:59511-60170	CIEIPNNI_00031
GCA_000248615.2_ASM24861v2_genomic.gbff_pp18/PROKKA_05152020:Gene	arlS	CIEIPNNI_1:60167-61522	CIEIPNNI_00032

DiscRep_ALL:DISC_QUALITY_SCORES::Quality scores are missing on all sequences.

DiscRep_ALL:ONCALLER_COMMENT_PRESENT::1 comment descriptors were found (all same)
GCA_000248615.2_ASM24861v2_genomic.gbff_pp18/PROKKA_05152020:X:CIEIPNNI_1:Annotated using prokka 1.14.6 from https://github.com/tseemann/prokka

DiscRep_ALL:MISSING_GENOMEASSEMBLY_COMMENTS::1 bioseqs are missing GenomeAssembly structured comments
GCA_000248615.2_ASM24861v2_genomic.gbff_pp18/PROKKA_05152020:X:CIEIPNNI_1 (length 63522)

DiscRep_ALL:MOLTYPE_NOT_MRNA::1 molecule types are not set as mRNA.
GCA_000248615.2_ASM24861v2_genomic.gbff_pp18/PROKKA_05152020:X:CIEIPNNI_1 (length 63522)

DiscRep_ALL:TECHNIQUE_NOT_TSA::1 technique are not set as TSA
GCA_000248615.2_ASM24861v2_genomic.gbff_pp18/PROKKA_05152020:X:CIEIPNNI_1 (length 63522)

DiscRep_ALL:MISSING_STRUCTURED_COMMENT::1 sequences do not include structured comments.
GCA_000248615.2_ASM24861v2_genomic.gbff_pp18/PROKKA_05152020:X:CIEIPNNI_1 (length 63522)

DiscRep_ALL:MISSING_PROJECT::33 sequences do not include project.
GCA_000248615.2_ASM24861v2_genomic.gbff_pp18/PROKKA_05152020:X:CIEIPNNI_1 (length 63522)
GCA_000248615.2_ASM24861v2_genomic.gbff_pp18/PROKKA_05152020:X:CIEIPNNI_00001 (length 381)
GCA_000248615.2_ASM24861v2_genomic.gbff_pp18/PROKKA_05152020:X:CIEIPNNI_00002 (length 106)
GCA_000248615.2_ASM24861v2_genomic.gbff_pp18/PROKKA_05152020:X:CIEIPNNI_00003 (length 51)
GCA_000248615.2_ASM24861v2_genomic.gbff_pp18/PROKKA_05152020:X:CIEIPNNI_00004 (length 446)
GCA_000248615.2_ASM24861v2_genomic.gbff_pp18/PROKKA_05152020:X:CIEIPNNI_00005 (length 1146)
GCA_000248615.2_ASM24861v2_genomic.gbff_pp18/PROKKA_05152020:X:CIEIPNNI_00006 (length 292)
GCA_000248615.2_ASM24861v2_genomic.gbff_pp18/PROKKA_05152020:X:CIEIPNNI_00007 (length 372)
GCA_000248615.2_ASM24861v2_genomic.gbff_pp18/PROKKA_05152020:X:CIEIPNNI_00008 (length 346)
GCA_000248615.2_ASM24861v2_genomic.gbff_pp18/PROKKA_05152020:X:CIEIPNNI_00009 (length 440)
GCA_000248615.2_ASM24861v2_genomic.gbff_pp18/PROKKA_05152020:X:CIEIPNNI_00010 (length 506)
GCA_000248615.2_ASM24861v2_genomic.gbff_pp18/PROKKA_05152020:X:CIEIPNNI_00011 (length 9188)
GCA_000248615.2_ASM24861v2_genomic.gbff_pp18/PROKKA_05152020:X:CIEIPNNI_00012 (length 1423)
GCA_000248615.2_ASM24861v2_genomic.gbff_pp18/PROKKA_05152020:X:CIEIPNNI_00013 (length 133)
GCA_000248615.2_ASM24861v2_genomic.gbff_pp18/PROKKA_05152020:X:CIEIPNNI_00014 (length 234)
GCA_000248615.2_ASM24861v2_genomic.gbff_pp18/PROKKA_05152020:X:CIEIPNNI_00015 (length 73)
GCA_000248615.2_ASM24861v2_genomic.gbff_pp18/PROKKA_05152020:X:CIEIPNNI_00016 (length 83)
GCA_000248615.2_ASM24861v2_genomic.gbff_pp18/PROKKA_05152020:X:CIEIPNNI_00017 (length 374)
GCA_000248615.2_ASM24861v2_genomic.gbff_pp18/PROKKA_05152020:X:CIEIPNNI_00018 (length 145)
GCA_000248615.2_ASM24861v2_genomic.gbff_pp18/PROKKA_05152020:X:CIEIPNNI_00019 (length 346)
GCA_000248615.2_ASM24861v2_genomic.gbff_pp18/PROKKA_05152020:X:CIEIPNNI_00020 (length 159)
GCA_000248615.2_ASM24861v2_genomic.gbff_pp18/PROKKA_05152020:X:CIEIPNNI_00021 (length 279)
GCA_000248615.2_ASM24861v2_genomic.gbff_pp18/PROKKA_05152020:X:CIEIPNNI_00022 (length 177)
GCA_000248615.2_ASM24861v2_genomic.gbff_pp18/PROKKA_05152020:X:CIEIPNNI_00023 (length 142)
GCA_000248615.2_ASM24861v2_genomic.gbff_pp18/PROKKA_05152020:X:CIEIPNNI_00024 (length 166)
GCA_000248615.2_ASM24861v2_genomic.gbff_pp18/PROKKA_05152020:X:CIEIPNNI_00025 (length 73)
GCA_000248615.2_ASM24861v2_genomic.gbff_pp18/PROKKA_05152020:X:CIEIPNNI_00026 (length 496)
GCA_000248615.2_ASM24861v2_genomic.gbff_pp18/PROKKA_05152020:X:CIEIPNNI_00027 (length 169)
GCA_000248615.2_ASM24861v2_genomic.gbff_pp18/PROKKA_05152020:X:CIEIPNNI_00028 (length 356)
GCA_000248615.2_ASM24861v2_genomic.gbff_pp18/PROKKA_05152020:X:CIEIPNNI_00029 (length 204)
GCA_000248615.2_ASM24861v2_genomic.gbff_pp18/PROKKA_05152020:X:CIEIPNNI_00030 (length 66)
GCA_000248615.2_ASM24861v2_genomic.gbff_pp18/PROKKA_05152020:X:CIEIPNNI_00031 (length 219)
GCA_000248615.2_ASM24861v2_genomic.gbff_pp18/PROKKA_05152020:X:CIEIPNNI_00032 (length 451)

DiscRep_ALL:DISC_INCONSISTENT_MOLINFO_TECH::Molinfo Technique Report (some missing, all same)
DiscRep_SUB:DISC_INCONSISTENT_MOLINFO_TECH::technique (all missing)
DiscRep_SUB:DISC_INCONSISTENT_MOLINFO_TECH::1 Molinfos are missing field technique
GCA_000248615.2_ASM24861v2_genomic.gbff_pp18/PROKKA_05152020:X:CIEIPNNI_1 (length 63522)

