Discrepancy Report Results

Summary
DISC_SOURCE_QUALS_ASNDISC:strain (all present, all unique)
DISC_SOURCE_QUALS_ASNDISC:taxname (all present, all unique)
DISC_FEATURE_COUNT:gene: 44 present
DISC_FEATURE_COUNT:CDS: 44 present
DISC_COUNT_NUCLEOTIDES:1 nucleotide Bioseqs are present
OVERLAPPING_GENES:8 genes overlap another gene on the same strand.
DISC_QUALITY_SCORES:Quality scores are missing on all sequences.
ONCALLER_COMMENT_PRESENT:1 comment descriptors were found (all same)
SHORT_PROT_SEQUENCES:1 protein sequences are shorter than 50 aa.
MISSING_GENOMEASSEMBLY_COMMENTS:1 bioseqs are missing GenomeAssembly structured comments
MOLTYPE_NOT_MRNA:1 molecule types are not set as mRNA.
TECHNIQUE_NOT_TSA:1 technique are not set as TSA
MISSING_STRUCTURED_COMMENT:1 sequences do not include structured comments.
MISSING_PROJECT:45 sequences do not include project.
DISC_INCONSISTENT_MOLINFO_TECH:Molinfo Technique Report (some missing, all same)


Detailed Report

DiscRep_ALL:DISC_SOURCE_QUALS_ASNDISC::strain (all present, all unique)
DiscRep_SUB:DISC_SOURCE_QUALS_ASNDISC::1 sources have unique values for strain
DiscRep_ALL:DISC_SOURCE_QUALS_ASNDISC::taxname (all present, all unique)
DiscRep_SUB:DISC_SOURCE_QUALS_ASNDISC::1 sources have unique values for taxname
DiscRep_ALL:DISC_FEATURE_COUNT::gene: 44 present
DiscRep_ALL:DISC_FEATURE_COUNT::CDS: 44 present
DiscRep_ALL:DISC_COUNT_NUCLEOTIDES::1 nucleotide Bioseqs are present
GCA_000546485.1_Stap_aure_M1022_V1_genomic.gbff_pp6/PROKKA_05152020:X:NNNJPOIF_1 (length 42095)

DiscRep_ALL:OVERLAPPING_GENES::8 genes overlap another gene on the same strand.
GCA_000546485.1_Stap_aure_M1022_V1_genomic.gbff_pp6/PROKKA_05152020:Gene	NNNJPOIF_00010	NNNJPOIF_1:c10638-10054	NNNJPOIF_00010
GCA_000546485.1_Stap_aure_M1022_V1_genomic.gbff_pp6/PROKKA_05152020:Gene	nadD	NNNJPOIF_1:c11197-10628	NNNJPOIF_00011
GCA_000546485.1_Stap_aure_M1022_V1_genomic.gbff_pp6/PROKKA_05152020:Gene	pxpA	NNNJPOIF_1:c20102-19350	NNNJPOIF_00022
GCA_000546485.1_Stap_aure_M1022_V1_genomic.gbff_pp6/PROKKA_05152020:Gene	accC	NNNJPOIF_1:c21463-20102	NNNJPOIF_00023
GCA_000546485.1_Stap_aure_M1022_V1_genomic.gbff_pp6/PROKKA_05152020:Gene	pxpC	NNNJPOIF_1:c22938-21928	NNNJPOIF_00025
GCA_000546485.1_Stap_aure_M1022_V1_genomic.gbff_pp6/PROKKA_05152020:Gene	pxpB	NNNJPOIF_1:c23662-22928	NNNJPOIF_00026
GCA_000546485.1_Stap_aure_M1022_V1_genomic.gbff_pp6/PROKKA_05152020:Gene	udk	NNNJPOIF_1:c25115-24492	NNNJPOIF_00028
GCA_000546485.1_Stap_aure_M1022_V1_genomic.gbff_pp6/PROKKA_05152020:Gene	NNNJPOIF_00029	NNNJPOIF_1:c26383-25115	NNNJPOIF_00029

DiscRep_ALL:DISC_QUALITY_SCORES::Quality scores are missing on all sequences.

DiscRep_ALL:ONCALLER_COMMENT_PRESENT::1 comment descriptors were found (all same)
GCA_000546485.1_Stap_aure_M1022_V1_genomic.gbff_pp6/PROKKA_05152020:X:NNNJPOIF_1:Annotated using prokka 1.14.6 from https://github.com/tseemann/prokka

DiscRep_ALL:SHORT_PROT_SEQUENCES::1 protein sequences are shorter than 50 aa.
GCA_000546485.1_Stap_aure_M1022_V1_genomic.gbff_pp6/PROKKA_05152020:X:NNNJPOIF_00041 (length 48)

DiscRep_ALL:MISSING_GENOMEASSEMBLY_COMMENTS::1 bioseqs are missing GenomeAssembly structured comments
GCA_000546485.1_Stap_aure_M1022_V1_genomic.gbff_pp6/PROKKA_05152020:X:NNNJPOIF_1 (length 42095)

DiscRep_ALL:MOLTYPE_NOT_MRNA::1 molecule types are not set as mRNA.
GCA_000546485.1_Stap_aure_M1022_V1_genomic.gbff_pp6/PROKKA_05152020:X:NNNJPOIF_1 (length 42095)

DiscRep_ALL:TECHNIQUE_NOT_TSA::1 technique are not set as TSA
GCA_000546485.1_Stap_aure_M1022_V1_genomic.gbff_pp6/PROKKA_05152020:X:NNNJPOIF_1 (length 42095)

DiscRep_ALL:MISSING_STRUCTURED_COMMENT::1 sequences do not include structured comments.
GCA_000546485.1_Stap_aure_M1022_V1_genomic.gbff_pp6/PROKKA_05152020:X:NNNJPOIF_1 (length 42095)

DiscRep_ALL:MISSING_PROJECT::45 sequences do not include project.
GCA_000546485.1_Stap_aure_M1022_V1_genomic.gbff_pp6/PROKKA_05152020:X:NNNJPOIF_1 (length 42095)
GCA_000546485.1_Stap_aure_M1022_V1_genomic.gbff_pp6/PROKKA_05152020:X:NNNJPOIF_00001 (length 374)
GCA_000546485.1_Stap_aure_M1022_V1_genomic.gbff_pp6/PROKKA_05152020:X:NNNJPOIF_00002 (length 607)
GCA_000546485.1_Stap_aure_M1022_V1_genomic.gbff_pp6/PROKKA_05152020:X:NNNJPOIF_00003 (length 83)
GCA_000546485.1_Stap_aure_M1022_V1_genomic.gbff_pp6/PROKKA_05152020:X:NNNJPOIF_00004 (length 324)
GCA_000546485.1_Stap_aure_M1022_V1_genomic.gbff_pp6/PROKKA_05152020:X:NNNJPOIF_00005 (length 726)
GCA_000546485.1_Stap_aure_M1022_V1_genomic.gbff_pp6/PROKKA_05152020:X:NNNJPOIF_00006 (length 143)
GCA_000546485.1_Stap_aure_M1022_V1_genomic.gbff_pp6/PROKKA_05152020:X:NNNJPOIF_00007 (length 225)
GCA_000546485.1_Stap_aure_M1022_V1_genomic.gbff_pp6/PROKKA_05152020:X:NNNJPOIF_00008 (length 238)
GCA_000546485.1_Stap_aure_M1022_V1_genomic.gbff_pp6/PROKKA_05152020:X:NNNJPOIF_00009 (length 117)
GCA_000546485.1_Stap_aure_M1022_V1_genomic.gbff_pp6/PROKKA_05152020:X:NNNJPOIF_00010 (length 194)
GCA_000546485.1_Stap_aure_M1022_V1_genomic.gbff_pp6/PROKKA_05152020:X:NNNJPOIF_00011 (length 189)
GCA_000546485.1_Stap_aure_M1022_V1_genomic.gbff_pp6/PROKKA_05152020:X:NNNJPOIF_00012 (length 96)
GCA_000546485.1_Stap_aure_M1022_V1_genomic.gbff_pp6/PROKKA_05152020:X:NNNJPOIF_00013 (length 268)
GCA_000546485.1_Stap_aure_M1022_V1_genomic.gbff_pp6/PROKKA_05152020:X:NNNJPOIF_00014 (length 366)
GCA_000546485.1_Stap_aure_M1022_V1_genomic.gbff_pp6/PROKKA_05152020:X:NNNJPOIF_00015 (length 175)
GCA_000546485.1_Stap_aure_M1022_V1_genomic.gbff_pp6/PROKKA_05152020:X:NNNJPOIF_00016 (length 228)
GCA_000546485.1_Stap_aure_M1022_V1_genomic.gbff_pp6/PROKKA_05152020:X:NNNJPOIF_00017 (length 89)
GCA_000546485.1_Stap_aure_M1022_V1_genomic.gbff_pp6/PROKKA_05152020:X:NNNJPOIF_00018 (length 250)
GCA_000546485.1_Stap_aure_M1022_V1_genomic.gbff_pp6/PROKKA_05152020:X:NNNJPOIF_00019 (length 52)
GCA_000546485.1_Stap_aure_M1022_V1_genomic.gbff_pp6/PROKKA_05152020:X:NNNJPOIF_00020 (length 406)
GCA_000546485.1_Stap_aure_M1022_V1_genomic.gbff_pp6/PROKKA_05152020:X:NNNJPOIF_00021 (length 409)
GCA_000546485.1_Stap_aure_M1022_V1_genomic.gbff_pp6/PROKKA_05152020:X:NNNJPOIF_00022 (length 250)
GCA_000546485.1_Stap_aure_M1022_V1_genomic.gbff_pp6/PROKKA_05152020:X:NNNJPOIF_00023 (length 453)
GCA_000546485.1_Stap_aure_M1022_V1_genomic.gbff_pp6/PROKKA_05152020:X:NNNJPOIF_00024 (length 149)
GCA_000546485.1_Stap_aure_M1022_V1_genomic.gbff_pp6/PROKKA_05152020:X:NNNJPOIF_00025 (length 336)
GCA_000546485.1_Stap_aure_M1022_V1_genomic.gbff_pp6/PROKKA_05152020:X:NNNJPOIF_00026 (length 244)
GCA_000546485.1_Stap_aure_M1022_V1_genomic.gbff_pp6/PROKKA_05152020:X:NNNJPOIF_00027 (length 158)
GCA_000546485.1_Stap_aure_M1022_V1_genomic.gbff_pp6/PROKKA_05152020:X:NNNJPOIF_00028 (length 207)
GCA_000546485.1_Stap_aure_M1022_V1_genomic.gbff_pp6/PROKKA_05152020:X:NNNJPOIF_00029 (length 422)
GCA_000546485.1_Stap_aure_M1022_V1_genomic.gbff_pp6/PROKKA_05152020:X:NNNJPOIF_00030 (length 307)
GCA_000546485.1_Stap_aure_M1022_V1_genomic.gbff_pp6/PROKKA_05152020:X:NNNJPOIF_00031 (length 212)
GCA_000546485.1_Stap_aure_M1022_V1_genomic.gbff_pp6/PROKKA_05152020:X:NNNJPOIF_00032 (length 102)
GCA_000546485.1_Stap_aure_M1022_V1_genomic.gbff_pp6/PROKKA_05152020:X:NNNJPOIF_00033 (length 142)
GCA_000546485.1_Stap_aure_M1022_V1_genomic.gbff_pp6/PROKKA_05152020:X:NNNJPOIF_00034 (length 86)
GCA_000546485.1_Stap_aure_M1022_V1_genomic.gbff_pp6/PROKKA_05152020:X:NNNJPOIF_00035 (length 877)
GCA_000546485.1_Stap_aure_M1022_V1_genomic.gbff_pp6/PROKKA_05152020:X:NNNJPOIF_00036 (length 825)
GCA_000546485.1_Stap_aure_M1022_V1_genomic.gbff_pp6/PROKKA_05152020:X:NNNJPOIF_00037 (length 222)
GCA_000546485.1_Stap_aure_M1022_V1_genomic.gbff_pp6/PROKKA_05152020:X:NNNJPOIF_00038 (length 372)
GCA_000546485.1_Stap_aure_M1022_V1_genomic.gbff_pp6/PROKKA_05152020:X:NNNJPOIF_00039 (length 380)
GCA_000546485.1_Stap_aure_M1022_V1_genomic.gbff_pp6/PROKKA_05152020:X:NNNJPOIF_00040 (length 337)
GCA_000546485.1_Stap_aure_M1022_V1_genomic.gbff_pp6/PROKKA_05152020:X:NNNJPOIF_00041 (length 48)
GCA_000546485.1_Stap_aure_M1022_V1_genomic.gbff_pp6/PROKKA_05152020:X:NNNJPOIF_00042 (length 60)
GCA_000546485.1_Stap_aure_M1022_V1_genomic.gbff_pp6/PROKKA_05152020:X:NNNJPOIF_00043 (length 140)
GCA_000546485.1_Stap_aure_M1022_V1_genomic.gbff_pp6/PROKKA_05152020:X:NNNJPOIF_00044 (length 424)

DiscRep_ALL:DISC_INCONSISTENT_MOLINFO_TECH::Molinfo Technique Report (some missing, all same)
DiscRep_SUB:DISC_INCONSISTENT_MOLINFO_TECH::technique (all missing)
DiscRep_SUB:DISC_INCONSISTENT_MOLINFO_TECH::1 Molinfos are missing field technique
GCA_000546485.1_Stap_aure_M1022_V1_genomic.gbff_pp6/PROKKA_05152020:X:NNNJPOIF_1 (length 42095)

