Discrepancy Report Results

Summary
DISC_SOURCE_QUALS_ASNDISC:strain (all present, all unique)
DISC_SOURCE_QUALS_ASNDISC:taxname (all present, all unique)
DISC_FEATURE_COUNT:gene: 31 present
DISC_FEATURE_COUNT:CDS: 31 present
DISC_COUNT_NUCLEOTIDES:1 nucleotide Bioseqs are present
OVERLAPPING_GENES:8 genes overlap another gene on the same strand.
DISC_QUALITY_SCORES:Quality scores are missing on all sequences.
ONCALLER_COMMENT_PRESENT:1 comment descriptors were found (all same)
SHORT_PROT_SEQUENCES:2 protein sequences are shorter than 50 aa.
MISSING_GENOMEASSEMBLY_COMMENTS:1 bioseqs are missing GenomeAssembly structured comments
MOLTYPE_NOT_MRNA:1 molecule types are not set as mRNA.
TECHNIQUE_NOT_TSA:1 technique are not set as TSA
MISSING_STRUCTURED_COMMENT:1 sequences do not include structured comments.
MISSING_PROJECT:32 sequences do not include project.
DISC_INCONSISTENT_MOLINFO_TECH:Molinfo Technique Report (some missing, all same)


Detailed Report

DiscRep_ALL:DISC_SOURCE_QUALS_ASNDISC::strain (all present, all unique)
DiscRep_SUB:DISC_SOURCE_QUALS_ASNDISC::1 sources have unique values for strain
DiscRep_ALL:DISC_SOURCE_QUALS_ASNDISC::taxname (all present, all unique)
DiscRep_SUB:DISC_SOURCE_QUALS_ASNDISC::1 sources have unique values for taxname
DiscRep_ALL:DISC_FEATURE_COUNT::gene: 31 present
DiscRep_ALL:DISC_FEATURE_COUNT::CDS: 31 present
DiscRep_ALL:DISC_COUNT_NUCLEOTIDES::1 nucleotide Bioseqs are present
GCA_000009005.1_ASM900v1_genomic.gbff_pp19/PROKKA_05152020:X:PPEAPJEI_1 (length 27169)

DiscRep_ALL:OVERLAPPING_GENES::8 genes overlap another gene on the same strand.
GCA_000009005.1_ASM900v1_genomic.gbff_pp19/PROKKA_05152020:Gene	PPEAPJEI_00006	PPEAPJEI_1:c4055-3009	PPEAPJEI_00006
GCA_000009005.1_ASM900v1_genomic.gbff_pp19/PROKKA_05152020:Gene	PPEAPJEI_00007	PPEAPJEI_1:c5892-4045	PPEAPJEI_00007
GCA_000009005.1_ASM900v1_genomic.gbff_pp19/PROKKA_05152020:Gene	trpA	PPEAPJEI_1:c19580-18852	PPEAPJEI_00024
GCA_000009005.1_ASM900v1_genomic.gbff_pp19/PROKKA_05152020:Gene	trpB	PPEAPJEI_1:c20787-19573	PPEAPJEI_00025
GCA_000009005.1_ASM900v1_genomic.gbff_pp19/PROKKA_05152020:Gene	trpF	PPEAPJEI_1:c21415-20780	PPEAPJEI_00026
GCA_000009005.1_ASM900v1_genomic.gbff_pp19/PROKKA_05152020:Gene	trpC	PPEAPJEI_1:c22194-21412	PPEAPJEI_00027
GCA_000009005.1_ASM900v1_genomic.gbff_pp19/PROKKA_05152020:Gene	pabA	PPEAPJEI_1:c23766-23200	PPEAPJEI_00029
GCA_000009005.1_ASM900v1_genomic.gbff_pp19/PROKKA_05152020:Gene	trpE	PPEAPJEI_1:c25169-23763	PPEAPJEI_00030

DiscRep_ALL:DISC_QUALITY_SCORES::Quality scores are missing on all sequences.

DiscRep_ALL:ONCALLER_COMMENT_PRESENT::1 comment descriptors were found (all same)
GCA_000009005.1_ASM900v1_genomic.gbff_pp19/PROKKA_05152020:X:PPEAPJEI_1:Annotated using prokka 1.14.6 from https://github.com/tseemann/prokka

DiscRep_ALL:SHORT_PROT_SEQUENCES::2 protein sequences are shorter than 50 aa.
GCA_000009005.1_ASM900v1_genomic.gbff_pp19/PROKKA_05152020:X:PPEAPJEI_00001 (length 38)
GCA_000009005.1_ASM900v1_genomic.gbff_pp19/PROKKA_05152020:X:PPEAPJEI_00010 (length 47)

DiscRep_ALL:MISSING_GENOMEASSEMBLY_COMMENTS::1 bioseqs are missing GenomeAssembly structured comments
GCA_000009005.1_ASM900v1_genomic.gbff_pp19/PROKKA_05152020:X:PPEAPJEI_1 (length 27169)

DiscRep_ALL:MOLTYPE_NOT_MRNA::1 molecule types are not set as mRNA.
GCA_000009005.1_ASM900v1_genomic.gbff_pp19/PROKKA_05152020:X:PPEAPJEI_1 (length 27169)

DiscRep_ALL:TECHNIQUE_NOT_TSA::1 technique are not set as TSA
GCA_000009005.1_ASM900v1_genomic.gbff_pp19/PROKKA_05152020:X:PPEAPJEI_1 (length 27169)

DiscRep_ALL:MISSING_STRUCTURED_COMMENT::1 sequences do not include structured comments.
GCA_000009005.1_ASM900v1_genomic.gbff_pp19/PROKKA_05152020:X:PPEAPJEI_1 (length 27169)

DiscRep_ALL:MISSING_PROJECT::32 sequences do not include project.
GCA_000009005.1_ASM900v1_genomic.gbff_pp19/PROKKA_05152020:X:PPEAPJEI_1 (length 27169)
GCA_000009005.1_ASM900v1_genomic.gbff_pp19/PROKKA_05152020:X:PPEAPJEI_00001 (length 38)
GCA_000009005.1_ASM900v1_genomic.gbff_pp19/PROKKA_05152020:X:PPEAPJEI_00002 (length 149)
GCA_000009005.1_ASM900v1_genomic.gbff_pp19/PROKKA_05152020:X:PPEAPJEI_00003 (length 167)
GCA_000009005.1_ASM900v1_genomic.gbff_pp19/PROKKA_05152020:X:PPEAPJEI_00004 (length 118)
GCA_000009005.1_ASM900v1_genomic.gbff_pp19/PROKKA_05152020:X:PPEAPJEI_00005 (length 196)
GCA_000009005.1_ASM900v1_genomic.gbff_pp19/PROKKA_05152020:X:PPEAPJEI_00006 (length 348)
GCA_000009005.1_ASM900v1_genomic.gbff_pp19/PROKKA_05152020:X:PPEAPJEI_00007 (length 615)
GCA_000009005.1_ASM900v1_genomic.gbff_pp19/PROKKA_05152020:X:PPEAPJEI_00008 (length 452)
GCA_000009005.1_ASM900v1_genomic.gbff_pp19/PROKKA_05152020:X:PPEAPJEI_00009 (length 88)
GCA_000009005.1_ASM900v1_genomic.gbff_pp19/PROKKA_05152020:X:PPEAPJEI_00010 (length 47)
GCA_000009005.1_ASM900v1_genomic.gbff_pp19/PROKKA_05152020:X:PPEAPJEI_00011 (length 163)
GCA_000009005.1_ASM900v1_genomic.gbff_pp19/PROKKA_05152020:X:PPEAPJEI_00012 (length 57)
GCA_000009005.1_ASM900v1_genomic.gbff_pp19/PROKKA_05152020:X:PPEAPJEI_00013 (length 831)
GCA_000009005.1_ASM900v1_genomic.gbff_pp19/PROKKA_05152020:X:PPEAPJEI_00014 (length 127)
GCA_000009005.1_ASM900v1_genomic.gbff_pp19/PROKKA_05152020:X:PPEAPJEI_00015 (length 86)
GCA_000009005.1_ASM900v1_genomic.gbff_pp19/PROKKA_05152020:X:PPEAPJEI_00016 (length 366)
GCA_000009005.1_ASM900v1_genomic.gbff_pp19/PROKKA_05152020:X:PPEAPJEI_00017 (length 363)
GCA_000009005.1_ASM900v1_genomic.gbff_pp19/PROKKA_05152020:X:PPEAPJEI_00018 (length 100)
GCA_000009005.1_ASM900v1_genomic.gbff_pp19/PROKKA_05152020:X:PPEAPJEI_00019 (length 106)
GCA_000009005.1_ASM900v1_genomic.gbff_pp19/PROKKA_05152020:X:PPEAPJEI_00020 (length 94)
GCA_000009005.1_ASM900v1_genomic.gbff_pp19/PROKKA_05152020:X:PPEAPJEI_00021 (length 188)
GCA_000009005.1_ASM900v1_genomic.gbff_pp19/PROKKA_05152020:X:PPEAPJEI_00022 (length 419)
GCA_000009005.1_ASM900v1_genomic.gbff_pp19/PROKKA_05152020:X:PPEAPJEI_00023 (length 433)
GCA_000009005.1_ASM900v1_genomic.gbff_pp19/PROKKA_05152020:X:PPEAPJEI_00024 (length 242)
GCA_000009005.1_ASM900v1_genomic.gbff_pp19/PROKKA_05152020:X:PPEAPJEI_00025 (length 404)
GCA_000009005.1_ASM900v1_genomic.gbff_pp19/PROKKA_05152020:X:PPEAPJEI_00026 (length 211)
GCA_000009005.1_ASM900v1_genomic.gbff_pp19/PROKKA_05152020:X:PPEAPJEI_00027 (length 260)
GCA_000009005.1_ASM900v1_genomic.gbff_pp19/PROKKA_05152020:X:PPEAPJEI_00028 (length 332)
GCA_000009005.1_ASM900v1_genomic.gbff_pp19/PROKKA_05152020:X:PPEAPJEI_00029 (length 188)
GCA_000009005.1_ASM900v1_genomic.gbff_pp19/PROKKA_05152020:X:PPEAPJEI_00030 (length 468)
GCA_000009005.1_ASM900v1_genomic.gbff_pp19/PROKKA_05152020:X:PPEAPJEI_00031 (length 343)

DiscRep_ALL:DISC_INCONSISTENT_MOLINFO_TECH::Molinfo Technique Report (some missing, all same)
DiscRep_SUB:DISC_INCONSISTENT_MOLINFO_TECH::technique (all missing)
DiscRep_SUB:DISC_INCONSISTENT_MOLINFO_TECH::1 Molinfos are missing field technique
GCA_000009005.1_ASM900v1_genomic.gbff_pp19/PROKKA_05152020:X:PPEAPJEI_1 (length 27169)

