[18:21:45] This is prokka 1.14.6
[18:21:45] Written by Torsten Seemann <torsten.seemann@gmail.com>
[18:21:45] Homepage is https://github.com/tseemann/prokka
[18:21:45] Local time is Fri May 15 18:21:45 2020
[18:21:45] You are tsweet
[18:21:45] Operating system is linux
[18:21:45] You have BioPerl 1.007002
[18:21:45] System has 8 cores.
[18:21:45] Will use maximum of 8 cores.
[18:21:45] Annotating as >>> Bacteria <<<
[18:21:45] Generating locus_tag from '005.1_ASM900v1_genomic.gbff_pp5' contents.
[18:21:45] Setting --locustag EENHBMLI from MD5 ee71b652fdeb78de5b225c25fae5795c
[18:21:45] Enabling options to ensure Genbank/ENA/DDJB submission compliance.
[18:21:45] Creating new output folder: GCA_000009005.1_ASM900v1_genomic.gbff_pp5
[18:21:45] Running: mkdir -p GCA_000009005\.1_ASM900v1_genomic\.gbff_pp5
[18:21:45] Using filename prefix: PROKKA_05152020.XXX
[18:21:45] Setting HMMER_NCPU=1
[18:21:45] Writing log to: GCA_000009005.1_ASM900v1_genomic.gbff_pp5/PROKKA_05152020.log
[18:21:45] Command: /home/tsweet/anaconda3/bin/prokka --centre X --compliant 005.1_ASM900v1_genomic.gbff_pp5 --outdir GCA_000009005.1_ASM900v1_genomic.gbff_pp5
[18:21:45] Appending to PATH: /home/tsweet/anaconda3/bin
[18:21:45] Looking for 'aragorn' - found /home/tsweet/anaconda3/bin/aragorn
[18:21:45] Determined aragorn version is 001002 from 'ARAGORN v1.2.38 Dean Laslett'
[18:21:45] Looking for 'barrnap' - found /home/tsweet/anaconda3/bin/barrnap
[18:21:45] Determined barrnap version is 000009 from 'barrnap 0.9'
[18:21:45] Looking for 'blastp' - found /home/tsweet/anaconda3/bin/blastp
[18:21:45] Determined blastp version is 002009 from 'blastp: 2.9.0+'
[18:21:45] Looking for 'cmpress' - found /home/tsweet/anaconda3/bin/cmpress
[18:21:45] Determined cmpress version is 001001 from '# INFERNAL 1.1.2 (July 2016)'
[18:21:45] Looking for 'cmscan' - found /home/tsweet/anaconda3/bin/cmscan
[18:21:45] Determined cmscan version is 001001 from '# INFERNAL 1.1.2 (July 2016)'
[18:21:45] Looking for 'egrep' - found /bin/egrep
[18:21:45] Looking for 'find' - found /usr/bin/find
[18:21:45] Looking for 'grep' - found /bin/grep
[18:21:45] Looking for 'hmmpress' - found /home/tsweet/anaconda3/bin/hmmpress
[18:21:45] Determined hmmpress version is 003003 from '# HMMER 3.3 (Nov 2019); http://hmmer.org/'
[18:21:45] Looking for 'hmmscan' - found /home/tsweet/anaconda3/bin/hmmscan
[18:21:45] Determined hmmscan version is 003003 from '# HMMER 3.3 (Nov 2019); http://hmmer.org/'
[18:21:45] Looking for 'java' - found /home/tsweet/anaconda3/bin/java
[18:21:45] Looking for 'makeblastdb' - found /home/tsweet/anaconda3/bin/makeblastdb
[18:21:45] Determined makeblastdb version is 002009 from 'makeblastdb: 2.9.0+'
[18:21:45] Looking for 'minced' - found /home/tsweet/anaconda3/bin/minced
[18:21:45] Determined minced version is 004002 from 'minced 0.4.2'
[18:21:45] Looking for 'parallel' - found /home/tsweet/anaconda3/bin/parallel
[18:21:45] Determined parallel version is 20200322 from 'GNU parallel 20200322'
[18:21:45] Looking for 'prodigal' - found /home/tsweet/anaconda3/bin/prodigal
[18:21:45] Determined prodigal version is 002006 from 'Prodigal V2.6.3: February, 2016'
[18:21:45] Looking for 'prokka-genbank_to_fasta_db' - found /home/tsweet/anaconda3/bin/prokka-genbank_to_fasta_db
[18:21:45] Looking for 'sed' - found /bin/sed
[18:21:45] Looking for 'tbl2asn' - found /home/tsweet/anaconda3/bin/tbl2asn
[18:21:45] Determined tbl2asn version is 025007 from 'tbl2asn 25.7   arguments:'
[18:21:45] Using genetic code table 11.
[18:21:45] Loading and checking input file: 005.1_ASM900v1_genomic.gbff_pp5
[18:21:45] Wrote 1 contigs totalling 3663 bp.
[18:21:45] Predicting tRNAs and tmRNAs
[18:21:45] Running: aragorn -l -gc11  -w GCA_000009005\.1_ASM900v1_genomic\.gbff_pp5\/PROKKA_05152020\.fna
[18:21:45] Found 0 tRNAs
[18:21:45] Predicting Ribosomal RNAs
[18:21:45] Running Barrnap with 8 threads
[18:21:45] Found 0 rRNAs
[18:21:45] Skipping ncRNA search, enable with --rfam if desired.
[18:21:45] Total of 0 tRNA + rRNA features
[18:21:45] Searching for CRISPR repeats
[18:21:45] Found 0 CRISPRs
[18:21:45] Predicting coding sequences
[18:21:45] Contigs total 3663 bp, so using meta mode
[18:21:45] Running: prodigal -i GCA_000009005\.1_ASM900v1_genomic\.gbff_pp5\/PROKKA_05152020\.fna -c -m -g 11 -p meta -f sco -q
[18:21:45] Found 2 CDS
[18:21:45] Connecting features back to sequences
[18:21:45] Not using genus-specific database. Try --usegenus to enable it.
[18:21:45] Annotating CDS, please be patient.
[18:21:45] Will use 8 CPUs for similarity searching.
[18:21:45] There are still 2 unannotated CDS left (started with 2)
[18:21:45] Will use blast to search against /home/tsweet/anaconda3/db/kingdom/Bacteria/IS with 8 CPUs
[18:21:45] Running: cat GCA_000009005\.1_ASM900v1_genomic\.gbff_pp5\/PROKKA_05152020\.IS\.tmp\.14184\.faa | parallel --gnu --plain -j 8 --block 64 --recstart '>' --pipe blastp -query - -db /home/tsweet/anaconda3/db/kingdom/Bacteria/IS -evalue 1e-30 -qcov_hsp_perc 90 -num_threads 1 -num_descriptions 1 -num_alignments 1 -seg no > GCA_000009005\.1_ASM900v1_genomic\.gbff_pp5\/PROKKA_05152020\.IS\.tmp\.14184\.blast 2> /dev/null
[18:21:46] Deleting unwanted file: GCA_000009005.1_ASM900v1_genomic.gbff_pp5/PROKKA_05152020.IS.tmp.14184.faa
[18:21:46] Deleting unwanted file: GCA_000009005.1_ASM900v1_genomic.gbff_pp5/PROKKA_05152020.IS.tmp.14184.blast
[18:21:46] There are still 2 unannotated CDS left (started with 2)
[18:21:46] Will use blast to search against /home/tsweet/anaconda3/db/kingdom/Bacteria/AMR with 8 CPUs
[18:21:46] Running: cat GCA_000009005\.1_ASM900v1_genomic\.gbff_pp5\/PROKKA_05152020\.AMR\.tmp\.14184\.faa | parallel --gnu --plain -j 8 --block 64 --recstart '>' --pipe blastp -query - -db /home/tsweet/anaconda3/db/kingdom/Bacteria/AMR -evalue 9.99999999999999e-301 -qcov_hsp_perc 90 -num_threads 1 -num_descriptions 1 -num_alignments 1 -seg no > GCA_000009005\.1_ASM900v1_genomic\.gbff_pp5\/PROKKA_05152020\.AMR\.tmp\.14184\.blast 2> /dev/null
[18:21:46] Deleting unwanted file: GCA_000009005.1_ASM900v1_genomic.gbff_pp5/PROKKA_05152020.AMR.tmp.14184.faa
[18:21:46] Deleting unwanted file: GCA_000009005.1_ASM900v1_genomic.gbff_pp5/PROKKA_05152020.AMR.tmp.14184.blast
[18:21:46] There are still 2 unannotated CDS left (started with 2)
[18:21:46] Will use blast to search against /home/tsweet/anaconda3/db/kingdom/Bacteria/sprot with 8 CPUs
[18:21:46] Running: cat GCA_000009005\.1_ASM900v1_genomic\.gbff_pp5\/PROKKA_05152020\.sprot\.tmp\.14184\.faa | parallel --gnu --plain -j 8 --block 64 --recstart '>' --pipe blastp -query - -db /home/tsweet/anaconda3/db/kingdom/Bacteria/sprot -evalue 1e-09 -qcov_hsp_perc 80 -num_threads 1 -num_descriptions 1 -num_alignments 1 -seg no > GCA_000009005\.1_ASM900v1_genomic\.gbff_pp5\/PROKKA_05152020\.sprot\.tmp\.14184\.blast 2> /dev/null
[18:21:46] Deleting unwanted file: GCA_000009005.1_ASM900v1_genomic.gbff_pp5/PROKKA_05152020.sprot.tmp.14184.faa
[18:21:46] Deleting unwanted file: GCA_000009005.1_ASM900v1_genomic.gbff_pp5/PROKKA_05152020.sprot.tmp.14184.blast
[18:21:46] There are still 1 unannotated CDS left (started with 2)
[18:21:46] Will use hmmer3 to search against /home/tsweet/anaconda3/db/hmm/HAMAP.hmm with 8 CPUs
[18:21:46] Running: cat GCA_000009005\.1_ASM900v1_genomic\.gbff_pp5\/PROKKA_05152020\.HAMAP\.hmm\.tmp\.14184\.faa | parallel --gnu --plain -j 8 --block 32 --recstart '>' --pipe hmmscan --noali --notextw --acc -E 1e-09 --cpu 1 /home/tsweet/anaconda3/db/hmm/HAMAP.hmm /dev/stdin > GCA_000009005\.1_ASM900v1_genomic\.gbff_pp5\/PROKKA_05152020\.HAMAP\.hmm\.tmp\.14184\.hmmer3 2> /dev/null
[18:21:46] Deleting unwanted file: GCA_000009005.1_ASM900v1_genomic.gbff_pp5/PROKKA_05152020.HAMAP.hmm.tmp.14184.faa
[18:21:46] Deleting unwanted file: GCA_000009005.1_ASM900v1_genomic.gbff_pp5/PROKKA_05152020.HAMAP.hmm.tmp.14184.hmmer3
[18:21:46] Labelling remaining 1 proteins as 'hypothetical protein'
[18:21:46] Found 1 unique /gene codes.
[18:21:46] Fixed 0 colliding /gene names.
[18:21:46] Adding /locus_tag identifiers
[18:21:46] Assigned 2 locus_tags to CDS and RNA features.
[18:21:46] Writing outputs to GCA_000009005.1_ASM900v1_genomic.gbff_pp5/
[18:21:46] Generating annotation statistics file
[18:21:46] Generating Genbank and Sequin files
[18:21:46] Running: tbl2asn -V b -a r10k -l paired-ends -M n -N 1 -y 'Annotated using prokka 1.14.6 from https://github.com/tseemann/prokka' -Z GCA_000009005\.1_ASM900v1_genomic\.gbff_pp5\/PROKKA_05152020\.err -i GCA_000009005\.1_ASM900v1_genomic\.gbff_pp5\/PROKKA_05152020\.fsa 2> /dev/null
[18:21:46] Deleting unwanted file: GCA_000009005.1_ASM900v1_genomic.gbff_pp5/errorsummary.val
[18:21:46] Deleting unwanted file: GCA_000009005.1_ASM900v1_genomic.gbff_pp5/PROKKA_05152020.dr
[18:21:46] Deleting unwanted file: GCA_000009005.1_ASM900v1_genomic.gbff_pp5/PROKKA_05152020.fixedproducts
[18:21:46] Deleting unwanted file: GCA_000009005.1_ASM900v1_genomic.gbff_pp5/PROKKA_05152020.ecn
[18:21:46] Deleting unwanted file: GCA_000009005.1_ASM900v1_genomic.gbff_pp5/PROKKA_05152020.val
[18:21:46] Repairing broken .GBK output that tbl2asn produces...
[18:21:46] Running: sed 's/COORDINATES: profile/COORDINATES:profile/' < GCA_000009005\.1_ASM900v1_genomic\.gbff_pp5\/PROKKA_05152020\.gbf > GCA_000009005\.1_ASM900v1_genomic\.gbff_pp5\/PROKKA_05152020\.gbk
[18:21:46] Deleting unwanted file: GCA_000009005.1_ASM900v1_genomic.gbff_pp5/PROKKA_05152020.gbf
[18:21:46] Output files:
[18:21:46] GCA_000009005.1_ASM900v1_genomic.gbff_pp5/PROKKA_05152020.err
[18:21:46] GCA_000009005.1_ASM900v1_genomic.gbff_pp5/PROKKA_05152020.faa
[18:21:46] GCA_000009005.1_ASM900v1_genomic.gbff_pp5/PROKKA_05152020.txt
[18:21:46] GCA_000009005.1_ASM900v1_genomic.gbff_pp5/PROKKA_05152020.fna
[18:21:46] GCA_000009005.1_ASM900v1_genomic.gbff_pp5/PROKKA_05152020.gbk
[18:21:46] GCA_000009005.1_ASM900v1_genomic.gbff_pp5/PROKKA_05152020.log
[18:21:46] GCA_000009005.1_ASM900v1_genomic.gbff_pp5/PROKKA_05152020.tsv
[18:21:46] GCA_000009005.1_ASM900v1_genomic.gbff_pp5/PROKKA_05152020.tbl
[18:21:46] GCA_000009005.1_ASM900v1_genomic.gbff_pp5/PROKKA_05152020.ffn
[18:21:46] GCA_000009005.1_ASM900v1_genomic.gbff_pp5/PROKKA_05152020.sqn
[18:21:46] GCA_000009005.1_ASM900v1_genomic.gbff_pp5/PROKKA_05152020.gff
[18:21:46] GCA_000009005.1_ASM900v1_genomic.gbff_pp5/PROKKA_05152020.fsa
[18:21:46] Annotation finished successfully.
[18:21:46] Walltime used: 0.02 minutes
[18:21:46] If you use this result please cite the Prokka paper:
[18:21:46] Seemann T (2014) Prokka: rapid prokaryotic genome annotation. Bioinformatics. 30(14):2068-9.
[18:21:46] Type 'prokka --citation' for more details.
[18:21:46] Share and enjoy!
