Discrepancy Report Results

Summary
DISC_SOURCE_QUALS_ASNDISC:strain (all present, all unique)
DISC_SOURCE_QUALS_ASNDISC:taxname (all present, all unique)
DISC_FEATURE_COUNT:gene: 51 present
DISC_FEATURE_COUNT:CDS: 51 present
DISC_COUNT_NUCLEOTIDES:1 nucleotide Bioseqs are present
OVERLAPPING_GENES:33 genes overlap another gene on the same strand.
DISC_QUALITY_SCORES:Quality scores are missing on all sequences.
ONCALLER_COMMENT_PRESENT:1 comment descriptors were found (all same)
SHORT_PROT_SEQUENCES:2 protein sequences are shorter than 50 aa.
MISSING_GENOMEASSEMBLY_COMMENTS:1 bioseqs are missing GenomeAssembly structured comments
MOLTYPE_NOT_MRNA:1 molecule types are not set as mRNA.
TECHNIQUE_NOT_TSA:1 technique are not set as TSA
MISSING_STRUCTURED_COMMENT:1 sequences do not include structured comments.
MISSING_PROJECT:52 sequences do not include project.
DISC_INCONSISTENT_MOLINFO_TECH:Molinfo Technique Report (some missing, all same)


Detailed Report

DiscRep_ALL:DISC_SOURCE_QUALS_ASNDISC::strain (all present, all unique)
DiscRep_SUB:DISC_SOURCE_QUALS_ASNDISC::1 sources have unique values for strain
DiscRep_ALL:DISC_SOURCE_QUALS_ASNDISC::taxname (all present, all unique)
DiscRep_SUB:DISC_SOURCE_QUALS_ASNDISC::1 sources have unique values for taxname
DiscRep_ALL:DISC_FEATURE_COUNT::gene: 51 present
DiscRep_ALL:DISC_FEATURE_COUNT::CDS: 51 present
DiscRep_ALL:DISC_COUNT_NUCLEOTIDES::1 nucleotide Bioseqs are present
GCA_000160415.1_ASM16041v1_genomic.gbff_pp14/PROKKA_05152020:X:IOJIKLIK_1 (length 31843)

DiscRep_ALL:OVERLAPPING_GENES::33 genes overlap another gene on the same strand.
GCA_000160415.1_ASM16041v1_genomic.gbff_pp14/PROKKA_05152020:Gene	IOJIKLIK_00006	IOJIKLIK_1:1558-1779	IOJIKLIK_00006
GCA_000160415.1_ASM16041v1_genomic.gbff_pp14/PROKKA_05152020:Gene	IOJIKLIK_00007	IOJIKLIK_1:1772-2395	IOJIKLIK_00007
GCA_000160415.1_ASM16041v1_genomic.gbff_pp14/PROKKA_05152020:Gene	ssbA	IOJIKLIK_1:2395-2823	IOJIKLIK_00008
GCA_000160415.1_ASM16041v1_genomic.gbff_pp14/PROKKA_05152020:Gene	IOJIKLIK_00009	IOJIKLIK_1:2837-3505	IOJIKLIK_00009
GCA_000160415.1_ASM16041v1_genomic.gbff_pp14/PROKKA_05152020:Gene	IOJIKLIK_00010	IOJIKLIK_1:3505-4284	IOJIKLIK_00010
GCA_000160415.1_ASM16041v1_genomic.gbff_pp14/PROKKA_05152020:Gene	IOJIKLIK_00011	IOJIKLIK_1:4256-5053	IOJIKLIK_00011
GCA_000160415.1_ASM16041v1_genomic.gbff_pp14/PROKKA_05152020:Gene	IOJIKLIK_00012	IOJIKLIK_1:5063-5836	IOJIKLIK_00012
GCA_000160415.1_ASM16041v1_genomic.gbff_pp14/PROKKA_05152020:Gene	IOJIKLIK_00013	IOJIKLIK_1:5830-5988	IOJIKLIK_00013
GCA_000160415.1_ASM16041v1_genomic.gbff_pp14/PROKKA_05152020:Gene	IOJIKLIK_00017	IOJIKLIK_1:6827-7189	IOJIKLIK_00017
GCA_000160415.1_ASM16041v1_genomic.gbff_pp14/PROKKA_05152020:Gene	IOJIKLIK_00018	IOJIKLIK_1:7189-7443	IOJIKLIK_00018
GCA_000160415.1_ASM16041v1_genomic.gbff_pp14/PROKKA_05152020:Gene	IOJIKLIK_00019	IOJIKLIK_1:7443-7691	IOJIKLIK_00019
GCA_000160415.1_ASM16041v1_genomic.gbff_pp14/PROKKA_05152020:Gene	IOJIKLIK_00020	IOJIKLIK_1:7703-7870	IOJIKLIK_00020
GCA_000160415.1_ASM16041v1_genomic.gbff_pp14/PROKKA_05152020:Gene	IOJIKLIK_00021	IOJIKLIK_1:7863-8099	IOJIKLIK_00021
GCA_000160415.1_ASM16041v1_genomic.gbff_pp14/PROKKA_05152020:Gene	IOJIKLIK_00022	IOJIKLIK_1:8089-8331	IOJIKLIK_00022
GCA_000160415.1_ASM16041v1_genomic.gbff_pp14/PROKKA_05152020:Gene	dut	IOJIKLIK_1:8324-8857	IOJIKLIK_00023
GCA_000160415.1_ASM16041v1_genomic.gbff_pp14/PROKKA_05152020:Gene	IOJIKLIK_00024	IOJIKLIK_1:8903-9139	IOJIKLIK_00024
GCA_000160415.1_ASM16041v1_genomic.gbff_pp14/PROKKA_05152020:Gene	IOJIKLIK_00025	IOJIKLIK_1:9136-9342	IOJIKLIK_00025
GCA_000160415.1_ASM16041v1_genomic.gbff_pp14/PROKKA_05152020:Gene	IOJIKLIK_00026	IOJIKLIK_1:9339-9725	IOJIKLIK_00026
GCA_000160415.1_ASM16041v1_genomic.gbff_pp14/PROKKA_05152020:Gene	IOJIKLIK_00027	IOJIKLIK_1:9722-9871	IOJIKLIK_00027
GCA_000160415.1_ASM16041v1_genomic.gbff_pp14/PROKKA_05152020:Gene	IOJIKLIK_00028	IOJIKLIK_1:9871-10071	IOJIKLIK_00028
GCA_000160415.1_ASM16041v1_genomic.gbff_pp14/PROKKA_05152020:Gene	IOJIKLIK_00031	IOJIKLIK_1:11176-11520	IOJIKLIK_00031
GCA_000160415.1_ASM16041v1_genomic.gbff_pp14/PROKKA_05152020:Gene	IOJIKLIK_00032	IOJIKLIK_1:11517-13178	IOJIKLIK_00032
GCA_000160415.1_ASM16041v1_genomic.gbff_pp14/PROKKA_05152020:Gene	IOJIKLIK_00033	IOJIKLIK_1:13194-14381	IOJIKLIK_00033
GCA_000160415.1_ASM16041v1_genomic.gbff_pp14/PROKKA_05152020:Gene	clpP	IOJIKLIK_1:14359-15102	IOJIKLIK_00034
GCA_000160415.1_ASM16041v1_genomic.gbff_pp14/PROKKA_05152020:Gene	IOJIKLIK_00036	IOJIKLIK_1:16291-16575	IOJIKLIK_00036
GCA_000160415.1_ASM16041v1_genomic.gbff_pp14/PROKKA_05152020:Gene	IOJIKLIK_00037	IOJIKLIK_1:16553-16849	IOJIKLIK_00037
GCA_000160415.1_ASM16041v1_genomic.gbff_pp14/PROKKA_05152020:Gene	IOJIKLIK_00038	IOJIKLIK_1:16833-17195	IOJIKLIK_00038
GCA_000160415.1_ASM16041v1_genomic.gbff_pp14/PROKKA_05152020:Gene	IOJIKLIK_00039	IOJIKLIK_1:17192-17596	IOJIKLIK_00039
GCA_000160415.1_ASM16041v1_genomic.gbff_pp14/PROKKA_05152020:Gene	IOJIKLIK_00040	IOJIKLIK_1:17593-17997	IOJIKLIK_00040
GCA_000160415.1_ASM16041v1_genomic.gbff_pp14/PROKKA_05152020:Gene	IOJIKLIK_00044	IOJIKLIK_1:19556-24085	IOJIKLIK_00044
GCA_000160415.1_ASM16041v1_genomic.gbff_pp14/PROKKA_05152020:Gene	IOJIKLIK_00045	IOJIKLIK_1:24082-25566	IOJIKLIK_00045
GCA_000160415.1_ASM16041v1_genomic.gbff_pp14/PROKKA_05152020:Gene	IOJIKLIK_00046	IOJIKLIK_1:25582-29367	IOJIKLIK_00046
GCA_000160415.1_ASM16041v1_genomic.gbff_pp14/PROKKA_05152020:Gene	IOJIKLIK_00047	IOJIKLIK_1:29357-29509	IOJIKLIK_00047

DiscRep_ALL:DISC_QUALITY_SCORES::Quality scores are missing on all sequences.

DiscRep_ALL:ONCALLER_COMMENT_PRESENT::1 comment descriptors were found (all same)
GCA_000160415.1_ASM16041v1_genomic.gbff_pp14/PROKKA_05152020:X:IOJIKLIK_1:Annotated using prokka 1.14.6 from https://github.com/tseemann/prokka

DiscRep_ALL:SHORT_PROT_SEQUENCES::2 protein sequences are shorter than 50 aa.
GCA_000160415.1_ASM16041v1_genomic.gbff_pp14/PROKKA_05152020:X:IOJIKLIK_00027 (length 49)
GCA_000160415.1_ASM16041v1_genomic.gbff_pp14/PROKKA_05152020:X:IOJIKLIK_00043 (length 45)

DiscRep_ALL:MISSING_GENOMEASSEMBLY_COMMENTS::1 bioseqs are missing GenomeAssembly structured comments
GCA_000160415.1_ASM16041v1_genomic.gbff_pp14/PROKKA_05152020:X:IOJIKLIK_1 (length 31843)

DiscRep_ALL:MOLTYPE_NOT_MRNA::1 molecule types are not set as mRNA.
GCA_000160415.1_ASM16041v1_genomic.gbff_pp14/PROKKA_05152020:X:IOJIKLIK_1 (length 31843)

DiscRep_ALL:TECHNIQUE_NOT_TSA::1 technique are not set as TSA
GCA_000160415.1_ASM16041v1_genomic.gbff_pp14/PROKKA_05152020:X:IOJIKLIK_1 (length 31843)

DiscRep_ALL:MISSING_STRUCTURED_COMMENT::1 sequences do not include structured comments.
GCA_000160415.1_ASM16041v1_genomic.gbff_pp14/PROKKA_05152020:X:IOJIKLIK_1 (length 31843)

DiscRep_ALL:MISSING_PROJECT::52 sequences do not include project.
GCA_000160415.1_ASM16041v1_genomic.gbff_pp14/PROKKA_05152020:X:IOJIKLIK_1 (length 31843)
GCA_000160415.1_ASM16041v1_genomic.gbff_pp14/PROKKA_05152020:X:IOJIKLIK_00001 (length 50)
GCA_000160415.1_ASM16041v1_genomic.gbff_pp14/PROKKA_05152020:X:IOJIKLIK_00002 (length 58)
GCA_000160415.1_ASM16041v1_genomic.gbff_pp14/PROKKA_05152020:X:IOJIKLIK_00003 (length 76)
GCA_000160415.1_ASM16041v1_genomic.gbff_pp14/PROKKA_05152020:X:IOJIKLIK_00004 (length 73)
GCA_000160415.1_ASM16041v1_genomic.gbff_pp14/PROKKA_05152020:X:IOJIKLIK_00005 (length 86)
GCA_000160415.1_ASM16041v1_genomic.gbff_pp14/PROKKA_05152020:X:IOJIKLIK_00006 (length 73)
GCA_000160415.1_ASM16041v1_genomic.gbff_pp14/PROKKA_05152020:X:IOJIKLIK_00007 (length 207)
GCA_000160415.1_ASM16041v1_genomic.gbff_pp14/PROKKA_05152020:X:IOJIKLIK_00008 (length 142)
GCA_000160415.1_ASM16041v1_genomic.gbff_pp14/PROKKA_05152020:X:IOJIKLIK_00009 (length 222)
GCA_000160415.1_ASM16041v1_genomic.gbff_pp14/PROKKA_05152020:X:IOJIKLIK_00010 (length 259)
GCA_000160415.1_ASM16041v1_genomic.gbff_pp14/PROKKA_05152020:X:IOJIKLIK_00011 (length 265)
GCA_000160415.1_ASM16041v1_genomic.gbff_pp14/PROKKA_05152020:X:IOJIKLIK_00012 (length 257)
GCA_000160415.1_ASM16041v1_genomic.gbff_pp14/PROKKA_05152020:X:IOJIKLIK_00013 (length 52)
GCA_000160415.1_ASM16041v1_genomic.gbff_pp14/PROKKA_05152020:X:IOJIKLIK_00014 (length 73)
GCA_000160415.1_ASM16041v1_genomic.gbff_pp14/PROKKA_05152020:X:IOJIKLIK_00015 (length 134)
GCA_000160415.1_ASM16041v1_genomic.gbff_pp14/PROKKA_05152020:X:IOJIKLIK_00016 (length 61)
GCA_000160415.1_ASM16041v1_genomic.gbff_pp14/PROKKA_05152020:X:IOJIKLIK_00017 (length 120)
GCA_000160415.1_ASM16041v1_genomic.gbff_pp14/PROKKA_05152020:X:IOJIKLIK_00018 (length 84)
GCA_000160415.1_ASM16041v1_genomic.gbff_pp14/PROKKA_05152020:X:IOJIKLIK_00019 (length 82)
GCA_000160415.1_ASM16041v1_genomic.gbff_pp14/PROKKA_05152020:X:IOJIKLIK_00020 (length 55)
GCA_000160415.1_ASM16041v1_genomic.gbff_pp14/PROKKA_05152020:X:IOJIKLIK_00021 (length 78)
GCA_000160415.1_ASM16041v1_genomic.gbff_pp14/PROKKA_05152020:X:IOJIKLIK_00022 (length 80)
GCA_000160415.1_ASM16041v1_genomic.gbff_pp14/PROKKA_05152020:X:IOJIKLIK_00023 (length 177)
GCA_000160415.1_ASM16041v1_genomic.gbff_pp14/PROKKA_05152020:X:IOJIKLIK_00024 (length 78)
GCA_000160415.1_ASM16041v1_genomic.gbff_pp14/PROKKA_05152020:X:IOJIKLIK_00025 (length 68)
GCA_000160415.1_ASM16041v1_genomic.gbff_pp14/PROKKA_05152020:X:IOJIKLIK_00026 (length 128)
GCA_000160415.1_ASM16041v1_genomic.gbff_pp14/PROKKA_05152020:X:IOJIKLIK_00027 (length 49)
GCA_000160415.1_ASM16041v1_genomic.gbff_pp14/PROKKA_05152020:X:IOJIKLIK_00028 (length 66)
GCA_000160415.1_ASM16041v1_genomic.gbff_pp14/PROKKA_05152020:X:IOJIKLIK_00029 (length 138)
GCA_000160415.1_ASM16041v1_genomic.gbff_pp14/PROKKA_05152020:X:IOJIKLIK_00030 (length 99)
GCA_000160415.1_ASM16041v1_genomic.gbff_pp14/PROKKA_05152020:X:IOJIKLIK_00031 (length 114)
GCA_000160415.1_ASM16041v1_genomic.gbff_pp14/PROKKA_05152020:X:IOJIKLIK_00032 (length 553)
GCA_000160415.1_ASM16041v1_genomic.gbff_pp14/PROKKA_05152020:X:IOJIKLIK_00033 (length 395)
GCA_000160415.1_ASM16041v1_genomic.gbff_pp14/PROKKA_05152020:X:IOJIKLIK_00034 (length 247)
GCA_000160415.1_ASM16041v1_genomic.gbff_pp14/PROKKA_05152020:X:IOJIKLIK_00035 (length 381)
GCA_000160415.1_ASM16041v1_genomic.gbff_pp14/PROKKA_05152020:X:IOJIKLIK_00036 (length 94)
GCA_000160415.1_ASM16041v1_genomic.gbff_pp14/PROKKA_05152020:X:IOJIKLIK_00037 (length 98)
GCA_000160415.1_ASM16041v1_genomic.gbff_pp14/PROKKA_05152020:X:IOJIKLIK_00038 (length 120)
GCA_000160415.1_ASM16041v1_genomic.gbff_pp14/PROKKA_05152020:X:IOJIKLIK_00039 (length 134)
GCA_000160415.1_ASM16041v1_genomic.gbff_pp14/PROKKA_05152020:X:IOJIKLIK_00040 (length 134)
GCA_000160415.1_ASM16041v1_genomic.gbff_pp14/PROKKA_05152020:X:IOJIKLIK_00041 (length 214)
GCA_000160415.1_ASM16041v1_genomic.gbff_pp14/PROKKA_05152020:X:IOJIKLIK_00042 (length 116)
GCA_000160415.1_ASM16041v1_genomic.gbff_pp14/PROKKA_05152020:X:IOJIKLIK_00043 (length 45)
GCA_000160415.1_ASM16041v1_genomic.gbff_pp14/PROKKA_05152020:X:IOJIKLIK_00044 (length 1509)
GCA_000160415.1_ASM16041v1_genomic.gbff_pp14/PROKKA_05152020:X:IOJIKLIK_00045 (length 494)
GCA_000160415.1_ASM16041v1_genomic.gbff_pp14/PROKKA_05152020:X:IOJIKLIK_00046 (length 1261)
GCA_000160415.1_ASM16041v1_genomic.gbff_pp14/PROKKA_05152020:X:IOJIKLIK_00047 (length 50)
GCA_000160415.1_ASM16041v1_genomic.gbff_pp14/PROKKA_05152020:X:IOJIKLIK_00048 (length 95)
GCA_000160415.1_ASM16041v1_genomic.gbff_pp14/PROKKA_05152020:X:IOJIKLIK_00049 (length 98)
GCA_000160415.1_ASM16041v1_genomic.gbff_pp14/PROKKA_05152020:X:IOJIKLIK_00050 (length 84)
GCA_000160415.1_ASM16041v1_genomic.gbff_pp14/PROKKA_05152020:X:IOJIKLIK_00051 (length 251)

DiscRep_ALL:DISC_INCONSISTENT_MOLINFO_TECH::Molinfo Technique Report (some missing, all same)
DiscRep_SUB:DISC_INCONSISTENT_MOLINFO_TECH::technique (all missing)
DiscRep_SUB:DISC_INCONSISTENT_MOLINFO_TECH::1 Molinfos are missing field technique
GCA_000160415.1_ASM16041v1_genomic.gbff_pp14/PROKKA_05152020:X:IOJIKLIK_1 (length 31843)

