[18:20:54] This is prokka 1.14.6
[18:20:54] Written by Torsten Seemann <torsten.seemann@gmail.com>
[18:20:54] Homepage is https://github.com/tseemann/prokka
[18:20:54] Local time is Fri May 15 18:20:54 2020
[18:20:54] You are tsweet
[18:20:54] Operating system is linux
[18:20:54] You have BioPerl 1.007002
[18:20:54] System has 8 cores.
[18:20:54] Will use maximum of 8 cores.
[18:20:54] Annotating as >>> Bacteria <<<
[18:20:54] Generating locus_tag from '005.1_ASM900v1_genomic.gbff_pp1' contents.
[18:20:54] Setting --locustag HCOBJECM from MD5 1c8b3ec6408b7cb3fd876aad554d0263
[18:20:54] Enabling options to ensure Genbank/ENA/DDJB submission compliance.
[18:20:54] Creating new output folder: GCA_000009005.1_ASM900v1_genomic.gbff_pp1
[18:20:54] Running: mkdir -p GCA_000009005\.1_ASM900v1_genomic\.gbff_pp1
[18:20:54] Using filename prefix: PROKKA_05152020.XXX
[18:20:54] Setting HMMER_NCPU=1
[18:20:54] Writing log to: GCA_000009005.1_ASM900v1_genomic.gbff_pp1/PROKKA_05152020.log
[18:20:54] Command: /home/tsweet/anaconda3/bin/prokka --centre X --compliant 005.1_ASM900v1_genomic.gbff_pp1 --outdir GCA_000009005.1_ASM900v1_genomic.gbff_pp1
[18:20:54] Appending to PATH: /home/tsweet/anaconda3/bin
[18:20:54] Looking for 'aragorn' - found /home/tsweet/anaconda3/bin/aragorn
[18:20:54] Determined aragorn version is 001002 from 'ARAGORN v1.2.38 Dean Laslett'
[18:20:54] Looking for 'barrnap' - found /home/tsweet/anaconda3/bin/barrnap
[18:20:54] Determined barrnap version is 000009 from 'barrnap 0.9'
[18:20:54] Looking for 'blastp' - found /home/tsweet/anaconda3/bin/blastp
[18:20:54] Determined blastp version is 002009 from 'blastp: 2.9.0+'
[18:20:54] Looking for 'cmpress' - found /home/tsweet/anaconda3/bin/cmpress
[18:20:54] Determined cmpress version is 001001 from '# INFERNAL 1.1.2 (July 2016)'
[18:20:54] Looking for 'cmscan' - found /home/tsweet/anaconda3/bin/cmscan
[18:20:54] Determined cmscan version is 001001 from '# INFERNAL 1.1.2 (July 2016)'
[18:20:54] Looking for 'egrep' - found /bin/egrep
[18:20:54] Looking for 'find' - found /usr/bin/find
[18:20:54] Looking for 'grep' - found /bin/grep
[18:20:54] Looking for 'hmmpress' - found /home/tsweet/anaconda3/bin/hmmpress
[18:20:54] Determined hmmpress version is 003003 from '# HMMER 3.3 (Nov 2019); http://hmmer.org/'
[18:20:54] Looking for 'hmmscan' - found /home/tsweet/anaconda3/bin/hmmscan
[18:20:54] Determined hmmscan version is 003003 from '# HMMER 3.3 (Nov 2019); http://hmmer.org/'
[18:20:54] Looking for 'java' - found /home/tsweet/anaconda3/bin/java
[18:20:54] Looking for 'makeblastdb' - found /home/tsweet/anaconda3/bin/makeblastdb
[18:20:54] Determined makeblastdb version is 002009 from 'makeblastdb: 2.9.0+'
[18:20:54] Looking for 'minced' - found /home/tsweet/anaconda3/bin/minced
[18:20:54] Determined minced version is 004002 from 'minced 0.4.2'
[18:20:54] Looking for 'parallel' - found /home/tsweet/anaconda3/bin/parallel
[18:20:54] Determined parallel version is 20200322 from 'GNU parallel 20200322'
[18:20:54] Looking for 'prodigal' - found /home/tsweet/anaconda3/bin/prodigal
[18:20:54] Determined prodigal version is 002006 from 'Prodigal V2.6.3: February, 2016'
[18:20:54] Looking for 'prokka-genbank_to_fasta_db' - found /home/tsweet/anaconda3/bin/prokka-genbank_to_fasta_db
[18:20:54] Looking for 'sed' - found /bin/sed
[18:20:54] Looking for 'tbl2asn' - found /home/tsweet/anaconda3/bin/tbl2asn
[18:20:54] Determined tbl2asn version is 025007 from 'tbl2asn 25.7   arguments:'
[18:20:54] Using genetic code table 11.
[18:20:54] Loading and checking input file: 005.1_ASM900v1_genomic.gbff_pp1
[18:20:54] Wrote 1 contigs totalling 12672 bp.
[18:20:54] Predicting tRNAs and tmRNAs
[18:20:54] Running: aragorn -l -gc11  -w GCA_000009005\.1_ASM900v1_genomic\.gbff_pp1\/PROKKA_05152020\.fna
[18:20:54] Found 0 tRNAs
[18:20:54] Predicting Ribosomal RNAs
[18:20:54] Running Barrnap with 8 threads
[18:20:54] Found 0 rRNAs
[18:20:54] Skipping ncRNA search, enable with --rfam if desired.
[18:20:54] Total of 0 tRNA + rRNA features
[18:20:54] Searching for CRISPR repeats
[18:20:55] Found 0 CRISPRs
[18:20:55] Predicting coding sequences
[18:20:55] Contigs total 12672 bp, so using meta mode
[18:20:55] Running: prodigal -i GCA_000009005\.1_ASM900v1_genomic\.gbff_pp1\/PROKKA_05152020\.fna -c -m -g 11 -p meta -f sco -q
[18:20:55] Found 14 CDS
[18:20:55] Connecting features back to sequences
[18:20:55] Not using genus-specific database. Try --usegenus to enable it.
[18:20:55] Annotating CDS, please be patient.
[18:20:55] Will use 8 CPUs for similarity searching.
[18:20:55] There are still 14 unannotated CDS left (started with 14)
[18:20:55] Will use blast to search against /home/tsweet/anaconda3/db/kingdom/Bacteria/IS with 8 CPUs
[18:20:55] Running: cat GCA_000009005\.1_ASM900v1_genomic\.gbff_pp1\/PROKKA_05152020\.IS\.tmp\.6416\.faa | parallel --gnu --plain -j 8 --block 208 --recstart '>' --pipe blastp -query - -db /home/tsweet/anaconda3/db/kingdom/Bacteria/IS -evalue 1e-30 -qcov_hsp_perc 90 -num_threads 1 -num_descriptions 1 -num_alignments 1 -seg no > GCA_000009005\.1_ASM900v1_genomic\.gbff_pp1\/PROKKA_05152020\.IS\.tmp\.6416\.blast 2> /dev/null
[18:20:55] Deleting unwanted file: GCA_000009005.1_ASM900v1_genomic.gbff_pp1/PROKKA_05152020.IS.tmp.6416.faa
[18:20:55] Deleting unwanted file: GCA_000009005.1_ASM900v1_genomic.gbff_pp1/PROKKA_05152020.IS.tmp.6416.blast
[18:20:55] There are still 14 unannotated CDS left (started with 14)
[18:20:55] Will use blast to search against /home/tsweet/anaconda3/db/kingdom/Bacteria/AMR with 8 CPUs
[18:20:55] Running: cat GCA_000009005\.1_ASM900v1_genomic\.gbff_pp1\/PROKKA_05152020\.AMR\.tmp\.6416\.faa | parallel --gnu --plain -j 8 --block 208 --recstart '>' --pipe blastp -query - -db /home/tsweet/anaconda3/db/kingdom/Bacteria/AMR -evalue 9.99999999999999e-301 -qcov_hsp_perc 90 -num_threads 1 -num_descriptions 1 -num_alignments 1 -seg no > GCA_000009005\.1_ASM900v1_genomic\.gbff_pp1\/PROKKA_05152020\.AMR\.tmp\.6416\.blast 2> /dev/null
[18:20:55] Deleting unwanted file: GCA_000009005.1_ASM900v1_genomic.gbff_pp1/PROKKA_05152020.AMR.tmp.6416.faa
[18:20:55] Deleting unwanted file: GCA_000009005.1_ASM900v1_genomic.gbff_pp1/PROKKA_05152020.AMR.tmp.6416.blast
[18:20:55] There are still 14 unannotated CDS left (started with 14)
[18:20:55] Will use blast to search against /home/tsweet/anaconda3/db/kingdom/Bacteria/sprot with 8 CPUs
[18:20:55] Running: cat GCA_000009005\.1_ASM900v1_genomic\.gbff_pp1\/PROKKA_05152020\.sprot\.tmp\.6416\.faa | parallel --gnu --plain -j 8 --block 208 --recstart '>' --pipe blastp -query - -db /home/tsweet/anaconda3/db/kingdom/Bacteria/sprot -evalue 1e-09 -qcov_hsp_perc 80 -num_threads 1 -num_descriptions 1 -num_alignments 1 -seg no > GCA_000009005\.1_ASM900v1_genomic\.gbff_pp1\/PROKKA_05152020\.sprot\.tmp\.6416\.blast 2> /dev/null
[18:20:56] Modify product: Putative metallophosphoesterase MG207 homolog => Putative metallophosphoesterase MG207 
[18:20:56] Cleaned 1 /product names
[18:20:56] Deleting unwanted file: GCA_000009005.1_ASM900v1_genomic.gbff_pp1/PROKKA_05152020.sprot.tmp.6416.faa
[18:20:56] Deleting unwanted file: GCA_000009005.1_ASM900v1_genomic.gbff_pp1/PROKKA_05152020.sprot.tmp.6416.blast
[18:20:56] There are still 4 unannotated CDS left (started with 14)
[18:20:56] Will use hmmer3 to search against /home/tsweet/anaconda3/db/hmm/HAMAP.hmm with 8 CPUs
[18:20:56] Running: cat GCA_000009005\.1_ASM900v1_genomic\.gbff_pp1\/PROKKA_05152020\.HAMAP\.hmm\.tmp\.6416\.faa | parallel --gnu --plain -j 8 --block 24 --recstart '>' --pipe hmmscan --noali --notextw --acc -E 1e-09 --cpu 1 /home/tsweet/anaconda3/db/hmm/HAMAP.hmm /dev/stdin > GCA_000009005\.1_ASM900v1_genomic\.gbff_pp1\/PROKKA_05152020\.HAMAP\.hmm\.tmp\.6416\.hmmer3 2> /dev/null
[18:20:56] Deleting unwanted file: GCA_000009005.1_ASM900v1_genomic.gbff_pp1/PROKKA_05152020.HAMAP.hmm.tmp.6416.faa
[18:20:56] Deleting unwanted file: GCA_000009005.1_ASM900v1_genomic.gbff_pp1/PROKKA_05152020.HAMAP.hmm.tmp.6416.hmmer3
[18:20:56] Labelling remaining 4 proteins as 'hypothetical protein'
[18:20:56] Found 8 unique /gene codes.
[18:20:56] Fixed 0 colliding /gene names.
[18:20:56] Adding /locus_tag identifiers
[18:20:56] Assigned 14 locus_tags to CDS and RNA features.
[18:20:56] Writing outputs to GCA_000009005.1_ASM900v1_genomic.gbff_pp1/
[18:20:56] Generating annotation statistics file
[18:20:56] Generating Genbank and Sequin files
[18:20:56] Running: tbl2asn -V b -a r10k -l paired-ends -M n -N 1 -y 'Annotated using prokka 1.14.6 from https://github.com/tseemann/prokka' -Z GCA_000009005\.1_ASM900v1_genomic\.gbff_pp1\/PROKKA_05152020\.err -i GCA_000009005\.1_ASM900v1_genomic\.gbff_pp1\/PROKKA_05152020\.fsa 2> /dev/null
[18:20:57] Deleting unwanted file: GCA_000009005.1_ASM900v1_genomic.gbff_pp1/errorsummary.val
[18:20:57] Deleting unwanted file: GCA_000009005.1_ASM900v1_genomic.gbff_pp1/PROKKA_05152020.dr
[18:20:57] Deleting unwanted file: GCA_000009005.1_ASM900v1_genomic.gbff_pp1/PROKKA_05152020.fixedproducts
[18:20:57] Deleting unwanted file: GCA_000009005.1_ASM900v1_genomic.gbff_pp1/PROKKA_05152020.ecn
[18:20:57] Deleting unwanted file: GCA_000009005.1_ASM900v1_genomic.gbff_pp1/PROKKA_05152020.val
[18:20:57] Repairing broken .GBK output that tbl2asn produces...
[18:20:57] Running: sed 's/COORDINATES: profile/COORDINATES:profile/' < GCA_000009005\.1_ASM900v1_genomic\.gbff_pp1\/PROKKA_05152020\.gbf > GCA_000009005\.1_ASM900v1_genomic\.gbff_pp1\/PROKKA_05152020\.gbk
[18:20:57] Deleting unwanted file: GCA_000009005.1_ASM900v1_genomic.gbff_pp1/PROKKA_05152020.gbf
[18:20:57] Output files:
[18:20:57] GCA_000009005.1_ASM900v1_genomic.gbff_pp1/PROKKA_05152020.err
[18:20:57] GCA_000009005.1_ASM900v1_genomic.gbff_pp1/PROKKA_05152020.faa
[18:20:57] GCA_000009005.1_ASM900v1_genomic.gbff_pp1/PROKKA_05152020.txt
[18:20:57] GCA_000009005.1_ASM900v1_genomic.gbff_pp1/PROKKA_05152020.fna
[18:20:57] GCA_000009005.1_ASM900v1_genomic.gbff_pp1/PROKKA_05152020.gbk
[18:20:57] GCA_000009005.1_ASM900v1_genomic.gbff_pp1/PROKKA_05152020.log
[18:20:57] GCA_000009005.1_ASM900v1_genomic.gbff_pp1/PROKKA_05152020.tsv
[18:20:57] GCA_000009005.1_ASM900v1_genomic.gbff_pp1/PROKKA_05152020.tbl
[18:20:57] GCA_000009005.1_ASM900v1_genomic.gbff_pp1/PROKKA_05152020.ffn
[18:20:57] GCA_000009005.1_ASM900v1_genomic.gbff_pp1/PROKKA_05152020.sqn
[18:20:57] GCA_000009005.1_ASM900v1_genomic.gbff_pp1/PROKKA_05152020.gff
[18:20:57] GCA_000009005.1_ASM900v1_genomic.gbff_pp1/PROKKA_05152020.fsa
[18:20:57] Annotation finished successfully.
[18:20:57] Walltime used: 0.05 minutes
[18:20:57] If you use this result please cite the Prokka paper:
[18:20:57] Seemann T (2014) Prokka: rapid prokaryotic genome annotation. Bioinformatics. 30(14):2068-9.
[18:20:57] Type 'prokka --citation' for more details.
[18:20:57] Share and enjoy!
