Discrepancy Report Results

Summary
DISC_SOURCE_QUALS_ASNDISC:strain (all present, all unique)
DISC_SOURCE_QUALS_ASNDISC:taxname (all present, all unique)
DISC_FEATURE_COUNT:gene: 25 present
DISC_FEATURE_COUNT:CDS: 25 present
DISC_COUNT_NUCLEOTIDES:1 nucleotide Bioseqs are present
OVERLAPPING_GENES:6 genes overlap another gene on the same strand.
DISC_QUALITY_SCORES:Quality scores are missing on all sequences.
ONCALLER_COMMENT_PRESENT:1 comment descriptors were found (all same)
MISSING_GENOMEASSEMBLY_COMMENTS:1 bioseqs are missing GenomeAssembly structured comments
MOLTYPE_NOT_MRNA:1 molecule types are not set as mRNA.
TECHNIQUE_NOT_TSA:1 technique are not set as TSA
MISSING_STRUCTURED_COMMENT:1 sequences do not include structured comments.
MISSING_PROJECT:26 sequences do not include project.
DISC_INCONSISTENT_MOLINFO_TECH:Molinfo Technique Report (some missing, all same)


Detailed Report

DiscRep_ALL:DISC_SOURCE_QUALS_ASNDISC::strain (all present, all unique)
DiscRep_SUB:DISC_SOURCE_QUALS_ASNDISC::1 sources have unique values for strain
DiscRep_ALL:DISC_SOURCE_QUALS_ASNDISC::taxname (all present, all unique)
DiscRep_SUB:DISC_SOURCE_QUALS_ASNDISC::1 sources have unique values for taxname
DiscRep_ALL:DISC_FEATURE_COUNT::gene: 25 present
DiscRep_ALL:DISC_FEATURE_COUNT::CDS: 25 present
DiscRep_ALL:DISC_COUNT_NUCLEOTIDES::1 nucleotide Bioseqs are present
GCA_000556445.1_Stap_aure_M0471_V1_genomic.gbff_pp17/PROKKA_05152020:X:KHDAMHGJ_1 (length 24579)

DiscRep_ALL:OVERLAPPING_GENES::6 genes overlap another gene on the same strand.
GCA_000556445.1_Stap_aure_M0471_V1_genomic.gbff_pp17/PROKKA_05152020:Gene	KHDAMHGJ_00013	KHDAMHGJ_1:11119-11706	KHDAMHGJ_00013
GCA_000556445.1_Stap_aure_M0471_V1_genomic.gbff_pp17/PROKKA_05152020:Gene	KHDAMHGJ_00014	KHDAMHGJ_1:11696-12283	KHDAMHGJ_00014
GCA_000556445.1_Stap_aure_M0471_V1_genomic.gbff_pp17/PROKKA_05152020:Gene	cca	KHDAMHGJ_1:15074-16276	KHDAMHGJ_00018
GCA_000556445.1_Stap_aure_M0471_V1_genomic.gbff_pp17/PROKKA_05152020:Gene	birA	KHDAMHGJ_1:16263-17234	KHDAMHGJ_00019
GCA_000556445.1_Stap_aure_M0471_V1_genomic.gbff_pp17/PROKKA_05152020:Gene	dnaD	KHDAMHGJ_1:21893-22579	KHDAMHGJ_00022
GCA_000556445.1_Stap_aure_M0471_V1_genomic.gbff_pp17/PROKKA_05152020:Gene	nth	KHDAMHGJ_1:22569-23228	KHDAMHGJ_00023

DiscRep_ALL:DISC_QUALITY_SCORES::Quality scores are missing on all sequences.

DiscRep_ALL:ONCALLER_COMMENT_PRESENT::1 comment descriptors were found (all same)
GCA_000556445.1_Stap_aure_M0471_V1_genomic.gbff_pp17/PROKKA_05152020:X:KHDAMHGJ_1:Annotated using prokka 1.14.6 from https://github.com/tseemann/prokka

DiscRep_ALL:MISSING_GENOMEASSEMBLY_COMMENTS::1 bioseqs are missing GenomeAssembly structured comments
GCA_000556445.1_Stap_aure_M0471_V1_genomic.gbff_pp17/PROKKA_05152020:X:KHDAMHGJ_1 (length 24579)

DiscRep_ALL:MOLTYPE_NOT_MRNA::1 molecule types are not set as mRNA.
GCA_000556445.1_Stap_aure_M0471_V1_genomic.gbff_pp17/PROKKA_05152020:X:KHDAMHGJ_1 (length 24579)

DiscRep_ALL:TECHNIQUE_NOT_TSA::1 technique are not set as TSA
GCA_000556445.1_Stap_aure_M0471_V1_genomic.gbff_pp17/PROKKA_05152020:X:KHDAMHGJ_1 (length 24579)

DiscRep_ALL:MISSING_STRUCTURED_COMMENT::1 sequences do not include structured comments.
GCA_000556445.1_Stap_aure_M0471_V1_genomic.gbff_pp17/PROKKA_05152020:X:KHDAMHGJ_1 (length 24579)

DiscRep_ALL:MISSING_PROJECT::26 sequences do not include project.
GCA_000556445.1_Stap_aure_M0471_V1_genomic.gbff_pp17/PROKKA_05152020:X:KHDAMHGJ_1 (length 24579)
GCA_000556445.1_Stap_aure_M0471_V1_genomic.gbff_pp17/PROKKA_05152020:X:KHDAMHGJ_00001 (length 204)
GCA_000556445.1_Stap_aure_M0471_V1_genomic.gbff_pp17/PROKKA_05152020:X:KHDAMHGJ_00002 (length 332)
GCA_000556445.1_Stap_aure_M0471_V1_genomic.gbff_pp17/PROKKA_05152020:X:KHDAMHGJ_00003 (length 90)
GCA_000556445.1_Stap_aure_M0471_V1_genomic.gbff_pp17/PROKKA_05152020:X:KHDAMHGJ_00004 (length 190)
GCA_000556445.1_Stap_aure_M0471_V1_genomic.gbff_pp17/PROKKA_05152020:X:KHDAMHGJ_00005 (length 241)
GCA_000556445.1_Stap_aure_M0471_V1_genomic.gbff_pp17/PROKKA_05152020:X:KHDAMHGJ_00006 (length 314)
GCA_000556445.1_Stap_aure_M0471_V1_genomic.gbff_pp17/PROKKA_05152020:X:KHDAMHGJ_00007 (length 149)
GCA_000556445.1_Stap_aure_M0471_V1_genomic.gbff_pp17/PROKKA_05152020:X:KHDAMHGJ_00008 (length 66)
GCA_000556445.1_Stap_aure_M0471_V1_genomic.gbff_pp17/PROKKA_05152020:X:KHDAMHGJ_00009 (length 388)
GCA_000556445.1_Stap_aure_M0471_V1_genomic.gbff_pp17/PROKKA_05152020:X:KHDAMHGJ_00010 (length 354)
GCA_000556445.1_Stap_aure_M0471_V1_genomic.gbff_pp17/PROKKA_05152020:X:KHDAMHGJ_00011 (length 432)
GCA_000556445.1_Stap_aure_M0471_V1_genomic.gbff_pp17/PROKKA_05152020:X:KHDAMHGJ_00012 (length 414)
GCA_000556445.1_Stap_aure_M0471_V1_genomic.gbff_pp17/PROKKA_05152020:X:KHDAMHGJ_00013 (length 195)
GCA_000556445.1_Stap_aure_M0471_V1_genomic.gbff_pp17/PROKKA_05152020:X:KHDAMHGJ_00014 (length 195)
GCA_000556445.1_Stap_aure_M0471_V1_genomic.gbff_pp17/PROKKA_05152020:X:KHDAMHGJ_00015 (length 232)
GCA_000556445.1_Stap_aure_M0471_V1_genomic.gbff_pp17/PROKKA_05152020:X:KHDAMHGJ_00016 (length 105)
GCA_000556445.1_Stap_aure_M0471_V1_genomic.gbff_pp17/PROKKA_05152020:X:KHDAMHGJ_00017 (length 380)
GCA_000556445.1_Stap_aure_M0471_V1_genomic.gbff_pp17/PROKKA_05152020:X:KHDAMHGJ_00018 (length 400)
GCA_000556445.1_Stap_aure_M0471_V1_genomic.gbff_pp17/PROKKA_05152020:X:KHDAMHGJ_00019 (length 323)
GCA_000556445.1_Stap_aure_M0471_V1_genomic.gbff_pp17/PROKKA_05152020:X:KHDAMHGJ_00020 (length 897)
GCA_000556445.1_Stap_aure_M0471_V1_genomic.gbff_pp17/PROKKA_05152020:X:KHDAMHGJ_00021 (length 430)
GCA_000556445.1_Stap_aure_M0471_V1_genomic.gbff_pp17/PROKKA_05152020:X:KHDAMHGJ_00022 (length 228)
GCA_000556445.1_Stap_aure_M0471_V1_genomic.gbff_pp17/PROKKA_05152020:X:KHDAMHGJ_00023 (length 219)
GCA_000556445.1_Stap_aure_M0471_V1_genomic.gbff_pp17/PROKKA_05152020:X:KHDAMHGJ_00024 (length 113)
GCA_000556445.1_Stap_aure_M0471_V1_genomic.gbff_pp17/PROKKA_05152020:X:KHDAMHGJ_00025 (length 148)

DiscRep_ALL:DISC_INCONSISTENT_MOLINFO_TECH::Molinfo Technique Report (some missing, all same)
DiscRep_SUB:DISC_INCONSISTENT_MOLINFO_TECH::technique (all missing)
DiscRep_SUB:DISC_INCONSISTENT_MOLINFO_TECH::1 Molinfos are missing field technique
GCA_000556445.1_Stap_aure_M0471_V1_genomic.gbff_pp17/PROKKA_05152020:X:KHDAMHGJ_1 (length 24579)

