Discrepancy Report Results

Summary
DISC_SOURCE_QUALS_ASNDISC:strain (all present, all unique)
DISC_SOURCE_QUALS_ASNDISC:taxname (all present, all unique)
DISC_FEATURE_COUNT:gene: 44 present
DISC_FEATURE_COUNT:CDS: 43 present
DISC_FEATURE_COUNT:rRNA: 1 present
DISC_COUNT_NUCLEOTIDES:1 nucleotide Bioseqs are present
OVERLAPPING_GENES:11 genes overlap another gene on the same strand.
DISC_QUALITY_SCORES:Quality scores are missing on all sequences.
FATAL: DISC_SUSPECT_RRNA_PRODUCTS:1 rRNA product names contain suspect phrase
FATAL: DISC_SHORT_RRNA:1 rRNA features are too short
ONCALLER_COMMENT_PRESENT:1 comment descriptors were found (all same)
SHORT_PROT_SEQUENCES:1 protein sequences are shorter than 50 aa.
MISSING_GENOMEASSEMBLY_COMMENTS:1 bioseqs are missing GenomeAssembly structured comments
MOLTYPE_NOT_MRNA:1 molecule types are not set as mRNA.
TECHNIQUE_NOT_TSA:1 technique are not set as TSA
MISSING_STRUCTURED_COMMENT:1 sequences do not include structured comments.
MISSING_PROJECT:44 sequences do not include project.
FATAL: RRNA_NAME_CONFLICTS:1 rRNA product names are not standard. Correct the names to the standard format, eg "16S ribosomal RNA"
DISC_INCONSISTENT_MOLINFO_TECH:Molinfo Technique Report (some missing, all same)


Detailed Report

DiscRep_ALL:DISC_SOURCE_QUALS_ASNDISC::strain (all present, all unique)
DiscRep_SUB:DISC_SOURCE_QUALS_ASNDISC::1 sources have unique values for strain
DiscRep_ALL:DISC_SOURCE_QUALS_ASNDISC::taxname (all present, all unique)
DiscRep_SUB:DISC_SOURCE_QUALS_ASNDISC::1 sources have unique values for taxname
DiscRep_ALL:DISC_FEATURE_COUNT::gene: 44 present
DiscRep_ALL:DISC_FEATURE_COUNT::CDS: 43 present
DiscRep_ALL:DISC_FEATURE_COUNT::rRNA: 1 present
DiscRep_ALL:DISC_COUNT_NUCLEOTIDES::1 nucleotide Bioseqs are present
GCA_000009005.1_ASM900v1_genomic.gbff_pp14/PROKKA_05152020:X:PKFPGIHL_1 (length 47037)

DiscRep_ALL:OVERLAPPING_GENES::11 genes overlap another gene on the same strand.
GCA_000009005.1_ASM900v1_genomic.gbff_pp14/PROKKA_05152020:Gene	dgk	PKFPGIHL_1:18-296	PKFPGIHL_00001
GCA_000009005.1_ASM900v1_genomic.gbff_pp14/PROKKA_05152020:Gene	dck	PKFPGIHL_1:289-951	PKFPGIHL_00002
GCA_000009005.1_ASM900v1_genomic.gbff_pp14/PROKKA_05152020:Gene	rplA	PKFPGIHL_1:c25572-24880	PKFPGIHL_00020
GCA_000009005.1_ASM900v1_genomic.gbff_pp14/PROKKA_05152020:Gene	PKFPGIHL_00021	PKFPGIHL_1:c25693-25565	PKFPGIHL_00021
GCA_000009005.1_ASM900v1_genomic.gbff_pp14/PROKKA_05152020:Gene	yacP	PKFPGIHL_1:c28614-28090	PKFPGIHL_00026
GCA_000009005.1_ASM900v1_genomic.gbff_pp14/PROKKA_05152020:Gene	PKFPGIHL_00027	PKFPGIHL_1:c29360-28614	PKFPGIHL_00027
GCA_000009005.1_ASM900v1_genomic.gbff_pp14/PROKKA_05152020:Gene	mrnC	PKFPGIHL_1:c29772-29368	PKFPGIHL_00028
GCA_000009005.1_ASM900v1_genomic.gbff_pp14/PROKKA_05152020:Gene	cysS	PKFPGIHL_1:c31165-29765	PKFPGIHL_00029
GCA_000009005.1_ASM900v1_genomic.gbff_pp14/PROKKA_05152020:Gene	cysE	PKFPGIHL_1:c31829-31149	PKFPGIHL_00030
GCA_000009005.1_ASM900v1_genomic.gbff_pp14/PROKKA_05152020:Gene	mcsB	PKFPGIHL_1:c40657-39647	PKFPGIHL_00035
GCA_000009005.1_ASM900v1_genomic.gbff_pp14/PROKKA_05152020:Gene	mcsA	PKFPGIHL_1:c41210-40644	PKFPGIHL_00036

DiscRep_ALL:DISC_QUALITY_SCORES::Quality scores are missing on all sequences.

FATAL: DiscRep_ALL:DISC_SUSPECT_RRNA_PRODUCTS::1 rRNA product names contain suspect phrase
FATAL: DiscRep_SUB:DISC_SUSPECT_RRNA_PRODUCTS::1 rRNA product names contains 'partial'
GCA_000009005.1_ASM900v1_genomic.gbff_pp14/PROKKA_05152020:rRNA	5S ribosomal RNA (partial)	PKFPGIHL_1:c47031-46954	PKFPGIHL_00044

FATAL: DiscRep_ALL:DISC_SHORT_RRNA::1 rRNA features are too short
GCA_000009005.1_ASM900v1_genomic.gbff_pp14/PROKKA_05152020:rRNA	5S ribosomal RNA (partial)	PKFPGIHL_1:c47031-46954	PKFPGIHL_00044

DiscRep_ALL:ONCALLER_COMMENT_PRESENT::1 comment descriptors were found (all same)
GCA_000009005.1_ASM900v1_genomic.gbff_pp14/PROKKA_05152020:X:PKFPGIHL_1:Annotated using prokka 1.14.6 from https://github.com/tseemann/prokka

DiscRep_ALL:SHORT_PROT_SEQUENCES::1 protein sequences are shorter than 50 aa.
GCA_000009005.1_ASM900v1_genomic.gbff_pp14/PROKKA_05152020:X:PKFPGIHL_00021 (length 42)

DiscRep_ALL:MISSING_GENOMEASSEMBLY_COMMENTS::1 bioseqs are missing GenomeAssembly structured comments
GCA_000009005.1_ASM900v1_genomic.gbff_pp14/PROKKA_05152020:X:PKFPGIHL_1 (length 47037)

DiscRep_ALL:MOLTYPE_NOT_MRNA::1 molecule types are not set as mRNA.
GCA_000009005.1_ASM900v1_genomic.gbff_pp14/PROKKA_05152020:X:PKFPGIHL_1 (length 47037)

DiscRep_ALL:TECHNIQUE_NOT_TSA::1 technique are not set as TSA
GCA_000009005.1_ASM900v1_genomic.gbff_pp14/PROKKA_05152020:X:PKFPGIHL_1 (length 47037)

DiscRep_ALL:MISSING_STRUCTURED_COMMENT::1 sequences do not include structured comments.
GCA_000009005.1_ASM900v1_genomic.gbff_pp14/PROKKA_05152020:X:PKFPGIHL_1 (length 47037)

DiscRep_ALL:MISSING_PROJECT::44 sequences do not include project.
GCA_000009005.1_ASM900v1_genomic.gbff_pp14/PROKKA_05152020:X:PKFPGIHL_1 (length 47037)
GCA_000009005.1_ASM900v1_genomic.gbff_pp14/PROKKA_05152020:X:PKFPGIHL_00001 (length 92)
GCA_000009005.1_ASM900v1_genomic.gbff_pp14/PROKKA_05152020:X:PKFPGIHL_00002 (length 220)
GCA_000009005.1_ASM900v1_genomic.gbff_pp14/PROKKA_05152020:X:PKFPGIHL_00003 (length 227)
GCA_000009005.1_ASM900v1_genomic.gbff_pp14/PROKKA_05152020:X:PKFPGIHL_00004 (length 358)
GCA_000009005.1_ASM900v1_genomic.gbff_pp14/PROKKA_05152020:X:PKFPGIHL_00005 (length 321)
GCA_000009005.1_ASM900v1_genomic.gbff_pp14/PROKKA_05152020:X:PKFPGIHL_00006 (length 546)
GCA_000009005.1_ASM900v1_genomic.gbff_pp14/PROKKA_05152020:X:PKFPGIHL_00007 (length 292)
GCA_000009005.1_ASM900v1_genomic.gbff_pp14/PROKKA_05152020:X:PKFPGIHL_00008 (length 395)
GCA_000009005.1_ASM900v1_genomic.gbff_pp14/PROKKA_05152020:X:PKFPGIHL_00009 (length 391)
GCA_000009005.1_ASM900v1_genomic.gbff_pp14/PROKKA_05152020:X:PKFPGIHL_00010 (length 394)
GCA_000009005.1_ASM900v1_genomic.gbff_pp14/PROKKA_05152020:X:PKFPGIHL_00011 (length 693)
GCA_000009005.1_ASM900v1_genomic.gbff_pp14/PROKKA_05152020:X:PKFPGIHL_00012 (length 156)
GCA_000009005.1_ASM900v1_genomic.gbff_pp14/PROKKA_05152020:X:PKFPGIHL_00013 (length 137)
GCA_000009005.1_ASM900v1_genomic.gbff_pp14/PROKKA_05152020:X:PKFPGIHL_00014 (length 103)
GCA_000009005.1_ASM900v1_genomic.gbff_pp14/PROKKA_05152020:X:PKFPGIHL_00015 (length 1207)
GCA_000009005.1_ASM900v1_genomic.gbff_pp14/PROKKA_05152020:X:PKFPGIHL_00016 (length 1183)
GCA_000009005.1_ASM900v1_genomic.gbff_pp14/PROKKA_05152020:X:PKFPGIHL_00017 (length 202)
GCA_000009005.1_ASM900v1_genomic.gbff_pp14/PROKKA_05152020:X:PKFPGIHL_00018 (length 122)
GCA_000009005.1_ASM900v1_genomic.gbff_pp14/PROKKA_05152020:X:PKFPGIHL_00019 (length 166)
GCA_000009005.1_ASM900v1_genomic.gbff_pp14/PROKKA_05152020:X:PKFPGIHL_00020 (length 230)
GCA_000009005.1_ASM900v1_genomic.gbff_pp14/PROKKA_05152020:X:PKFPGIHL_00021 (length 42)
GCA_000009005.1_ASM900v1_genomic.gbff_pp14/PROKKA_05152020:X:PKFPGIHL_00022 (length 140)
GCA_000009005.1_ASM900v1_genomic.gbff_pp14/PROKKA_05152020:X:PKFPGIHL_00023 (length 182)
GCA_000009005.1_ASM900v1_genomic.gbff_pp14/PROKKA_05152020:X:PKFPGIHL_00024 (length 60)
GCA_000009005.1_ASM900v1_genomic.gbff_pp14/PROKKA_05152020:X:PKFPGIHL_00025 (length 189)
GCA_000009005.1_ASM900v1_genomic.gbff_pp14/PROKKA_05152020:X:PKFPGIHL_00026 (length 174)
GCA_000009005.1_ASM900v1_genomic.gbff_pp14/PROKKA_05152020:X:PKFPGIHL_00027 (length 248)
GCA_000009005.1_ASM900v1_genomic.gbff_pp14/PROKKA_05152020:X:PKFPGIHL_00028 (length 134)
GCA_000009005.1_ASM900v1_genomic.gbff_pp14/PROKKA_05152020:X:PKFPGIHL_00029 (length 466)
GCA_000009005.1_ASM900v1_genomic.gbff_pp14/PROKKA_05152020:X:PKFPGIHL_00030 (length 226)
GCA_000009005.1_ASM900v1_genomic.gbff_pp14/PROKKA_05152020:X:PKFPGIHL_00031 (length 484)
GCA_000009005.1_ASM900v1_genomic.gbff_pp14/PROKKA_05152020:X:PKFPGIHL_00032 (length 357)
GCA_000009005.1_ASM900v1_genomic.gbff_pp14/PROKKA_05152020:X:PKFPGIHL_00033 (length 454)
GCA_000009005.1_ASM900v1_genomic.gbff_pp14/PROKKA_05152020:X:PKFPGIHL_00034 (length 818)
GCA_000009005.1_ASM900v1_genomic.gbff_pp14/PROKKA_05152020:X:PKFPGIHL_00035 (length 336)
GCA_000009005.1_ASM900v1_genomic.gbff_pp14/PROKKA_05152020:X:PKFPGIHL_00036 (length 188)
GCA_000009005.1_ASM900v1_genomic.gbff_pp14/PROKKA_05152020:X:PKFPGIHL_00037 (length 153)
GCA_000009005.1_ASM900v1_genomic.gbff_pp14/PROKKA_05152020:X:PKFPGIHL_00038 (length 404)
GCA_000009005.1_ASM900v1_genomic.gbff_pp14/PROKKA_05152020:X:PKFPGIHL_00039 (length 50)
GCA_000009005.1_ASM900v1_genomic.gbff_pp14/PROKKA_05152020:X:PKFPGIHL_00040 (length 186)
GCA_000009005.1_ASM900v1_genomic.gbff_pp14/PROKKA_05152020:X:PKFPGIHL_00041 (length 295)
GCA_000009005.1_ASM900v1_genomic.gbff_pp14/PROKKA_05152020:X:PKFPGIHL_00042 (length 460)
GCA_000009005.1_ASM900v1_genomic.gbff_pp14/PROKKA_05152020:X:PKFPGIHL_00043 (length 61)

FATAL: DiscRep_ALL:RRNA_NAME_CONFLICTS::1 rRNA product names are not standard. Correct the names to the standard format, eg "16S ribosomal RNA"
GCA_000009005.1_ASM900v1_genomic.gbff_pp14/PROKKA_05152020:rRNA	5S ribosomal RNA (partial)	PKFPGIHL_1:c47031-46954	PKFPGIHL_00044

DiscRep_ALL:DISC_INCONSISTENT_MOLINFO_TECH::Molinfo Technique Report (some missing, all same)
DiscRep_SUB:DISC_INCONSISTENT_MOLINFO_TECH::technique (all missing)
DiscRep_SUB:DISC_INCONSISTENT_MOLINFO_TECH::1 Molinfos are missing field technique
GCA_000009005.1_ASM900v1_genomic.gbff_pp14/PROKKA_05152020:X:PKFPGIHL_1 (length 47037)

