[18:26:18] This is prokka 1.14.6
[18:26:18] Written by Torsten Seemann <torsten.seemann@gmail.com>
[18:26:18] Homepage is https://github.com/tseemann/prokka
[18:26:18] Local time is Fri May 15 18:26:18 2020
[18:26:18] You are tsweet
[18:26:18] Operating system is linux
[18:26:18] You have BioPerl 1.007002
[18:26:18] System has 8 cores.
[18:26:18] Will use maximum of 8 cores.
[18:26:18] Annotating as >>> Bacteria <<<
[18:26:18] Generating locus_tag from '70015.1_Stap_aure_H87628_V1_genomic.gbff_pp17' contents.
[18:26:18] Setting --locustag PIMDMHEP from MD5 926d61e919fddb304a26c94c324804d4
[18:26:18] Enabling options to ensure Genbank/ENA/DDJB submission compliance.
[18:26:18] Creating new output folder: GCA_000570015.1_Stap_aure_H87628_V1_genomic.gbff_pp17
[18:26:18] Running: mkdir -p GCA_000570015\.1_Stap_aure_H87628_V1_genomic\.gbff_pp17
[18:26:18] Using filename prefix: PROKKA_05152020.XXX
[18:26:18] Setting HMMER_NCPU=1
[18:26:18] Writing log to: GCA_000570015.1_Stap_aure_H87628_V1_genomic.gbff_pp17/PROKKA_05152020.log
[18:26:18] Command: /home/tsweet/anaconda3/bin/prokka --centre X --compliant 70015.1_Stap_aure_H87628_V1_genomic.gbff_pp17 --outdir GCA_000570015.1_Stap_aure_H87628_V1_genomic.gbff_pp17
[18:26:18] Appending to PATH: /home/tsweet/anaconda3/bin
[18:26:18] Looking for 'aragorn' - found /home/tsweet/anaconda3/bin/aragorn
[18:26:18] Determined aragorn version is 001002 from 'ARAGORN v1.2.38 Dean Laslett'
[18:26:18] Looking for 'barrnap' - found /home/tsweet/anaconda3/bin/barrnap
[18:26:18] Determined barrnap version is 000009 from 'barrnap 0.9'
[18:26:18] Looking for 'blastp' - found /home/tsweet/anaconda3/bin/blastp
[18:26:19] Determined blastp version is 002009 from 'blastp: 2.9.0+'
[18:26:19] Looking for 'cmpress' - found /home/tsweet/anaconda3/bin/cmpress
[18:26:19] Determined cmpress version is 001001 from '# INFERNAL 1.1.2 (July 2016)'
[18:26:19] Looking for 'cmscan' - found /home/tsweet/anaconda3/bin/cmscan
[18:26:19] Determined cmscan version is 001001 from '# INFERNAL 1.1.2 (July 2016)'
[18:26:19] Looking for 'egrep' - found /bin/egrep
[18:26:19] Looking for 'find' - found /usr/bin/find
[18:26:19] Looking for 'grep' - found /bin/grep
[18:26:19] Looking for 'hmmpress' - found /home/tsweet/anaconda3/bin/hmmpress
[18:26:19] Determined hmmpress version is 003003 from '# HMMER 3.3 (Nov 2019); http://hmmer.org/'
[18:26:19] Looking for 'hmmscan' - found /home/tsweet/anaconda3/bin/hmmscan
[18:26:19] Determined hmmscan version is 003003 from '# HMMER 3.3 (Nov 2019); http://hmmer.org/'
[18:26:19] Looking for 'java' - found /home/tsweet/anaconda3/bin/java
[18:26:19] Looking for 'makeblastdb' - found /home/tsweet/anaconda3/bin/makeblastdb
[18:26:19] Determined makeblastdb version is 002009 from 'makeblastdb: 2.9.0+'
[18:26:19] Looking for 'minced' - found /home/tsweet/anaconda3/bin/minced
[18:26:19] Determined minced version is 004002 from 'minced 0.4.2'
[18:26:19] Looking for 'parallel' - found /home/tsweet/anaconda3/bin/parallel
[18:26:19] Determined parallel version is 20200322 from 'GNU parallel 20200322'
[18:26:19] Looking for 'prodigal' - found /home/tsweet/anaconda3/bin/prodigal
[18:26:19] Determined prodigal version is 002006 from 'Prodigal V2.6.3: February, 2016'
[18:26:19] Looking for 'prokka-genbank_to_fasta_db' - found /home/tsweet/anaconda3/bin/prokka-genbank_to_fasta_db
[18:26:19] Looking for 'sed' - found /bin/sed
[18:26:19] Looking for 'tbl2asn' - found /home/tsweet/anaconda3/bin/tbl2asn
[18:26:19] Determined tbl2asn version is 025007 from 'tbl2asn 25.7   arguments:'
[18:26:19] Using genetic code table 11.
[18:26:19] Loading and checking input file: 70015.1_Stap_aure_H87628_V1_genomic.gbff_pp17
[18:26:19] Wrote 1 contigs totalling 5301 bp.
[18:26:19] Predicting tRNAs and tmRNAs
[18:26:19] Running: aragorn -l -gc11  -w GCA_000570015\.1_Stap_aure_H87628_V1_genomic\.gbff_pp17\/PROKKA_05152020\.fna
[18:26:19] Found 0 tRNAs
[18:26:19] Predicting Ribosomal RNAs
[18:26:19] Running Barrnap with 8 threads
[18:26:19] Found 0 rRNAs
[18:26:19] Skipping ncRNA search, enable with --rfam if desired.
[18:26:19] Total of 0 tRNA + rRNA features
[18:26:19] Searching for CRISPR repeats
[18:26:19] Found 0 CRISPRs
[18:26:19] Predicting coding sequences
[18:26:19] Contigs total 5301 bp, so using meta mode
[18:26:19] Running: prodigal -i GCA_000570015\.1_Stap_aure_H87628_V1_genomic\.gbff_pp17\/PROKKA_05152020\.fna -c -m -g 11 -p meta -f sco -q
[18:26:19] Found 5 CDS
[18:26:19] Connecting features back to sequences
[18:26:19] Not using genus-specific database. Try --usegenus to enable it.
[18:26:19] Annotating CDS, please be patient.
[18:26:19] Will use 8 CPUs for similarity searching.
[18:26:19] There are still 5 unannotated CDS left (started with 5)
[18:26:19] Will use blast to search against /home/tsweet/anaconda3/db/kingdom/Bacteria/IS with 8 CPUs
[18:26:19] Running: cat GCA_000570015\.1_Stap_aure_H87628_V1_genomic\.gbff_pp17\/PROKKA_05152020\.IS\.tmp\.30606\.faa | parallel --gnu --plain -j 8 --block 89 --recstart '>' --pipe blastp -query - -db /home/tsweet/anaconda3/db/kingdom/Bacteria/IS -evalue 1e-30 -qcov_hsp_perc 90 -num_threads 1 -num_descriptions 1 -num_alignments 1 -seg no > GCA_000570015\.1_Stap_aure_H87628_V1_genomic\.gbff_pp17\/PROKKA_05152020\.IS\.tmp\.30606\.blast 2> /dev/null
[18:26:19] Deleting unwanted file: GCA_000570015.1_Stap_aure_H87628_V1_genomic.gbff_pp17/PROKKA_05152020.IS.tmp.30606.faa
[18:26:19] Deleting unwanted file: GCA_000570015.1_Stap_aure_H87628_V1_genomic.gbff_pp17/PROKKA_05152020.IS.tmp.30606.blast
[18:26:19] There are still 5 unannotated CDS left (started with 5)
[18:26:19] Will use blast to search against /home/tsweet/anaconda3/db/kingdom/Bacteria/AMR with 8 CPUs
[18:26:19] Running: cat GCA_000570015\.1_Stap_aure_H87628_V1_genomic\.gbff_pp17\/PROKKA_05152020\.AMR\.tmp\.30606\.faa | parallel --gnu --plain -j 8 --block 89 --recstart '>' --pipe blastp -query - -db /home/tsweet/anaconda3/db/kingdom/Bacteria/AMR -evalue 9.99999999999999e-301 -qcov_hsp_perc 90 -num_threads 1 -num_descriptions 1 -num_alignments 1 -seg no > GCA_000570015\.1_Stap_aure_H87628_V1_genomic\.gbff_pp17\/PROKKA_05152020\.AMR\.tmp\.30606\.blast 2> /dev/null
[18:26:19] Deleting unwanted file: GCA_000570015.1_Stap_aure_H87628_V1_genomic.gbff_pp17/PROKKA_05152020.AMR.tmp.30606.faa
[18:26:19] Deleting unwanted file: GCA_000570015.1_Stap_aure_H87628_V1_genomic.gbff_pp17/PROKKA_05152020.AMR.tmp.30606.blast
[18:26:19] There are still 5 unannotated CDS left (started with 5)
[18:26:19] Will use blast to search against /home/tsweet/anaconda3/db/kingdom/Bacteria/sprot with 8 CPUs
[18:26:19] Running: cat GCA_000570015\.1_Stap_aure_H87628_V1_genomic\.gbff_pp17\/PROKKA_05152020\.sprot\.tmp\.30606\.faa | parallel --gnu --plain -j 8 --block 89 --recstart '>' --pipe blastp -query - -db /home/tsweet/anaconda3/db/kingdom/Bacteria/sprot -evalue 1e-09 -qcov_hsp_perc 80 -num_threads 1 -num_descriptions 1 -num_alignments 1 -seg no > GCA_000570015\.1_Stap_aure_H87628_V1_genomic\.gbff_pp17\/PROKKA_05152020\.sprot\.tmp\.30606\.blast 2> /dev/null
[18:26:20] Deleting unwanted file: GCA_000570015.1_Stap_aure_H87628_V1_genomic.gbff_pp17/PROKKA_05152020.sprot.tmp.30606.faa
[18:26:20] Deleting unwanted file: GCA_000570015.1_Stap_aure_H87628_V1_genomic.gbff_pp17/PROKKA_05152020.sprot.tmp.30606.blast
[18:26:20] There are still 2 unannotated CDS left (started with 5)
[18:26:20] Will use hmmer3 to search against /home/tsweet/anaconda3/db/hmm/HAMAP.hmm with 8 CPUs
[18:26:20] Running: cat GCA_000570015\.1_Stap_aure_H87628_V1_genomic\.gbff_pp17\/PROKKA_05152020\.HAMAP\.hmm\.tmp\.30606\.faa | parallel --gnu --plain -j 8 --block 32 --recstart '>' --pipe hmmscan --noali --notextw --acc -E 1e-09 --cpu 1 /home/tsweet/anaconda3/db/hmm/HAMAP.hmm /dev/stdin > GCA_000570015\.1_Stap_aure_H87628_V1_genomic\.gbff_pp17\/PROKKA_05152020\.HAMAP\.hmm\.tmp\.30606\.hmmer3 2> /dev/null
[18:26:20] Deleting unwanted file: GCA_000570015.1_Stap_aure_H87628_V1_genomic.gbff_pp17/PROKKA_05152020.HAMAP.hmm.tmp.30606.faa
[18:26:20] Deleting unwanted file: GCA_000570015.1_Stap_aure_H87628_V1_genomic.gbff_pp17/PROKKA_05152020.HAMAP.hmm.tmp.30606.hmmer3
[18:26:20] Labelling remaining 2 proteins as 'hypothetical protein'
[18:26:20] Found 3 unique /gene codes.
[18:26:20] Fixed 0 colliding /gene names.
[18:26:20] Adding /locus_tag identifiers
[18:26:20] Assigned 5 locus_tags to CDS and RNA features.
[18:26:20] Writing outputs to GCA_000570015.1_Stap_aure_H87628_V1_genomic.gbff_pp17/
[18:26:20] Generating annotation statistics file
[18:26:20] Generating Genbank and Sequin files
[18:26:20] Running: tbl2asn -V b -a r10k -l paired-ends -M n -N 1 -y 'Annotated using prokka 1.14.6 from https://github.com/tseemann/prokka' -Z GCA_000570015\.1_Stap_aure_H87628_V1_genomic\.gbff_pp17\/PROKKA_05152020\.err -i GCA_000570015\.1_Stap_aure_H87628_V1_genomic\.gbff_pp17\/PROKKA_05152020\.fsa 2> /dev/null
[18:26:20] Deleting unwanted file: GCA_000570015.1_Stap_aure_H87628_V1_genomic.gbff_pp17/errorsummary.val
[18:26:20] Deleting unwanted file: GCA_000570015.1_Stap_aure_H87628_V1_genomic.gbff_pp17/PROKKA_05152020.dr
[18:26:20] Deleting unwanted file: GCA_000570015.1_Stap_aure_H87628_V1_genomic.gbff_pp17/PROKKA_05152020.fixedproducts
[18:26:20] Deleting unwanted file: GCA_000570015.1_Stap_aure_H87628_V1_genomic.gbff_pp17/PROKKA_05152020.ecn
[18:26:20] Deleting unwanted file: GCA_000570015.1_Stap_aure_H87628_V1_genomic.gbff_pp17/PROKKA_05152020.val
[18:26:20] Repairing broken .GBK output that tbl2asn produces...
[18:26:20] Running: sed 's/COORDINATES: profile/COORDINATES:profile/' < GCA_000570015\.1_Stap_aure_H87628_V1_genomic\.gbff_pp17\/PROKKA_05152020\.gbf > GCA_000570015\.1_Stap_aure_H87628_V1_genomic\.gbff_pp17\/PROKKA_05152020\.gbk
[18:26:20] Deleting unwanted file: GCA_000570015.1_Stap_aure_H87628_V1_genomic.gbff_pp17/PROKKA_05152020.gbf
[18:26:20] Output files:
[18:26:20] GCA_000570015.1_Stap_aure_H87628_V1_genomic.gbff_pp17/PROKKA_05152020.err
[18:26:20] GCA_000570015.1_Stap_aure_H87628_V1_genomic.gbff_pp17/PROKKA_05152020.faa
[18:26:20] GCA_000570015.1_Stap_aure_H87628_V1_genomic.gbff_pp17/PROKKA_05152020.txt
[18:26:20] GCA_000570015.1_Stap_aure_H87628_V1_genomic.gbff_pp17/PROKKA_05152020.fna
[18:26:20] GCA_000570015.1_Stap_aure_H87628_V1_genomic.gbff_pp17/PROKKA_05152020.gbk
[18:26:20] GCA_000570015.1_Stap_aure_H87628_V1_genomic.gbff_pp17/PROKKA_05152020.log
[18:26:20] GCA_000570015.1_Stap_aure_H87628_V1_genomic.gbff_pp17/PROKKA_05152020.tsv
[18:26:20] GCA_000570015.1_Stap_aure_H87628_V1_genomic.gbff_pp17/PROKKA_05152020.tbl
[18:26:20] GCA_000570015.1_Stap_aure_H87628_V1_genomic.gbff_pp17/PROKKA_05152020.ffn
[18:26:20] GCA_000570015.1_Stap_aure_H87628_V1_genomic.gbff_pp17/PROKKA_05152020.sqn
[18:26:20] GCA_000570015.1_Stap_aure_H87628_V1_genomic.gbff_pp17/PROKKA_05152020.gff
[18:26:20] GCA_000570015.1_Stap_aure_H87628_V1_genomic.gbff_pp17/PROKKA_05152020.fsa
[18:26:20] Annotation finished successfully.
[18:26:20] Walltime used: 0.03 minutes
[18:26:20] If you use this result please cite the Prokka paper:
[18:26:20] Seemann T (2014) Prokka: rapid prokaryotic genome annotation. Bioinformatics. 30(14):2068-9.
[18:26:20] Type 'prokka --citation' for more details.
[18:26:20] Thank you, come again.
