[18:21:17] This is prokka 1.14.6
[18:21:17] Written by Torsten Seemann <torsten.seemann@gmail.com>
[18:21:17] Homepage is https://github.com/tseemann/prokka
[18:21:17] Local time is Fri May 15 18:21:17 2020
[18:21:17] You are tsweet
[18:21:17] Operating system is linux
[18:21:17] You have BioPerl 1.007002
[18:21:17] System has 8 cores.
[18:21:17] Will use maximum of 8 cores.
[18:21:17] Annotating as >>> Bacteria <<<
[18:21:17] Generating locus_tag from '005.1_ASM900v1_genomic.gbff_pp16' contents.
[18:21:17] Setting --locustag CAFLMJIC from MD5 caf5632c4d882c363dd81e1c813dd409
[18:21:17] Enabling options to ensure Genbank/ENA/DDJB submission compliance.
[18:21:17] Creating new output folder: GCA_000009005.1_ASM900v1_genomic.gbff_pp16
[18:21:17] Running: mkdir -p GCA_000009005\.1_ASM900v1_genomic\.gbff_pp16
[18:21:17] Using filename prefix: PROKKA_05152020.XXX
[18:21:17] Setting HMMER_NCPU=1
[18:21:17] Writing log to: GCA_000009005.1_ASM900v1_genomic.gbff_pp16/PROKKA_05152020.log
[18:21:17] Command: /home/tsweet/anaconda3/bin/prokka --centre X --compliant 005.1_ASM900v1_genomic.gbff_pp16 --outdir GCA_000009005.1_ASM900v1_genomic.gbff_pp16
[18:21:17] Appending to PATH: /home/tsweet/anaconda3/bin
[18:21:17] Looking for 'aragorn' - found /home/tsweet/anaconda3/bin/aragorn
[18:21:17] Determined aragorn version is 001002 from 'ARAGORN v1.2.38 Dean Laslett'
[18:21:17] Looking for 'barrnap' - found /home/tsweet/anaconda3/bin/barrnap
[18:21:17] Determined barrnap version is 000009 from 'barrnap 0.9'
[18:21:17] Looking for 'blastp' - found /home/tsweet/anaconda3/bin/blastp
[18:21:17] Determined blastp version is 002009 from 'blastp: 2.9.0+'
[18:21:17] Looking for 'cmpress' - found /home/tsweet/anaconda3/bin/cmpress
[18:21:17] Determined cmpress version is 001001 from '# INFERNAL 1.1.2 (July 2016)'
[18:21:17] Looking for 'cmscan' - found /home/tsweet/anaconda3/bin/cmscan
[18:21:17] Determined cmscan version is 001001 from '# INFERNAL 1.1.2 (July 2016)'
[18:21:17] Looking for 'egrep' - found /bin/egrep
[18:21:17] Looking for 'find' - found /usr/bin/find
[18:21:17] Looking for 'grep' - found /bin/grep
[18:21:17] Looking for 'hmmpress' - found /home/tsweet/anaconda3/bin/hmmpress
[18:21:17] Determined hmmpress version is 003003 from '# HMMER 3.3 (Nov 2019); http://hmmer.org/'
[18:21:17] Looking for 'hmmscan' - found /home/tsweet/anaconda3/bin/hmmscan
[18:21:17] Determined hmmscan version is 003003 from '# HMMER 3.3 (Nov 2019); http://hmmer.org/'
[18:21:17] Looking for 'java' - found /home/tsweet/anaconda3/bin/java
[18:21:17] Looking for 'makeblastdb' - found /home/tsweet/anaconda3/bin/makeblastdb
[18:21:17] Determined makeblastdb version is 002009 from 'makeblastdb: 2.9.0+'
[18:21:17] Looking for 'minced' - found /home/tsweet/anaconda3/bin/minced
[18:21:17] Determined minced version is 004002 from 'minced 0.4.2'
[18:21:17] Looking for 'parallel' - found /home/tsweet/anaconda3/bin/parallel
[18:21:17] Determined parallel version is 20200322 from 'GNU parallel 20200322'
[18:21:17] Looking for 'prodigal' - found /home/tsweet/anaconda3/bin/prodigal
[18:21:17] Determined prodigal version is 002006 from 'Prodigal V2.6.3: February, 2016'
[18:21:17] Looking for 'prokka-genbank_to_fasta_db' - found /home/tsweet/anaconda3/bin/prokka-genbank_to_fasta_db
[18:21:17] Looking for 'sed' - found /bin/sed
[18:21:17] Looking for 'tbl2asn' - found /home/tsweet/anaconda3/bin/tbl2asn
[18:21:17] Determined tbl2asn version is 025007 from 'tbl2asn 25.7   arguments:'
[18:21:17] Using genetic code table 11.
[18:21:17] Loading and checking input file: 005.1_ASM900v1_genomic.gbff_pp16
[18:21:17] Wrote 1 contigs totalling 139348 bp.
[18:21:17] Predicting tRNAs and tmRNAs
[18:21:17] Running: aragorn -l -gc11  -w GCA_000009005\.1_ASM900v1_genomic\.gbff_pp16\/PROKKA_05152020\.fna
[18:21:17] Found 0 tRNAs
[18:21:17] Predicting Ribosomal RNAs
[18:21:17] Running Barrnap with 8 threads
[18:21:17] Found 0 rRNAs
[18:21:17] Skipping ncRNA search, enable with --rfam if desired.
[18:21:17] Total of 0 tRNA + rRNA features
[18:21:17] Searching for CRISPR repeats
[18:21:17] Found 0 CRISPRs
[18:21:17] Predicting coding sequences
[18:21:17] Contigs total 139348 bp, so using single mode
[18:21:17] Running: prodigal -i GCA_000009005\.1_ASM900v1_genomic\.gbff_pp16\/PROKKA_05152020\.fna -c -m -g 11 -p single -f sco -q
[18:21:17] Found 144 CDS
[18:21:17] Connecting features back to sequences
[18:21:17] Not using genus-specific database. Try --usegenus to enable it.
[18:21:17] Annotating CDS, please be patient.
[18:21:17] Will use 8 CPUs for similarity searching.
[18:21:17] There are still 144 unannotated CDS left (started with 144)
[18:21:17] Will use blast to search against /home/tsweet/anaconda3/db/kingdom/Bacteria/IS with 8 CPUs
[18:21:17] Running: cat GCA_000009005\.1_ASM900v1_genomic\.gbff_pp16\/PROKKA_05152020\.IS\.tmp\.9922\.faa | parallel --gnu --plain -j 8 --block 2625 --recstart '>' --pipe blastp -query - -db /home/tsweet/anaconda3/db/kingdom/Bacteria/IS -evalue 1e-30 -qcov_hsp_perc 90 -num_threads 1 -num_descriptions 1 -num_alignments 1 -seg no > GCA_000009005\.1_ASM900v1_genomic\.gbff_pp16\/PROKKA_05152020\.IS\.tmp\.9922\.blast 2> /dev/null
[18:21:18] Deleting unwanted file: GCA_000009005.1_ASM900v1_genomic.gbff_pp16/PROKKA_05152020.IS.tmp.9922.faa
[18:21:18] Deleting unwanted file: GCA_000009005.1_ASM900v1_genomic.gbff_pp16/PROKKA_05152020.IS.tmp.9922.blast
[18:21:18] There are still 144 unannotated CDS left (started with 144)
[18:21:18] Will use blast to search against /home/tsweet/anaconda3/db/kingdom/Bacteria/AMR with 8 CPUs
[18:21:18] Running: cat GCA_000009005\.1_ASM900v1_genomic\.gbff_pp16\/PROKKA_05152020\.AMR\.tmp\.9922\.faa | parallel --gnu --plain -j 8 --block 2625 --recstart '>' --pipe blastp -query - -db /home/tsweet/anaconda3/db/kingdom/Bacteria/AMR -evalue 9.99999999999999e-301 -qcov_hsp_perc 90 -num_threads 1 -num_descriptions 1 -num_alignments 1 -seg no > GCA_000009005\.1_ASM900v1_genomic\.gbff_pp16\/PROKKA_05152020\.AMR\.tmp\.9922\.blast 2> /dev/null
[18:21:19] Deleting unwanted file: GCA_000009005.1_ASM900v1_genomic.gbff_pp16/PROKKA_05152020.AMR.tmp.9922.faa
[18:21:19] Deleting unwanted file: GCA_000009005.1_ASM900v1_genomic.gbff_pp16/PROKKA_05152020.AMR.tmp.9922.blast
[18:21:19] There are still 144 unannotated CDS left (started with 144)
[18:21:19] Will use blast to search against /home/tsweet/anaconda3/db/kingdom/Bacteria/sprot with 8 CPUs
[18:21:19] Running: cat GCA_000009005\.1_ASM900v1_genomic\.gbff_pp16\/PROKKA_05152020\.sprot\.tmp\.9922\.faa | parallel --gnu --plain -j 8 --block 2625 --recstart '>' --pipe blastp -query - -db /home/tsweet/anaconda3/db/kingdom/Bacteria/sprot -evalue 1e-09 -qcov_hsp_perc 80 -num_threads 1 -num_descriptions 1 -num_alignments 1 -seg no > GCA_000009005\.1_ASM900v1_genomic\.gbff_pp16\/PROKKA_05152020\.sprot\.tmp\.9922\.blast 2> /dev/null
[18:21:22] Modify product: UPF0297 protein SA1445 => hypothetical protein
[18:21:22] Modify product: UPF0473 protein SA1443 => hypothetical protein
[18:21:22] Modify product: 23S rRNA 5-hydroxycytidine C2501 synthase => 23S rRNA 5-hydroxycytidine synthase
[18:21:22] Modify product: UPF0758 protein YsxA => hypothetical protein
[18:21:22] Modify product: Uncharacterized AAA domain-containing protein Rv2559c => putative AAA domain-containing protein
[18:21:22] Modify product: UPF0337 protein SA1452 => hypothetical protein
[18:21:22] Modify product: Uncharacterized protein YqeH => putative protein YqeH
[18:21:22] Modify product: RNA-binding protein HI_1333 => RNA-binding protein
[18:21:22] Modify product: Probable nicotinate-nucleotide adenylyltransferase => putative nicotinate-nucleotide adenylyltransferase
[18:21:22] Modify product: Uncharacterized protein YqeN => putative protein YqeN
[18:21:22] Modify product: Probable metallo-hydrolase M6_Spy0554 => putative metallo-hydrolase
[18:21:22] Modify product: UPF0365 protein SA1402 => hypothetical protein
[18:21:22] Modify product: Probable glycine dehydrogenase (decarboxylating) subunit 1 => putative glycine dehydrogenase (decarboxylating) subunit 1
[18:21:22] Modify product: Probable glycine dehydrogenase (decarboxylating) subunit 2 => putative glycine dehydrogenase (decarboxylating) subunit 2
[18:21:22] Modify product: Uncharacterized protein YibN => putative protein YibN
[18:21:22] Modify product: Uncharacterized protein YqgN => putative protein YqgN
[18:21:22] Modify product: GTP cyclohydrolase 1 type 2 homolog => GTP cyclohydrolase 1 type 2 
[18:21:22] Modify product: Probable endonuclease 4 => putative endonuclease 4
[18:21:22] Modify product: Uncharacterized protein Spy1535 => putative protein
[18:21:22] Cleaned 19 /product names
[18:21:22] Deleting unwanted file: GCA_000009005.1_ASM900v1_genomic.gbff_pp16/PROKKA_05152020.sprot.tmp.9922.faa
[18:21:22] Deleting unwanted file: GCA_000009005.1_ASM900v1_genomic.gbff_pp16/PROKKA_05152020.sprot.tmp.9922.blast
[18:21:22] There are still 37 unannotated CDS left (started with 144)
[18:21:22] Will use hmmer3 to search against /home/tsweet/anaconda3/db/hmm/HAMAP.hmm with 8 CPUs
[18:21:22] Running: cat GCA_000009005\.1_ASM900v1_genomic\.gbff_pp16\/PROKKA_05152020\.HAMAP\.hmm\.tmp\.9922\.faa | parallel --gnu --plain -j 8 --block 494 --recstart '>' --pipe hmmscan --noali --notextw --acc -E 1e-09 --cpu 1 /home/tsweet/anaconda3/db/hmm/HAMAP.hmm /dev/stdin > GCA_000009005\.1_ASM900v1_genomic\.gbff_pp16\/PROKKA_05152020\.HAMAP\.hmm\.tmp\.9922\.hmmer3 2> /dev/null
[18:21:22] Deleting unwanted file: GCA_000009005.1_ASM900v1_genomic.gbff_pp16/PROKKA_05152020.HAMAP.hmm.tmp.9922.faa
[18:21:22] Deleting unwanted file: GCA_000009005.1_ASM900v1_genomic.gbff_pp16/PROKKA_05152020.HAMAP.hmm.tmp.9922.hmmer3
[18:21:22] Labelling remaining 30 proteins as 'hypothetical protein'
[18:21:22] Found 100 unique /gene codes.
[18:21:22] Fixed 2 duplicate /gene - accB_1 accB_2
[18:21:22] Fixed 1 colliding /gene names.
[18:21:22] Adding /locus_tag identifiers
[18:21:22] Assigned 144 locus_tags to CDS and RNA features.
[18:21:22] Writing outputs to GCA_000009005.1_ASM900v1_genomic.gbff_pp16/
[18:21:22] Generating annotation statistics file
[18:21:22] Generating Genbank and Sequin files
[18:21:22] Running: tbl2asn -V b -a r10k -l paired-ends -M n -N 1 -y 'Annotated using prokka 1.14.6 from https://github.com/tseemann/prokka' -Z GCA_000009005\.1_ASM900v1_genomic\.gbff_pp16\/PROKKA_05152020\.err -i GCA_000009005\.1_ASM900v1_genomic\.gbff_pp16\/PROKKA_05152020\.fsa 2> /dev/null
[18:21:23] Deleting unwanted file: GCA_000009005.1_ASM900v1_genomic.gbff_pp16/errorsummary.val
[18:21:23] Deleting unwanted file: GCA_000009005.1_ASM900v1_genomic.gbff_pp16/PROKKA_05152020.dr
[18:21:23] Deleting unwanted file: GCA_000009005.1_ASM900v1_genomic.gbff_pp16/PROKKA_05152020.fixedproducts
[18:21:23] Deleting unwanted file: GCA_000009005.1_ASM900v1_genomic.gbff_pp16/PROKKA_05152020.ecn
[18:21:23] Deleting unwanted file: GCA_000009005.1_ASM900v1_genomic.gbff_pp16/PROKKA_05152020.val
[18:21:23] Repairing broken .GBK output that tbl2asn produces...
[18:21:23] Running: sed 's/COORDINATES: profile/COORDINATES:profile/' < GCA_000009005\.1_ASM900v1_genomic\.gbff_pp16\/PROKKA_05152020\.gbf > GCA_000009005\.1_ASM900v1_genomic\.gbff_pp16\/PROKKA_05152020\.gbk
[18:21:23] Deleting unwanted file: GCA_000009005.1_ASM900v1_genomic.gbff_pp16/PROKKA_05152020.gbf
[18:21:23] Output files:
[18:21:23] GCA_000009005.1_ASM900v1_genomic.gbff_pp16/PROKKA_05152020.err
[18:21:23] GCA_000009005.1_ASM900v1_genomic.gbff_pp16/PROKKA_05152020.faa
[18:21:23] GCA_000009005.1_ASM900v1_genomic.gbff_pp16/PROKKA_05152020.txt
[18:21:23] GCA_000009005.1_ASM900v1_genomic.gbff_pp16/PROKKA_05152020.fna
[18:21:23] GCA_000009005.1_ASM900v1_genomic.gbff_pp16/PROKKA_05152020.gbk
[18:21:23] GCA_000009005.1_ASM900v1_genomic.gbff_pp16/PROKKA_05152020.log
[18:21:23] GCA_000009005.1_ASM900v1_genomic.gbff_pp16/PROKKA_05152020.tsv
[18:21:23] GCA_000009005.1_ASM900v1_genomic.gbff_pp16/PROKKA_05152020.tbl
[18:21:23] GCA_000009005.1_ASM900v1_genomic.gbff_pp16/PROKKA_05152020.ffn
[18:21:23] GCA_000009005.1_ASM900v1_genomic.gbff_pp16/PROKKA_05152020.sqn
[18:21:23] GCA_000009005.1_ASM900v1_genomic.gbff_pp16/PROKKA_05152020.gff
[18:21:23] GCA_000009005.1_ASM900v1_genomic.gbff_pp16/PROKKA_05152020.fsa
[18:21:23] Annotation finished successfully.
[18:21:23] Walltime used: 0.10 minutes
[18:21:23] If you use this result please cite the Prokka paper:
[18:21:23] Seemann T (2014) Prokka: rapid prokaryotic genome annotation. Bioinformatics. 30(14):2068-9.
[18:21:23] Type 'prokka --citation' for more details.
[18:21:23] Thank you, come again.
