Discrepancy Report Results

Summary
DISC_SOURCE_QUALS_ASNDISC:strain (all present, all unique)
DISC_SOURCE_QUALS_ASNDISC:taxname (all present, all unique)
DISC_FEATURE_COUNT:gene: 144 present
DISC_FEATURE_COUNT:CDS: 144 present
DISC_COUNT_NUCLEOTIDES:1 nucleotide Bioseqs are present
OVERLAPPING_GENES:32 genes overlap another gene on the same strand.
DISC_QUALITY_SCORES:Quality scores are missing on all sequences.
ONCALLER_COMMENT_PRESENT:1 comment descriptors were found (all same)
SHORT_PROT_SEQUENCES:3 protein sequences are shorter than 50 aa.
MISSING_GENOMEASSEMBLY_COMMENTS:1 bioseqs are missing GenomeAssembly structured comments
MOLTYPE_NOT_MRNA:1 molecule types are not set as mRNA.
TECHNIQUE_NOT_TSA:1 technique are not set as TSA
MISSING_STRUCTURED_COMMENT:1 sequences do not include structured comments.
MISSING_PROJECT:145 sequences do not include project.
DISC_INCONSISTENT_MOLINFO_TECH:Molinfo Technique Report (some missing, all same)


Detailed Report

DiscRep_ALL:DISC_SOURCE_QUALS_ASNDISC::strain (all present, all unique)
DiscRep_SUB:DISC_SOURCE_QUALS_ASNDISC::1 sources have unique values for strain
DiscRep_ALL:DISC_SOURCE_QUALS_ASNDISC::taxname (all present, all unique)
DiscRep_SUB:DISC_SOURCE_QUALS_ASNDISC::1 sources have unique values for taxname
DiscRep_ALL:DISC_FEATURE_COUNT::gene: 144 present
DiscRep_ALL:DISC_FEATURE_COUNT::CDS: 144 present
DiscRep_ALL:DISC_COUNT_NUCLEOTIDES::1 nucleotide Bioseqs are present
GCA_000009005.1_ASM900v1_genomic.gbff_pp16/PROKKA_05152020:X:CAFLMJIC_1 (length 139348)

DiscRep_ALL:OVERLAPPING_GENES::32 genes overlap another gene on the same strand.
GCA_000009005.1_ASM900v1_genomic.gbff_pp16/PROKKA_05152020:Gene	comC	CAFLMJIC_1:12567-13274	CAFLMJIC_00011
GCA_000009005.1_ASM900v1_genomic.gbff_pp16/PROKKA_05152020:Gene	CAFLMJIC_00012	CAFLMJIC_1:13271-13957	CAFLMJIC_00012
GCA_000009005.1_ASM900v1_genomic.gbff_pp16/PROKKA_05152020:Gene	mreC	CAFLMJIC_1:15649-16491	CAFLMJIC_00017
GCA_000009005.1_ASM900v1_genomic.gbff_pp16/PROKKA_05152020:Gene	CAFLMJIC_00018	CAFLMJIC_1:16491-17021	CAFLMJIC_00018
GCA_000009005.1_ASM900v1_genomic.gbff_pp16/PROKKA_05152020:Gene	CAFLMJIC_00053	CAFLMJIC_1:54357-55625	CAFLMJIC_00053
GCA_000009005.1_ASM900v1_genomic.gbff_pp16/PROKKA_05152020:Gene	udk	CAFLMJIC_1:55625-56248	CAFLMJIC_00054
GCA_000009005.1_ASM900v1_genomic.gbff_pp16/PROKKA_05152020:Gene	pxpB	CAFLMJIC_1:57079-57813	CAFLMJIC_00056
GCA_000009005.1_ASM900v1_genomic.gbff_pp16/PROKKA_05152020:Gene	pxpC	CAFLMJIC_1:57803-58813	CAFLMJIC_00057
GCA_000009005.1_ASM900v1_genomic.gbff_pp16/PROKKA_05152020:Gene	accC	CAFLMJIC_1:59278-60639	CAFLMJIC_00059
GCA_000009005.1_ASM900v1_genomic.gbff_pp16/PROKKA_05152020:Gene	pxpA	CAFLMJIC_1:60639-61391	CAFLMJIC_00060
GCA_000009005.1_ASM900v1_genomic.gbff_pp16/PROKKA_05152020:Gene	nadD	CAFLMJIC_1:69738-70307	CAFLMJIC_00070
GCA_000009005.1_ASM900v1_genomic.gbff_pp16/PROKKA_05152020:Gene	CAFLMJIC_00071	CAFLMJIC_1:70297-70881	CAFLMJIC_00071
GCA_000009005.1_ASM900v1_genomic.gbff_pp16/PROKKA_05152020:Gene	znuB	CAFLMJIC_1:107553-108425	CAFLMJIC_00108
GCA_000009005.1_ASM900v1_genomic.gbff_pp16/PROKKA_05152020:Gene	zur	CAFLMJIC_1:108412-108822	CAFLMJIC_00109
GCA_000009005.1_ASM900v1_genomic.gbff_pp16/PROKKA_05152020:Gene	gluP	CAFLMJIC_1:112915-114378	CAFLMJIC_00114
GCA_000009005.1_ASM900v1_genomic.gbff_pp16/PROKKA_05152020:Gene	CAFLMJIC_00115	CAFLMJIC_1:114359-114562	CAFLMJIC_00115
GCA_000009005.1_ASM900v1_genomic.gbff_pp16/PROKKA_05152020:Gene	glcK	CAFLMJIC_1:114559-115545	CAFLMJIC_00116
GCA_000009005.1_ASM900v1_genomic.gbff_pp16/PROKKA_05152020:Gene	CAFLMJIC_00117	CAFLMJIC_1:115545-115874	CAFLMJIC_00117
GCA_000009005.1_ASM900v1_genomic.gbff_pp16/PROKKA_05152020:Gene	CAFLMJIC_00118	CAFLMJIC_1:115871-116494	CAFLMJIC_00118
GCA_000009005.1_ASM900v1_genomic.gbff_pp16/PROKKA_05152020:Gene	comGA	CAFLMJIC_1:116546-117520	CAFLMJIC_00119
GCA_000009005.1_ASM900v1_genomic.gbff_pp16/PROKKA_05152020:Gene	CAFLMJIC_00120	CAFLMJIC_1:117492-118562	CAFLMJIC_00120
GCA_000009005.1_ASM900v1_genomic.gbff_pp16/PROKKA_05152020:Gene	comGC	CAFLMJIC_1:118576-118887	CAFLMJIC_00121
GCA_000009005.1_ASM900v1_genomic.gbff_pp16/PROKKA_05152020:Gene	CAFLMJIC_00122	CAFLMJIC_1:118877-119311	CAFLMJIC_00122
GCA_000009005.1_ASM900v1_genomic.gbff_pp16/PROKKA_05152020:Gene	CAFLMJIC_00123	CAFLMJIC_1:119298-119597	CAFLMJIC_00123
GCA_000009005.1_ASM900v1_genomic.gbff_pp16/PROKKA_05152020:Gene	CAFLMJIC_00124	CAFLMJIC_1:119545-120012	CAFLMJIC_00124
GCA_000009005.1_ASM900v1_genomic.gbff_pp16/PROKKA_05152020:Gene	gcvPA	CAFLMJIC_1:122039-123385	CAFLMJIC_00127
GCA_000009005.1_ASM900v1_genomic.gbff_pp16/PROKKA_05152020:Gene	gcvPB	CAFLMJIC_1:123378-124850	CAFLMJIC_00128
GCA_000009005.1_ASM900v1_genomic.gbff_pp16/PROKKA_05152020:Gene	accB_2	CAFLMJIC_1:129689-130153	CAFLMJIC_00135
GCA_000009005.1_ASM900v1_genomic.gbff_pp16/PROKKA_05152020:Gene	cfiB	CAFLMJIC_1:130153-131508	CAFLMJIC_00136
GCA_000009005.1_ASM900v1_genomic.gbff_pp16/PROKKA_05152020:Gene	xseA	CAFLMJIC_1:132351-133688	CAFLMJIC_00139
GCA_000009005.1_ASM900v1_genomic.gbff_pp16/PROKKA_05152020:Gene	xseB	CAFLMJIC_1:133681-133911	CAFLMJIC_00140
GCA_000009005.1_ASM900v1_genomic.gbff_pp16/PROKKA_05152020:Gene	CAFLMJIC_00141	CAFLMJIC_1:133889-134770	CAFLMJIC_00141

DiscRep_ALL:DISC_QUALITY_SCORES::Quality scores are missing on all sequences.

DiscRep_ALL:ONCALLER_COMMENT_PRESENT::1 comment descriptors were found (all same)
GCA_000009005.1_ASM900v1_genomic.gbff_pp16/PROKKA_05152020:X:CAFLMJIC_1:Annotated using prokka 1.14.6 from https://github.com/tseemann/prokka

DiscRep_ALL:SHORT_PROT_SEQUENCES::3 protein sequences are shorter than 50 aa.
GCA_000009005.1_ASM900v1_genomic.gbff_pp16/PROKKA_05152020:X:CAFLMJIC_00016 (length 39)
GCA_000009005.1_ASM900v1_genomic.gbff_pp16/PROKKA_05152020:X:CAFLMJIC_00041 (length 48)
GCA_000009005.1_ASM900v1_genomic.gbff_pp16/PROKKA_05152020:X:CAFLMJIC_00112 (length 49)

DiscRep_ALL:MISSING_GENOMEASSEMBLY_COMMENTS::1 bioseqs are missing GenomeAssembly structured comments
GCA_000009005.1_ASM900v1_genomic.gbff_pp16/PROKKA_05152020:X:CAFLMJIC_1 (length 139348)

DiscRep_ALL:MOLTYPE_NOT_MRNA::1 molecule types are not set as mRNA.
GCA_000009005.1_ASM900v1_genomic.gbff_pp16/PROKKA_05152020:X:CAFLMJIC_1 (length 139348)

DiscRep_ALL:TECHNIQUE_NOT_TSA::1 technique are not set as TSA
GCA_000009005.1_ASM900v1_genomic.gbff_pp16/PROKKA_05152020:X:CAFLMJIC_1 (length 139348)

DiscRep_ALL:MISSING_STRUCTURED_COMMENT::1 sequences do not include structured comments.
GCA_000009005.1_ASM900v1_genomic.gbff_pp16/PROKKA_05152020:X:CAFLMJIC_1 (length 139348)

DiscRep_ALL:MISSING_PROJECT::145 sequences do not include project.
GCA_000009005.1_ASM900v1_genomic.gbff_pp16/PROKKA_05152020:X:CAFLMJIC_1 (length 139348)
GCA_000009005.1_ASM900v1_genomic.gbff_pp16/PROKKA_05152020:X:CAFLMJIC_00001 (length 362)
GCA_000009005.1_ASM900v1_genomic.gbff_pp16/PROKKA_05152020:X:CAFLMJIC_00002 (length 271)
GCA_000009005.1_ASM900v1_genomic.gbff_pp16/PROKKA_05152020:X:CAFLMJIC_00003 (length 308)
GCA_000009005.1_ASM900v1_genomic.gbff_pp16/PROKKA_05152020:X:CAFLMJIC_00004 (length 222)
GCA_000009005.1_ASM900v1_genomic.gbff_pp16/PROKKA_05152020:X:CAFLMJIC_00005 (length 324)
GCA_000009005.1_ASM900v1_genomic.gbff_pp16/PROKKA_05152020:X:CAFLMJIC_00006 (length 428)
GCA_000009005.1_ASM900v1_genomic.gbff_pp16/PROKKA_05152020:X:CAFLMJIC_00007 (length 355)
GCA_000009005.1_ASM900v1_genomic.gbff_pp16/PROKKA_05152020:X:CAFLMJIC_00008 (length 186)
GCA_000009005.1_ASM900v1_genomic.gbff_pp16/PROKKA_05152020:X:CAFLMJIC_00009 (length 876)
GCA_000009005.1_ASM900v1_genomic.gbff_pp16/PROKKA_05152020:X:CAFLMJIC_00010 (length 423)
GCA_000009005.1_ASM900v1_genomic.gbff_pp16/PROKKA_05152020:X:CAFLMJIC_00011 (length 235)
GCA_000009005.1_ASM900v1_genomic.gbff_pp16/PROKKA_05152020:X:CAFLMJIC_00012 (length 228)
GCA_000009005.1_ASM900v1_genomic.gbff_pp16/PROKKA_05152020:X:CAFLMJIC_00013 (length 94)
GCA_000009005.1_ASM900v1_genomic.gbff_pp16/PROKKA_05152020:X:CAFLMJIC_00014 (length 65)
GCA_000009005.1_ASM900v1_genomic.gbff_pp16/PROKKA_05152020:X:CAFLMJIC_00015 (length 157)
GCA_000009005.1_ASM900v1_genomic.gbff_pp16/PROKKA_05152020:X:CAFLMJIC_00016 (length 39)
GCA_000009005.1_ASM900v1_genomic.gbff_pp16/PROKKA_05152020:X:CAFLMJIC_00017 (length 280)
GCA_000009005.1_ASM900v1_genomic.gbff_pp16/PROKKA_05152020:X:CAFLMJIC_00018 (length 176)
GCA_000009005.1_ASM900v1_genomic.gbff_pp16/PROKKA_05152020:X:CAFLMJIC_00019 (length 102)
GCA_000009005.1_ASM900v1_genomic.gbff_pp16/PROKKA_05152020:X:CAFLMJIC_00020 (length 106)
GCA_000009005.1_ASM900v1_genomic.gbff_pp16/PROKKA_05152020:X:CAFLMJIC_00021 (length 94)
GCA_000009005.1_ASM900v1_genomic.gbff_pp16/PROKKA_05152020:X:CAFLMJIC_00022 (length 430)
GCA_000009005.1_ASM900v1_genomic.gbff_pp16/PROKKA_05152020:X:CAFLMJIC_00023 (length 152)
GCA_000009005.1_ASM900v1_genomic.gbff_pp16/PROKKA_05152020:X:CAFLMJIC_00024 (length 200)
GCA_000009005.1_ASM900v1_genomic.gbff_pp16/PROKKA_05152020:X:CAFLMJIC_00025 (length 334)
GCA_000009005.1_ASM900v1_genomic.gbff_pp16/PROKKA_05152020:X:CAFLMJIC_00026 (length 341)
GCA_000009005.1_ASM900v1_genomic.gbff_pp16/PROKKA_05152020:X:CAFLMJIC_00027 (length 379)
GCA_000009005.1_ASM900v1_genomic.gbff_pp16/PROKKA_05152020:X:CAFLMJIC_00028 (length 86)
GCA_000009005.1_ASM900v1_genomic.gbff_pp16/PROKKA_05152020:X:CAFLMJIC_00029 (length 759)
GCA_000009005.1_ASM900v1_genomic.gbff_pp16/PROKKA_05152020:X:CAFLMJIC_00030 (length 757)
GCA_000009005.1_ASM900v1_genomic.gbff_pp16/PROKKA_05152020:X:CAFLMJIC_00031 (length 172)
GCA_000009005.1_ASM900v1_genomic.gbff_pp16/PROKKA_05152020:X:CAFLMJIC_00032 (length 736)
GCA_000009005.1_ASM900v1_genomic.gbff_pp16/PROKKA_05152020:X:CAFLMJIC_00033 (length 101)
GCA_000009005.1_ASM900v1_genomic.gbff_pp16/PROKKA_05152020:X:CAFLMJIC_00034 (length 291)
GCA_000009005.1_ASM900v1_genomic.gbff_pp16/PROKKA_05152020:X:CAFLMJIC_00035 (length 420)
GCA_000009005.1_ASM900v1_genomic.gbff_pp16/PROKKA_05152020:X:CAFLMJIC_00036 (length 588)
GCA_000009005.1_ASM900v1_genomic.gbff_pp16/PROKKA_05152020:X:CAFLMJIC_00037 (length 257)
GCA_000009005.1_ASM900v1_genomic.gbff_pp16/PROKKA_05152020:X:CAFLMJIC_00038 (length 424)
GCA_000009005.1_ASM900v1_genomic.gbff_pp16/PROKKA_05152020:X:CAFLMJIC_00039 (length 140)
GCA_000009005.1_ASM900v1_genomic.gbff_pp16/PROKKA_05152020:X:CAFLMJIC_00040 (length 60)
GCA_000009005.1_ASM900v1_genomic.gbff_pp16/PROKKA_05152020:X:CAFLMJIC_00041 (length 48)
GCA_000009005.1_ASM900v1_genomic.gbff_pp16/PROKKA_05152020:X:CAFLMJIC_00042 (length 337)
GCA_000009005.1_ASM900v1_genomic.gbff_pp16/PROKKA_05152020:X:CAFLMJIC_00043 (length 380)
GCA_000009005.1_ASM900v1_genomic.gbff_pp16/PROKKA_05152020:X:CAFLMJIC_00044 (length 372)
GCA_000009005.1_ASM900v1_genomic.gbff_pp16/PROKKA_05152020:X:CAFLMJIC_00045 (length 222)
GCA_000009005.1_ASM900v1_genomic.gbff_pp16/PROKKA_05152020:X:CAFLMJIC_00046 (length 825)
GCA_000009005.1_ASM900v1_genomic.gbff_pp16/PROKKA_05152020:X:CAFLMJIC_00047 (length 877)
GCA_000009005.1_ASM900v1_genomic.gbff_pp16/PROKKA_05152020:X:CAFLMJIC_00048 (length 86)
GCA_000009005.1_ASM900v1_genomic.gbff_pp16/PROKKA_05152020:X:CAFLMJIC_00049 (length 142)
GCA_000009005.1_ASM900v1_genomic.gbff_pp16/PROKKA_05152020:X:CAFLMJIC_00050 (length 102)
GCA_000009005.1_ASM900v1_genomic.gbff_pp16/PROKKA_05152020:X:CAFLMJIC_00051 (length 212)
GCA_000009005.1_ASM900v1_genomic.gbff_pp16/PROKKA_05152020:X:CAFLMJIC_00052 (length 307)
GCA_000009005.1_ASM900v1_genomic.gbff_pp16/PROKKA_05152020:X:CAFLMJIC_00053 (length 422)
GCA_000009005.1_ASM900v1_genomic.gbff_pp16/PROKKA_05152020:X:CAFLMJIC_00054 (length 207)
GCA_000009005.1_ASM900v1_genomic.gbff_pp16/PROKKA_05152020:X:CAFLMJIC_00055 (length 158)
GCA_000009005.1_ASM900v1_genomic.gbff_pp16/PROKKA_05152020:X:CAFLMJIC_00056 (length 244)
GCA_000009005.1_ASM900v1_genomic.gbff_pp16/PROKKA_05152020:X:CAFLMJIC_00057 (length 336)
GCA_000009005.1_ASM900v1_genomic.gbff_pp16/PROKKA_05152020:X:CAFLMJIC_00058 (length 149)
GCA_000009005.1_ASM900v1_genomic.gbff_pp16/PROKKA_05152020:X:CAFLMJIC_00059 (length 453)
GCA_000009005.1_ASM900v1_genomic.gbff_pp16/PROKKA_05152020:X:CAFLMJIC_00060 (length 250)
GCA_000009005.1_ASM900v1_genomic.gbff_pp16/PROKKA_05152020:X:CAFLMJIC_00061 (length 410)
GCA_000009005.1_ASM900v1_genomic.gbff_pp16/PROKKA_05152020:X:CAFLMJIC_00062 (length 406)
GCA_000009005.1_ASM900v1_genomic.gbff_pp16/PROKKA_05152020:X:CAFLMJIC_00063 (length 285)
GCA_000009005.1_ASM900v1_genomic.gbff_pp16/PROKKA_05152020:X:CAFLMJIC_00064 (length 89)
GCA_000009005.1_ASM900v1_genomic.gbff_pp16/PROKKA_05152020:X:CAFLMJIC_00065 (length 228)
GCA_000009005.1_ASM900v1_genomic.gbff_pp16/PROKKA_05152020:X:CAFLMJIC_00066 (length 175)
GCA_000009005.1_ASM900v1_genomic.gbff_pp16/PROKKA_05152020:X:CAFLMJIC_00067 (length 366)
GCA_000009005.1_ASM900v1_genomic.gbff_pp16/PROKKA_05152020:X:CAFLMJIC_00068 (length 268)
GCA_000009005.1_ASM900v1_genomic.gbff_pp16/PROKKA_05152020:X:CAFLMJIC_00069 (length 96)
GCA_000009005.1_ASM900v1_genomic.gbff_pp16/PROKKA_05152020:X:CAFLMJIC_00070 (length 189)
GCA_000009005.1_ASM900v1_genomic.gbff_pp16/PROKKA_05152020:X:CAFLMJIC_00071 (length 194)
GCA_000009005.1_ASM900v1_genomic.gbff_pp16/PROKKA_05152020:X:CAFLMJIC_00072 (length 117)
GCA_000009005.1_ASM900v1_genomic.gbff_pp16/PROKKA_05152020:X:CAFLMJIC_00073 (length 238)
GCA_000009005.1_ASM900v1_genomic.gbff_pp16/PROKKA_05152020:X:CAFLMJIC_00074 (length 225)
GCA_000009005.1_ASM900v1_genomic.gbff_pp16/PROKKA_05152020:X:CAFLMJIC_00075 (length 143)
GCA_000009005.1_ASM900v1_genomic.gbff_pp16/PROKKA_05152020:X:CAFLMJIC_00076 (length 733)
GCA_000009005.1_ASM900v1_genomic.gbff_pp16/PROKKA_05152020:X:CAFLMJIC_00077 (length 324)
GCA_000009005.1_ASM900v1_genomic.gbff_pp16/PROKKA_05152020:X:CAFLMJIC_00078 (length 83)
GCA_000009005.1_ASM900v1_genomic.gbff_pp16/PROKKA_05152020:X:CAFLMJIC_00079 (length 607)
GCA_000009005.1_ASM900v1_genomic.gbff_pp16/PROKKA_05152020:X:CAFLMJIC_00080 (length 385)
GCA_000009005.1_ASM900v1_genomic.gbff_pp16/PROKKA_05152020:X:CAFLMJIC_00081 (length 325)
GCA_000009005.1_ASM900v1_genomic.gbff_pp16/PROKKA_05152020:X:CAFLMJIC_00082 (length 208)
GCA_000009005.1_ASM900v1_genomic.gbff_pp16/PROKKA_05152020:X:CAFLMJIC_00083 (length 610)
GCA_000009005.1_ASM900v1_genomic.gbff_pp16/PROKKA_05152020:X:CAFLMJIC_00084 (length 379)
GCA_000009005.1_ASM900v1_genomic.gbff_pp16/PROKKA_05152020:X:CAFLMJIC_00085 (length 312)
GCA_000009005.1_ASM900v1_genomic.gbff_pp16/PROKKA_05152020:X:CAFLMJIC_00086 (length 250)
GCA_000009005.1_ASM900v1_genomic.gbff_pp16/PROKKA_05152020:X:CAFLMJIC_00087 (length 448)
GCA_000009005.1_ASM900v1_genomic.gbff_pp16/PROKKA_05152020:X:CAFLMJIC_00088 (length 58)
GCA_000009005.1_ASM900v1_genomic.gbff_pp16/PROKKA_05152020:X:CAFLMJIC_00089 (length 235)
GCA_000009005.1_ASM900v1_genomic.gbff_pp16/PROKKA_05152020:X:CAFLMJIC_00090 (length 329)
GCA_000009005.1_ASM900v1_genomic.gbff_pp16/PROKKA_05152020:X:CAFLMJIC_00091 (length 232)
GCA_000009005.1_ASM900v1_genomic.gbff_pp16/PROKKA_05152020:X:CAFLMJIC_00092 (length 315)
GCA_000009005.1_ASM900v1_genomic.gbff_pp16/PROKKA_05152020:X:CAFLMJIC_00093 (length 155)
GCA_000009005.1_ASM900v1_genomic.gbff_pp16/PROKKA_05152020:X:CAFLMJIC_00094 (length 114)
GCA_000009005.1_ASM900v1_genomic.gbff_pp16/PROKKA_05152020:X:CAFLMJIC_00095 (length 134)
GCA_000009005.1_ASM900v1_genomic.gbff_pp16/PROKKA_05152020:X:CAFLMJIC_00096 (length 299)
GCA_000009005.1_ASM900v1_genomic.gbff_pp16/PROKKA_05152020:X:CAFLMJIC_00097 (length 248)
GCA_000009005.1_ASM900v1_genomic.gbff_pp16/PROKKA_05152020:X:CAFLMJIC_00098 (length 463)
GCA_000009005.1_ASM900v1_genomic.gbff_pp16/PROKKA_05152020:X:CAFLMJIC_00099 (length 179)
GCA_000009005.1_ASM900v1_genomic.gbff_pp16/PROKKA_05152020:X:CAFLMJIC_00100 (length 272)
GCA_000009005.1_ASM900v1_genomic.gbff_pp16/PROKKA_05152020:X:CAFLMJIC_00101 (length 605)
GCA_000009005.1_ASM900v1_genomic.gbff_pp16/PROKKA_05152020:X:CAFLMJIC_00102 (length 368)
GCA_000009005.1_ASM900v1_genomic.gbff_pp16/PROKKA_05152020:X:CAFLMJIC_00103 (length 225)
GCA_000009005.1_ASM900v1_genomic.gbff_pp16/PROKKA_05152020:X:CAFLMJIC_00104 (length 366)
GCA_000009005.1_ASM900v1_genomic.gbff_pp16/PROKKA_05152020:X:CAFLMJIC_00105 (length 448)
GCA_000009005.1_ASM900v1_genomic.gbff_pp16/PROKKA_05152020:X:CAFLMJIC_00106 (length 296)
GCA_000009005.1_ASM900v1_genomic.gbff_pp16/PROKKA_05152020:X:CAFLMJIC_00107 (length 261)
GCA_000009005.1_ASM900v1_genomic.gbff_pp16/PROKKA_05152020:X:CAFLMJIC_00108 (length 290)
GCA_000009005.1_ASM900v1_genomic.gbff_pp16/PROKKA_05152020:X:CAFLMJIC_00109 (length 136)
GCA_000009005.1_ASM900v1_genomic.gbff_pp16/PROKKA_05152020:X:CAFLMJIC_00110 (length 199)
GCA_000009005.1_ASM900v1_genomic.gbff_pp16/PROKKA_05152020:X:CAFLMJIC_00111 (length 691)
GCA_000009005.1_ASM900v1_genomic.gbff_pp16/PROKKA_05152020:X:CAFLMJIC_00112 (length 49)
GCA_000009005.1_ASM900v1_genomic.gbff_pp16/PROKKA_05152020:X:CAFLMJIC_00113 (length 197)
GCA_000009005.1_ASM900v1_genomic.gbff_pp16/PROKKA_05152020:X:CAFLMJIC_00114 (length 487)
GCA_000009005.1_ASM900v1_genomic.gbff_pp16/PROKKA_05152020:X:CAFLMJIC_00115 (length 67)
GCA_000009005.1_ASM900v1_genomic.gbff_pp16/PROKKA_05152020:X:CAFLMJIC_00116 (length 328)
GCA_000009005.1_ASM900v1_genomic.gbff_pp16/PROKKA_05152020:X:CAFLMJIC_00117 (length 109)
GCA_000009005.1_ASM900v1_genomic.gbff_pp16/PROKKA_05152020:X:CAFLMJIC_00118 (length 207)
GCA_000009005.1_ASM900v1_genomic.gbff_pp16/PROKKA_05152020:X:CAFLMJIC_00119 (length 324)
GCA_000009005.1_ASM900v1_genomic.gbff_pp16/PROKKA_05152020:X:CAFLMJIC_00120 (length 356)
GCA_000009005.1_ASM900v1_genomic.gbff_pp16/PROKKA_05152020:X:CAFLMJIC_00121 (length 103)
GCA_000009005.1_ASM900v1_genomic.gbff_pp16/PROKKA_05152020:X:CAFLMJIC_00122 (length 144)
GCA_000009005.1_ASM900v1_genomic.gbff_pp16/PROKKA_05152020:X:CAFLMJIC_00123 (length 99)
GCA_000009005.1_ASM900v1_genomic.gbff_pp16/PROKKA_05152020:X:CAFLMJIC_00124 (length 155)
GCA_000009005.1_ASM900v1_genomic.gbff_pp16/PROKKA_05152020:X:CAFLMJIC_00125 (length 174)
GCA_000009005.1_ASM900v1_genomic.gbff_pp16/PROKKA_05152020:X:CAFLMJIC_00126 (length 363)
GCA_000009005.1_ASM900v1_genomic.gbff_pp16/PROKKA_05152020:X:CAFLMJIC_00127 (length 448)
GCA_000009005.1_ASM900v1_genomic.gbff_pp16/PROKKA_05152020:X:CAFLMJIC_00128 (length 490)
GCA_000009005.1_ASM900v1_genomic.gbff_pp16/PROKKA_05152020:X:CAFLMJIC_00129 (length 128)
GCA_000009005.1_ASM900v1_genomic.gbff_pp16/PROKKA_05152020:X:CAFLMJIC_00130 (length 276)
GCA_000009005.1_ASM900v1_genomic.gbff_pp16/PROKKA_05152020:X:CAFLMJIC_00131 (length 72)
GCA_000009005.1_ASM900v1_genomic.gbff_pp16/PROKKA_05152020:X:CAFLMJIC_00132 (length 193)
GCA_000009005.1_ASM900v1_genomic.gbff_pp16/PROKKA_05152020:X:CAFLMJIC_00133 (length 353)
GCA_000009005.1_ASM900v1_genomic.gbff_pp16/PROKKA_05152020:X:CAFLMJIC_00134 (length 185)
GCA_000009005.1_ASM900v1_genomic.gbff_pp16/PROKKA_05152020:X:CAFLMJIC_00135 (length 154)
GCA_000009005.1_ASM900v1_genomic.gbff_pp16/PROKKA_05152020:X:CAFLMJIC_00136 (length 451)
GCA_000009005.1_ASM900v1_genomic.gbff_pp16/PROKKA_05152020:X:CAFLMJIC_00137 (length 120)
GCA_000009005.1_ASM900v1_genomic.gbff_pp16/PROKKA_05152020:X:CAFLMJIC_00138 (length 129)
GCA_000009005.1_ASM900v1_genomic.gbff_pp16/PROKKA_05152020:X:CAFLMJIC_00139 (length 445)
GCA_000009005.1_ASM900v1_genomic.gbff_pp16/PROKKA_05152020:X:CAFLMJIC_00140 (length 76)
GCA_000009005.1_ASM900v1_genomic.gbff_pp16/PROKKA_05152020:X:CAFLMJIC_00141 (length 293)
GCA_000009005.1_ASM900v1_genomic.gbff_pp16/PROKKA_05152020:X:CAFLMJIC_00142 (length 150)
GCA_000009005.1_ASM900v1_genomic.gbff_pp16/PROKKA_05152020:X:CAFLMJIC_00143 (length 559)
GCA_000009005.1_ASM900v1_genomic.gbff_pp16/PROKKA_05152020:X:CAFLMJIC_00144 (length 473)

DiscRep_ALL:DISC_INCONSISTENT_MOLINFO_TECH::Molinfo Technique Report (some missing, all same)
DiscRep_SUB:DISC_INCONSISTENT_MOLINFO_TECH::technique (all missing)
DiscRep_SUB:DISC_INCONSISTENT_MOLINFO_TECH::1 Molinfos are missing field technique
GCA_000009005.1_ASM900v1_genomic.gbff_pp16/PROKKA_05152020:X:CAFLMJIC_1 (length 139348)

