Discrepancy Report Results

Summary
DISC_SOURCE_QUALS_ASNDISC:strain (all present, all unique)
DISC_SOURCE_QUALS_ASNDISC:taxname (all present, all unique)
DISC_FEATURE_COUNT:gene: 7 present
DISC_FEATURE_COUNT:CDS: 7 present
DISC_COUNT_NUCLEOTIDES:1 nucleotide Bioseqs are present
DISC_QUALITY_SCORES:Quality scores are missing on all sequences.
ONCALLER_COMMENT_PRESENT:1 comment descriptors were found (all same)
MISSING_GENOMEASSEMBLY_COMMENTS:1 bioseqs are missing GenomeAssembly structured comments
MOLTYPE_NOT_MRNA:1 molecule types are not set as mRNA.
TECHNIQUE_NOT_TSA:1 technique are not set as TSA
MISSING_STRUCTURED_COMMENT:1 sequences do not include structured comments.
MISSING_PROJECT:8 sequences do not include project.
DISC_INCONSISTENT_MOLINFO_TECH:Molinfo Technique Report (some missing, all same)


Detailed Report

DiscRep_ALL:DISC_SOURCE_QUALS_ASNDISC::strain (all present, all unique)
DiscRep_SUB:DISC_SOURCE_QUALS_ASNDISC::1 sources have unique values for strain
DiscRep_ALL:DISC_SOURCE_QUALS_ASNDISC::taxname (all present, all unique)
DiscRep_SUB:DISC_SOURCE_QUALS_ASNDISC::1 sources have unique values for taxname
DiscRep_ALL:DISC_FEATURE_COUNT::gene: 7 present
DiscRep_ALL:DISC_FEATURE_COUNT::CDS: 7 present
DiscRep_ALL:DISC_COUNT_NUCLEOTIDES::1 nucleotide Bioseqs are present
GCA_000604485.1_Stap_aure_W53395_V1_genomic.gbff_pp16/PROKKA_05152020:X:MOFEPKCN_1 (length 5556)

DiscRep_ALL:DISC_QUALITY_SCORES::Quality scores are missing on all sequences.

DiscRep_ALL:ONCALLER_COMMENT_PRESENT::1 comment descriptors were found (all same)
GCA_000604485.1_Stap_aure_W53395_V1_genomic.gbff_pp16/PROKKA_05152020:X:MOFEPKCN_1:Annotated using prokka 1.14.6 from https://github.com/tseemann/prokka

DiscRep_ALL:MISSING_GENOMEASSEMBLY_COMMENTS::1 bioseqs are missing GenomeAssembly structured comments
GCA_000604485.1_Stap_aure_W53395_V1_genomic.gbff_pp16/PROKKA_05152020:X:MOFEPKCN_1 (length 5556)

DiscRep_ALL:MOLTYPE_NOT_MRNA::1 molecule types are not set as mRNA.
GCA_000604485.1_Stap_aure_W53395_V1_genomic.gbff_pp16/PROKKA_05152020:X:MOFEPKCN_1 (length 5556)

DiscRep_ALL:TECHNIQUE_NOT_TSA::1 technique are not set as TSA
GCA_000604485.1_Stap_aure_W53395_V1_genomic.gbff_pp16/PROKKA_05152020:X:MOFEPKCN_1 (length 5556)

DiscRep_ALL:MISSING_STRUCTURED_COMMENT::1 sequences do not include structured comments.
GCA_000604485.1_Stap_aure_W53395_V1_genomic.gbff_pp16/PROKKA_05152020:X:MOFEPKCN_1 (length 5556)

DiscRep_ALL:MISSING_PROJECT::8 sequences do not include project.
GCA_000604485.1_Stap_aure_W53395_V1_genomic.gbff_pp16/PROKKA_05152020:X:MOFEPKCN_1 (length 5556)
GCA_000604485.1_Stap_aure_W53395_V1_genomic.gbff_pp16/PROKKA_05152020:X:MOFEPKCN_00001 (length 147)
GCA_000604485.1_Stap_aure_W53395_V1_genomic.gbff_pp16/PROKKA_05152020:X:MOFEPKCN_00002 (length 186)
GCA_000604485.1_Stap_aure_W53395_V1_genomic.gbff_pp16/PROKKA_05152020:X:MOFEPKCN_00003 (length 66)
GCA_000604485.1_Stap_aure_W53395_V1_genomic.gbff_pp16/PROKKA_05152020:X:MOFEPKCN_00004 (length 118)
GCA_000604485.1_Stap_aure_W53395_V1_genomic.gbff_pp16/PROKKA_05152020:X:MOFEPKCN_00005 (length 202)
GCA_000604485.1_Stap_aure_W53395_V1_genomic.gbff_pp16/PROKKA_05152020:X:MOFEPKCN_00006 (length 309)
GCA_000604485.1_Stap_aure_W53395_V1_genomic.gbff_pp16/PROKKA_05152020:X:MOFEPKCN_00007 (length 433)

DiscRep_ALL:DISC_INCONSISTENT_MOLINFO_TECH::Molinfo Technique Report (some missing, all same)
DiscRep_SUB:DISC_INCONSISTENT_MOLINFO_TECH::technique (all missing)
DiscRep_SUB:DISC_INCONSISTENT_MOLINFO_TECH::1 Molinfos are missing field technique
GCA_000604485.1_Stap_aure_W53395_V1_genomic.gbff_pp16/PROKKA_05152020:X:MOFEPKCN_1 (length 5556)

