Discrepancy Report Results

Summary
DISC_SOURCE_QUALS_ASNDISC:strain (all present, all unique)
DISC_SOURCE_QUALS_ASNDISC:taxname (all present, all unique)
DISC_FEATURE_COUNT:gene: 44 present
DISC_FEATURE_COUNT:CDS: 44 present
DISC_COUNT_NUCLEOTIDES:1 nucleotide Bioseqs are present
OVERLAPPING_GENES:17 genes overlap another gene on the same strand.
DISC_QUALITY_SCORES:Quality scores are missing on all sequences.
ONCALLER_COMMENT_PRESENT:1 comment descriptors were found (all same)
SHORT_PROT_SEQUENCES:2 protein sequences are shorter than 50 aa.
MISSING_GENOMEASSEMBLY_COMMENTS:1 bioseqs are missing GenomeAssembly structured comments
MOLTYPE_NOT_MRNA:1 molecule types are not set as mRNA.
TECHNIQUE_NOT_TSA:1 technique are not set as TSA
MISSING_STRUCTURED_COMMENT:1 sequences do not include structured comments.
MISSING_PROJECT:45 sequences do not include project.
DISC_INCONSISTENT_MOLINFO_TECH:Molinfo Technique Report (some missing, all same)


Detailed Report

DiscRep_ALL:DISC_SOURCE_QUALS_ASNDISC::strain (all present, all unique)
DiscRep_SUB:DISC_SOURCE_QUALS_ASNDISC::1 sources have unique values for strain
DiscRep_ALL:DISC_SOURCE_QUALS_ASNDISC::taxname (all present, all unique)
DiscRep_SUB:DISC_SOURCE_QUALS_ASNDISC::1 sources have unique values for taxname
DiscRep_ALL:DISC_FEATURE_COUNT::gene: 44 present
DiscRep_ALL:DISC_FEATURE_COUNT::CDS: 44 present
DiscRep_ALL:DISC_COUNT_NUCLEOTIDES::1 nucleotide Bioseqs are present
GCA_000009005.1_ASM900v1_genomic.gbff_pp4/PROKKA_05152020:X:MBJHDCJA_1 (length 44309)

DiscRep_ALL:OVERLAPPING_GENES::17 genes overlap another gene on the same strand.
GCA_000009005.1_ASM900v1_genomic.gbff_pp4/PROKKA_05152020:Gene	MBJHDCJA_00003	MBJHDCJA_1:2000-2914	MBJHDCJA_00003
GCA_000009005.1_ASM900v1_genomic.gbff_pp4/PROKKA_05152020:Gene	tipA	MBJHDCJA_1:2893-3633	MBJHDCJA_00004
GCA_000009005.1_ASM900v1_genomic.gbff_pp4/PROKKA_05152020:Gene	narX	MBJHDCJA_1:c6771-6094	MBJHDCJA_00008
GCA_000009005.1_ASM900v1_genomic.gbff_pp4/PROKKA_05152020:Gene	MBJHDCJA_00009	MBJHDCJA_1:c7354-6764	MBJHDCJA_00009
GCA_000009005.1_ASM900v1_genomic.gbff_pp4/PROKKA_05152020:Gene	narH	MBJHDCJA_1:c8891-7332	MBJHDCJA_00010
GCA_000009005.1_ASM900v1_genomic.gbff_pp4/PROKKA_05152020:Gene	narG	MBJHDCJA_1:c12570-8881	MBJHDCJA_00011
GCA_000009005.1_ASM900v1_genomic.gbff_pp4/PROKKA_05152020:Gene	nasF	MBJHDCJA_1:c13851-12874	MBJHDCJA_00012
GCA_000009005.1_ASM900v1_genomic.gbff_pp4/PROKKA_05152020:Gene	nasE	MBJHDCJA_1:c14156-13842	MBJHDCJA_00013
GCA_000009005.1_ASM900v1_genomic.gbff_pp4/PROKKA_05152020:Gene	yoeB	MBJHDCJA_1:c22423-22157	MBJHDCJA_00021
GCA_000009005.1_ASM900v1_genomic.gbff_pp4/PROKKA_05152020:Gene	yefM	MBJHDCJA_1:c22674-22423	MBJHDCJA_00022
GCA_000009005.1_ASM900v1_genomic.gbff_pp4/PROKKA_05152020:Gene	tcyC	MBJHDCJA_1:c26246-25515	MBJHDCJA_00026
GCA_000009005.1_ASM900v1_genomic.gbff_pp4/PROKKA_05152020:Gene	tcyB	MBJHDCJA_1:c26962-26243	MBJHDCJA_00027
GCA_000009005.1_ASM900v1_genomic.gbff_pp4/PROKKA_05152020:Gene	MBJHDCJA_00028	MBJHDCJA_1:c27722-26943	MBJHDCJA_00028
GCA_000009005.1_ASM900v1_genomic.gbff_pp4/PROKKA_05152020:Gene	MBJHDCJA_00039	MBJHDCJA_1:c39863-38748	MBJHDCJA_00039
GCA_000009005.1_ASM900v1_genomic.gbff_pp4/PROKKA_05152020:Gene	bioB	MBJHDCJA_1:c40848-39841	MBJHDCJA_00040
GCA_000009005.1_ASM900v1_genomic.gbff_pp4/PROKKA_05152020:Gene	bioK	MBJHDCJA_1:c42208-40850	MBJHDCJA_00041
GCA_000009005.1_ASM900v1_genomic.gbff_pp4/PROKKA_05152020:Gene	bioD	MBJHDCJA_1:c42872-42186	MBJHDCJA_00042

DiscRep_ALL:DISC_QUALITY_SCORES::Quality scores are missing on all sequences.

DiscRep_ALL:ONCALLER_COMMENT_PRESENT::1 comment descriptors were found (all same)
GCA_000009005.1_ASM900v1_genomic.gbff_pp4/PROKKA_05152020:X:MBJHDCJA_1:Annotated using prokka 1.14.6 from https://github.com/tseemann/prokka

DiscRep_ALL:SHORT_PROT_SEQUENCES::2 protein sequences are shorter than 50 aa.
GCA_000009005.1_ASM900v1_genomic.gbff_pp4/PROKKA_05152020:X:MBJHDCJA_00001 (length 45)
GCA_000009005.1_ASM900v1_genomic.gbff_pp4/PROKKA_05152020:X:MBJHDCJA_00030 (length 34)

DiscRep_ALL:MISSING_GENOMEASSEMBLY_COMMENTS::1 bioseqs are missing GenomeAssembly structured comments
GCA_000009005.1_ASM900v1_genomic.gbff_pp4/PROKKA_05152020:X:MBJHDCJA_1 (length 44309)

DiscRep_ALL:MOLTYPE_NOT_MRNA::1 molecule types are not set as mRNA.
GCA_000009005.1_ASM900v1_genomic.gbff_pp4/PROKKA_05152020:X:MBJHDCJA_1 (length 44309)

DiscRep_ALL:TECHNIQUE_NOT_TSA::1 technique are not set as TSA
GCA_000009005.1_ASM900v1_genomic.gbff_pp4/PROKKA_05152020:X:MBJHDCJA_1 (length 44309)

DiscRep_ALL:MISSING_STRUCTURED_COMMENT::1 sequences do not include structured comments.
GCA_000009005.1_ASM900v1_genomic.gbff_pp4/PROKKA_05152020:X:MBJHDCJA_1 (length 44309)

DiscRep_ALL:MISSING_PROJECT::45 sequences do not include project.
GCA_000009005.1_ASM900v1_genomic.gbff_pp4/PROKKA_05152020:X:MBJHDCJA_1 (length 44309)
GCA_000009005.1_ASM900v1_genomic.gbff_pp4/PROKKA_05152020:X:MBJHDCJA_00001 (length 45)
GCA_000009005.1_ASM900v1_genomic.gbff_pp4/PROKKA_05152020:X:MBJHDCJA_00002 (length 389)
GCA_000009005.1_ASM900v1_genomic.gbff_pp4/PROKKA_05152020:X:MBJHDCJA_00003 (length 304)
GCA_000009005.1_ASM900v1_genomic.gbff_pp4/PROKKA_05152020:X:MBJHDCJA_00004 (length 246)
GCA_000009005.1_ASM900v1_genomic.gbff_pp4/PROKKA_05152020:X:MBJHDCJA_00005 (length 217)
GCA_000009005.1_ASM900v1_genomic.gbff_pp4/PROKKA_05152020:X:MBJHDCJA_00006 (length 344)
GCA_000009005.1_ASM900v1_genomic.gbff_pp4/PROKKA_05152020:X:MBJHDCJA_00007 (length 150)
GCA_000009005.1_ASM900v1_genomic.gbff_pp4/PROKKA_05152020:X:MBJHDCJA_00008 (length 225)
GCA_000009005.1_ASM900v1_genomic.gbff_pp4/PROKKA_05152020:X:MBJHDCJA_00009 (length 196)
GCA_000009005.1_ASM900v1_genomic.gbff_pp4/PROKKA_05152020:X:MBJHDCJA_00010 (length 519)
GCA_000009005.1_ASM900v1_genomic.gbff_pp4/PROKKA_05152020:X:MBJHDCJA_00011 (length 1229)
GCA_000009005.1_ASM900v1_genomic.gbff_pp4/PROKKA_05152020:X:MBJHDCJA_00012 (length 325)
GCA_000009005.1_ASM900v1_genomic.gbff_pp4/PROKKA_05152020:X:MBJHDCJA_00013 (length 104)
GCA_000009005.1_ASM900v1_genomic.gbff_pp4/PROKKA_05152020:X:MBJHDCJA_00014 (length 801)
GCA_000009005.1_ASM900v1_genomic.gbff_pp4/PROKKA_05152020:X:MBJHDCJA_00015 (length 256)
GCA_000009005.1_ASM900v1_genomic.gbff_pp4/PROKKA_05152020:X:MBJHDCJA_00016 (length 178)
GCA_000009005.1_ASM900v1_genomic.gbff_pp4/PROKKA_05152020:X:MBJHDCJA_00017 (length 283)
GCA_000009005.1_ASM900v1_genomic.gbff_pp4/PROKKA_05152020:X:MBJHDCJA_00018 (length 60)
GCA_000009005.1_ASM900v1_genomic.gbff_pp4/PROKKA_05152020:X:MBJHDCJA_00019 (length 155)
GCA_000009005.1_ASM900v1_genomic.gbff_pp4/PROKKA_05152020:X:MBJHDCJA_00020 (length 516)
GCA_000009005.1_ASM900v1_genomic.gbff_pp4/PROKKA_05152020:X:MBJHDCJA_00021 (length 88)
GCA_000009005.1_ASM900v1_genomic.gbff_pp4/PROKKA_05152020:X:MBJHDCJA_00022 (length 83)
GCA_000009005.1_ASM900v1_genomic.gbff_pp4/PROKKA_05152020:X:MBJHDCJA_00023 (length 199)
GCA_000009005.1_ASM900v1_genomic.gbff_pp4/PROKKA_05152020:X:MBJHDCJA_00024 (length 123)
GCA_000009005.1_ASM900v1_genomic.gbff_pp4/PROKKA_05152020:X:MBJHDCJA_00025 (length 416)
GCA_000009005.1_ASM900v1_genomic.gbff_pp4/PROKKA_05152020:X:MBJHDCJA_00026 (length 243)
GCA_000009005.1_ASM900v1_genomic.gbff_pp4/PROKKA_05152020:X:MBJHDCJA_00027 (length 239)
GCA_000009005.1_ASM900v1_genomic.gbff_pp4/PROKKA_05152020:X:MBJHDCJA_00028 (length 259)
GCA_000009005.1_ASM900v1_genomic.gbff_pp4/PROKKA_05152020:X:MBJHDCJA_00029 (length 479)
GCA_000009005.1_ASM900v1_genomic.gbff_pp4/PROKKA_05152020:X:MBJHDCJA_00030 (length 34)
GCA_000009005.1_ASM900v1_genomic.gbff_pp4/PROKKA_05152020:X:MBJHDCJA_00031 (length 228)
GCA_000009005.1_ASM900v1_genomic.gbff_pp4/PROKKA_05152020:X:MBJHDCJA_00032 (length 288)
GCA_000009005.1_ASM900v1_genomic.gbff_pp4/PROKKA_05152020:X:MBJHDCJA_00033 (length 436)
GCA_000009005.1_ASM900v1_genomic.gbff_pp4/PROKKA_05152020:X:MBJHDCJA_00034 (length 321)
GCA_000009005.1_ASM900v1_genomic.gbff_pp4/PROKKA_05152020:X:MBJHDCJA_00035 (length 315)
GCA_000009005.1_ASM900v1_genomic.gbff_pp4/PROKKA_05152020:X:MBJHDCJA_00036 (length 325)
GCA_000009005.1_ASM900v1_genomic.gbff_pp4/PROKKA_05152020:X:MBJHDCJA_00037 (length 155)
GCA_000009005.1_ASM900v1_genomic.gbff_pp4/PROKKA_05152020:X:MBJHDCJA_00038 (length 230)
GCA_000009005.1_ASM900v1_genomic.gbff_pp4/PROKKA_05152020:X:MBJHDCJA_00039 (length 371)
GCA_000009005.1_ASM900v1_genomic.gbff_pp4/PROKKA_05152020:X:MBJHDCJA_00040 (length 335)
GCA_000009005.1_ASM900v1_genomic.gbff_pp4/PROKKA_05152020:X:MBJHDCJA_00041 (length 452)
GCA_000009005.1_ASM900v1_genomic.gbff_pp4/PROKKA_05152020:X:MBJHDCJA_00042 (length 228)
GCA_000009005.1_ASM900v1_genomic.gbff_pp4/PROKKA_05152020:X:MBJHDCJA_00043 (length 186)
GCA_000009005.1_ASM900v1_genomic.gbff_pp4/PROKKA_05152020:X:MBJHDCJA_00044 (length 118)

DiscRep_ALL:DISC_INCONSISTENT_MOLINFO_TECH::Molinfo Technique Report (some missing, all same)
DiscRep_SUB:DISC_INCONSISTENT_MOLINFO_TECH::technique (all missing)
DiscRep_SUB:DISC_INCONSISTENT_MOLINFO_TECH::1 Molinfos are missing field technique
GCA_000009005.1_ASM900v1_genomic.gbff_pp4/PROKKA_05152020:X:MBJHDCJA_1 (length 44309)

