Discrepancy Report Results

Summary
DISC_SOURCE_QUALS_ASNDISC:strain (all present, all unique)
DISC_SOURCE_QUALS_ASNDISC:taxname (all present, all unique)
DISC_FEATURE_COUNT:gene: 46 present
DISC_FEATURE_COUNT:CDS: 46 present
DISC_COUNT_NUCLEOTIDES:1 nucleotide Bioseqs are present
OVERLAPPING_GENES:31 genes overlap another gene on the same strand.
DISC_QUALITY_SCORES:Quality scores are missing on all sequences.
ONCALLER_COMMENT_PRESENT:1 comment descriptors were found (all same)
SHORT_PROT_SEQUENCES:2 protein sequences are shorter than 50 aa.
MISSING_GENOMEASSEMBLY_COMMENTS:1 bioseqs are missing GenomeAssembly structured comments
MOLTYPE_NOT_MRNA:1 molecule types are not set as mRNA.
TECHNIQUE_NOT_TSA:1 technique are not set as TSA
MISSING_STRUCTURED_COMMENT:1 sequences do not include structured comments.
MISSING_PROJECT:47 sequences do not include project.
DISC_INCONSISTENT_MOLINFO_TECH:Molinfo Technique Report (some missing, all same)


Detailed Report

DiscRep_ALL:DISC_SOURCE_QUALS_ASNDISC::strain (all present, all unique)
DiscRep_SUB:DISC_SOURCE_QUALS_ASNDISC::1 sources have unique values for strain
DiscRep_ALL:DISC_SOURCE_QUALS_ASNDISC::taxname (all present, all unique)
DiscRep_SUB:DISC_SOURCE_QUALS_ASNDISC::1 sources have unique values for taxname
DiscRep_ALL:DISC_FEATURE_COUNT::gene: 46 present
DiscRep_ALL:DISC_FEATURE_COUNT::CDS: 46 present
DiscRep_ALL:DISC_COUNT_NUCLEOTIDES::1 nucleotide Bioseqs are present
GCA_000534835.1_Saureus301-188_genomic.gbff_pp14/PROKKA_05152020:X:GHMGBAEI_1 (length 27566)

DiscRep_ALL:OVERLAPPING_GENES::31 genes overlap another gene on the same strand.
GCA_000534835.1_Saureus301-188_genomic.gbff_pp14/PROKKA_05152020:Gene	GHMGBAEI_00006	GHMGBAEI_1:1558-1779	GHMGBAEI_00006
GCA_000534835.1_Saureus301-188_genomic.gbff_pp14/PROKKA_05152020:Gene	GHMGBAEI_00007	GHMGBAEI_1:1772-2395	GHMGBAEI_00007
GCA_000534835.1_Saureus301-188_genomic.gbff_pp14/PROKKA_05152020:Gene	ssbA	GHMGBAEI_1:2395-2823	GHMGBAEI_00008
GCA_000534835.1_Saureus301-188_genomic.gbff_pp14/PROKKA_05152020:Gene	GHMGBAEI_00009	GHMGBAEI_1:2837-3505	GHMGBAEI_00009
GCA_000534835.1_Saureus301-188_genomic.gbff_pp14/PROKKA_05152020:Gene	GHMGBAEI_00010	GHMGBAEI_1:3505-4284	GHMGBAEI_00010
GCA_000534835.1_Saureus301-188_genomic.gbff_pp14/PROKKA_05152020:Gene	GHMGBAEI_00011	GHMGBAEI_1:4256-5053	GHMGBAEI_00011
GCA_000534835.1_Saureus301-188_genomic.gbff_pp14/PROKKA_05152020:Gene	GHMGBAEI_00012	GHMGBAEI_1:5063-5836	GHMGBAEI_00012
GCA_000534835.1_Saureus301-188_genomic.gbff_pp14/PROKKA_05152020:Gene	GHMGBAEI_00013	GHMGBAEI_1:5830-5988	GHMGBAEI_00013
GCA_000534835.1_Saureus301-188_genomic.gbff_pp14/PROKKA_05152020:Gene	GHMGBAEI_00017	GHMGBAEI_1:6827-7189	GHMGBAEI_00017
GCA_000534835.1_Saureus301-188_genomic.gbff_pp14/PROKKA_05152020:Gene	GHMGBAEI_00018	GHMGBAEI_1:7189-7443	GHMGBAEI_00018
GCA_000534835.1_Saureus301-188_genomic.gbff_pp14/PROKKA_05152020:Gene	GHMGBAEI_00019	GHMGBAEI_1:7443-7691	GHMGBAEI_00019
GCA_000534835.1_Saureus301-188_genomic.gbff_pp14/PROKKA_05152020:Gene	GHMGBAEI_00020	GHMGBAEI_1:7703-7870	GHMGBAEI_00020
GCA_000534835.1_Saureus301-188_genomic.gbff_pp14/PROKKA_05152020:Gene	GHMGBAEI_00021	GHMGBAEI_1:7863-8099	GHMGBAEI_00021
GCA_000534835.1_Saureus301-188_genomic.gbff_pp14/PROKKA_05152020:Gene	GHMGBAEI_00022	GHMGBAEI_1:8089-8331	GHMGBAEI_00022
GCA_000534835.1_Saureus301-188_genomic.gbff_pp14/PROKKA_05152020:Gene	dut	GHMGBAEI_1:8324-8857	GHMGBAEI_00023
GCA_000534835.1_Saureus301-188_genomic.gbff_pp14/PROKKA_05152020:Gene	GHMGBAEI_00024	GHMGBAEI_1:8903-9139	GHMGBAEI_00024
GCA_000534835.1_Saureus301-188_genomic.gbff_pp14/PROKKA_05152020:Gene	GHMGBAEI_00025	GHMGBAEI_1:9136-9342	GHMGBAEI_00025
GCA_000534835.1_Saureus301-188_genomic.gbff_pp14/PROKKA_05152020:Gene	GHMGBAEI_00026	GHMGBAEI_1:9339-9725	GHMGBAEI_00026
GCA_000534835.1_Saureus301-188_genomic.gbff_pp14/PROKKA_05152020:Gene	GHMGBAEI_00027	GHMGBAEI_1:9722-9871	GHMGBAEI_00027
GCA_000534835.1_Saureus301-188_genomic.gbff_pp14/PROKKA_05152020:Gene	GHMGBAEI_00028	GHMGBAEI_1:9871-10071	GHMGBAEI_00028
GCA_000534835.1_Saureus301-188_genomic.gbff_pp14/PROKKA_05152020:Gene	GHMGBAEI_00031	GHMGBAEI_1:11176-11520	GHMGBAEI_00031
GCA_000534835.1_Saureus301-188_genomic.gbff_pp14/PROKKA_05152020:Gene	GHMGBAEI_00032	GHMGBAEI_1:11517-13178	GHMGBAEI_00032
GCA_000534835.1_Saureus301-188_genomic.gbff_pp14/PROKKA_05152020:Gene	GHMGBAEI_00033	GHMGBAEI_1:13194-14381	GHMGBAEI_00033
GCA_000534835.1_Saureus301-188_genomic.gbff_pp14/PROKKA_05152020:Gene	clpP	GHMGBAEI_1:14359-15102	GHMGBAEI_00034
GCA_000534835.1_Saureus301-188_genomic.gbff_pp14/PROKKA_05152020:Gene	GHMGBAEI_00036	GHMGBAEI_1:16291-16575	GHMGBAEI_00036
GCA_000534835.1_Saureus301-188_genomic.gbff_pp14/PROKKA_05152020:Gene	GHMGBAEI_00037	GHMGBAEI_1:16553-16849	GHMGBAEI_00037
GCA_000534835.1_Saureus301-188_genomic.gbff_pp14/PROKKA_05152020:Gene	GHMGBAEI_00038	GHMGBAEI_1:16833-17195	GHMGBAEI_00038
GCA_000534835.1_Saureus301-188_genomic.gbff_pp14/PROKKA_05152020:Gene	GHMGBAEI_00039	GHMGBAEI_1:17192-17596	GHMGBAEI_00039
GCA_000534835.1_Saureus301-188_genomic.gbff_pp14/PROKKA_05152020:Gene	GHMGBAEI_00040	GHMGBAEI_1:17593-17997	GHMGBAEI_00040
GCA_000534835.1_Saureus301-188_genomic.gbff_pp14/PROKKA_05152020:Gene	GHMGBAEI_00044	GHMGBAEI_1:19556-24085	GHMGBAEI_00044
GCA_000534835.1_Saureus301-188_genomic.gbff_pp14/PROKKA_05152020:Gene	GHMGBAEI_00045	GHMGBAEI_1:24082-25566	GHMGBAEI_00045

DiscRep_ALL:DISC_QUALITY_SCORES::Quality scores are missing on all sequences.

DiscRep_ALL:ONCALLER_COMMENT_PRESENT::1 comment descriptors were found (all same)
GCA_000534835.1_Saureus301-188_genomic.gbff_pp14/PROKKA_05152020:X:GHMGBAEI_1:Annotated using prokka 1.14.6 from https://github.com/tseemann/prokka

DiscRep_ALL:SHORT_PROT_SEQUENCES::2 protein sequences are shorter than 50 aa.
GCA_000534835.1_Saureus301-188_genomic.gbff_pp14/PROKKA_05152020:X:GHMGBAEI_00027 (length 49)
GCA_000534835.1_Saureus301-188_genomic.gbff_pp14/PROKKA_05152020:X:GHMGBAEI_00043 (length 45)

DiscRep_ALL:MISSING_GENOMEASSEMBLY_COMMENTS::1 bioseqs are missing GenomeAssembly structured comments
GCA_000534835.1_Saureus301-188_genomic.gbff_pp14/PROKKA_05152020:X:GHMGBAEI_1 (length 27566)

DiscRep_ALL:MOLTYPE_NOT_MRNA::1 molecule types are not set as mRNA.
GCA_000534835.1_Saureus301-188_genomic.gbff_pp14/PROKKA_05152020:X:GHMGBAEI_1 (length 27566)

DiscRep_ALL:TECHNIQUE_NOT_TSA::1 technique are not set as TSA
GCA_000534835.1_Saureus301-188_genomic.gbff_pp14/PROKKA_05152020:X:GHMGBAEI_1 (length 27566)

DiscRep_ALL:MISSING_STRUCTURED_COMMENT::1 sequences do not include structured comments.
GCA_000534835.1_Saureus301-188_genomic.gbff_pp14/PROKKA_05152020:X:GHMGBAEI_1 (length 27566)

DiscRep_ALL:MISSING_PROJECT::47 sequences do not include project.
GCA_000534835.1_Saureus301-188_genomic.gbff_pp14/PROKKA_05152020:X:GHMGBAEI_1 (length 27566)
GCA_000534835.1_Saureus301-188_genomic.gbff_pp14/PROKKA_05152020:X:GHMGBAEI_00001 (length 50)
GCA_000534835.1_Saureus301-188_genomic.gbff_pp14/PROKKA_05152020:X:GHMGBAEI_00002 (length 58)
GCA_000534835.1_Saureus301-188_genomic.gbff_pp14/PROKKA_05152020:X:GHMGBAEI_00003 (length 76)
GCA_000534835.1_Saureus301-188_genomic.gbff_pp14/PROKKA_05152020:X:GHMGBAEI_00004 (length 73)
GCA_000534835.1_Saureus301-188_genomic.gbff_pp14/PROKKA_05152020:X:GHMGBAEI_00005 (length 86)
GCA_000534835.1_Saureus301-188_genomic.gbff_pp14/PROKKA_05152020:X:GHMGBAEI_00006 (length 73)
GCA_000534835.1_Saureus301-188_genomic.gbff_pp14/PROKKA_05152020:X:GHMGBAEI_00007 (length 207)
GCA_000534835.1_Saureus301-188_genomic.gbff_pp14/PROKKA_05152020:X:GHMGBAEI_00008 (length 142)
GCA_000534835.1_Saureus301-188_genomic.gbff_pp14/PROKKA_05152020:X:GHMGBAEI_00009 (length 222)
GCA_000534835.1_Saureus301-188_genomic.gbff_pp14/PROKKA_05152020:X:GHMGBAEI_00010 (length 259)
GCA_000534835.1_Saureus301-188_genomic.gbff_pp14/PROKKA_05152020:X:GHMGBAEI_00011 (length 265)
GCA_000534835.1_Saureus301-188_genomic.gbff_pp14/PROKKA_05152020:X:GHMGBAEI_00012 (length 257)
GCA_000534835.1_Saureus301-188_genomic.gbff_pp14/PROKKA_05152020:X:GHMGBAEI_00013 (length 52)
GCA_000534835.1_Saureus301-188_genomic.gbff_pp14/PROKKA_05152020:X:GHMGBAEI_00014 (length 73)
GCA_000534835.1_Saureus301-188_genomic.gbff_pp14/PROKKA_05152020:X:GHMGBAEI_00015 (length 134)
GCA_000534835.1_Saureus301-188_genomic.gbff_pp14/PROKKA_05152020:X:GHMGBAEI_00016 (length 61)
GCA_000534835.1_Saureus301-188_genomic.gbff_pp14/PROKKA_05152020:X:GHMGBAEI_00017 (length 120)
GCA_000534835.1_Saureus301-188_genomic.gbff_pp14/PROKKA_05152020:X:GHMGBAEI_00018 (length 84)
GCA_000534835.1_Saureus301-188_genomic.gbff_pp14/PROKKA_05152020:X:GHMGBAEI_00019 (length 82)
GCA_000534835.1_Saureus301-188_genomic.gbff_pp14/PROKKA_05152020:X:GHMGBAEI_00020 (length 55)
GCA_000534835.1_Saureus301-188_genomic.gbff_pp14/PROKKA_05152020:X:GHMGBAEI_00021 (length 78)
GCA_000534835.1_Saureus301-188_genomic.gbff_pp14/PROKKA_05152020:X:GHMGBAEI_00022 (length 80)
GCA_000534835.1_Saureus301-188_genomic.gbff_pp14/PROKKA_05152020:X:GHMGBAEI_00023 (length 177)
GCA_000534835.1_Saureus301-188_genomic.gbff_pp14/PROKKA_05152020:X:GHMGBAEI_00024 (length 78)
GCA_000534835.1_Saureus301-188_genomic.gbff_pp14/PROKKA_05152020:X:GHMGBAEI_00025 (length 68)
GCA_000534835.1_Saureus301-188_genomic.gbff_pp14/PROKKA_05152020:X:GHMGBAEI_00026 (length 128)
GCA_000534835.1_Saureus301-188_genomic.gbff_pp14/PROKKA_05152020:X:GHMGBAEI_00027 (length 49)
GCA_000534835.1_Saureus301-188_genomic.gbff_pp14/PROKKA_05152020:X:GHMGBAEI_00028 (length 66)
GCA_000534835.1_Saureus301-188_genomic.gbff_pp14/PROKKA_05152020:X:GHMGBAEI_00029 (length 138)
GCA_000534835.1_Saureus301-188_genomic.gbff_pp14/PROKKA_05152020:X:GHMGBAEI_00030 (length 99)
GCA_000534835.1_Saureus301-188_genomic.gbff_pp14/PROKKA_05152020:X:GHMGBAEI_00031 (length 114)
GCA_000534835.1_Saureus301-188_genomic.gbff_pp14/PROKKA_05152020:X:GHMGBAEI_00032 (length 553)
GCA_000534835.1_Saureus301-188_genomic.gbff_pp14/PROKKA_05152020:X:GHMGBAEI_00033 (length 395)
GCA_000534835.1_Saureus301-188_genomic.gbff_pp14/PROKKA_05152020:X:GHMGBAEI_00034 (length 247)
GCA_000534835.1_Saureus301-188_genomic.gbff_pp14/PROKKA_05152020:X:GHMGBAEI_00035 (length 381)
GCA_000534835.1_Saureus301-188_genomic.gbff_pp14/PROKKA_05152020:X:GHMGBAEI_00036 (length 94)
GCA_000534835.1_Saureus301-188_genomic.gbff_pp14/PROKKA_05152020:X:GHMGBAEI_00037 (length 98)
GCA_000534835.1_Saureus301-188_genomic.gbff_pp14/PROKKA_05152020:X:GHMGBAEI_00038 (length 120)
GCA_000534835.1_Saureus301-188_genomic.gbff_pp14/PROKKA_05152020:X:GHMGBAEI_00039 (length 134)
GCA_000534835.1_Saureus301-188_genomic.gbff_pp14/PROKKA_05152020:X:GHMGBAEI_00040 (length 134)
GCA_000534835.1_Saureus301-188_genomic.gbff_pp14/PROKKA_05152020:X:GHMGBAEI_00041 (length 214)
GCA_000534835.1_Saureus301-188_genomic.gbff_pp14/PROKKA_05152020:X:GHMGBAEI_00042 (length 116)
GCA_000534835.1_Saureus301-188_genomic.gbff_pp14/PROKKA_05152020:X:GHMGBAEI_00043 (length 45)
GCA_000534835.1_Saureus301-188_genomic.gbff_pp14/PROKKA_05152020:X:GHMGBAEI_00044 (length 1509)
GCA_000534835.1_Saureus301-188_genomic.gbff_pp14/PROKKA_05152020:X:GHMGBAEI_00045 (length 494)
GCA_000534835.1_Saureus301-188_genomic.gbff_pp14/PROKKA_05152020:X:GHMGBAEI_00046 (length 71)

DiscRep_ALL:DISC_INCONSISTENT_MOLINFO_TECH::Molinfo Technique Report (some missing, all same)
DiscRep_SUB:DISC_INCONSISTENT_MOLINFO_TECH::technique (all missing)
DiscRep_SUB:DISC_INCONSISTENT_MOLINFO_TECH::1 Molinfos are missing field technique
GCA_000534835.1_Saureus301-188_genomic.gbff_pp14/PROKKA_05152020:X:GHMGBAEI_1 (length 27566)

