[18:23:02] This is prokka 1.14.6
[18:23:02] Written by Torsten Seemann <torsten.seemann@gmail.com>
[18:23:02] Homepage is https://github.com/tseemann/prokka
[18:23:02] Local time is Fri May 15 18:23:02 2020
[18:23:02] You are tsweet
[18:23:02] Operating system is linux
[18:23:02] You have BioPerl 1.007002
[18:23:02] System has 8 cores.
[18:23:02] Will use maximum of 8 cores.
[18:23:02] Annotating as >>> Bacteria <<<
[18:23:02] Generating locus_tag from '274895.1_UCSF14054_v1.0_genomic.gbff_pp2' contents.
[18:23:02] Setting --locustag COABHCKC from MD5 c8ab1c4c2d4251783a58e08d6125af5f
[18:23:02] Enabling options to ensure Genbank/ENA/DDJB submission compliance.
[18:23:02] Creating new output folder: GCA_002274895.1_UCSF14054_v1.0_genomic.gbff_pp2
[18:23:02] Running: mkdir -p GCA_002274895\.1_UCSF14054_v1\.0_genomic\.gbff_pp2
[18:23:02] Using filename prefix: PROKKA_05152020.XXX
[18:23:02] Setting HMMER_NCPU=1
[18:23:02] Writing log to: GCA_002274895.1_UCSF14054_v1.0_genomic.gbff_pp2/PROKKA_05152020.log
[18:23:02] Command: /home/tsweet/anaconda3/bin/prokka --centre X --compliant 274895.1_UCSF14054_v1.0_genomic.gbff_pp2 --outdir GCA_002274895.1_UCSF14054_v1.0_genomic.gbff_pp2
[18:23:02] Appending to PATH: /home/tsweet/anaconda3/bin
[18:23:02] Looking for 'aragorn' - found /home/tsweet/anaconda3/bin/aragorn
[18:23:02] Determined aragorn version is 001002 from 'ARAGORN v1.2.38 Dean Laslett'
[18:23:02] Looking for 'barrnap' - found /home/tsweet/anaconda3/bin/barrnap
[18:23:02] Determined barrnap version is 000009 from 'barrnap 0.9'
[18:23:02] Looking for 'blastp' - found /home/tsweet/anaconda3/bin/blastp
[18:23:02] Determined blastp version is 002009 from 'blastp: 2.9.0+'
[18:23:02] Looking for 'cmpress' - found /home/tsweet/anaconda3/bin/cmpress
[18:23:02] Determined cmpress version is 001001 from '# INFERNAL 1.1.2 (July 2016)'
[18:23:02] Looking for 'cmscan' - found /home/tsweet/anaconda3/bin/cmscan
[18:23:02] Determined cmscan version is 001001 from '# INFERNAL 1.1.2 (July 2016)'
[18:23:02] Looking for 'egrep' - found /bin/egrep
[18:23:02] Looking for 'find' - found /usr/bin/find
[18:23:02] Looking for 'grep' - found /bin/grep
[18:23:02] Looking for 'hmmpress' - found /home/tsweet/anaconda3/bin/hmmpress
[18:23:02] Determined hmmpress version is 003003 from '# HMMER 3.3 (Nov 2019); http://hmmer.org/'
[18:23:02] Looking for 'hmmscan' - found /home/tsweet/anaconda3/bin/hmmscan
[18:23:02] Determined hmmscan version is 003003 from '# HMMER 3.3 (Nov 2019); http://hmmer.org/'
[18:23:02] Looking for 'java' - found /home/tsweet/anaconda3/bin/java
[18:23:02] Looking for 'makeblastdb' - found /home/tsweet/anaconda3/bin/makeblastdb
[18:23:02] Determined makeblastdb version is 002009 from 'makeblastdb: 2.9.0+'
[18:23:02] Looking for 'minced' - found /home/tsweet/anaconda3/bin/minced
[18:23:02] Determined minced version is 004002 from 'minced 0.4.2'
[18:23:02] Looking for 'parallel' - found /home/tsweet/anaconda3/bin/parallel
[18:23:02] Determined parallel version is 20200322 from 'GNU parallel 20200322'
[18:23:02] Looking for 'prodigal' - found /home/tsweet/anaconda3/bin/prodigal
[18:23:02] Determined prodigal version is 002006 from 'Prodigal V2.6.3: February, 2016'
[18:23:02] Looking for 'prokka-genbank_to_fasta_db' - found /home/tsweet/anaconda3/bin/prokka-genbank_to_fasta_db
[18:23:02] Looking for 'sed' - found /bin/sed
[18:23:02] Looking for 'tbl2asn' - found /home/tsweet/anaconda3/bin/tbl2asn
[18:23:02] Determined tbl2asn version is 025007 from 'tbl2asn 25.7   arguments:'
[18:23:02] Using genetic code table 11.
[18:23:02] Loading and checking input file: 274895.1_UCSF14054_v1.0_genomic.gbff_pp2
[18:23:02] Wrote 1 contigs totalling 5564 bp.
[18:23:02] Predicting tRNAs and tmRNAs
[18:23:02] Running: aragorn -l -gc11  -w GCA_002274895\.1_UCSF14054_v1\.0_genomic\.gbff_pp2\/PROKKA_05152020\.fna
[18:23:02] 1 tRNA-Leu [5233,5315] 34 (gag)
[18:23:02] 2 tRNA-Gly [5337,5410] 33 (tcc)
[18:23:02] Found 2 tRNAs
[18:23:02] Predicting Ribosomal RNAs
[18:23:02] Running Barrnap with 8 threads
[18:23:02] Found 0 rRNAs
[18:23:02] Skipping ncRNA search, enable with --rfam if desired.
[18:23:02] Total of 2 tRNA + rRNA features
[18:23:02] Searching for CRISPR repeats
[18:23:02] Found 0 CRISPRs
[18:23:02] Predicting coding sequences
[18:23:02] Contigs total 5564 bp, so using meta mode
[18:23:02] Running: prodigal -i GCA_002274895\.1_UCSF14054_v1\.0_genomic\.gbff_pp2\/PROKKA_05152020\.fna -c -m -g 11 -p meta -f sco -q
[18:23:02] Found 5 CDS
[18:23:02] Connecting features back to sequences
[18:23:02] Not using genus-specific database. Try --usegenus to enable it.
[18:23:02] Annotating CDS, please be patient.
[18:23:02] Will use 8 CPUs for similarity searching.
[18:23:02] There are still 5 unannotated CDS left (started with 5)
[18:23:02] Will use blast to search against /home/tsweet/anaconda3/db/kingdom/Bacteria/IS with 8 CPUs
[18:23:02] Running: cat GCA_002274895\.1_UCSF14054_v1\.0_genomic\.gbff_pp2\/PROKKA_05152020\.IS\.tmp\.27824\.faa | parallel --gnu --plain -j 8 --block 88 --recstart '>' --pipe blastp -query - -db /home/tsweet/anaconda3/db/kingdom/Bacteria/IS -evalue 1e-30 -qcov_hsp_perc 90 -num_threads 1 -num_descriptions 1 -num_alignments 1 -seg no > GCA_002274895\.1_UCSF14054_v1\.0_genomic\.gbff_pp2\/PROKKA_05152020\.IS\.tmp\.27824\.blast 2> /dev/null
[18:23:03] Deleting unwanted file: GCA_002274895.1_UCSF14054_v1.0_genomic.gbff_pp2/PROKKA_05152020.IS.tmp.27824.faa
[18:23:03] Deleting unwanted file: GCA_002274895.1_UCSF14054_v1.0_genomic.gbff_pp2/PROKKA_05152020.IS.tmp.27824.blast
[18:23:03] There are still 5 unannotated CDS left (started with 5)
[18:23:03] Will use blast to search against /home/tsweet/anaconda3/db/kingdom/Bacteria/AMR with 8 CPUs
[18:23:03] Running: cat GCA_002274895\.1_UCSF14054_v1\.0_genomic\.gbff_pp2\/PROKKA_05152020\.AMR\.tmp\.27824\.faa | parallel --gnu --plain -j 8 --block 88 --recstart '>' --pipe blastp -query - -db /home/tsweet/anaconda3/db/kingdom/Bacteria/AMR -evalue 9.99999999999999e-301 -qcov_hsp_perc 90 -num_threads 1 -num_descriptions 1 -num_alignments 1 -seg no > GCA_002274895\.1_UCSF14054_v1\.0_genomic\.gbff_pp2\/PROKKA_05152020\.AMR\.tmp\.27824\.blast 2> /dev/null
[18:23:03] Deleting unwanted file: GCA_002274895.1_UCSF14054_v1.0_genomic.gbff_pp2/PROKKA_05152020.AMR.tmp.27824.faa
[18:23:03] Deleting unwanted file: GCA_002274895.1_UCSF14054_v1.0_genomic.gbff_pp2/PROKKA_05152020.AMR.tmp.27824.blast
[18:23:03] There are still 5 unannotated CDS left (started with 5)
[18:23:03] Will use blast to search against /home/tsweet/anaconda3/db/kingdom/Bacteria/sprot with 8 CPUs
[18:23:03] Running: cat GCA_002274895\.1_UCSF14054_v1\.0_genomic\.gbff_pp2\/PROKKA_05152020\.sprot\.tmp\.27824\.faa | parallel --gnu --plain -j 8 --block 88 --recstart '>' --pipe blastp -query - -db /home/tsweet/anaconda3/db/kingdom/Bacteria/sprot -evalue 1e-09 -qcov_hsp_perc 80 -num_threads 1 -num_descriptions 1 -num_alignments 1 -seg no > GCA_002274895\.1_UCSF14054_v1\.0_genomic\.gbff_pp2\/PROKKA_05152020\.sprot\.tmp\.27824\.blast 2> /dev/null
[18:23:03] Deleting unwanted file: GCA_002274895.1_UCSF14054_v1.0_genomic.gbff_pp2/PROKKA_05152020.sprot.tmp.27824.faa
[18:23:03] Deleting unwanted file: GCA_002274895.1_UCSF14054_v1.0_genomic.gbff_pp2/PROKKA_05152020.sprot.tmp.27824.blast
[18:23:03] There are still 1 unannotated CDS left (started with 5)
[18:23:03] Will use hmmer3 to search against /home/tsweet/anaconda3/db/hmm/HAMAP.hmm with 8 CPUs
[18:23:03] Running: cat GCA_002274895\.1_UCSF14054_v1\.0_genomic\.gbff_pp2\/PROKKA_05152020\.HAMAP\.hmm\.tmp\.27824\.faa | parallel --gnu --plain -j 8 --block 9 --recstart '>' --pipe hmmscan --noali --notextw --acc -E 1e-09 --cpu 1 /home/tsweet/anaconda3/db/hmm/HAMAP.hmm /dev/stdin > GCA_002274895\.1_UCSF14054_v1\.0_genomic\.gbff_pp2\/PROKKA_05152020\.HAMAP\.hmm\.tmp\.27824\.hmmer3 2> /dev/null
[18:23:03] Modify product: Protein SprT-like => Protein SprT-like protein
[18:23:03] Cleaned 1 /product names
[18:23:03] Deleting unwanted file: GCA_002274895.1_UCSF14054_v1.0_genomic.gbff_pp2/PROKKA_05152020.HAMAP.hmm.tmp.27824.faa
[18:23:03] Deleting unwanted file: GCA_002274895.1_UCSF14054_v1.0_genomic.gbff_pp2/PROKKA_05152020.HAMAP.hmm.tmp.27824.hmmer3
[18:23:03] Found 4 unique /gene codes.
[18:23:03] Fixed 0 colliding /gene names.
[18:23:03] Adding /locus_tag identifiers
[18:23:03] Assigned 7 locus_tags to CDS and RNA features.
[18:23:03] Writing outputs to GCA_002274895.1_UCSF14054_v1.0_genomic.gbff_pp2/
[18:23:03] Generating annotation statistics file
[18:23:03] Generating Genbank and Sequin files
[18:23:03] Running: tbl2asn -V b -a r10k -l paired-ends -M n -N 1 -y 'Annotated using prokka 1.14.6 from https://github.com/tseemann/prokka' -Z GCA_002274895\.1_UCSF14054_v1\.0_genomic\.gbff_pp2\/PROKKA_05152020\.err -i GCA_002274895\.1_UCSF14054_v1\.0_genomic\.gbff_pp2\/PROKKA_05152020\.fsa 2> /dev/null
[18:23:03] Deleting unwanted file: GCA_002274895.1_UCSF14054_v1.0_genomic.gbff_pp2/errorsummary.val
[18:23:03] Deleting unwanted file: GCA_002274895.1_UCSF14054_v1.0_genomic.gbff_pp2/PROKKA_05152020.dr
[18:23:03] Deleting unwanted file: GCA_002274895.1_UCSF14054_v1.0_genomic.gbff_pp2/PROKKA_05152020.fixedproducts
[18:23:03] Deleting unwanted file: GCA_002274895.1_UCSF14054_v1.0_genomic.gbff_pp2/PROKKA_05152020.ecn
[18:23:03] Deleting unwanted file: GCA_002274895.1_UCSF14054_v1.0_genomic.gbff_pp2/PROKKA_05152020.val
[18:23:03] Repairing broken .GBK output that tbl2asn produces...
[18:23:03] Running: sed 's/COORDINATES: profile/COORDINATES:profile/' < GCA_002274895\.1_UCSF14054_v1\.0_genomic\.gbff_pp2\/PROKKA_05152020\.gbf > GCA_002274895\.1_UCSF14054_v1\.0_genomic\.gbff_pp2\/PROKKA_05152020\.gbk
[18:23:03] Deleting unwanted file: GCA_002274895.1_UCSF14054_v1.0_genomic.gbff_pp2/PROKKA_05152020.gbf
[18:23:03] Output files:
[18:23:03] GCA_002274895.1_UCSF14054_v1.0_genomic.gbff_pp2/PROKKA_05152020.err
[18:23:03] GCA_002274895.1_UCSF14054_v1.0_genomic.gbff_pp2/PROKKA_05152020.faa
[18:23:03] GCA_002274895.1_UCSF14054_v1.0_genomic.gbff_pp2/PROKKA_05152020.txt
[18:23:03] GCA_002274895.1_UCSF14054_v1.0_genomic.gbff_pp2/PROKKA_05152020.fna
[18:23:03] GCA_002274895.1_UCSF14054_v1.0_genomic.gbff_pp2/PROKKA_05152020.gbk
[18:23:03] GCA_002274895.1_UCSF14054_v1.0_genomic.gbff_pp2/PROKKA_05152020.log
[18:23:03] GCA_002274895.1_UCSF14054_v1.0_genomic.gbff_pp2/PROKKA_05152020.tsv
[18:23:03] GCA_002274895.1_UCSF14054_v1.0_genomic.gbff_pp2/PROKKA_05152020.tbl
[18:23:03] GCA_002274895.1_UCSF14054_v1.0_genomic.gbff_pp2/PROKKA_05152020.ffn
[18:23:03] GCA_002274895.1_UCSF14054_v1.0_genomic.gbff_pp2/PROKKA_05152020.sqn
[18:23:03] GCA_002274895.1_UCSF14054_v1.0_genomic.gbff_pp2/PROKKA_05152020.gff
[18:23:03] GCA_002274895.1_UCSF14054_v1.0_genomic.gbff_pp2/PROKKA_05152020.fsa
[18:23:03] Annotation finished successfully.
[18:23:03] Walltime used: 0.02 minutes
[18:23:03] If you use this result please cite the Prokka paper:
[18:23:03] Seemann T (2014) Prokka: rapid prokaryotic genome annotation. Bioinformatics. 30(14):2068-9.
[18:23:03] Type 'prokka --citation' for more details.
[18:23:03] Share and enjoy!
