Discrepancy Report Results

Summary
DISC_SOURCE_QUALS_ASNDISC:strain (all present, all unique)
DISC_SOURCE_QUALS_ASNDISC:taxname (all present, all unique)
DISC_FEATURE_COUNT:gene: 8 present
DISC_FEATURE_COUNT:CDS: 8 present
DISC_COUNT_NUCLEOTIDES:1 nucleotide Bioseqs are present
OVERLAPPING_GENES:4 genes overlap another gene on the same strand.
DISC_QUALITY_SCORES:Quality scores are missing on all sequences.
ONCALLER_COMMENT_PRESENT:1 comment descriptors were found (all same)
MISSING_GENOMEASSEMBLY_COMMENTS:1 bioseqs are missing GenomeAssembly structured comments
MOLTYPE_NOT_MRNA:1 molecule types are not set as mRNA.
TECHNIQUE_NOT_TSA:1 technique are not set as TSA
MISSING_STRUCTURED_COMMENT:1 sequences do not include structured comments.
MISSING_PROJECT:9 sequences do not include project.
DISC_INCONSISTENT_MOLINFO_TECH:Molinfo Technique Report (some missing, all same)


Detailed Report

DiscRep_ALL:DISC_SOURCE_QUALS_ASNDISC::strain (all present, all unique)
DiscRep_SUB:DISC_SOURCE_QUALS_ASNDISC::1 sources have unique values for strain
DiscRep_ALL:DISC_SOURCE_QUALS_ASNDISC::taxname (all present, all unique)
DiscRep_SUB:DISC_SOURCE_QUALS_ASNDISC::1 sources have unique values for taxname
DiscRep_ALL:DISC_FEATURE_COUNT::gene: 8 present
DiscRep_ALL:DISC_FEATURE_COUNT::CDS: 8 present
DiscRep_ALL:DISC_COUNT_NUCLEOTIDES::1 nucleotide Bioseqs are present
GCA_001234105.1_5295_1_7_genomic.gbff_pp18/PROKKA_05152020:X:MJFNOHPL_1 (length 6396)

DiscRep_ALL:OVERLAPPING_GENES::4 genes overlap another gene on the same strand.
GCA_001234105.1_5295_1_7_genomic.gbff_pp18/PROKKA_05152020:Gene	msrA2	MJFNOHPL_1:124-657	MJFNOHPL_00001
GCA_001234105.1_5295_1_7_genomic.gbff_pp18/PROKKA_05152020:Gene	msrB	MJFNOHPL_1:650-1078	MJFNOHPL_00002
GCA_001234105.1_5295_1_7_genomic.gbff_pp18/PROKKA_05152020:Gene	crr	MJFNOHPL_1:1090-1590	MJFNOHPL_00003
GCA_001234105.1_5295_1_7_genomic.gbff_pp18/PROKKA_05152020:Gene	MJFNOHPL_00004	MJFNOHPL_1:1590-1811	MJFNOHPL_00004

DiscRep_ALL:DISC_QUALITY_SCORES::Quality scores are missing on all sequences.

DiscRep_ALL:ONCALLER_COMMENT_PRESENT::1 comment descriptors were found (all same)
GCA_001234105.1_5295_1_7_genomic.gbff_pp18/PROKKA_05152020:X:MJFNOHPL_1:Annotated using prokka 1.14.6 from https://github.com/tseemann/prokka

DiscRep_ALL:MISSING_GENOMEASSEMBLY_COMMENTS::1 bioseqs are missing GenomeAssembly structured comments
GCA_001234105.1_5295_1_7_genomic.gbff_pp18/PROKKA_05152020:X:MJFNOHPL_1 (length 6396)

DiscRep_ALL:MOLTYPE_NOT_MRNA::1 molecule types are not set as mRNA.
GCA_001234105.1_5295_1_7_genomic.gbff_pp18/PROKKA_05152020:X:MJFNOHPL_1 (length 6396)

DiscRep_ALL:TECHNIQUE_NOT_TSA::1 technique are not set as TSA
GCA_001234105.1_5295_1_7_genomic.gbff_pp18/PROKKA_05152020:X:MJFNOHPL_1 (length 6396)

DiscRep_ALL:MISSING_STRUCTURED_COMMENT::1 sequences do not include structured comments.
GCA_001234105.1_5295_1_7_genomic.gbff_pp18/PROKKA_05152020:X:MJFNOHPL_1 (length 6396)

DiscRep_ALL:MISSING_PROJECT::9 sequences do not include project.
GCA_001234105.1_5295_1_7_genomic.gbff_pp18/PROKKA_05152020:X:MJFNOHPL_1 (length 6396)
GCA_001234105.1_5295_1_7_genomic.gbff_pp18/PROKKA_05152020:X:MJFNOHPL_00001 (length 177)
GCA_001234105.1_5295_1_7_genomic.gbff_pp18/PROKKA_05152020:X:MJFNOHPL_00002 (length 142)
GCA_001234105.1_5295_1_7_genomic.gbff_pp18/PROKKA_05152020:X:MJFNOHPL_00003 (length 166)
GCA_001234105.1_5295_1_7_genomic.gbff_pp18/PROKKA_05152020:X:MJFNOHPL_00004 (length 73)
GCA_001234105.1_5295_1_7_genomic.gbff_pp18/PROKKA_05152020:X:MJFNOHPL_00005 (length 496)
GCA_001234105.1_5295_1_7_genomic.gbff_pp18/PROKKA_05152020:X:MJFNOHPL_00006 (length 169)
GCA_001234105.1_5295_1_7_genomic.gbff_pp18/PROKKA_05152020:X:MJFNOHPL_00007 (length 356)
GCA_001234105.1_5295_1_7_genomic.gbff_pp18/PROKKA_05152020:X:MJFNOHPL_00008 (length 204)

DiscRep_ALL:DISC_INCONSISTENT_MOLINFO_TECH::Molinfo Technique Report (some missing, all same)
DiscRep_SUB:DISC_INCONSISTENT_MOLINFO_TECH::technique (all missing)
DiscRep_SUB:DISC_INCONSISTENT_MOLINFO_TECH::1 Molinfos are missing field technique
GCA_001234105.1_5295_1_7_genomic.gbff_pp18/PROKKA_05152020:X:MJFNOHPL_1 (length 6396)

