Discrepancy Report Results

Summary
DISC_SOURCE_QUALS_ASNDISC:strain (all present, all unique)
DISC_SOURCE_QUALS_ASNDISC:taxname (all present, all unique)
DISC_FEATURE_COUNT:gene: 5 present
DISC_FEATURE_COUNT:CDS: 5 present
DISC_COUNT_NUCLEOTIDES:1 nucleotide Bioseqs are present
DISC_QUALITY_SCORES:Quality scores are missing on all sequences.
ONCALLER_COMMENT_PRESENT:1 comment descriptors were found (all same)
MISSING_GENOMEASSEMBLY_COMMENTS:1 bioseqs are missing GenomeAssembly structured comments
MOLTYPE_NOT_MRNA:1 molecule types are not set as mRNA.
TECHNIQUE_NOT_TSA:1 technique are not set as TSA
MISSING_STRUCTURED_COMMENT:1 sequences do not include structured comments.
MISSING_PROJECT:6 sequences do not include project.
DISC_INCONSISTENT_MOLINFO_TECH:Molinfo Technique Report (some missing, all same)


Detailed Report

DiscRep_ALL:DISC_SOURCE_QUALS_ASNDISC::strain (all present, all unique)
DiscRep_SUB:DISC_SOURCE_QUALS_ASNDISC::1 sources have unique values for strain
DiscRep_ALL:DISC_SOURCE_QUALS_ASNDISC::taxname (all present, all unique)
DiscRep_SUB:DISC_SOURCE_QUALS_ASNDISC::1 sources have unique values for taxname
DiscRep_ALL:DISC_FEATURE_COUNT::gene: 5 present
DiscRep_ALL:DISC_FEATURE_COUNT::CDS: 5 present
DiscRep_ALL:DISC_COUNT_NUCLEOTIDES::1 nucleotide Bioseqs are present
GCA_002122685.1_ASM212268v1_genomic.gbff_pp21/PROKKA_05152020:X:IMOJOGFE_1 (length 5956)

DiscRep_ALL:DISC_QUALITY_SCORES::Quality scores are missing on all sequences.

DiscRep_ALL:ONCALLER_COMMENT_PRESENT::1 comment descriptors were found (all same)
GCA_002122685.1_ASM212268v1_genomic.gbff_pp21/PROKKA_05152020:X:IMOJOGFE_1:Annotated using prokka 1.14.6 from https://github.com/tseemann/prokka

DiscRep_ALL:MISSING_GENOMEASSEMBLY_COMMENTS::1 bioseqs are missing GenomeAssembly structured comments
GCA_002122685.1_ASM212268v1_genomic.gbff_pp21/PROKKA_05152020:X:IMOJOGFE_1 (length 5956)

DiscRep_ALL:MOLTYPE_NOT_MRNA::1 molecule types are not set as mRNA.
GCA_002122685.1_ASM212268v1_genomic.gbff_pp21/PROKKA_05152020:X:IMOJOGFE_1 (length 5956)

DiscRep_ALL:TECHNIQUE_NOT_TSA::1 technique are not set as TSA
GCA_002122685.1_ASM212268v1_genomic.gbff_pp21/PROKKA_05152020:X:IMOJOGFE_1 (length 5956)

DiscRep_ALL:MISSING_STRUCTURED_COMMENT::1 sequences do not include structured comments.
GCA_002122685.1_ASM212268v1_genomic.gbff_pp21/PROKKA_05152020:X:IMOJOGFE_1 (length 5956)

DiscRep_ALL:MISSING_PROJECT::6 sequences do not include project.
GCA_002122685.1_ASM212268v1_genomic.gbff_pp21/PROKKA_05152020:X:IMOJOGFE_1 (length 5956)
GCA_002122685.1_ASM212268v1_genomic.gbff_pp21/PROKKA_05152020:X:IMOJOGFE_00001 (length 518)
GCA_002122685.1_ASM212268v1_genomic.gbff_pp21/PROKKA_05152020:X:IMOJOGFE_00002 (length 311)
GCA_002122685.1_ASM212268v1_genomic.gbff_pp21/PROKKA_05152020:X:IMOJOGFE_00003 (length 333)
GCA_002122685.1_ASM212268v1_genomic.gbff_pp21/PROKKA_05152020:X:IMOJOGFE_00004 (length 241)
GCA_002122685.1_ASM212268v1_genomic.gbff_pp21/PROKKA_05152020:X:IMOJOGFE_00005 (length 241)

DiscRep_ALL:DISC_INCONSISTENT_MOLINFO_TECH::Molinfo Technique Report (some missing, all same)
DiscRep_SUB:DISC_INCONSISTENT_MOLINFO_TECH::technique (all missing)
DiscRep_SUB:DISC_INCONSISTENT_MOLINFO_TECH::1 Molinfos are missing field technique
GCA_002122685.1_ASM212268v1_genomic.gbff_pp21/PROKKA_05152020:X:IMOJOGFE_1 (length 5956)

