Discrepancy Report Results

Summary
DISC_SOURCE_QUALS_ASNDISC:strain (all present, all unique)
DISC_SOURCE_QUALS_ASNDISC:taxname (all present, all unique)
DISC_FEATURE_COUNT:gene: 10 present
DISC_FEATURE_COUNT:CDS: 10 present
DISC_COUNT_NUCLEOTIDES:1 nucleotide Bioseqs are present
OVERLAPPING_GENES:2 genes overlap another gene on the same strand.
SUSPECT_PRODUCT_NAMES:1 product_names contain suspect phrase or characters
	FATAL: Remove organism from product name
		1 features contains 'staphylococcal'
DISC_QUALITY_SCORES:Quality scores are missing on all sequences.
ONCALLER_COMMENT_PRESENT:1 comment descriptors were found (all same)
SHORT_PROT_SEQUENCES:1 protein sequences are shorter than 50 aa.
MISSING_GENOMEASSEMBLY_COMMENTS:1 bioseqs are missing GenomeAssembly structured comments
MOLTYPE_NOT_MRNA:1 molecule types are not set as mRNA.
TECHNIQUE_NOT_TSA:1 technique are not set as TSA
MISSING_STRUCTURED_COMMENT:1 sequences do not include structured comments.
MISSING_PROJECT:11 sequences do not include project.
DISC_INCONSISTENT_MOLINFO_TECH:Molinfo Technique Report (some missing, all same)


Detailed Report

DiscRep_ALL:DISC_SOURCE_QUALS_ASNDISC::strain (all present, all unique)
DiscRep_SUB:DISC_SOURCE_QUALS_ASNDISC::1 sources have unique values for strain
DiscRep_ALL:DISC_SOURCE_QUALS_ASNDISC::taxname (all present, all unique)
DiscRep_SUB:DISC_SOURCE_QUALS_ASNDISC::1 sources have unique values for taxname
DiscRep_ALL:DISC_FEATURE_COUNT::gene: 10 present
DiscRep_ALL:DISC_FEATURE_COUNT::CDS: 10 present
DiscRep_ALL:DISC_COUNT_NUCLEOTIDES::1 nucleotide Bioseqs are present
GCA_000009585.1_ASM958v1_genomic.gbff_pp19/PROKKA_05152020:X:JKFAJILD_1 (length 5680)

DiscRep_ALL:OVERLAPPING_GENES::2 genes overlap another gene on the same strand.
GCA_000009585.1_ASM958v1_genomic.gbff_pp19/PROKKA_05152020:Gene	JKFAJILD_00003	JKFAJILD_1:c1212-1015	JKFAJILD_00003
GCA_000009585.1_ASM958v1_genomic.gbff_pp19/PROKKA_05152020:Gene	JKFAJILD_00004	JKFAJILD_1:c1342-1196	JKFAJILD_00004

DiscRep_ALL:SUSPECT_PRODUCT_NAMES::1 product_names contain suspect phrase or characters
FATAL: DiscRep_SUB:SUSPECT_PRODUCT_NAMES::Remove organism from product name
DiscRep_SUB:DISC_PRODUCT_NAME_QUICKFIX::1 features contains 'staphylococcal'
GCA_000009585.1_ASM958v1_genomic.gbff_pp19/PROKKA_05152020:CDS	Staphylococcal complement inhibitor	JKFAJILD_1:c5051-4701	JKFAJILD_00009

DiscRep_ALL:DISC_QUALITY_SCORES::Quality scores are missing on all sequences.

DiscRep_ALL:ONCALLER_COMMENT_PRESENT::1 comment descriptors were found (all same)
GCA_000009585.1_ASM958v1_genomic.gbff_pp19/PROKKA_05152020:X:JKFAJILD_1:Annotated using prokka 1.14.6 from https://github.com/tseemann/prokka

DiscRep_ALL:SHORT_PROT_SEQUENCES::1 protein sequences are shorter than 50 aa.
GCA_000009585.1_ASM958v1_genomic.gbff_pp19/PROKKA_05152020:X:JKFAJILD_00004 (length 48)

DiscRep_ALL:MISSING_GENOMEASSEMBLY_COMMENTS::1 bioseqs are missing GenomeAssembly structured comments
GCA_000009585.1_ASM958v1_genomic.gbff_pp19/PROKKA_05152020:X:JKFAJILD_1 (length 5680)

DiscRep_ALL:MOLTYPE_NOT_MRNA::1 molecule types are not set as mRNA.
GCA_000009585.1_ASM958v1_genomic.gbff_pp19/PROKKA_05152020:X:JKFAJILD_1 (length 5680)

DiscRep_ALL:TECHNIQUE_NOT_TSA::1 technique are not set as TSA
GCA_000009585.1_ASM958v1_genomic.gbff_pp19/PROKKA_05152020:X:JKFAJILD_1 (length 5680)

DiscRep_ALL:MISSING_STRUCTURED_COMMENT::1 sequences do not include structured comments.
GCA_000009585.1_ASM958v1_genomic.gbff_pp19/PROKKA_05152020:X:JKFAJILD_1 (length 5680)

DiscRep_ALL:MISSING_PROJECT::11 sequences do not include project.
GCA_000009585.1_ASM958v1_genomic.gbff_pp19/PROKKA_05152020:X:JKFAJILD_1 (length 5680)
GCA_000009585.1_ASM958v1_genomic.gbff_pp19/PROKKA_05152020:X:JKFAJILD_00001 (length 130)
GCA_000009585.1_ASM958v1_genomic.gbff_pp19/PROKKA_05152020:X:JKFAJILD_00002 (length 65)
GCA_000009585.1_ASM958v1_genomic.gbff_pp19/PROKKA_05152020:X:JKFAJILD_00003 (length 65)
GCA_000009585.1_ASM958v1_genomic.gbff_pp19/PROKKA_05152020:X:JKFAJILD_00004 (length 48)
GCA_000009585.1_ASM958v1_genomic.gbff_pp19/PROKKA_05152020:X:JKFAJILD_00005 (length 321)
GCA_000009585.1_ASM958v1_genomic.gbff_pp19/PROKKA_05152020:X:JKFAJILD_00006 (length 77)
GCA_000009585.1_ASM958v1_genomic.gbff_pp19/PROKKA_05152020:X:JKFAJILD_00007 (length 61)
GCA_000009585.1_ASM958v1_genomic.gbff_pp19/PROKKA_05152020:X:JKFAJILD_00008 (length 73)
GCA_000009585.1_ASM958v1_genomic.gbff_pp19/PROKKA_05152020:X:JKFAJILD_00009 (length 116)
GCA_000009585.1_ASM958v1_genomic.gbff_pp19/PROKKA_05152020:X:JKFAJILD_00010 (length 125)

DiscRep_ALL:DISC_INCONSISTENT_MOLINFO_TECH::Molinfo Technique Report (some missing, all same)
DiscRep_SUB:DISC_INCONSISTENT_MOLINFO_TECH::technique (all missing)
DiscRep_SUB:DISC_INCONSISTENT_MOLINFO_TECH::1 Molinfos are missing field technique
GCA_000009585.1_ASM958v1_genomic.gbff_pp19/PROKKA_05152020:X:JKFAJILD_1 (length 5680)

