Discrepancy Report Results

Summary
DISC_SOURCE_QUALS_ASNDISC:strain (all present, all unique)
DISC_SOURCE_QUALS_ASNDISC:taxname (all present, all unique)
DISC_FEATURE_COUNT:gene: 9 present
DISC_FEATURE_COUNT:CDS: 9 present
DISC_COUNT_NUCLEOTIDES:1 nucleotide Bioseqs are present
OVERLAPPING_GENES:5 genes overlap another gene on the same strand.
DISC_QUALITY_SCORES:Quality scores are missing on all sequences.
ONCALLER_COMMENT_PRESENT:1 comment descriptors were found (all same)
SHORT_PROT_SEQUENCES:1 protein sequences are shorter than 50 aa.
MISSING_GENOMEASSEMBLY_COMMENTS:1 bioseqs are missing GenomeAssembly structured comments
MOLTYPE_NOT_MRNA:1 molecule types are not set as mRNA.
TECHNIQUE_NOT_TSA:1 technique are not set as TSA
MISSING_STRUCTURED_COMMENT:1 sequences do not include structured comments.
MISSING_PROJECT:10 sequences do not include project.
DISC_INCONSISTENT_MOLINFO_TECH:Molinfo Technique Report (some missing, all same)


Detailed Report

DiscRep_ALL:DISC_SOURCE_QUALS_ASNDISC::strain (all present, all unique)
DiscRep_SUB:DISC_SOURCE_QUALS_ASNDISC::1 sources have unique values for strain
DiscRep_ALL:DISC_SOURCE_QUALS_ASNDISC::taxname (all present, all unique)
DiscRep_SUB:DISC_SOURCE_QUALS_ASNDISC::1 sources have unique values for taxname
DiscRep_ALL:DISC_FEATURE_COUNT::gene: 9 present
DiscRep_ALL:DISC_FEATURE_COUNT::CDS: 9 present
DiscRep_ALL:DISC_COUNT_NUCLEOTIDES::1 nucleotide Bioseqs are present
GCA_000596365.1_Stap_aure_DAR5864_V1_genomic.gbff_pp14/PROKKA_05152020:X:FKFNBKLF_1 (length 6630)

DiscRep_ALL:OVERLAPPING_GENES::5 genes overlap another gene on the same strand.
GCA_000596365.1_Stap_aure_DAR5864_V1_genomic.gbff_pp14/PROKKA_05152020:Gene	gluP	FKFNBKLF_1:2000-3463	FKFNBKLF_00004
GCA_000596365.1_Stap_aure_DAR5864_V1_genomic.gbff_pp14/PROKKA_05152020:Gene	FKFNBKLF_00005	FKFNBKLF_1:3444-3647	FKFNBKLF_00005
GCA_000596365.1_Stap_aure_DAR5864_V1_genomic.gbff_pp14/PROKKA_05152020:Gene	glcK	FKFNBKLF_1:3644-4630	FKFNBKLF_00006
GCA_000596365.1_Stap_aure_DAR5864_V1_genomic.gbff_pp14/PROKKA_05152020:Gene	FKFNBKLF_00007	FKFNBKLF_1:4630-4959	FKFNBKLF_00007
GCA_000596365.1_Stap_aure_DAR5864_V1_genomic.gbff_pp14/PROKKA_05152020:Gene	FKFNBKLF_00008	FKFNBKLF_1:4956-5579	FKFNBKLF_00008

DiscRep_ALL:DISC_QUALITY_SCORES::Quality scores are missing on all sequences.

DiscRep_ALL:ONCALLER_COMMENT_PRESENT::1 comment descriptors were found (all same)
GCA_000596365.1_Stap_aure_DAR5864_V1_genomic.gbff_pp14/PROKKA_05152020:X:FKFNBKLF_1:Annotated using prokka 1.14.6 from https://github.com/tseemann/prokka

DiscRep_ALL:SHORT_PROT_SEQUENCES::1 protein sequences are shorter than 50 aa.
GCA_000596365.1_Stap_aure_DAR5864_V1_genomic.gbff_pp14/PROKKA_05152020:X:FKFNBKLF_00002 (length 49)

DiscRep_ALL:MISSING_GENOMEASSEMBLY_COMMENTS::1 bioseqs are missing GenomeAssembly structured comments
GCA_000596365.1_Stap_aure_DAR5864_V1_genomic.gbff_pp14/PROKKA_05152020:X:FKFNBKLF_1 (length 6630)

DiscRep_ALL:MOLTYPE_NOT_MRNA::1 molecule types are not set as mRNA.
GCA_000596365.1_Stap_aure_DAR5864_V1_genomic.gbff_pp14/PROKKA_05152020:X:FKFNBKLF_1 (length 6630)

DiscRep_ALL:TECHNIQUE_NOT_TSA::1 technique are not set as TSA
GCA_000596365.1_Stap_aure_DAR5864_V1_genomic.gbff_pp14/PROKKA_05152020:X:FKFNBKLF_1 (length 6630)

DiscRep_ALL:MISSING_STRUCTURED_COMMENT::1 sequences do not include structured comments.
GCA_000596365.1_Stap_aure_DAR5864_V1_genomic.gbff_pp14/PROKKA_05152020:X:FKFNBKLF_1 (length 6630)

DiscRep_ALL:MISSING_PROJECT::10 sequences do not include project.
GCA_000596365.1_Stap_aure_DAR5864_V1_genomic.gbff_pp14/PROKKA_05152020:X:FKFNBKLF_1 (length 6630)
GCA_000596365.1_Stap_aure_DAR5864_V1_genomic.gbff_pp14/PROKKA_05152020:X:FKFNBKLF_00001 (length 316)
GCA_000596365.1_Stap_aure_DAR5864_V1_genomic.gbff_pp14/PROKKA_05152020:X:FKFNBKLF_00002 (length 49)
GCA_000596365.1_Stap_aure_DAR5864_V1_genomic.gbff_pp14/PROKKA_05152020:X:FKFNBKLF_00003 (length 197)
GCA_000596365.1_Stap_aure_DAR5864_V1_genomic.gbff_pp14/PROKKA_05152020:X:FKFNBKLF_00004 (length 487)
GCA_000596365.1_Stap_aure_DAR5864_V1_genomic.gbff_pp14/PROKKA_05152020:X:FKFNBKLF_00005 (length 67)
GCA_000596365.1_Stap_aure_DAR5864_V1_genomic.gbff_pp14/PROKKA_05152020:X:FKFNBKLF_00006 (length 328)
GCA_000596365.1_Stap_aure_DAR5864_V1_genomic.gbff_pp14/PROKKA_05152020:X:FKFNBKLF_00007 (length 109)
GCA_000596365.1_Stap_aure_DAR5864_V1_genomic.gbff_pp14/PROKKA_05152020:X:FKFNBKLF_00008 (length 207)
GCA_000596365.1_Stap_aure_DAR5864_V1_genomic.gbff_pp14/PROKKA_05152020:X:FKFNBKLF_00009 (length 324)

DiscRep_ALL:DISC_INCONSISTENT_MOLINFO_TECH::Molinfo Technique Report (some missing, all same)
DiscRep_SUB:DISC_INCONSISTENT_MOLINFO_TECH::technique (all missing)
DiscRep_SUB:DISC_INCONSISTENT_MOLINFO_TECH::1 Molinfos are missing field technique
GCA_000596365.1_Stap_aure_DAR5864_V1_genomic.gbff_pp14/PROKKA_05152020:X:FKFNBKLF_1 (length 6630)

