Discrepancy Report Results

Summary
DISC_SOURCE_QUALS_ASNDISC:strain (all present, all unique)
DISC_SOURCE_QUALS_ASNDISC:taxname (all present, all unique)
DISC_FEATURE_COUNT:gene: 4 present
DISC_FEATURE_COUNT:CDS: 4 present
DISC_COUNT_NUCLEOTIDES:1 nucleotide Bioseqs are present
DISC_QUALITY_SCORES:Quality scores are missing on all sequences.
ONCALLER_COMMENT_PRESENT:1 comment descriptors were found (all same)
MISSING_GENOMEASSEMBLY_COMMENTS:1 bioseqs are missing GenomeAssembly structured comments
MOLTYPE_NOT_MRNA:1 molecule types are not set as mRNA.
TECHNIQUE_NOT_TSA:1 technique are not set as TSA
MISSING_STRUCTURED_COMMENT:1 sequences do not include structured comments.
MISSING_PROJECT:5 sequences do not include project.
DISC_INCONSISTENT_MOLINFO_TECH:Molinfo Technique Report (some missing, all same)


Detailed Report

DiscRep_ALL:DISC_SOURCE_QUALS_ASNDISC::strain (all present, all unique)
DiscRep_SUB:DISC_SOURCE_QUALS_ASNDISC::1 sources have unique values for strain
DiscRep_ALL:DISC_SOURCE_QUALS_ASNDISC::taxname (all present, all unique)
DiscRep_SUB:DISC_SOURCE_QUALS_ASNDISC::1 sources have unique values for taxname
DiscRep_ALL:DISC_FEATURE_COUNT::gene: 4 present
DiscRep_ALL:DISC_FEATURE_COUNT::CDS: 4 present
DiscRep_ALL:DISC_COUNT_NUCLEOTIDES::1 nucleotide Bioseqs are present
GCA_900482705.1_7915_6_43_genomic.gbff_pp16/PROKKA_05152020:X:ELOFKCAL_1 (length 5064)

DiscRep_ALL:DISC_QUALITY_SCORES::Quality scores are missing on all sequences.

DiscRep_ALL:ONCALLER_COMMENT_PRESENT::1 comment descriptors were found (all same)
GCA_900482705.1_7915_6_43_genomic.gbff_pp16/PROKKA_05152020:X:ELOFKCAL_1:Annotated using prokka 1.14.6 from https://github.com/tseemann/prokka

DiscRep_ALL:MISSING_GENOMEASSEMBLY_COMMENTS::1 bioseqs are missing GenomeAssembly structured comments
GCA_900482705.1_7915_6_43_genomic.gbff_pp16/PROKKA_05152020:X:ELOFKCAL_1 (length 5064)

DiscRep_ALL:MOLTYPE_NOT_MRNA::1 molecule types are not set as mRNA.
GCA_900482705.1_7915_6_43_genomic.gbff_pp16/PROKKA_05152020:X:ELOFKCAL_1 (length 5064)

DiscRep_ALL:TECHNIQUE_NOT_TSA::1 technique are not set as TSA
GCA_900482705.1_7915_6_43_genomic.gbff_pp16/PROKKA_05152020:X:ELOFKCAL_1 (length 5064)

DiscRep_ALL:MISSING_STRUCTURED_COMMENT::1 sequences do not include structured comments.
GCA_900482705.1_7915_6_43_genomic.gbff_pp16/PROKKA_05152020:X:ELOFKCAL_1 (length 5064)

DiscRep_ALL:MISSING_PROJECT::5 sequences do not include project.
GCA_900482705.1_7915_6_43_genomic.gbff_pp16/PROKKA_05152020:X:ELOFKCAL_1 (length 5064)
GCA_900482705.1_7915_6_43_genomic.gbff_pp16/PROKKA_05152020:X:ELOFKCAL_00001 (length 66)
GCA_900482705.1_7915_6_43_genomic.gbff_pp16/PROKKA_05152020:X:ELOFKCAL_00002 (length 388)
GCA_900482705.1_7915_6_43_genomic.gbff_pp16/PROKKA_05152020:X:ELOFKCAL_00003 (length 354)
GCA_900482705.1_7915_6_43_genomic.gbff_pp16/PROKKA_05152020:X:ELOFKCAL_00004 (length 432)

DiscRep_ALL:DISC_INCONSISTENT_MOLINFO_TECH::Molinfo Technique Report (some missing, all same)
DiscRep_SUB:DISC_INCONSISTENT_MOLINFO_TECH::technique (all missing)
DiscRep_SUB:DISC_INCONSISTENT_MOLINFO_TECH::1 Molinfos are missing field technique
GCA_900482705.1_7915_6_43_genomic.gbff_pp16/PROKKA_05152020:X:ELOFKCAL_1 (length 5064)

