Discrepancy Report Results

Summary
DISC_SOURCE_QUALS_ASNDISC:strain (all present, all unique)
DISC_SOURCE_QUALS_ASNDISC:taxname (all present, all unique)
DISC_FEATURE_COUNT:gene: 73 present
DISC_FEATURE_COUNT:CDS: 73 present
DISC_COUNT_NUCLEOTIDES:1 nucleotide Bioseqs are present
OVERLAPPING_GENES:29 genes overlap another gene on the same strand.
SUSPECT_PRODUCT_NAMES:1 product_names contain suspect phrase or characters
	FATAL: Remove organism from product name
		1 features contains 'staphylococcal'
DISC_QUALITY_SCORES:Quality scores are missing on all sequences.
ONCALLER_COMMENT_PRESENT:1 comment descriptors were found (all same)
SHORT_PROT_SEQUENCES:7 protein sequences are shorter than 50 aa.
MISSING_GENOMEASSEMBLY_COMMENTS:1 bioseqs are missing GenomeAssembly structured comments
MOLTYPE_NOT_MRNA:1 molecule types are not set as mRNA.
TECHNIQUE_NOT_TSA:1 technique are not set as TSA
MISSING_STRUCTURED_COMMENT:1 sequences do not include structured comments.
MISSING_PROJECT:74 sequences do not include project.
DISC_INCONSISTENT_MOLINFO_TECH:Molinfo Technique Report (some missing, all same)


Detailed Report

DiscRep_ALL:DISC_SOURCE_QUALS_ASNDISC::strain (all present, all unique)
DiscRep_SUB:DISC_SOURCE_QUALS_ASNDISC::1 sources have unique values for strain
DiscRep_ALL:DISC_SOURCE_QUALS_ASNDISC::taxname (all present, all unique)
DiscRep_SUB:DISC_SOURCE_QUALS_ASNDISC::1 sources have unique values for taxname
DiscRep_ALL:DISC_FEATURE_COUNT::gene: 73 present
DiscRep_ALL:DISC_FEATURE_COUNT::CDS: 73 present
DiscRep_ALL:DISC_COUNT_NUCLEOTIDES::1 nucleotide Bioseqs are present
GCA_000009005.1_ASM900v1_genomic.gbff_pp9/PROKKA_05152020:X:AHBMAPJE_1 (length 50334)

DiscRep_ALL:OVERLAPPING_GENES::29 genes overlap another gene on the same strand.
GCA_000009005.1_ASM900v1_genomic.gbff_pp9/PROKKA_05152020:Gene	AHBMAPJE_00013	AHBMAPJE_1:c11454-11302	AHBMAPJE_00013
GCA_000009005.1_ASM900v1_genomic.gbff_pp9/PROKKA_05152020:Gene	AHBMAPJE_00014	AHBMAPJE_1:c15229-11444	AHBMAPJE_00014
GCA_000009005.1_ASM900v1_genomic.gbff_pp9/PROKKA_05152020:Gene	AHBMAPJE_00015	AHBMAPJE_1:c16729-15245	AHBMAPJE_00015
GCA_000009005.1_ASM900v1_genomic.gbff_pp9/PROKKA_05152020:Gene	AHBMAPJE_00016	AHBMAPJE_1:c21255-16726	AHBMAPJE_00016
GCA_000009005.1_ASM900v1_genomic.gbff_pp9/PROKKA_05152020:Gene	AHBMAPJE_00020	AHBMAPJE_1:c23216-22809	AHBMAPJE_00020
GCA_000009005.1_ASM900v1_genomic.gbff_pp9/PROKKA_05152020:Gene	AHBMAPJE_00021	AHBMAPJE_1:c23617-23213	AHBMAPJE_00021
GCA_000009005.1_ASM900v1_genomic.gbff_pp9/PROKKA_05152020:Gene	AHBMAPJE_00022	AHBMAPJE_1:c23976-23614	AHBMAPJE_00022
GCA_000009005.1_ASM900v1_genomic.gbff_pp9/PROKKA_05152020:Gene	AHBMAPJE_00023	AHBMAPJE_1:c24256-23960	AHBMAPJE_00023
GCA_000009005.1_ASM900v1_genomic.gbff_pp9/PROKKA_05152020:Gene	AHBMAPJE_00024	AHBMAPJE_1:c24518-24234	AHBMAPJE_00024
GCA_000009005.1_ASM900v1_genomic.gbff_pp9/PROKKA_05152020:Gene	AHBMAPJE_00025	AHBMAPJE_1:c25758-24538	AHBMAPJE_00025
GCA_000009005.1_ASM900v1_genomic.gbff_pp9/PROKKA_05152020:Gene	clpP	AHBMAPJE_1:c26449-25706	AHBMAPJE_00026
GCA_000009005.1_ASM900v1_genomic.gbff_pp9/PROKKA_05152020:Gene	AHBMAPJE_00027	AHBMAPJE_1:c27590-26427	AHBMAPJE_00027
GCA_000009005.1_ASM900v1_genomic.gbff_pp9/PROKKA_05152020:Gene	AHBMAPJE_00029	AHBMAPJE_1:c29267-28698	AHBMAPJE_00029
GCA_000009005.1_ASM900v1_genomic.gbff_pp9/PROKKA_05152020:Gene	AHBMAPJE_00030	AHBMAPJE_1:c29653-29264	AHBMAPJE_00030
GCA_000009005.1_ASM900v1_genomic.gbff_pp9/PROKKA_05152020:Gene	AHBMAPJE_00031	AHBMAPJE_1:c29745-29596	AHBMAPJE_00031
GCA_000009005.1_ASM900v1_genomic.gbff_pp9/PROKKA_05152020:Gene	AHBMAPJE_00034	AHBMAPJE_1:c30915-30715	AHBMAPJE_00034
GCA_000009005.1_ASM900v1_genomic.gbff_pp9/PROKKA_05152020:Gene	AHBMAPJE_00035	AHBMAPJE_1:c31064-30915	AHBMAPJE_00035
GCA_000009005.1_ASM900v1_genomic.gbff_pp9/PROKKA_05152020:Gene	AHBMAPJE_00036	AHBMAPJE_1:c31450-31061	AHBMAPJE_00036
GCA_000009005.1_ASM900v1_genomic.gbff_pp9/PROKKA_05152020:Gene	AHBMAPJE_00037	AHBMAPJE_1:c31676-31440	AHBMAPJE_00037
GCA_000009005.1_ASM900v1_genomic.gbff_pp9/PROKKA_05152020:Gene	AHBMAPJE_00038	AHBMAPJE_1:c31956-31669	AHBMAPJE_00038
GCA_000009005.1_ASM900v1_genomic.gbff_pp9/PROKKA_05152020:Gene	dut	AHBMAPJE_1:c32526-31993	AHBMAPJE_00039
GCA_000009005.1_ASM900v1_genomic.gbff_pp9/PROKKA_05152020:Gene	AHBMAPJE_00040	AHBMAPJE_1:c32689-32519	AHBMAPJE_00040
GCA_000009005.1_ASM900v1_genomic.gbff_pp9/PROKKA_05152020:Gene	AHBMAPJE_00041	AHBMAPJE_1:c32930-32676	AHBMAPJE_00041
GCA_000009005.1_ASM900v1_genomic.gbff_pp9/PROKKA_05152020:Gene	AHBMAPJE_00042	AHBMAPJE_1:c33207-32923	AHBMAPJE_00042
GCA_000009005.1_ASM900v1_genomic.gbff_pp9/PROKKA_05152020:Gene	AHBMAPJE_00043	AHBMAPJE_1:c33653-33204	AHBMAPJE_00043
GCA_000009005.1_ASM900v1_genomic.gbff_pp9/PROKKA_05152020:Gene	AHBMAPJE_00044	AHBMAPJE_1:c33844-33650	AHBMAPJE_00044
GCA_000009005.1_ASM900v1_genomic.gbff_pp9/PROKKA_05152020:Gene	AHBMAPJE_00045	AHBMAPJE_1:c34227-33841	AHBMAPJE_00045
GCA_000009005.1_ASM900v1_genomic.gbff_pp9/PROKKA_05152020:Gene	AHBMAPJE_00067	AHBMAPJE_1:45734-45880	AHBMAPJE_00067
GCA_000009005.1_ASM900v1_genomic.gbff_pp9/PROKKA_05152020:Gene	AHBMAPJE_00068	AHBMAPJE_1:45877-46062	AHBMAPJE_00068

DiscRep_ALL:SUSPECT_PRODUCT_NAMES::1 product_names contain suspect phrase or characters
FATAL: DiscRep_SUB:SUSPECT_PRODUCT_NAMES::Remove organism from product name
DiscRep_SUB:DISC_PRODUCT_NAME_QUICKFIX::1 features contains 'staphylococcal'
GCA_000009005.1_ASM900v1_genomic.gbff_pp9/PROKKA_05152020:CDS	Staphylococcal complement inhibitor	AHBMAPJE_1:c6159-5809	AHBMAPJE_00005

DiscRep_ALL:DISC_QUALITY_SCORES::Quality scores are missing on all sequences.

DiscRep_ALL:ONCALLER_COMMENT_PRESENT::1 comment descriptors were found (all same)
GCA_000009005.1_ASM900v1_genomic.gbff_pp9/PROKKA_05152020:X:AHBMAPJE_1:Annotated using prokka 1.14.6 from https://github.com/tseemann/prokka

DiscRep_ALL:SHORT_PROT_SEQUENCES::7 protein sequences are shorter than 50 aa.
GCA_000009005.1_ASM900v1_genomic.gbff_pp9/PROKKA_05152020:X:AHBMAPJE_00001 (length 32)
GCA_000009005.1_ASM900v1_genomic.gbff_pp9/PROKKA_05152020:X:AHBMAPJE_00017 (length 45)
GCA_000009005.1_ASM900v1_genomic.gbff_pp9/PROKKA_05152020:X:AHBMAPJE_00031 (length 49)
GCA_000009005.1_ASM900v1_genomic.gbff_pp9/PROKKA_05152020:X:AHBMAPJE_00035 (length 49)
GCA_000009005.1_ASM900v1_genomic.gbff_pp9/PROKKA_05152020:X:AHBMAPJE_00058 (length 45)
GCA_000009005.1_ASM900v1_genomic.gbff_pp9/PROKKA_05152020:X:AHBMAPJE_00062 (length 46)
GCA_000009005.1_ASM900v1_genomic.gbff_pp9/PROKKA_05152020:X:AHBMAPJE_00067 (length 48)

DiscRep_ALL:MISSING_GENOMEASSEMBLY_COMMENTS::1 bioseqs are missing GenomeAssembly structured comments
GCA_000009005.1_ASM900v1_genomic.gbff_pp9/PROKKA_05152020:X:AHBMAPJE_1 (length 50334)

DiscRep_ALL:MOLTYPE_NOT_MRNA::1 molecule types are not set as mRNA.
GCA_000009005.1_ASM900v1_genomic.gbff_pp9/PROKKA_05152020:X:AHBMAPJE_1 (length 50334)

DiscRep_ALL:TECHNIQUE_NOT_TSA::1 technique are not set as TSA
GCA_000009005.1_ASM900v1_genomic.gbff_pp9/PROKKA_05152020:X:AHBMAPJE_1 (length 50334)

DiscRep_ALL:MISSING_STRUCTURED_COMMENT::1 sequences do not include structured comments.
GCA_000009005.1_ASM900v1_genomic.gbff_pp9/PROKKA_05152020:X:AHBMAPJE_1 (length 50334)

DiscRep_ALL:MISSING_PROJECT::74 sequences do not include project.
GCA_000009005.1_ASM900v1_genomic.gbff_pp9/PROKKA_05152020:X:AHBMAPJE_1 (length 50334)
GCA_000009005.1_ASM900v1_genomic.gbff_pp9/PROKKA_05152020:X:AHBMAPJE_00001 (length 32)
GCA_000009005.1_ASM900v1_genomic.gbff_pp9/PROKKA_05152020:X:AHBMAPJE_00002 (length 428)
GCA_000009005.1_ASM900v1_genomic.gbff_pp9/PROKKA_05152020:X:AHBMAPJE_00003 (length 682)
GCA_000009005.1_ASM900v1_genomic.gbff_pp9/PROKKA_05152020:X:AHBMAPJE_00004 (length 66)
GCA_000009005.1_ASM900v1_genomic.gbff_pp9/PROKKA_05152020:X:AHBMAPJE_00005 (length 116)
GCA_000009005.1_ASM900v1_genomic.gbff_pp9/PROKKA_05152020:X:AHBMAPJE_00006 (length 149)
GCA_000009005.1_ASM900v1_genomic.gbff_pp9/PROKKA_05152020:X:AHBMAPJE_00007 (length 98)
GCA_000009005.1_ASM900v1_genomic.gbff_pp9/PROKKA_05152020:X:AHBMAPJE_00008 (length 163)
GCA_000009005.1_ASM900v1_genomic.gbff_pp9/PROKKA_05152020:X:AHBMAPJE_00009 (length 251)
GCA_000009005.1_ASM900v1_genomic.gbff_pp9/PROKKA_05152020:X:AHBMAPJE_00010 (length 84)
GCA_000009005.1_ASM900v1_genomic.gbff_pp9/PROKKA_05152020:X:AHBMAPJE_00011 (length 98)
GCA_000009005.1_ASM900v1_genomic.gbff_pp9/PROKKA_05152020:X:AHBMAPJE_00012 (length 95)
GCA_000009005.1_ASM900v1_genomic.gbff_pp9/PROKKA_05152020:X:AHBMAPJE_00013 (length 50)
GCA_000009005.1_ASM900v1_genomic.gbff_pp9/PROKKA_05152020:X:AHBMAPJE_00014 (length 1261)
GCA_000009005.1_ASM900v1_genomic.gbff_pp9/PROKKA_05152020:X:AHBMAPJE_00015 (length 494)
GCA_000009005.1_ASM900v1_genomic.gbff_pp9/PROKKA_05152020:X:AHBMAPJE_00016 (length 1509)
GCA_000009005.1_ASM900v1_genomic.gbff_pp9/PROKKA_05152020:X:AHBMAPJE_00017 (length 45)
GCA_000009005.1_ASM900v1_genomic.gbff_pp9/PROKKA_05152020:X:AHBMAPJE_00018 (length 116)
GCA_000009005.1_ASM900v1_genomic.gbff_pp9/PROKKA_05152020:X:AHBMAPJE_00019 (length 213)
GCA_000009005.1_ASM900v1_genomic.gbff_pp9/PROKKA_05152020:X:AHBMAPJE_00020 (length 135)
GCA_000009005.1_ASM900v1_genomic.gbff_pp9/PROKKA_05152020:X:AHBMAPJE_00021 (length 134)
GCA_000009005.1_ASM900v1_genomic.gbff_pp9/PROKKA_05152020:X:AHBMAPJE_00022 (length 120)
GCA_000009005.1_ASM900v1_genomic.gbff_pp9/PROKKA_05152020:X:AHBMAPJE_00023 (length 98)
GCA_000009005.1_ASM900v1_genomic.gbff_pp9/PROKKA_05152020:X:AHBMAPJE_00024 (length 94)
GCA_000009005.1_ASM900v1_genomic.gbff_pp9/PROKKA_05152020:X:AHBMAPJE_00025 (length 406)
GCA_000009005.1_ASM900v1_genomic.gbff_pp9/PROKKA_05152020:X:AHBMAPJE_00026 (length 247)
GCA_000009005.1_ASM900v1_genomic.gbff_pp9/PROKKA_05152020:X:AHBMAPJE_00027 (length 387)
GCA_000009005.1_ASM900v1_genomic.gbff_pp9/PROKKA_05152020:X:AHBMAPJE_00028 (length 348)
GCA_000009005.1_ASM900v1_genomic.gbff_pp9/PROKKA_05152020:X:AHBMAPJE_00029 (length 189)
GCA_000009005.1_ASM900v1_genomic.gbff_pp9/PROKKA_05152020:X:AHBMAPJE_00030 (length 129)
GCA_000009005.1_ASM900v1_genomic.gbff_pp9/PROKKA_05152020:X:AHBMAPJE_00031 (length 49)
GCA_000009005.1_ASM900v1_genomic.gbff_pp9/PROKKA_05152020:X:AHBMAPJE_00032 (length 92)
GCA_000009005.1_ASM900v1_genomic.gbff_pp9/PROKKA_05152020:X:AHBMAPJE_00033 (length 138)
GCA_000009005.1_ASM900v1_genomic.gbff_pp9/PROKKA_05152020:X:AHBMAPJE_00034 (length 66)
GCA_000009005.1_ASM900v1_genomic.gbff_pp9/PROKKA_05152020:X:AHBMAPJE_00035 (length 49)
GCA_000009005.1_ASM900v1_genomic.gbff_pp9/PROKKA_05152020:X:AHBMAPJE_00036 (length 129)
GCA_000009005.1_ASM900v1_genomic.gbff_pp9/PROKKA_05152020:X:AHBMAPJE_00037 (length 78)
GCA_000009005.1_ASM900v1_genomic.gbff_pp9/PROKKA_05152020:X:AHBMAPJE_00038 (length 95)
GCA_000009005.1_ASM900v1_genomic.gbff_pp9/PROKKA_05152020:X:AHBMAPJE_00039 (length 177)
GCA_000009005.1_ASM900v1_genomic.gbff_pp9/PROKKA_05152020:X:AHBMAPJE_00040 (length 56)
GCA_000009005.1_ASM900v1_genomic.gbff_pp9/PROKKA_05152020:X:AHBMAPJE_00041 (length 84)
GCA_000009005.1_ASM900v1_genomic.gbff_pp9/PROKKA_05152020:X:AHBMAPJE_00042 (length 94)
GCA_000009005.1_ASM900v1_genomic.gbff_pp9/PROKKA_05152020:X:AHBMAPJE_00043 (length 149)
GCA_000009005.1_ASM900v1_genomic.gbff_pp9/PROKKA_05152020:X:AHBMAPJE_00044 (length 64)
GCA_000009005.1_ASM900v1_genomic.gbff_pp9/PROKKA_05152020:X:AHBMAPJE_00045 (length 128)
GCA_000009005.1_ASM900v1_genomic.gbff_pp9/PROKKA_05152020:X:AHBMAPJE_00046 (length 80)
GCA_000009005.1_ASM900v1_genomic.gbff_pp9/PROKKA_05152020:X:AHBMAPJE_00047 (length 122)
GCA_000009005.1_ASM900v1_genomic.gbff_pp9/PROKKA_05152020:X:AHBMAPJE_00048 (length 134)
GCA_000009005.1_ASM900v1_genomic.gbff_pp9/PROKKA_05152020:X:AHBMAPJE_00049 (length 72)
GCA_000009005.1_ASM900v1_genomic.gbff_pp9/PROKKA_05152020:X:AHBMAPJE_00050 (length 187)
GCA_000009005.1_ASM900v1_genomic.gbff_pp9/PROKKA_05152020:X:AHBMAPJE_00051 (length 156)
GCA_000009005.1_ASM900v1_genomic.gbff_pp9/PROKKA_05152020:X:AHBMAPJE_00052 (length 161)
GCA_000009005.1_ASM900v1_genomic.gbff_pp9/PROKKA_05152020:X:AHBMAPJE_00053 (length 306)
GCA_000009005.1_ASM900v1_genomic.gbff_pp9/PROKKA_05152020:X:AHBMAPJE_00054 (length 647)
GCA_000009005.1_ASM900v1_genomic.gbff_pp9/PROKKA_05152020:X:AHBMAPJE_00055 (length 87)
GCA_000009005.1_ASM900v1_genomic.gbff_pp9/PROKKA_05152020:X:AHBMAPJE_00056 (length 86)
GCA_000009005.1_ASM900v1_genomic.gbff_pp9/PROKKA_05152020:X:AHBMAPJE_00057 (length 106)
GCA_000009005.1_ASM900v1_genomic.gbff_pp9/PROKKA_05152020:X:AHBMAPJE_00058 (length 45)
GCA_000009005.1_ASM900v1_genomic.gbff_pp9/PROKKA_05152020:X:AHBMAPJE_00059 (length 86)
GCA_000009005.1_ASM900v1_genomic.gbff_pp9/PROKKA_05152020:X:AHBMAPJE_00060 (length 249)
GCA_000009005.1_ASM900v1_genomic.gbff_pp9/PROKKA_05152020:X:AHBMAPJE_00061 (length 69)
GCA_000009005.1_ASM900v1_genomic.gbff_pp9/PROKKA_05152020:X:AHBMAPJE_00062 (length 46)
GCA_000009005.1_ASM900v1_genomic.gbff_pp9/PROKKA_05152020:X:AHBMAPJE_00063 (length 148)
GCA_000009005.1_ASM900v1_genomic.gbff_pp9/PROKKA_05152020:X:AHBMAPJE_00064 (length 80)
GCA_000009005.1_ASM900v1_genomic.gbff_pp9/PROKKA_05152020:X:AHBMAPJE_00065 (length 238)
GCA_000009005.1_ASM900v1_genomic.gbff_pp9/PROKKA_05152020:X:AHBMAPJE_00066 (length 284)
GCA_000009005.1_ASM900v1_genomic.gbff_pp9/PROKKA_05152020:X:AHBMAPJE_00067 (length 48)
GCA_000009005.1_ASM900v1_genomic.gbff_pp9/PROKKA_05152020:X:AHBMAPJE_00068 (length 61)
GCA_000009005.1_ASM900v1_genomic.gbff_pp9/PROKKA_05152020:X:AHBMAPJE_00069 (length 60)
GCA_000009005.1_ASM900v1_genomic.gbff_pp9/PROKKA_05152020:X:AHBMAPJE_00070 (length 251)
GCA_000009005.1_ASM900v1_genomic.gbff_pp9/PROKKA_05152020:X:AHBMAPJE_00071 (length 345)
GCA_000009005.1_ASM900v1_genomic.gbff_pp9/PROKKA_05152020:X:AHBMAPJE_00072 (length 274)
GCA_000009005.1_ASM900v1_genomic.gbff_pp9/PROKKA_05152020:X:AHBMAPJE_00073 (length 290)

DiscRep_ALL:DISC_INCONSISTENT_MOLINFO_TECH::Molinfo Technique Report (some missing, all same)
DiscRep_SUB:DISC_INCONSISTENT_MOLINFO_TECH::technique (all missing)
DiscRep_SUB:DISC_INCONSISTENT_MOLINFO_TECH::1 Molinfos are missing field technique
GCA_000009005.1_ASM900v1_genomic.gbff_pp9/PROKKA_05152020:X:AHBMAPJE_1 (length 50334)

