Discrepancy Report Results

Summary
DISC_SOURCE_QUALS_ASNDISC:strain (all present, all unique)
DISC_SOURCE_QUALS_ASNDISC:taxname (all present, all unique)
DISC_FEATURE_COUNT:gene: 18 present
DISC_FEATURE_COUNT:CDS: 9 present
DISC_FEATURE_COUNT:tRNA: 8 present
DISC_FEATURE_COUNT:rRNA: 1 present
DISC_COUNT_NUCLEOTIDES:1 nucleotide Bioseqs are present
OVERLAPPING_GENES:5 genes overlap another gene on the same strand.
DISC_QUALITY_SCORES:Quality scores are missing on all sequences.
FATAL: DISC_SUSPECT_RRNA_PRODUCTS:1 rRNA product names contain suspect phrase
FATAL: DISC_SHORT_RRNA:1 rRNA features are too short
ONCALLER_COMMENT_PRESENT:1 comment descriptors were found (all same)
MISSING_GENOMEASSEMBLY_COMMENTS:1 bioseqs are missing GenomeAssembly structured comments
MOLTYPE_NOT_MRNA:1 molecule types are not set as mRNA.
TECHNIQUE_NOT_TSA:1 technique are not set as TSA
MISSING_STRUCTURED_COMMENT:1 sequences do not include structured comments.
MISSING_PROJECT:10 sequences do not include project.
FATAL: RRNA_NAME_CONFLICTS:1 rRNA product names are not standard. Correct the names to the standard format, eg "16S ribosomal RNA"
DISC_INCONSISTENT_MOLINFO_TECH:Molinfo Technique Report (some missing, all same)


Detailed Report

DiscRep_ALL:DISC_SOURCE_QUALS_ASNDISC::strain (all present, all unique)
DiscRep_SUB:DISC_SOURCE_QUALS_ASNDISC::1 sources have unique values for strain
DiscRep_ALL:DISC_SOURCE_QUALS_ASNDISC::taxname (all present, all unique)
DiscRep_SUB:DISC_SOURCE_QUALS_ASNDISC::1 sources have unique values for taxname
DiscRep_ALL:DISC_FEATURE_COUNT::gene: 18 present
DiscRep_ALL:DISC_FEATURE_COUNT::CDS: 9 present
DiscRep_ALL:DISC_FEATURE_COUNT::tRNA: 8 present
DiscRep_ALL:DISC_FEATURE_COUNT::rRNA: 1 present
DiscRep_ALL:DISC_COUNT_NUCLEOTIDES::1 nucleotide Bioseqs are present
GCA_000601945.1_Stap_aure_F87602_V1_genomic.gbff_pp6/PROKKA_05152020:X:BDFALBBM_1 (length 11678)

DiscRep_ALL:OVERLAPPING_GENES::5 genes overlap another gene on the same strand.
GCA_000601945.1_Stap_aure_F87602_V1_genomic.gbff_pp6/PROKKA_05152020:Gene	folK	BDFALBBM_1:c4005-3529	BDFALBBM_00011
GCA_000601945.1_Stap_aure_F87602_V1_genomic.gbff_pp6/PROKKA_05152020:Gene	folB	BDFALBBM_1:c4367-4002	BDFALBBM_00012
GCA_000601945.1_Stap_aure_F87602_V1_genomic.gbff_pp6/PROKKA_05152020:Gene	folP	BDFALBBM_1:c5148-4345	BDFALBBM_00013
GCA_000601945.1_Stap_aure_F87602_V1_genomic.gbff_pp6/PROKKA_05152020:Gene	hpt	BDFALBBM_1:c10492-9935	BDFALBBM_00017
GCA_000601945.1_Stap_aure_F87602_V1_genomic.gbff_pp6/PROKKA_05152020:Gene	tilS	BDFALBBM_1:c11462-10479	BDFALBBM_00018

DiscRep_ALL:DISC_QUALITY_SCORES::Quality scores are missing on all sequences.

FATAL: DiscRep_ALL:DISC_SUSPECT_RRNA_PRODUCTS::1 rRNA product names contain suspect phrase
FATAL: DiscRep_SUB:DISC_SUSPECT_RRNA_PRODUCTS::1 rRNA product names contains 'partial'
GCA_000601945.1_Stap_aure_F87602_V1_genomic.gbff_pp6/PROKKA_05152020:rRNA	5S ribosomal RNA (partial)	BDFALBBM_1:c943-866	BDFALBBM_00009

FATAL: DiscRep_ALL:DISC_SHORT_RRNA::1 rRNA features are too short
GCA_000601945.1_Stap_aure_F87602_V1_genomic.gbff_pp6/PROKKA_05152020:rRNA	5S ribosomal RNA (partial)	BDFALBBM_1:c943-866	BDFALBBM_00009

DiscRep_ALL:ONCALLER_COMMENT_PRESENT::1 comment descriptors were found (all same)
GCA_000601945.1_Stap_aure_F87602_V1_genomic.gbff_pp6/PROKKA_05152020:X:BDFALBBM_1:Annotated using prokka 1.14.6 from https://github.com/tseemann/prokka

DiscRep_ALL:MISSING_GENOMEASSEMBLY_COMMENTS::1 bioseqs are missing GenomeAssembly structured comments
GCA_000601945.1_Stap_aure_F87602_V1_genomic.gbff_pp6/PROKKA_05152020:X:BDFALBBM_1 (length 11678)

DiscRep_ALL:MOLTYPE_NOT_MRNA::1 molecule types are not set as mRNA.
GCA_000601945.1_Stap_aure_F87602_V1_genomic.gbff_pp6/PROKKA_05152020:X:BDFALBBM_1 (length 11678)

DiscRep_ALL:TECHNIQUE_NOT_TSA::1 technique are not set as TSA
GCA_000601945.1_Stap_aure_F87602_V1_genomic.gbff_pp6/PROKKA_05152020:X:BDFALBBM_1 (length 11678)

DiscRep_ALL:MISSING_STRUCTURED_COMMENT::1 sequences do not include structured comments.
GCA_000601945.1_Stap_aure_F87602_V1_genomic.gbff_pp6/PROKKA_05152020:X:BDFALBBM_1 (length 11678)

DiscRep_ALL:MISSING_PROJECT::10 sequences do not include project.
GCA_000601945.1_Stap_aure_F87602_V1_genomic.gbff_pp6/PROKKA_05152020:X:BDFALBBM_1 (length 11678)
GCA_000601945.1_Stap_aure_F87602_V1_genomic.gbff_pp6/PROKKA_05152020:X:BDFALBBM_00010 (length 515)
GCA_000601945.1_Stap_aure_F87602_V1_genomic.gbff_pp6/PROKKA_05152020:X:BDFALBBM_00011 (length 158)
GCA_000601945.1_Stap_aure_F87602_V1_genomic.gbff_pp6/PROKKA_05152020:X:BDFALBBM_00012 (length 121)
GCA_000601945.1_Stap_aure_F87602_V1_genomic.gbff_pp6/PROKKA_05152020:X:BDFALBBM_00013 (length 267)
GCA_000601945.1_Stap_aure_F87602_V1_genomic.gbff_pp6/PROKKA_05152020:X:BDFALBBM_00014 (length 310)
GCA_000601945.1_Stap_aure_F87602_V1_genomic.gbff_pp6/PROKKA_05152020:X:BDFALBBM_00015 (length 293)
GCA_000601945.1_Stap_aure_F87602_V1_genomic.gbff_pp6/PROKKA_05152020:X:BDFALBBM_00016 (length 697)
GCA_000601945.1_Stap_aure_F87602_V1_genomic.gbff_pp6/PROKKA_05152020:X:BDFALBBM_00017 (length 185)
GCA_000601945.1_Stap_aure_F87602_V1_genomic.gbff_pp6/PROKKA_05152020:X:BDFALBBM_00018 (length 327)

FATAL: DiscRep_ALL:RRNA_NAME_CONFLICTS::1 rRNA product names are not standard. Correct the names to the standard format, eg "16S ribosomal RNA"
GCA_000601945.1_Stap_aure_F87602_V1_genomic.gbff_pp6/PROKKA_05152020:rRNA	5S ribosomal RNA (partial)	BDFALBBM_1:c943-866	BDFALBBM_00009

DiscRep_ALL:DISC_INCONSISTENT_MOLINFO_TECH::Molinfo Technique Report (some missing, all same)
DiscRep_SUB:DISC_INCONSISTENT_MOLINFO_TECH::technique (all missing)
DiscRep_SUB:DISC_INCONSISTENT_MOLINFO_TECH::1 Molinfos are missing field technique
GCA_000601945.1_Stap_aure_F87602_V1_genomic.gbff_pp6/PROKKA_05152020:X:BDFALBBM_1 (length 11678)

