Discrepancy Report Results

Summary
DISC_SOURCE_QUALS_ASNDISC:strain (all present, all unique)
DISC_SOURCE_QUALS_ASNDISC:taxname (all present, all unique)
DISC_FEATURE_COUNT:gene: 45 present
DISC_FEATURE_COUNT:CDS: 45 present
DISC_COUNT_NUCLEOTIDES:1 nucleotide Bioseqs are present
OVERLAPPING_GENES:11 genes overlap another gene on the same strand.
DISC_QUALITY_SCORES:Quality scores are missing on all sequences.
DISC_BAD_BACTERIAL_GENE_NAME:1 bacterial genes do not start with lowercase letters
ONCALLER_COMMENT_PRESENT:1 comment descriptors were found (all same)
SHORT_PROT_SEQUENCES:1 protein sequences are shorter than 50 aa.
MISSING_GENOMEASSEMBLY_COMMENTS:1 bioseqs are missing GenomeAssembly structured comments
MOLTYPE_NOT_MRNA:1 molecule types are not set as mRNA.
TECHNIQUE_NOT_TSA:1 technique are not set as TSA
MISSING_STRUCTURED_COMMENT:1 sequences do not include structured comments.
MISSING_PROJECT:46 sequences do not include project.
DISC_INCONSISTENT_MOLINFO_TECH:Molinfo Technique Report (some missing, all same)


Detailed Report

DiscRep_ALL:DISC_SOURCE_QUALS_ASNDISC::strain (all present, all unique)
DiscRep_SUB:DISC_SOURCE_QUALS_ASNDISC::1 sources have unique values for strain
DiscRep_ALL:DISC_SOURCE_QUALS_ASNDISC::taxname (all present, all unique)
DiscRep_SUB:DISC_SOURCE_QUALS_ASNDISC::1 sources have unique values for taxname
DiscRep_ALL:DISC_FEATURE_COUNT::gene: 45 present
DiscRep_ALL:DISC_FEATURE_COUNT::CDS: 45 present
DiscRep_ALL:DISC_COUNT_NUCLEOTIDES::1 nucleotide Bioseqs are present
GCA_000540235.1_Stap_aure_UCIM6050_V1_genomic.gbff_pp9/PROKKA_05152020:X:EJFJIICA_1 (length 50594)

DiscRep_ALL:OVERLAPPING_GENES::11 genes overlap another gene on the same strand.
GCA_000540235.1_Stap_aure_UCIM6050_V1_genomic.gbff_pp9/PROKKA_05152020:Gene	EJFJIICA_00010	EJFJIICA_1:c7114-6035	EJFJIICA_00010
GCA_000540235.1_Stap_aure_UCIM6050_V1_genomic.gbff_pp9/PROKKA_05152020:Gene	essC	EJFJIICA_1:c11559-7111	EJFJIICA_00011
GCA_000540235.1_Stap_aure_UCIM6050_V1_genomic.gbff_pp9/PROKKA_05152020:Gene	esaB	EJFJIICA_1:c13170-12928	EJFJIICA_00013
GCA_000540235.1_Stap_aure_UCIM6050_V1_genomic.gbff_pp9/PROKKA_05152020:Gene	EJFJIICA_00014	EJFJIICA_1:c13600-13142	EJFJIICA_00014
GCA_000540235.1_Stap_aure_UCIM6050_V1_genomic.gbff_pp9/PROKKA_05152020:Gene	esaA	EJFJIICA_1:c16629-13600	EJFJIICA_00015
GCA_000540235.1_Stap_aure_UCIM6050_V1_genomic.gbff_pp9/PROKKA_05152020:Gene	EJFJIICA_00019	EJFJIICA_1:20068-21234	EJFJIICA_00019
GCA_000540235.1_Stap_aure_UCIM6050_V1_genomic.gbff_pp9/PROKKA_05152020:Gene	EJFJIICA_00020	EJFJIICA_1:21231-22151	EJFJIICA_00020
GCA_000540235.1_Stap_aure_UCIM6050_V1_genomic.gbff_pp9/PROKKA_05152020:Gene	lrgB	EJFJIICA_1:c39286-38585	EJFJIICA_00035
GCA_000540235.1_Stap_aure_UCIM6050_V1_genomic.gbff_pp9/PROKKA_05152020:Gene	lrgA	EJFJIICA_1:c39722-39279	EJFJIICA_00036
GCA_000540235.1_Stap_aure_UCIM6050_V1_genomic.gbff_pp9/PROKKA_05152020:Gene	tarJ	EJFJIICA_1:c47912-46860	EJFJIICA_00042
GCA_000540235.1_Stap_aure_UCIM6050_V1_genomic.gbff_pp9/PROKKA_05152020:Gene	tarI1	EJFJIICA_1:c48594-47878	EJFJIICA_00043

DiscRep_ALL:DISC_QUALITY_SCORES::Quality scores are missing on all sequences.

DiscRep_ALL:DISC_BAD_BACTERIAL_GENE_NAME::1 bacterial genes do not start with lowercase letters
GCA_000540235.1_Stap_aure_UCIM6050_V1_genomic.gbff_pp9/PROKKA_05152020:Gene	COQ5	EJFJIICA_1:31375-32136	EJFJIICA_00030

DiscRep_ALL:ONCALLER_COMMENT_PRESENT::1 comment descriptors were found (all same)
GCA_000540235.1_Stap_aure_UCIM6050_V1_genomic.gbff_pp9/PROKKA_05152020:X:EJFJIICA_1:Annotated using prokka 1.14.6 from https://github.com/tseemann/prokka

DiscRep_ALL:SHORT_PROT_SEQUENCES::1 protein sequences are shorter than 50 aa.
GCA_000540235.1_Stap_aure_UCIM6050_V1_genomic.gbff_pp9/PROKKA_05152020:X:EJFJIICA_00045 (length 40)

DiscRep_ALL:MISSING_GENOMEASSEMBLY_COMMENTS::1 bioseqs are missing GenomeAssembly structured comments
GCA_000540235.1_Stap_aure_UCIM6050_V1_genomic.gbff_pp9/PROKKA_05152020:X:EJFJIICA_1 (length 50594)

DiscRep_ALL:MOLTYPE_NOT_MRNA::1 molecule types are not set as mRNA.
GCA_000540235.1_Stap_aure_UCIM6050_V1_genomic.gbff_pp9/PROKKA_05152020:X:EJFJIICA_1 (length 50594)

DiscRep_ALL:TECHNIQUE_NOT_TSA::1 technique are not set as TSA
GCA_000540235.1_Stap_aure_UCIM6050_V1_genomic.gbff_pp9/PROKKA_05152020:X:EJFJIICA_1 (length 50594)

DiscRep_ALL:MISSING_STRUCTURED_COMMENT::1 sequences do not include structured comments.
GCA_000540235.1_Stap_aure_UCIM6050_V1_genomic.gbff_pp9/PROKKA_05152020:X:EJFJIICA_1 (length 50594)

DiscRep_ALL:MISSING_PROJECT::46 sequences do not include project.
GCA_000540235.1_Stap_aure_UCIM6050_V1_genomic.gbff_pp9/PROKKA_05152020:X:EJFJIICA_1 (length 50594)
GCA_000540235.1_Stap_aure_UCIM6050_V1_genomic.gbff_pp9/PROKKA_05152020:X:EJFJIICA_00001 (length 398)
GCA_000540235.1_Stap_aure_UCIM6050_V1_genomic.gbff_pp9/PROKKA_05152020:X:EJFJIICA_00002 (length 255)
GCA_000540235.1_Stap_aure_UCIM6050_V1_genomic.gbff_pp9/PROKKA_05152020:X:EJFJIICA_00003 (length 130)
GCA_000540235.1_Stap_aure_UCIM6050_V1_genomic.gbff_pp9/PROKKA_05152020:X:EJFJIICA_00004 (length 129)
GCA_000540235.1_Stap_aure_UCIM6050_V1_genomic.gbff_pp9/PROKKA_05152020:X:EJFJIICA_00005 (length 124)
GCA_000540235.1_Stap_aure_UCIM6050_V1_genomic.gbff_pp9/PROKKA_05152020:X:EJFJIICA_00006 (length 157)
GCA_000540235.1_Stap_aure_UCIM6050_V1_genomic.gbff_pp9/PROKKA_05152020:X:EJFJIICA_00007 (length 137)
GCA_000540235.1_Stap_aure_UCIM6050_V1_genomic.gbff_pp9/PROKKA_05152020:X:EJFJIICA_00008 (length 420)
GCA_000540235.1_Stap_aure_UCIM6050_V1_genomic.gbff_pp9/PROKKA_05152020:X:EJFJIICA_00009 (length 96)
GCA_000540235.1_Stap_aure_UCIM6050_V1_genomic.gbff_pp9/PROKKA_05152020:X:EJFJIICA_00010 (length 359)
GCA_000540235.1_Stap_aure_UCIM6050_V1_genomic.gbff_pp9/PROKKA_05152020:X:EJFJIICA_00011 (length 1482)
GCA_000540235.1_Stap_aure_UCIM6050_V1_genomic.gbff_pp9/PROKKA_05152020:X:EJFJIICA_00012 (length 444)
GCA_000540235.1_Stap_aure_UCIM6050_V1_genomic.gbff_pp9/PROKKA_05152020:X:EJFJIICA_00013 (length 80)
GCA_000540235.1_Stap_aure_UCIM6050_V1_genomic.gbff_pp9/PROKKA_05152020:X:EJFJIICA_00014 (length 152)
GCA_000540235.1_Stap_aure_UCIM6050_V1_genomic.gbff_pp9/PROKKA_05152020:X:EJFJIICA_00015 (length 1009)
GCA_000540235.1_Stap_aure_UCIM6050_V1_genomic.gbff_pp9/PROKKA_05152020:X:EJFJIICA_00016 (length 97)
GCA_000540235.1_Stap_aure_UCIM6050_V1_genomic.gbff_pp9/PROKKA_05152020:X:EJFJIICA_00017 (length 300)
GCA_000540235.1_Stap_aure_UCIM6050_V1_genomic.gbff_pp9/PROKKA_05152020:X:EJFJIICA_00018 (length 507)
GCA_000540235.1_Stap_aure_UCIM6050_V1_genomic.gbff_pp9/PROKKA_05152020:X:EJFJIICA_00019 (length 388)
GCA_000540235.1_Stap_aure_UCIM6050_V1_genomic.gbff_pp9/PROKKA_05152020:X:EJFJIICA_00020 (length 306)
GCA_000540235.1_Stap_aure_UCIM6050_V1_genomic.gbff_pp9/PROKKA_05152020:X:EJFJIICA_00021 (length 219)
GCA_000540235.1_Stap_aure_UCIM6050_V1_genomic.gbff_pp9/PROKKA_05152020:X:EJFJIICA_00022 (length 321)
GCA_000540235.1_Stap_aure_UCIM6050_V1_genomic.gbff_pp9/PROKKA_05152020:X:EJFJIICA_00023 (length 330)
GCA_000540235.1_Stap_aure_UCIM6050_V1_genomic.gbff_pp9/PROKKA_05152020:X:EJFJIICA_00024 (length 458)
GCA_000540235.1_Stap_aure_UCIM6050_V1_genomic.gbff_pp9/PROKKA_05152020:X:EJFJIICA_00025 (length 130)
GCA_000540235.1_Stap_aure_UCIM6050_V1_genomic.gbff_pp9/PROKKA_05152020:X:EJFJIICA_00026 (length 332)
GCA_000540235.1_Stap_aure_UCIM6050_V1_genomic.gbff_pp9/PROKKA_05152020:X:EJFJIICA_00027 (length 293)
GCA_000540235.1_Stap_aure_UCIM6050_V1_genomic.gbff_pp9/PROKKA_05152020:X:EJFJIICA_00028 (length 134)
GCA_000540235.1_Stap_aure_UCIM6050_V1_genomic.gbff_pp9/PROKKA_05152020:X:EJFJIICA_00029 (length 304)
GCA_000540235.1_Stap_aure_UCIM6050_V1_genomic.gbff_pp9/PROKKA_05152020:X:EJFJIICA_00030 (length 253)
GCA_000540235.1_Stap_aure_UCIM6050_V1_genomic.gbff_pp9/PROKKA_05152020:X:EJFJIICA_00031 (length 478)
GCA_000540235.1_Stap_aure_UCIM6050_V1_genomic.gbff_pp9/PROKKA_05152020:X:EJFJIICA_00032 (length 263)
GCA_000540235.1_Stap_aure_UCIM6050_V1_genomic.gbff_pp9/PROKKA_05152020:X:EJFJIICA_00033 (length 234)
GCA_000540235.1_Stap_aure_UCIM6050_V1_genomic.gbff_pp9/PROKKA_05152020:X:EJFJIICA_00034 (length 763)
GCA_000540235.1_Stap_aure_UCIM6050_V1_genomic.gbff_pp9/PROKKA_05152020:X:EJFJIICA_00035 (length 233)
GCA_000540235.1_Stap_aure_UCIM6050_V1_genomic.gbff_pp9/PROKKA_05152020:X:EJFJIICA_00036 (length 147)
GCA_000540235.1_Stap_aure_UCIM6050_V1_genomic.gbff_pp9/PROKKA_05152020:X:EJFJIICA_00037 (length 246)
GCA_000540235.1_Stap_aure_UCIM6050_V1_genomic.gbff_pp9/PROKKA_05152020:X:EJFJIICA_00038 (length 579)
GCA_000540235.1_Stap_aure_UCIM6050_V1_genomic.gbff_pp9/PROKKA_05152020:X:EJFJIICA_00039 (length 224)
GCA_000540235.1_Stap_aure_UCIM6050_V1_genomic.gbff_pp9/PROKKA_05152020:X:EJFJIICA_00040 (length 573)
GCA_000540235.1_Stap_aure_UCIM6050_V1_genomic.gbff_pp9/PROKKA_05152020:X:EJFJIICA_00041 (length 562)
GCA_000540235.1_Stap_aure_UCIM6050_V1_genomic.gbff_pp9/PROKKA_05152020:X:EJFJIICA_00042 (length 350)
GCA_000540235.1_Stap_aure_UCIM6050_V1_genomic.gbff_pp9/PROKKA_05152020:X:EJFJIICA_00043 (length 238)
GCA_000540235.1_Stap_aure_UCIM6050_V1_genomic.gbff_pp9/PROKKA_05152020:X:EJFJIICA_00044 (length 389)
GCA_000540235.1_Stap_aure_UCIM6050_V1_genomic.gbff_pp9/PROKKA_05152020:X:EJFJIICA_00045 (length 40)

DiscRep_ALL:DISC_INCONSISTENT_MOLINFO_TECH::Molinfo Technique Report (some missing, all same)
DiscRep_SUB:DISC_INCONSISTENT_MOLINFO_TECH::technique (all missing)
DiscRep_SUB:DISC_INCONSISTENT_MOLINFO_TECH::1 Molinfos are missing field technique
GCA_000540235.1_Stap_aure_UCIM6050_V1_genomic.gbff_pp9/PROKKA_05152020:X:EJFJIICA_1 (length 50594)

