Discrepancy Report Results

Summary
DISC_SOURCE_QUALS_ASNDISC:strain (all present, all unique)
DISC_SOURCE_QUALS_ASNDISC:taxname (all present, all unique)
DISC_FEATURE_COUNT:gene: 5 present
DISC_FEATURE_COUNT:CDS: 5 present
DISC_COUNT_NUCLEOTIDES:1 nucleotide Bioseqs are present
OVERLAPPING_GENES:2 genes overlap another gene on the same strand.
DISC_QUALITY_SCORES:Quality scores are missing on all sequences.
ONCALLER_COMMENT_PRESENT:1 comment descriptors were found (all same)
SHORT_PROT_SEQUENCES:1 protein sequences are shorter than 50 aa.
MISSING_GENOMEASSEMBLY_COMMENTS:1 bioseqs are missing GenomeAssembly structured comments
MOLTYPE_NOT_MRNA:1 molecule types are not set as mRNA.
TECHNIQUE_NOT_TSA:1 technique are not set as TSA
MISSING_STRUCTURED_COMMENT:1 sequences do not include structured comments.
MISSING_PROJECT:6 sequences do not include project.
DISC_INCONSISTENT_MOLINFO_TECH:Molinfo Technique Report (some missing, all same)


Detailed Report

DiscRep_ALL:DISC_SOURCE_QUALS_ASNDISC::strain (all present, all unique)
DiscRep_SUB:DISC_SOURCE_QUALS_ASNDISC::1 sources have unique values for strain
DiscRep_ALL:DISC_SOURCE_QUALS_ASNDISC::taxname (all present, all unique)
DiscRep_SUB:DISC_SOURCE_QUALS_ASNDISC::1 sources have unique values for taxname
DiscRep_ALL:DISC_FEATURE_COUNT::gene: 5 present
DiscRep_ALL:DISC_FEATURE_COUNT::CDS: 5 present
DiscRep_ALL:DISC_COUNT_NUCLEOTIDES::1 nucleotide Bioseqs are present
GCA_002122405.1_ASM212240v1_genomic.gbff_pp10/PROKKA_05152020:X:CIENGLJJ_1 (length 4371)

DiscRep_ALL:OVERLAPPING_GENES::2 genes overlap another gene on the same strand.
GCA_002122405.1_ASM212240v1_genomic.gbff_pp10/PROKKA_05152020:Gene	CIENGLJJ_00003	CIENGLJJ_1:c2371-2000	CIENGLJJ_00003
GCA_002122405.1_ASM212240v1_genomic.gbff_pp10/PROKKA_05152020:Gene	CIENGLJJ_00004	CIENGLJJ_1:c2505-2368	CIENGLJJ_00004

DiscRep_ALL:DISC_QUALITY_SCORES::Quality scores are missing on all sequences.

DiscRep_ALL:ONCALLER_COMMENT_PRESENT::1 comment descriptors were found (all same)
GCA_002122405.1_ASM212240v1_genomic.gbff_pp10/PROKKA_05152020:X:CIENGLJJ_1:Annotated using prokka 1.14.6 from https://github.com/tseemann/prokka

DiscRep_ALL:SHORT_PROT_SEQUENCES::1 protein sequences are shorter than 50 aa.
GCA_002122405.1_ASM212240v1_genomic.gbff_pp10/PROKKA_05152020:X:CIENGLJJ_00004 (length 45)

DiscRep_ALL:MISSING_GENOMEASSEMBLY_COMMENTS::1 bioseqs are missing GenomeAssembly structured comments
GCA_002122405.1_ASM212240v1_genomic.gbff_pp10/PROKKA_05152020:X:CIENGLJJ_1 (length 4371)

DiscRep_ALL:MOLTYPE_NOT_MRNA::1 molecule types are not set as mRNA.
GCA_002122405.1_ASM212240v1_genomic.gbff_pp10/PROKKA_05152020:X:CIENGLJJ_1 (length 4371)

DiscRep_ALL:TECHNIQUE_NOT_TSA::1 technique are not set as TSA
GCA_002122405.1_ASM212240v1_genomic.gbff_pp10/PROKKA_05152020:X:CIENGLJJ_1 (length 4371)

DiscRep_ALL:MISSING_STRUCTURED_COMMENT::1 sequences do not include structured comments.
GCA_002122405.1_ASM212240v1_genomic.gbff_pp10/PROKKA_05152020:X:CIENGLJJ_1 (length 4371)

DiscRep_ALL:MISSING_PROJECT::6 sequences do not include project.
GCA_002122405.1_ASM212240v1_genomic.gbff_pp10/PROKKA_05152020:X:CIENGLJJ_1 (length 4371)
GCA_002122405.1_ASM212240v1_genomic.gbff_pp10/PROKKA_05152020:X:CIENGLJJ_00001 (length 56)
GCA_002122405.1_ASM212240v1_genomic.gbff_pp10/PROKKA_05152020:X:CIENGLJJ_00002 (length 206)
GCA_002122405.1_ASM212240v1_genomic.gbff_pp10/PROKKA_05152020:X:CIENGLJJ_00003 (length 123)
GCA_002122405.1_ASM212240v1_genomic.gbff_pp10/PROKKA_05152020:X:CIENGLJJ_00004 (length 45)
GCA_002122405.1_ASM212240v1_genomic.gbff_pp10/PROKKA_05152020:X:CIENGLJJ_00005 (length 334)

DiscRep_ALL:DISC_INCONSISTENT_MOLINFO_TECH::Molinfo Technique Report (some missing, all same)
DiscRep_SUB:DISC_INCONSISTENT_MOLINFO_TECH::technique (all missing)
DiscRep_SUB:DISC_INCONSISTENT_MOLINFO_TECH::1 Molinfos are missing field technique
GCA_002122405.1_ASM212240v1_genomic.gbff_pp10/PROKKA_05152020:X:CIENGLJJ_1 (length 4371)

