Discrepancy Report Results

Summary
DISC_SOURCE_QUALS_ASNDISC:strain (all present, all unique)
DISC_SOURCE_QUALS_ASNDISC:taxname (all present, all unique)
DISC_FEATURE_COUNT:gene: 10 present
DISC_FEATURE_COUNT:CDS: 10 present
DISC_COUNT_NUCLEOTIDES:1 nucleotide Bioseqs are present
DISC_QUALITY_SCORES:Quality scores are missing on all sequences.
ONCALLER_COMMENT_PRESENT:1 comment descriptors were found (all same)
SHORT_PROT_SEQUENCES:3 protein sequences are shorter than 50 aa.
MISSING_GENOMEASSEMBLY_COMMENTS:1 bioseqs are missing GenomeAssembly structured comments
MOLTYPE_NOT_MRNA:1 molecule types are not set as mRNA.
TECHNIQUE_NOT_TSA:1 technique are not set as TSA
MISSING_STRUCTURED_COMMENT:1 sequences do not include structured comments.
MISSING_PROJECT:11 sequences do not include project.
DISC_INCONSISTENT_MOLINFO_TECH:Molinfo Technique Report (some missing, all same)


Detailed Report

DiscRep_ALL:DISC_SOURCE_QUALS_ASNDISC::strain (all present, all unique)
DiscRep_SUB:DISC_SOURCE_QUALS_ASNDISC::1 sources have unique values for strain
DiscRep_ALL:DISC_SOURCE_QUALS_ASNDISC::taxname (all present, all unique)
DiscRep_SUB:DISC_SOURCE_QUALS_ASNDISC::1 sources have unique values for taxname
DiscRep_ALL:DISC_FEATURE_COUNT::gene: 10 present
DiscRep_ALL:DISC_FEATURE_COUNT::CDS: 10 present
DiscRep_ALL:DISC_COUNT_NUCLEOTIDES::1 nucleotide Bioseqs are present
GCA_001411685.1_ASM141168v1_genomic.gbff_pp2/PROKKA_05152020:X:HOHICCDL_1 (length 4498)

DiscRep_ALL:DISC_QUALITY_SCORES::Quality scores are missing on all sequences.

DiscRep_ALL:ONCALLER_COMMENT_PRESENT::1 comment descriptors were found (all same)
GCA_001411685.1_ASM141168v1_genomic.gbff_pp2/PROKKA_05152020:X:HOHICCDL_1:Annotated using prokka 1.14.6 from https://github.com/tseemann/prokka

DiscRep_ALL:SHORT_PROT_SEQUENCES::3 protein sequences are shorter than 50 aa.
GCA_001411685.1_ASM141168v1_genomic.gbff_pp2/PROKKA_05152020:X:HOHICCDL_00004 (length 38)
GCA_001411685.1_ASM141168v1_genomic.gbff_pp2/PROKKA_05152020:X:HOHICCDL_00008 (length 45)
GCA_001411685.1_ASM141168v1_genomic.gbff_pp2/PROKKA_05152020:X:HOHICCDL_00009 (length 43)

DiscRep_ALL:MISSING_GENOMEASSEMBLY_COMMENTS::1 bioseqs are missing GenomeAssembly structured comments
GCA_001411685.1_ASM141168v1_genomic.gbff_pp2/PROKKA_05152020:X:HOHICCDL_1 (length 4498)

DiscRep_ALL:MOLTYPE_NOT_MRNA::1 molecule types are not set as mRNA.
GCA_001411685.1_ASM141168v1_genomic.gbff_pp2/PROKKA_05152020:X:HOHICCDL_1 (length 4498)

DiscRep_ALL:TECHNIQUE_NOT_TSA::1 technique are not set as TSA
GCA_001411685.1_ASM141168v1_genomic.gbff_pp2/PROKKA_05152020:X:HOHICCDL_1 (length 4498)

DiscRep_ALL:MISSING_STRUCTURED_COMMENT::1 sequences do not include structured comments.
GCA_001411685.1_ASM141168v1_genomic.gbff_pp2/PROKKA_05152020:X:HOHICCDL_1 (length 4498)

DiscRep_ALL:MISSING_PROJECT::11 sequences do not include project.
GCA_001411685.1_ASM141168v1_genomic.gbff_pp2/PROKKA_05152020:X:HOHICCDL_1 (length 4498)
GCA_001411685.1_ASM141168v1_genomic.gbff_pp2/PROKKA_05152020:X:HOHICCDL_00001 (length 114)
GCA_001411685.1_ASM141168v1_genomic.gbff_pp2/PROKKA_05152020:X:HOHICCDL_00002 (length 183)
GCA_001411685.1_ASM141168v1_genomic.gbff_pp2/PROKKA_05152020:X:HOHICCDL_00003 (length 71)
GCA_001411685.1_ASM141168v1_genomic.gbff_pp2/PROKKA_05152020:X:HOHICCDL_00004 (length 38)
GCA_001411685.1_ASM141168v1_genomic.gbff_pp2/PROKKA_05152020:X:HOHICCDL_00005 (length 119)
GCA_001411685.1_ASM141168v1_genomic.gbff_pp2/PROKKA_05152020:X:HOHICCDL_00006 (length 178)
GCA_001411685.1_ASM141168v1_genomic.gbff_pp2/PROKKA_05152020:X:HOHICCDL_00007 (length 125)
GCA_001411685.1_ASM141168v1_genomic.gbff_pp2/PROKKA_05152020:X:HOHICCDL_00008 (length 45)
GCA_001411685.1_ASM141168v1_genomic.gbff_pp2/PROKKA_05152020:X:HOHICCDL_00009 (length 43)
GCA_001411685.1_ASM141168v1_genomic.gbff_pp2/PROKKA_05152020:X:HOHICCDL_00010 (length 68)

DiscRep_ALL:DISC_INCONSISTENT_MOLINFO_TECH::Molinfo Technique Report (some missing, all same)
DiscRep_SUB:DISC_INCONSISTENT_MOLINFO_TECH::technique (all missing)
DiscRep_SUB:DISC_INCONSISTENT_MOLINFO_TECH::1 Molinfos are missing field technique
GCA_001411685.1_ASM141168v1_genomic.gbff_pp2/PROKKA_05152020:X:HOHICCDL_1 (length 4498)

