Discrepancy Report Results

Summary
DISC_SOURCE_QUALS_ASNDISC:strain (all present, all unique)
DISC_SOURCE_QUALS_ASNDISC:taxname (all present, all unique)
DISC_FEATURE_COUNT:gene: 18 present
DISC_FEATURE_COUNT:CDS: 18 present
DISC_COUNT_NUCLEOTIDES:1 nucleotide Bioseqs are present
OVERLAPPING_GENES:5 genes overlap another gene on the same strand.
DISC_QUALITY_SCORES:Quality scores are missing on all sequences.
ONCALLER_COMMENT_PRESENT:1 comment descriptors were found (all same)
SHORT_PROT_SEQUENCES:1 protein sequences are shorter than 50 aa.
MISSING_GENOMEASSEMBLY_COMMENTS:1 bioseqs are missing GenomeAssembly structured comments
MOLTYPE_NOT_MRNA:1 molecule types are not set as mRNA.
TECHNIQUE_NOT_TSA:1 technique are not set as TSA
MISSING_STRUCTURED_COMMENT:1 sequences do not include structured comments.
MISSING_PROJECT:19 sequences do not include project.
DISC_INCONSISTENT_MOLINFO_TECH:Molinfo Technique Report (some missing, all same)


Detailed Report

DiscRep_ALL:DISC_SOURCE_QUALS_ASNDISC::strain (all present, all unique)
DiscRep_SUB:DISC_SOURCE_QUALS_ASNDISC::1 sources have unique values for strain
DiscRep_ALL:DISC_SOURCE_QUALS_ASNDISC::taxname (all present, all unique)
DiscRep_SUB:DISC_SOURCE_QUALS_ASNDISC::1 sources have unique values for taxname
DiscRep_ALL:DISC_FEATURE_COUNT::gene: 18 present
DiscRep_ALL:DISC_FEATURE_COUNT::CDS: 18 present
DiscRep_ALL:DISC_COUNT_NUCLEOTIDES::1 nucleotide Bioseqs are present
GCA_000012045.1_ASM1204v1_genomic.gbff_pp18/PROKKA_05152020:X:MFOEDGJP_1 (length 18588)

DiscRep_ALL:OVERLAPPING_GENES::5 genes overlap another gene on the same strand.
GCA_000012045.1_ASM1204v1_genomic.gbff_pp18/PROKKA_05152020:Gene	MFOEDGJP_00002	MFOEDGJP_1:c1849-1757	MFOEDGJP_00002
GCA_000012045.1_ASM1204v1_genomic.gbff_pp18/PROKKA_05152020:Gene	MFOEDGJP_00003	MFOEDGJP_1:c2630-1836	MFOEDGJP_00003
GCA_000012045.1_ASM1204v1_genomic.gbff_pp18/PROKKA_05152020:Gene	MFOEDGJP_00005	MFOEDGJP_1:c3782-3456	MFOEDGJP_00005
GCA_000012045.1_ASM1204v1_genomic.gbff_pp18/PROKKA_05152020:Gene	MFOEDGJP_00006	MFOEDGJP_1:c5056-3782	MFOEDGJP_00006
GCA_000012045.1_ASM1204v1_genomic.gbff_pp18/PROKKA_05152020:Gene	MFOEDGJP_00007	MFOEDGJP_1:c5826-5053	MFOEDGJP_00007

DiscRep_ALL:DISC_QUALITY_SCORES::Quality scores are missing on all sequences.

DiscRep_ALL:ONCALLER_COMMENT_PRESENT::1 comment descriptors were found (all same)
GCA_000012045.1_ASM1204v1_genomic.gbff_pp18/PROKKA_05152020:X:MFOEDGJP_1:Annotated using prokka 1.14.6 from https://github.com/tseemann/prokka

DiscRep_ALL:SHORT_PROT_SEQUENCES::1 protein sequences are shorter than 50 aa.
GCA_000012045.1_ASM1204v1_genomic.gbff_pp18/PROKKA_05152020:X:MFOEDGJP_00002 (length 30)

DiscRep_ALL:MISSING_GENOMEASSEMBLY_COMMENTS::1 bioseqs are missing GenomeAssembly structured comments
GCA_000012045.1_ASM1204v1_genomic.gbff_pp18/PROKKA_05152020:X:MFOEDGJP_1 (length 18588)

DiscRep_ALL:MOLTYPE_NOT_MRNA::1 molecule types are not set as mRNA.
GCA_000012045.1_ASM1204v1_genomic.gbff_pp18/PROKKA_05152020:X:MFOEDGJP_1 (length 18588)

DiscRep_ALL:TECHNIQUE_NOT_TSA::1 technique are not set as TSA
GCA_000012045.1_ASM1204v1_genomic.gbff_pp18/PROKKA_05152020:X:MFOEDGJP_1 (length 18588)

DiscRep_ALL:MISSING_STRUCTURED_COMMENT::1 sequences do not include structured comments.
GCA_000012045.1_ASM1204v1_genomic.gbff_pp18/PROKKA_05152020:X:MFOEDGJP_1 (length 18588)

DiscRep_ALL:MISSING_PROJECT::19 sequences do not include project.
GCA_000012045.1_ASM1204v1_genomic.gbff_pp18/PROKKA_05152020:X:MFOEDGJP_1 (length 18588)
GCA_000012045.1_ASM1204v1_genomic.gbff_pp18/PROKKA_05152020:X:MFOEDGJP_00001 (length 63)
GCA_000012045.1_ASM1204v1_genomic.gbff_pp18/PROKKA_05152020:X:MFOEDGJP_00002 (length 30)
GCA_000012045.1_ASM1204v1_genomic.gbff_pp18/PROKKA_05152020:X:MFOEDGJP_00003 (length 264)
GCA_000012045.1_ASM1204v1_genomic.gbff_pp18/PROKKA_05152020:X:MFOEDGJP_00004 (length 95)
GCA_000012045.1_ASM1204v1_genomic.gbff_pp18/PROKKA_05152020:X:MFOEDGJP_00005 (length 108)
GCA_000012045.1_ASM1204v1_genomic.gbff_pp18/PROKKA_05152020:X:MFOEDGJP_00006 (length 424)
GCA_000012045.1_ASM1204v1_genomic.gbff_pp18/PROKKA_05152020:X:MFOEDGJP_00007 (length 257)
GCA_000012045.1_ASM1204v1_genomic.gbff_pp18/PROKKA_05152020:X:MFOEDGJP_00008 (length 260)
GCA_000012045.1_ASM1204v1_genomic.gbff_pp18/PROKKA_05152020:X:MFOEDGJP_00009 (length 250)
GCA_000012045.1_ASM1204v1_genomic.gbff_pp18/PROKKA_05152020:X:MFOEDGJP_00010 (length 953)
GCA_000012045.1_ASM1204v1_genomic.gbff_pp18/PROKKA_05152020:X:MFOEDGJP_00011 (length 130)
GCA_000012045.1_ASM1204v1_genomic.gbff_pp18/PROKKA_05152020:X:MFOEDGJP_00012 (length 611)
GCA_000012045.1_ASM1204v1_genomic.gbff_pp18/PROKKA_05152020:X:MFOEDGJP_00013 (length 88)
GCA_000012045.1_ASM1204v1_genomic.gbff_pp18/PROKKA_05152020:X:MFOEDGJP_00014 (length 102)
GCA_000012045.1_ASM1204v1_genomic.gbff_pp18/PROKKA_05152020:X:MFOEDGJP_00015 (length 56)
GCA_000012045.1_ASM1204v1_genomic.gbff_pp18/PROKKA_05152020:X:MFOEDGJP_00016 (length 397)
GCA_000012045.1_ASM1204v1_genomic.gbff_pp18/PROKKA_05152020:X:MFOEDGJP_00017 (length 152)
GCA_000012045.1_ASM1204v1_genomic.gbff_pp18/PROKKA_05152020:X:MFOEDGJP_00018 (length 650)

DiscRep_ALL:DISC_INCONSISTENT_MOLINFO_TECH::Molinfo Technique Report (some missing, all same)
DiscRep_SUB:DISC_INCONSISTENT_MOLINFO_TECH::technique (all missing)
DiscRep_SUB:DISC_INCONSISTENT_MOLINFO_TECH::1 Molinfos are missing field technique
GCA_000012045.1_ASM1204v1_genomic.gbff_pp18/PROKKA_05152020:X:MFOEDGJP_1 (length 18588)

