[18:22:48] This is prokka 1.14.6
[18:22:48] Written by Torsten Seemann <torsten.seemann@gmail.com>
[18:22:48] Homepage is https://github.com/tseemann/prokka
[18:22:48] Local time is Fri May 15 18:22:48 2020
[18:22:48] You are tsweet
[18:22:48] Operating system is linux
[18:22:48] You have BioPerl 1.007002
[18:22:48] System has 8 cores.
[18:22:48] Will use maximum of 8 cores.
[18:22:48] Annotating as >>> Bacteria <<<
[18:22:48] Generating locus_tag from '2045.1_ASM1204v1_genomic.gbff_pp18' contents.
[18:22:48] Setting --locustag MFOEDGJP from MD5 6f8ed039af2d5b12801fac16b74457e3
[18:22:48] Enabling options to ensure Genbank/ENA/DDJB submission compliance.
[18:22:48] Creating new output folder: GCA_000012045.1_ASM1204v1_genomic.gbff_pp18
[18:22:48] Running: mkdir -p GCA_000012045\.1_ASM1204v1_genomic\.gbff_pp18
[18:22:48] Using filename prefix: PROKKA_05152020.XXX
[18:22:48] Setting HMMER_NCPU=1
[18:22:48] Writing log to: GCA_000012045.1_ASM1204v1_genomic.gbff_pp18/PROKKA_05152020.log
[18:22:48] Command: /home/tsweet/anaconda3/bin/prokka --centre X --compliant 2045.1_ASM1204v1_genomic.gbff_pp18 --outdir GCA_000012045.1_ASM1204v1_genomic.gbff_pp18
[18:22:48] Appending to PATH: /home/tsweet/anaconda3/bin
[18:22:48] Looking for 'aragorn' - found /home/tsweet/anaconda3/bin/aragorn
[18:22:48] Determined aragorn version is 001002 from 'ARAGORN v1.2.38 Dean Laslett'
[18:22:48] Looking for 'barrnap' - found /home/tsweet/anaconda3/bin/barrnap
[18:22:48] Determined barrnap version is 000009 from 'barrnap 0.9'
[18:22:48] Looking for 'blastp' - found /home/tsweet/anaconda3/bin/blastp
[18:22:48] Determined blastp version is 002009 from 'blastp: 2.9.0+'
[18:22:48] Looking for 'cmpress' - found /home/tsweet/anaconda3/bin/cmpress
[18:22:48] Determined cmpress version is 001001 from '# INFERNAL 1.1.2 (July 2016)'
[18:22:48] Looking for 'cmscan' - found /home/tsweet/anaconda3/bin/cmscan
[18:22:48] Determined cmscan version is 001001 from '# INFERNAL 1.1.2 (July 2016)'
[18:22:48] Looking for 'egrep' - found /bin/egrep
[18:22:48] Looking for 'find' - found /usr/bin/find
[18:22:48] Looking for 'grep' - found /bin/grep
[18:22:48] Looking for 'hmmpress' - found /home/tsweet/anaconda3/bin/hmmpress
[18:22:48] Determined hmmpress version is 003003 from '# HMMER 3.3 (Nov 2019); http://hmmer.org/'
[18:22:48] Looking for 'hmmscan' - found /home/tsweet/anaconda3/bin/hmmscan
[18:22:48] Determined hmmscan version is 003003 from '# HMMER 3.3 (Nov 2019); http://hmmer.org/'
[18:22:48] Looking for 'java' - found /home/tsweet/anaconda3/bin/java
[18:22:48] Looking for 'makeblastdb' - found /home/tsweet/anaconda3/bin/makeblastdb
[18:22:48] Determined makeblastdb version is 002009 from 'makeblastdb: 2.9.0+'
[18:22:48] Looking for 'minced' - found /home/tsweet/anaconda3/bin/minced
[18:22:48] Determined minced version is 004002 from 'minced 0.4.2'
[18:22:48] Looking for 'parallel' - found /home/tsweet/anaconda3/bin/parallel
[18:22:48] Determined parallel version is 20200322 from 'GNU parallel 20200322'
[18:22:48] Looking for 'prodigal' - found /home/tsweet/anaconda3/bin/prodigal
[18:22:48] Determined prodigal version is 002006 from 'Prodigal V2.6.3: February, 2016'
[18:22:48] Looking for 'prokka-genbank_to_fasta_db' - found /home/tsweet/anaconda3/bin/prokka-genbank_to_fasta_db
[18:22:48] Looking for 'sed' - found /bin/sed
[18:22:48] Looking for 'tbl2asn' - found /home/tsweet/anaconda3/bin/tbl2asn
[18:22:48] Determined tbl2asn version is 025007 from 'tbl2asn 25.7   arguments:'
[18:22:48] Using genetic code table 11.
[18:22:48] Loading and checking input file: 2045.1_ASM1204v1_genomic.gbff_pp18
[18:22:48] Wrote 1 contigs totalling 18588 bp.
[18:22:48] Predicting tRNAs and tmRNAs
[18:22:48] Running: aragorn -l -gc11  -w GCA_000012045\.1_ASM1204v1_genomic\.gbff_pp18\/PROKKA_05152020\.fna
[18:22:48] Found 0 tRNAs
[18:22:48] Predicting Ribosomal RNAs
[18:22:48] Running Barrnap with 8 threads
[18:22:48] Found 0 rRNAs
[18:22:48] Skipping ncRNA search, enable with --rfam if desired.
[18:22:48] Total of 0 tRNA + rRNA features
[18:22:48] Searching for CRISPR repeats
[18:22:49] Found 0 CRISPRs
[18:22:49] Predicting coding sequences
[18:22:49] Contigs total 18588 bp, so using meta mode
[18:22:49] Running: prodigal -i GCA_000012045\.1_ASM1204v1_genomic\.gbff_pp18\/PROKKA_05152020\.fna -c -m -g 11 -p meta -f sco -q
[18:22:49] Found 18 CDS
[18:22:49] Connecting features back to sequences
[18:22:49] Not using genus-specific database. Try --usegenus to enable it.
[18:22:49] Annotating CDS, please be patient.
[18:22:49] Will use 8 CPUs for similarity searching.
[18:22:49] There are still 18 unannotated CDS left (started with 18)
[18:22:49] Will use blast to search against /home/tsweet/anaconda3/db/kingdom/Bacteria/IS with 8 CPUs
[18:22:49] Running: cat GCA_000012045\.1_ASM1204v1_genomic\.gbff_pp18\/PROKKA_05152020\.IS\.tmp\.25194\.faa | parallel --gnu --plain -j 8 --block 310 --recstart '>' --pipe blastp -query - -db /home/tsweet/anaconda3/db/kingdom/Bacteria/IS -evalue 1e-30 -qcov_hsp_perc 90 -num_threads 1 -num_descriptions 1 -num_alignments 1 -seg no > GCA_000012045\.1_ASM1204v1_genomic\.gbff_pp18\/PROKKA_05152020\.IS\.tmp\.25194\.blast 2> /dev/null
[18:22:49] Deleting unwanted file: GCA_000012045.1_ASM1204v1_genomic.gbff_pp18/PROKKA_05152020.IS.tmp.25194.faa
[18:22:49] Deleting unwanted file: GCA_000012045.1_ASM1204v1_genomic.gbff_pp18/PROKKA_05152020.IS.tmp.25194.blast
[18:22:49] There are still 18 unannotated CDS left (started with 18)
[18:22:49] Will use blast to search against /home/tsweet/anaconda3/db/kingdom/Bacteria/AMR with 8 CPUs
[18:22:49] Running: cat GCA_000012045\.1_ASM1204v1_genomic\.gbff_pp18\/PROKKA_05152020\.AMR\.tmp\.25194\.faa | parallel --gnu --plain -j 8 --block 310 --recstart '>' --pipe blastp -query - -db /home/tsweet/anaconda3/db/kingdom/Bacteria/AMR -evalue 9.99999999999999e-301 -qcov_hsp_perc 90 -num_threads 1 -num_descriptions 1 -num_alignments 1 -seg no > GCA_000012045\.1_ASM1204v1_genomic\.gbff_pp18\/PROKKA_05152020\.AMR\.tmp\.25194\.blast 2> /dev/null
[18:22:49] Deleting unwanted file: GCA_000012045.1_ASM1204v1_genomic.gbff_pp18/PROKKA_05152020.AMR.tmp.25194.faa
[18:22:49] Deleting unwanted file: GCA_000012045.1_ASM1204v1_genomic.gbff_pp18/PROKKA_05152020.AMR.tmp.25194.blast
[18:22:49] There are still 18 unannotated CDS left (started with 18)
[18:22:49] Will use blast to search against /home/tsweet/anaconda3/db/kingdom/Bacteria/sprot with 8 CPUs
[18:22:49] Running: cat GCA_000012045\.1_ASM1204v1_genomic\.gbff_pp18\/PROKKA_05152020\.sprot\.tmp\.25194\.faa | parallel --gnu --plain -j 8 --block 310 --recstart '>' --pipe blastp -query - -db /home/tsweet/anaconda3/db/kingdom/Bacteria/sprot -evalue 1e-09 -qcov_hsp_perc 80 -num_threads 1 -num_descriptions 1 -num_alignments 1 -seg no > GCA_000012045\.1_ASM1204v1_genomic\.gbff_pp18\/PROKKA_05152020\.sprot\.tmp\.25194\.blast 2> /dev/null
[18:22:50] Modify product: Uncharacterized protein SA2269 => putative protein
[18:22:50] Modify product: Uncharacterized lipoprotein SA2273 => putative lipoprotein
[18:22:50] Modify product: Uncharacterized protein SAOUHSC_02783 => putative protein
[18:22:50] Modify product: Uncharacterized lipoprotein SA2273 => putative lipoprotein
[18:22:50] Modify product: Putative surface protein SA2285 => Putative surface protein
[18:22:50] Cleaned 5 /product names
[18:22:50] Deleting unwanted file: GCA_000012045.1_ASM1204v1_genomic.gbff_pp18/PROKKA_05152020.sprot.tmp.25194.faa
[18:22:50] Deleting unwanted file: GCA_000012045.1_ASM1204v1_genomic.gbff_pp18/PROKKA_05152020.sprot.tmp.25194.blast
[18:22:50] There are still 10 unannotated CDS left (started with 18)
[18:22:50] Will use hmmer3 to search against /home/tsweet/anaconda3/db/hmm/HAMAP.hmm with 8 CPUs
[18:22:50] Running: cat GCA_000012045\.1_ASM1204v1_genomic\.gbff_pp18\/PROKKA_05152020\.HAMAP\.hmm\.tmp\.25194\.faa | parallel --gnu --plain -j 8 --block 147 --recstart '>' --pipe hmmscan --noali --notextw --acc -E 1e-09 --cpu 1 /home/tsweet/anaconda3/db/hmm/HAMAP.hmm /dev/stdin > GCA_000012045\.1_ASM1204v1_genomic\.gbff_pp18\/PROKKA_05152020\.HAMAP\.hmm\.tmp\.25194\.hmmer3 2> /dev/null
[18:22:50] Deleting unwanted file: GCA_000012045.1_ASM1204v1_genomic.gbff_pp18/PROKKA_05152020.HAMAP.hmm.tmp.25194.faa
[18:22:50] Deleting unwanted file: GCA_000012045.1_ASM1204v1_genomic.gbff_pp18/PROKKA_05152020.HAMAP.hmm.tmp.25194.hmmer3
[18:22:50] Labelling remaining 9 proteins as 'hypothetical protein'
[18:22:50] Possible /pseudo 'putative lipoprotein' at gnl|X|MFOEDGJP_1 position 6980
[18:22:50] Found 4 unique /gene codes.
[18:22:50] Fixed 0 colliding /gene names.
[18:22:50] Adding /locus_tag identifiers
[18:22:50] Assigned 18 locus_tags to CDS and RNA features.
[18:22:50] Writing outputs to GCA_000012045.1_ASM1204v1_genomic.gbff_pp18/
[18:22:50] Generating annotation statistics file
[18:22:50] Generating Genbank and Sequin files
[18:22:50] Running: tbl2asn -V b -a r10k -l paired-ends -M n -N 1 -y 'Annotated using prokka 1.14.6 from https://github.com/tseemann/prokka' -Z GCA_000012045\.1_ASM1204v1_genomic\.gbff_pp18\/PROKKA_05152020\.err -i GCA_000012045\.1_ASM1204v1_genomic\.gbff_pp18\/PROKKA_05152020\.fsa 2> /dev/null
[18:22:50] Deleting unwanted file: GCA_000012045.1_ASM1204v1_genomic.gbff_pp18/errorsummary.val
[18:22:50] Deleting unwanted file: GCA_000012045.1_ASM1204v1_genomic.gbff_pp18/PROKKA_05152020.dr
[18:22:50] Deleting unwanted file: GCA_000012045.1_ASM1204v1_genomic.gbff_pp18/PROKKA_05152020.fixedproducts
[18:22:50] Deleting unwanted file: GCA_000012045.1_ASM1204v1_genomic.gbff_pp18/PROKKA_05152020.ecn
[18:22:50] Deleting unwanted file: GCA_000012045.1_ASM1204v1_genomic.gbff_pp18/PROKKA_05152020.val
[18:22:50] Repairing broken .GBK output that tbl2asn produces...
[18:22:50] Running: sed 's/COORDINATES: profile/COORDINATES:profile/' < GCA_000012045\.1_ASM1204v1_genomic\.gbff_pp18\/PROKKA_05152020\.gbf > GCA_000012045\.1_ASM1204v1_genomic\.gbff_pp18\/PROKKA_05152020\.gbk
[18:22:50] Deleting unwanted file: GCA_000012045.1_ASM1204v1_genomic.gbff_pp18/PROKKA_05152020.gbf
[18:22:50] Output files:
[18:22:50] GCA_000012045.1_ASM1204v1_genomic.gbff_pp18/PROKKA_05152020.err
[18:22:50] GCA_000012045.1_ASM1204v1_genomic.gbff_pp18/PROKKA_05152020.faa
[18:22:50] GCA_000012045.1_ASM1204v1_genomic.gbff_pp18/PROKKA_05152020.txt
[18:22:50] GCA_000012045.1_ASM1204v1_genomic.gbff_pp18/PROKKA_05152020.fna
[18:22:50] GCA_000012045.1_ASM1204v1_genomic.gbff_pp18/PROKKA_05152020.gbk
[18:22:50] GCA_000012045.1_ASM1204v1_genomic.gbff_pp18/PROKKA_05152020.log
[18:22:50] GCA_000012045.1_ASM1204v1_genomic.gbff_pp18/PROKKA_05152020.tsv
[18:22:50] GCA_000012045.1_ASM1204v1_genomic.gbff_pp18/PROKKA_05152020.tbl
[18:22:50] GCA_000012045.1_ASM1204v1_genomic.gbff_pp18/PROKKA_05152020.ffn
[18:22:50] GCA_000012045.1_ASM1204v1_genomic.gbff_pp18/PROKKA_05152020.sqn
[18:22:50] GCA_000012045.1_ASM1204v1_genomic.gbff_pp18/PROKKA_05152020.gff
[18:22:50] GCA_000012045.1_ASM1204v1_genomic.gbff_pp18/PROKKA_05152020.fsa
[18:22:50] Annotation finished successfully.
[18:22:50] Walltime used: 0.03 minutes
[18:22:50] If you use this result please cite the Prokka paper:
[18:22:50] Seemann T (2014) Prokka: rapid prokaryotic genome annotation. Bioinformatics. 30(14):2068-9.
[18:22:50] Type 'prokka --citation' for more details.
[18:22:50] Thank you, come again.
