Discrepancy Report Results

Summary
DISC_SOURCE_QUALS_ASNDISC:strain (all present, all unique)
DISC_SOURCE_QUALS_ASNDISC:taxname (all present, all unique)
DISC_FEATURE_COUNT:gene: 23 present
DISC_FEATURE_COUNT:CDS: 23 present
DISC_COUNT_NUCLEOTIDES:1 nucleotide Bioseqs are present
OVERLAPPING_GENES:7 genes overlap another gene on the same strand.
DISC_QUALITY_SCORES:Quality scores are missing on all sequences.
ONCALLER_COMMENT_PRESENT:1 comment descriptors were found (all same)
MISSING_GENOMEASSEMBLY_COMMENTS:1 bioseqs are missing GenomeAssembly structured comments
MOLTYPE_NOT_MRNA:1 molecule types are not set as mRNA.
TECHNIQUE_NOT_TSA:1 technique are not set as TSA
MISSING_STRUCTURED_COMMENT:1 sequences do not include structured comments.
MISSING_PROJECT:24 sequences do not include project.
DISC_INCONSISTENT_MOLINFO_TECH:Molinfo Technique Report (some missing, all same)


Detailed Report

DiscRep_ALL:DISC_SOURCE_QUALS_ASNDISC::strain (all present, all unique)
DiscRep_SUB:DISC_SOURCE_QUALS_ASNDISC::1 sources have unique values for strain
DiscRep_ALL:DISC_SOURCE_QUALS_ASNDISC::taxname (all present, all unique)
DiscRep_SUB:DISC_SOURCE_QUALS_ASNDISC::1 sources have unique values for taxname
DiscRep_ALL:DISC_FEATURE_COUNT::gene: 23 present
DiscRep_ALL:DISC_FEATURE_COUNT::CDS: 23 present
DiscRep_ALL:DISC_COUNT_NUCLEOTIDES::1 nucleotide Bioseqs are present
GCA_000009005.1_ASM900v1_genomic.gbff_pp10/PROKKA_05152020:X:IKJBLBIK_1 (length 24824)

DiscRep_ALL:OVERLAPPING_GENES::7 genes overlap another gene on the same strand.
GCA_000009005.1_ASM900v1_genomic.gbff_pp10/PROKKA_05152020:Gene	IKJBLBIK_00010	IKJBLBIK_1:c7114-6035	IKJBLBIK_00010
GCA_000009005.1_ASM900v1_genomic.gbff_pp10/PROKKA_05152020:Gene	essC	IKJBLBIK_1:c11559-7111	IKJBLBIK_00011
GCA_000009005.1_ASM900v1_genomic.gbff_pp10/PROKKA_05152020:Gene	esaB	IKJBLBIK_1:c13170-12928	IKJBLBIK_00013
GCA_000009005.1_ASM900v1_genomic.gbff_pp10/PROKKA_05152020:Gene	IKJBLBIK_00014	IKJBLBIK_1:c13600-13142	IKJBLBIK_00014
GCA_000009005.1_ASM900v1_genomic.gbff_pp10/PROKKA_05152020:Gene	esaA	IKJBLBIK_1:c16629-13600	IKJBLBIK_00015
GCA_000009005.1_ASM900v1_genomic.gbff_pp10/PROKKA_05152020:Gene	IKJBLBIK_00019	IKJBLBIK_1:20068-21234	IKJBLBIK_00019
GCA_000009005.1_ASM900v1_genomic.gbff_pp10/PROKKA_05152020:Gene	IKJBLBIK_00020	IKJBLBIK_1:21231-22151	IKJBLBIK_00020

DiscRep_ALL:DISC_QUALITY_SCORES::Quality scores are missing on all sequences.

DiscRep_ALL:ONCALLER_COMMENT_PRESENT::1 comment descriptors were found (all same)
GCA_000009005.1_ASM900v1_genomic.gbff_pp10/PROKKA_05152020:X:IKJBLBIK_1:Annotated using prokka 1.14.6 from https://github.com/tseemann/prokka

DiscRep_ALL:MISSING_GENOMEASSEMBLY_COMMENTS::1 bioseqs are missing GenomeAssembly structured comments
GCA_000009005.1_ASM900v1_genomic.gbff_pp10/PROKKA_05152020:X:IKJBLBIK_1 (length 24824)

DiscRep_ALL:MOLTYPE_NOT_MRNA::1 molecule types are not set as mRNA.
GCA_000009005.1_ASM900v1_genomic.gbff_pp10/PROKKA_05152020:X:IKJBLBIK_1 (length 24824)

DiscRep_ALL:TECHNIQUE_NOT_TSA::1 technique are not set as TSA
GCA_000009005.1_ASM900v1_genomic.gbff_pp10/PROKKA_05152020:X:IKJBLBIK_1 (length 24824)

DiscRep_ALL:MISSING_STRUCTURED_COMMENT::1 sequences do not include structured comments.
GCA_000009005.1_ASM900v1_genomic.gbff_pp10/PROKKA_05152020:X:IKJBLBIK_1 (length 24824)

DiscRep_ALL:MISSING_PROJECT::24 sequences do not include project.
GCA_000009005.1_ASM900v1_genomic.gbff_pp10/PROKKA_05152020:X:IKJBLBIK_1 (length 24824)
GCA_000009005.1_ASM900v1_genomic.gbff_pp10/PROKKA_05152020:X:IKJBLBIK_00001 (length 398)
GCA_000009005.1_ASM900v1_genomic.gbff_pp10/PROKKA_05152020:X:IKJBLBIK_00002 (length 255)
GCA_000009005.1_ASM900v1_genomic.gbff_pp10/PROKKA_05152020:X:IKJBLBIK_00003 (length 130)
GCA_000009005.1_ASM900v1_genomic.gbff_pp10/PROKKA_05152020:X:IKJBLBIK_00004 (length 129)
GCA_000009005.1_ASM900v1_genomic.gbff_pp10/PROKKA_05152020:X:IKJBLBIK_00005 (length 124)
GCA_000009005.1_ASM900v1_genomic.gbff_pp10/PROKKA_05152020:X:IKJBLBIK_00006 (length 157)
GCA_000009005.1_ASM900v1_genomic.gbff_pp10/PROKKA_05152020:X:IKJBLBIK_00007 (length 137)
GCA_000009005.1_ASM900v1_genomic.gbff_pp10/PROKKA_05152020:X:IKJBLBIK_00008 (length 420)
GCA_000009005.1_ASM900v1_genomic.gbff_pp10/PROKKA_05152020:X:IKJBLBIK_00009 (length 96)
GCA_000009005.1_ASM900v1_genomic.gbff_pp10/PROKKA_05152020:X:IKJBLBIK_00010 (length 359)
GCA_000009005.1_ASM900v1_genomic.gbff_pp10/PROKKA_05152020:X:IKJBLBIK_00011 (length 1482)
GCA_000009005.1_ASM900v1_genomic.gbff_pp10/PROKKA_05152020:X:IKJBLBIK_00012 (length 444)
GCA_000009005.1_ASM900v1_genomic.gbff_pp10/PROKKA_05152020:X:IKJBLBIK_00013 (length 80)
GCA_000009005.1_ASM900v1_genomic.gbff_pp10/PROKKA_05152020:X:IKJBLBIK_00014 (length 152)
GCA_000009005.1_ASM900v1_genomic.gbff_pp10/PROKKA_05152020:X:IKJBLBIK_00015 (length 1009)
GCA_000009005.1_ASM900v1_genomic.gbff_pp10/PROKKA_05152020:X:IKJBLBIK_00016 (length 97)
GCA_000009005.1_ASM900v1_genomic.gbff_pp10/PROKKA_05152020:X:IKJBLBIK_00017 (length 300)
GCA_000009005.1_ASM900v1_genomic.gbff_pp10/PROKKA_05152020:X:IKJBLBIK_00018 (length 507)
GCA_000009005.1_ASM900v1_genomic.gbff_pp10/PROKKA_05152020:X:IKJBLBIK_00019 (length 388)
GCA_000009005.1_ASM900v1_genomic.gbff_pp10/PROKKA_05152020:X:IKJBLBIK_00020 (length 306)
GCA_000009005.1_ASM900v1_genomic.gbff_pp10/PROKKA_05152020:X:IKJBLBIK_00021 (length 219)
GCA_000009005.1_ASM900v1_genomic.gbff_pp10/PROKKA_05152020:X:IKJBLBIK_00022 (length 321)
GCA_000009005.1_ASM900v1_genomic.gbff_pp10/PROKKA_05152020:X:IKJBLBIK_00023 (length 214)

DiscRep_ALL:DISC_INCONSISTENT_MOLINFO_TECH::Molinfo Technique Report (some missing, all same)
DiscRep_SUB:DISC_INCONSISTENT_MOLINFO_TECH::technique (all missing)
DiscRep_SUB:DISC_INCONSISTENT_MOLINFO_TECH::1 Molinfos are missing field technique
GCA_000009005.1_ASM900v1_genomic.gbff_pp10/PROKKA_05152020:X:IKJBLBIK_1 (length 24824)

