Discrepancy Report Results

Summary
DISC_SOURCE_QUALS_ASNDISC:strain (all present, all unique)
DISC_SOURCE_QUALS_ASNDISC:taxname (all present, all unique)
DISC_FEATURE_COUNT:gene: 70 present
DISC_FEATURE_COUNT:CDS: 70 present
DISC_COUNT_NUCLEOTIDES:1 nucleotide Bioseqs are present
OVERLAPPING_GENES:9 genes overlap another gene on the same strand.
SUSPECT_PRODUCT_NAMES:2 product_names contain suspect phrase or characters
	May contain database identifier more appropriate in note; remove from product name
		1 features contains three or more numbers together that may be identifiers more appropriate in note
		1 features Contains underscore
DISC_QUALITY_SCORES:Quality scores are missing on all sequences.
ONCALLER_COMMENT_PRESENT:1 comment descriptors were found (all same)
SHORT_PROT_SEQUENCES:1 protein sequences are shorter than 50 aa.
MISSING_GENOMEASSEMBLY_COMMENTS:1 bioseqs are missing GenomeAssembly structured comments
MOLTYPE_NOT_MRNA:1 molecule types are not set as mRNA.
TECHNIQUE_NOT_TSA:1 technique are not set as TSA
MISSING_STRUCTURED_COMMENT:1 sequences do not include structured comments.
MISSING_PROJECT:71 sequences do not include project.
DISC_INCONSISTENT_MOLINFO_TECH:Molinfo Technique Report (some missing, all same)


Detailed Report

DiscRep_ALL:DISC_SOURCE_QUALS_ASNDISC::strain (all present, all unique)
DiscRep_SUB:DISC_SOURCE_QUALS_ASNDISC::1 sources have unique values for strain
DiscRep_ALL:DISC_SOURCE_QUALS_ASNDISC::taxname (all present, all unique)
DiscRep_SUB:DISC_SOURCE_QUALS_ASNDISC::1 sources have unique values for taxname
DiscRep_ALL:DISC_FEATURE_COUNT::gene: 70 present
DiscRep_ALL:DISC_FEATURE_COUNT::CDS: 70 present
DiscRep_ALL:DISC_COUNT_NUCLEOTIDES::1 nucleotide Bioseqs are present
GCA_000009005.1_ASM900v1_genomic.gbff_pp8/PROKKA_05152020:X:DENJFJGE_1 (length 65675)

DiscRep_ALL:OVERLAPPING_GENES::9 genes overlap another gene on the same strand.
GCA_000009005.1_ASM900v1_genomic.gbff_pp8/PROKKA_05152020:Gene	rplO	DENJFJGE_1:4083-4523	DENJFJGE_00011
GCA_000009005.1_ASM900v1_genomic.gbff_pp8/PROKKA_05152020:Gene	secY	DENJFJGE_1:4523-5815	DENJFJGE_00012
GCA_000009005.1_ASM900v1_genomic.gbff_pp8/PROKKA_05152020:Gene	ecfA1	DENJFJGE_1:9667-10587	DENJFJGE_00020
GCA_000009005.1_ASM900v1_genomic.gbff_pp8/PROKKA_05152020:Gene	ecfA2	DENJFJGE_1:10584-11444	DENJFJGE_00021
GCA_000009005.1_ASM900v1_genomic.gbff_pp8/PROKKA_05152020:Gene	ecfT	DENJFJGE_1:11434-12240	DENJFJGE_00022
GCA_000009005.1_ASM900v1_genomic.gbff_pp8/PROKKA_05152020:Gene	DENJFJGE_00056	DENJFJGE_1:47828-49021	DENJFJGE_00056
GCA_000009005.1_ASM900v1_genomic.gbff_pp8/PROKKA_05152020:Gene	DENJFJGE_00057	DENJFJGE_1:49008-50765	DENJFJGE_00057
GCA_000009005.1_ASM900v1_genomic.gbff_pp8/PROKKA_05152020:Gene	yfiZ	DENJFJGE_1:53230-54261	DENJFJGE_00060
GCA_000009005.1_ASM900v1_genomic.gbff_pp8/PROKKA_05152020:Gene	fecD	DENJFJGE_1:54258-55226	DENJFJGE_00061

DiscRep_ALL:SUSPECT_PRODUCT_NAMES::2 product_names contain suspect phrase or characters
DiscRep_SUB:SUSPECT_PRODUCT_NAMES::May contain database identifier more appropriate in note; remove from product name
DiscRep_SUB:SUSPECT_PRODUCT_NAMES::1 features contains three or more numbers together that may be identifiers more appropriate in note
GCA_000009005.1_ASM900v1_genomic.gbff_pp8/PROKKA_05152020:CDS	putative oxidoreductase/MSMEI_2347	DENJFJGE_1:27696-28544	DENJFJGE_00036

DiscRep_SUB:SUSPECT_PRODUCT_NAMES::1 features Contains underscore
GCA_000009005.1_ASM900v1_genomic.gbff_pp8/PROKKA_05152020:CDS	putative oxidoreductase/MSMEI_2347	DENJFJGE_1:27696-28544	DENJFJGE_00036

DiscRep_ALL:DISC_QUALITY_SCORES::Quality scores are missing on all sequences.

DiscRep_ALL:ONCALLER_COMMENT_PRESENT::1 comment descriptors were found (all same)
GCA_000009005.1_ASM900v1_genomic.gbff_pp8/PROKKA_05152020:X:DENJFJGE_1:Annotated using prokka 1.14.6 from https://github.com/tseemann/prokka

DiscRep_ALL:SHORT_PROT_SEQUENCES::1 protein sequences are shorter than 50 aa.
GCA_000009005.1_ASM900v1_genomic.gbff_pp8/PROKKA_05152020:X:DENJFJGE_00015 (length 37)

DiscRep_ALL:MISSING_GENOMEASSEMBLY_COMMENTS::1 bioseqs are missing GenomeAssembly structured comments
GCA_000009005.1_ASM900v1_genomic.gbff_pp8/PROKKA_05152020:X:DENJFJGE_1 (length 65675)

DiscRep_ALL:MOLTYPE_NOT_MRNA::1 molecule types are not set as mRNA.
GCA_000009005.1_ASM900v1_genomic.gbff_pp8/PROKKA_05152020:X:DENJFJGE_1 (length 65675)

DiscRep_ALL:TECHNIQUE_NOT_TSA::1 technique are not set as TSA
GCA_000009005.1_ASM900v1_genomic.gbff_pp8/PROKKA_05152020:X:DENJFJGE_1 (length 65675)

DiscRep_ALL:MISSING_STRUCTURED_COMMENT::1 sequences do not include structured comments.
GCA_000009005.1_ASM900v1_genomic.gbff_pp8/PROKKA_05152020:X:DENJFJGE_1 (length 65675)

DiscRep_ALL:MISSING_PROJECT::71 sequences do not include project.
GCA_000009005.1_ASM900v1_genomic.gbff_pp8/PROKKA_05152020:X:DENJFJGE_1 (length 65675)
GCA_000009005.1_ASM900v1_genomic.gbff_pp8/PROKKA_05152020:X:DENJFJGE_00001 (length 87)
GCA_000009005.1_ASM900v1_genomic.gbff_pp8/PROKKA_05152020:X:DENJFJGE_00002 (length 122)
GCA_000009005.1_ASM900v1_genomic.gbff_pp8/PROKKA_05152020:X:DENJFJGE_00003 (length 105)
GCA_000009005.1_ASM900v1_genomic.gbff_pp8/PROKKA_05152020:X:DENJFJGE_00004 (length 179)
GCA_000009005.1_ASM900v1_genomic.gbff_pp8/PROKKA_05152020:X:DENJFJGE_00005 (length 56)
GCA_000009005.1_ASM900v1_genomic.gbff_pp8/PROKKA_05152020:X:DENJFJGE_00006 (length 132)
GCA_000009005.1_ASM900v1_genomic.gbff_pp8/PROKKA_05152020:X:DENJFJGE_00007 (length 178)
GCA_000009005.1_ASM900v1_genomic.gbff_pp8/PROKKA_05152020:X:DENJFJGE_00008 (length 119)
GCA_000009005.1_ASM900v1_genomic.gbff_pp8/PROKKA_05152020:X:DENJFJGE_00009 (length 166)
GCA_000009005.1_ASM900v1_genomic.gbff_pp8/PROKKA_05152020:X:DENJFJGE_00010 (length 59)
GCA_000009005.1_ASM900v1_genomic.gbff_pp8/PROKKA_05152020:X:DENJFJGE_00011 (length 146)
GCA_000009005.1_ASM900v1_genomic.gbff_pp8/PROKKA_05152020:X:DENJFJGE_00012 (length 430)
GCA_000009005.1_ASM900v1_genomic.gbff_pp8/PROKKA_05152020:X:DENJFJGE_00013 (length 215)
GCA_000009005.1_ASM900v1_genomic.gbff_pp8/PROKKA_05152020:X:DENJFJGE_00014 (length 72)
GCA_000009005.1_ASM900v1_genomic.gbff_pp8/PROKKA_05152020:X:DENJFJGE_00015 (length 37)
GCA_000009005.1_ASM900v1_genomic.gbff_pp8/PROKKA_05152020:X:DENJFJGE_00016 (length 121)
GCA_000009005.1_ASM900v1_genomic.gbff_pp8/PROKKA_05152020:X:DENJFJGE_00017 (length 129)
GCA_000009005.1_ASM900v1_genomic.gbff_pp8/PROKKA_05152020:X:DENJFJGE_00018 (length 314)
GCA_000009005.1_ASM900v1_genomic.gbff_pp8/PROKKA_05152020:X:DENJFJGE_00019 (length 122)
GCA_000009005.1_ASM900v1_genomic.gbff_pp8/PROKKA_05152020:X:DENJFJGE_00020 (length 306)
GCA_000009005.1_ASM900v1_genomic.gbff_pp8/PROKKA_05152020:X:DENJFJGE_00021 (length 286)
GCA_000009005.1_ASM900v1_genomic.gbff_pp8/PROKKA_05152020:X:DENJFJGE_00022 (length 268)
GCA_000009005.1_ASM900v1_genomic.gbff_pp8/PROKKA_05152020:X:DENJFJGE_00023 (length 267)
GCA_000009005.1_ASM900v1_genomic.gbff_pp8/PROKKA_05152020:X:DENJFJGE_00024 (length 145)
GCA_000009005.1_ASM900v1_genomic.gbff_pp8/PROKKA_05152020:X:DENJFJGE_00025 (length 132)
GCA_000009005.1_ASM900v1_genomic.gbff_pp8/PROKKA_05152020:X:DENJFJGE_00026 (length 59)
GCA_000009005.1_ASM900v1_genomic.gbff_pp8/PROKKA_05152020:X:DENJFJGE_00027 (length 554)
GCA_000009005.1_ASM900v1_genomic.gbff_pp8/PROKKA_05152020:X:DENJFJGE_00028 (length 234)
GCA_000009005.1_ASM900v1_genomic.gbff_pp8/PROKKA_05152020:X:DENJFJGE_00029 (length 141)
GCA_000009005.1_ASM900v1_genomic.gbff_pp8/PROKKA_05152020:X:DENJFJGE_00030 (length 271)
GCA_000009005.1_ASM900v1_genomic.gbff_pp8/PROKKA_05152020:X:DENJFJGE_00031 (length 505)
GCA_000009005.1_ASM900v1_genomic.gbff_pp8/PROKKA_05152020:X:DENJFJGE_00032 (length 92)
GCA_000009005.1_ASM900v1_genomic.gbff_pp8/PROKKA_05152020:X:DENJFJGE_00033 (length 284)
GCA_000009005.1_ASM900v1_genomic.gbff_pp8/PROKKA_05152020:X:DENJFJGE_00034 (length 808)
GCA_000009005.1_ASM900v1_genomic.gbff_pp8/PROKKA_05152020:X:DENJFJGE_00035 (length 138)
GCA_000009005.1_ASM900v1_genomic.gbff_pp8/PROKKA_05152020:X:DENJFJGE_00036 (length 282)
GCA_000009005.1_ASM900v1_genomic.gbff_pp8/PROKKA_05152020:X:DENJFJGE_00037 (length 52)
GCA_000009005.1_ASM900v1_genomic.gbff_pp8/PROKKA_05152020:X:DENJFJGE_00038 (length 202)
GCA_000009005.1_ASM900v1_genomic.gbff_pp8/PROKKA_05152020:X:DENJFJGE_00039 (length 246)
GCA_000009005.1_ASM900v1_genomic.gbff_pp8/PROKKA_05152020:X:DENJFJGE_00040 (length 263)
GCA_000009005.1_ASM900v1_genomic.gbff_pp8/PROKKA_05152020:X:DENJFJGE_00041 (length 142)
GCA_000009005.1_ASM900v1_genomic.gbff_pp8/PROKKA_05152020:X:DENJFJGE_00042 (length 171)
GCA_000009005.1_ASM900v1_genomic.gbff_pp8/PROKKA_05152020:X:DENJFJGE_00043 (length 310)
GCA_000009005.1_ASM900v1_genomic.gbff_pp8/PROKKA_05152020:X:DENJFJGE_00044 (length 326)
GCA_000009005.1_ASM900v1_genomic.gbff_pp8/PROKKA_05152020:X:DENJFJGE_00045 (length 103)
GCA_000009005.1_ASM900v1_genomic.gbff_pp8/PROKKA_05152020:X:DENJFJGE_00046 (length 570)
GCA_000009005.1_ASM900v1_genomic.gbff_pp8/PROKKA_05152020:X:DENJFJGE_00047 (length 470)
GCA_000009005.1_ASM900v1_genomic.gbff_pp8/PROKKA_05152020:X:DENJFJGE_00048 (length 294)
GCA_000009005.1_ASM900v1_genomic.gbff_pp8/PROKKA_05152020:X:DENJFJGE_00049 (length 334)
GCA_000009005.1_ASM900v1_genomic.gbff_pp8/PROKKA_05152020:X:DENJFJGE_00050 (length 335)
GCA_000009005.1_ASM900v1_genomic.gbff_pp8/PROKKA_05152020:X:DENJFJGE_00051 (length 520)
GCA_000009005.1_ASM900v1_genomic.gbff_pp8/PROKKA_05152020:X:DENJFJGE_00052 (length 178)
GCA_000009005.1_ASM900v1_genomic.gbff_pp8/PROKKA_05152020:X:DENJFJGE_00053 (length 79)
GCA_000009005.1_ASM900v1_genomic.gbff_pp8/PROKKA_05152020:X:DENJFJGE_00054 (length 169)
GCA_000009005.1_ASM900v1_genomic.gbff_pp8/PROKKA_05152020:X:DENJFJGE_00055 (length 658)
GCA_000009005.1_ASM900v1_genomic.gbff_pp8/PROKKA_05152020:X:DENJFJGE_00056 (length 397)
GCA_000009005.1_ASM900v1_genomic.gbff_pp8/PROKKA_05152020:X:DENJFJGE_00057 (length 585)
GCA_000009005.1_ASM900v1_genomic.gbff_pp8/PROKKA_05152020:X:DENJFJGE_00058 (length 356)
GCA_000009005.1_ASM900v1_genomic.gbff_pp8/PROKKA_05152020:X:DENJFJGE_00059 (length 327)
GCA_000009005.1_ASM900v1_genomic.gbff_pp8/PROKKA_05152020:X:DENJFJGE_00060 (length 343)
GCA_000009005.1_ASM900v1_genomic.gbff_pp8/PROKKA_05152020:X:DENJFJGE_00061 (length 322)
GCA_000009005.1_ASM900v1_genomic.gbff_pp8/PROKKA_05152020:X:DENJFJGE_00062 (length 456)
GCA_000009005.1_ASM900v1_genomic.gbff_pp8/PROKKA_05152020:X:DENJFJGE_00063 (length 86)
GCA_000009005.1_ASM900v1_genomic.gbff_pp8/PROKKA_05152020:X:DENJFJGE_00064 (length 171)
GCA_000009005.1_ASM900v1_genomic.gbff_pp8/PROKKA_05152020:X:DENJFJGE_00065 (length 395)
GCA_000009005.1_ASM900v1_genomic.gbff_pp8/PROKKA_05152020:X:DENJFJGE_00066 (length 228)
GCA_000009005.1_ASM900v1_genomic.gbff_pp8/PROKKA_05152020:X:DENJFJGE_00067 (length 447)
GCA_000009005.1_ASM900v1_genomic.gbff_pp8/PROKKA_05152020:X:DENJFJGE_00068 (length 155)
GCA_000009005.1_ASM900v1_genomic.gbff_pp8/PROKKA_05152020:X:DENJFJGE_00069 (length 481)
GCA_000009005.1_ASM900v1_genomic.gbff_pp8/PROKKA_05152020:X:DENJFJGE_00070 (length 354)

DiscRep_ALL:DISC_INCONSISTENT_MOLINFO_TECH::Molinfo Technique Report (some missing, all same)
DiscRep_SUB:DISC_INCONSISTENT_MOLINFO_TECH::technique (all missing)
DiscRep_SUB:DISC_INCONSISTENT_MOLINFO_TECH::1 Molinfos are missing field technique
GCA_000009005.1_ASM900v1_genomic.gbff_pp8/PROKKA_05152020:X:DENJFJGE_1 (length 65675)

