[18:21:52] This is prokka 1.14.6
[18:21:52] Written by Torsten Seemann <torsten.seemann@gmail.com>
[18:21:52] Homepage is https://github.com/tseemann/prokka
[18:21:52] Local time is Fri May 15 18:21:52 2020
[18:21:52] You are tsweet
[18:21:52] Operating system is linux
[18:21:52] You have BioPerl 1.007002
[18:21:52] System has 8 cores.
[18:21:52] Will use maximum of 8 cores.
[18:21:52] Annotating as >>> Bacteria <<<
[18:21:52] Generating locus_tag from '005.1_ASM900v1_genomic.gbff_pp8' contents.
[18:21:52] Setting --locustag DENJFJGE from MD5 de73f30ead82704ad33c9d221d5ecca5
[18:21:52] Enabling options to ensure Genbank/ENA/DDJB submission compliance.
[18:21:52] Creating new output folder: GCA_000009005.1_ASM900v1_genomic.gbff_pp8
[18:21:52] Running: mkdir -p GCA_000009005\.1_ASM900v1_genomic\.gbff_pp8
[18:21:52] Using filename prefix: PROKKA_05152020.XXX
[18:21:52] Setting HMMER_NCPU=1
[18:21:52] Writing log to: GCA_000009005.1_ASM900v1_genomic.gbff_pp8/PROKKA_05152020.log
[18:21:52] Command: /home/tsweet/anaconda3/bin/prokka --centre X --compliant 005.1_ASM900v1_genomic.gbff_pp8 --outdir GCA_000009005.1_ASM900v1_genomic.gbff_pp8
[18:21:52] Appending to PATH: /home/tsweet/anaconda3/bin
[18:21:52] Looking for 'aragorn' - found /home/tsweet/anaconda3/bin/aragorn
[18:21:52] Determined aragorn version is 001002 from 'ARAGORN v1.2.38 Dean Laslett'
[18:21:52] Looking for 'barrnap' - found /home/tsweet/anaconda3/bin/barrnap
[18:21:52] Determined barrnap version is 000009 from 'barrnap 0.9'
[18:21:52] Looking for 'blastp' - found /home/tsweet/anaconda3/bin/blastp
[18:21:52] Determined blastp version is 002009 from 'blastp: 2.9.0+'
[18:21:52] Looking for 'cmpress' - found /home/tsweet/anaconda3/bin/cmpress
[18:21:52] Determined cmpress version is 001001 from '# INFERNAL 1.1.2 (July 2016)'
[18:21:52] Looking for 'cmscan' - found /home/tsweet/anaconda3/bin/cmscan
[18:21:52] Determined cmscan version is 001001 from '# INFERNAL 1.1.2 (July 2016)'
[18:21:52] Looking for 'egrep' - found /bin/egrep
[18:21:52] Looking for 'find' - found /usr/bin/find
[18:21:52] Looking for 'grep' - found /bin/grep
[18:21:52] Looking for 'hmmpress' - found /home/tsweet/anaconda3/bin/hmmpress
[18:21:52] Determined hmmpress version is 003003 from '# HMMER 3.3 (Nov 2019); http://hmmer.org/'
[18:21:52] Looking for 'hmmscan' - found /home/tsweet/anaconda3/bin/hmmscan
[18:21:52] Determined hmmscan version is 003003 from '# HMMER 3.3 (Nov 2019); http://hmmer.org/'
[18:21:52] Looking for 'java' - found /home/tsweet/anaconda3/bin/java
[18:21:52] Looking for 'makeblastdb' - found /home/tsweet/anaconda3/bin/makeblastdb
[18:21:52] Determined makeblastdb version is 002009 from 'makeblastdb: 2.9.0+'
[18:21:52] Looking for 'minced' - found /home/tsweet/anaconda3/bin/minced
[18:21:52] Determined minced version is 004002 from 'minced 0.4.2'
[18:21:52] Looking for 'parallel' - found /home/tsweet/anaconda3/bin/parallel
[18:21:52] Determined parallel version is 20200322 from 'GNU parallel 20200322'
[18:21:52] Looking for 'prodigal' - found /home/tsweet/anaconda3/bin/prodigal
[18:21:52] Determined prodigal version is 002006 from 'Prodigal V2.6.3: February, 2016'
[18:21:52] Looking for 'prokka-genbank_to_fasta_db' - found /home/tsweet/anaconda3/bin/prokka-genbank_to_fasta_db
[18:21:52] Looking for 'sed' - found /bin/sed
[18:21:52] Looking for 'tbl2asn' - found /home/tsweet/anaconda3/bin/tbl2asn
[18:21:52] Determined tbl2asn version is 025007 from 'tbl2asn 25.7   arguments:'
[18:21:52] Using genetic code table 11.
[18:21:52] Loading and checking input file: 005.1_ASM900v1_genomic.gbff_pp8
[18:21:52] Wrote 1 contigs totalling 65675 bp.
[18:21:52] Predicting tRNAs and tmRNAs
[18:21:52] Running: aragorn -l -gc11  -w GCA_000009005\.1_ASM900v1_genomic\.gbff_pp8\/PROKKA_05152020\.fna
[18:21:52] Found 0 tRNAs
[18:21:52] Predicting Ribosomal RNAs
[18:21:52] Running Barrnap with 8 threads
[18:21:52] Found 0 rRNAs
[18:21:52] Skipping ncRNA search, enable with --rfam if desired.
[18:21:52] Total of 0 tRNA + rRNA features
[18:21:52] Searching for CRISPR repeats
[18:21:52] Found 0 CRISPRs
[18:21:52] Predicting coding sequences
[18:21:52] Contigs total 65675 bp, so using meta mode
[18:21:52] Running: prodigal -i GCA_000009005\.1_ASM900v1_genomic\.gbff_pp8\/PROKKA_05152020\.fna -c -m -g 11 -p meta -f sco -q
[18:21:52] Found 70 CDS
[18:21:52] Connecting features back to sequences
[18:21:52] Not using genus-specific database. Try --usegenus to enable it.
[18:21:52] Annotating CDS, please be patient.
[18:21:52] Will use 8 CPUs for similarity searching.
[18:21:53] There are still 70 unannotated CDS left (started with 70)
[18:21:53] Will use blast to search against /home/tsweet/anaconda3/db/kingdom/Bacteria/IS with 8 CPUs
[18:21:53] Running: cat GCA_000009005\.1_ASM900v1_genomic\.gbff_pp8\/PROKKA_05152020\.IS\.tmp\.15205\.faa | parallel --gnu --plain -j 8 --block 1151 --recstart '>' --pipe blastp -query - -db /home/tsweet/anaconda3/db/kingdom/Bacteria/IS -evalue 1e-30 -qcov_hsp_perc 90 -num_threads 1 -num_descriptions 1 -num_alignments 1 -seg no > GCA_000009005\.1_ASM900v1_genomic\.gbff_pp8\/PROKKA_05152020\.IS\.tmp\.15205\.blast 2> /dev/null
[18:21:53] Deleting unwanted file: GCA_000009005.1_ASM900v1_genomic.gbff_pp8/PROKKA_05152020.IS.tmp.15205.faa
[18:21:53] Deleting unwanted file: GCA_000009005.1_ASM900v1_genomic.gbff_pp8/PROKKA_05152020.IS.tmp.15205.blast
[18:21:53] There are still 70 unannotated CDS left (started with 70)
[18:21:53] Will use blast to search against /home/tsweet/anaconda3/db/kingdom/Bacteria/AMR with 8 CPUs
[18:21:53] Running: cat GCA_000009005\.1_ASM900v1_genomic\.gbff_pp8\/PROKKA_05152020\.AMR\.tmp\.15205\.faa | parallel --gnu --plain -j 8 --block 1151 --recstart '>' --pipe blastp -query - -db /home/tsweet/anaconda3/db/kingdom/Bacteria/AMR -evalue 9.99999999999999e-301 -qcov_hsp_perc 90 -num_threads 1 -num_descriptions 1 -num_alignments 1 -seg no > GCA_000009005\.1_ASM900v1_genomic\.gbff_pp8\/PROKKA_05152020\.AMR\.tmp\.15205\.blast 2> /dev/null
[18:21:54] Deleting unwanted file: GCA_000009005.1_ASM900v1_genomic.gbff_pp8/PROKKA_05152020.AMR.tmp.15205.faa
[18:21:54] Deleting unwanted file: GCA_000009005.1_ASM900v1_genomic.gbff_pp8/PROKKA_05152020.AMR.tmp.15205.blast
[18:21:54] There are still 70 unannotated CDS left (started with 70)
[18:21:54] Will use blast to search against /home/tsweet/anaconda3/db/kingdom/Bacteria/sprot with 8 CPUs
[18:21:54] Running: cat GCA_000009005\.1_ASM900v1_genomic\.gbff_pp8\/PROKKA_05152020\.sprot\.tmp\.15205\.faa | parallel --gnu --plain -j 8 --block 1151 --recstart '>' --pipe blastp -query - -db /home/tsweet/anaconda3/db/kingdom/Bacteria/sprot -evalue 1e-09 -qcov_hsp_perc 80 -num_threads 1 -num_descriptions 1 -num_alignments 1 -seg no > GCA_000009005\.1_ASM900v1_genomic\.gbff_pp8\/PROKKA_05152020\.sprot\.tmp\.15205\.blast 2> /dev/null
[18:21:55] Modify product: Uncharacterized hydrolase SA2005 => putative hydrolase
[18:21:55] Modify product: Uncharacterized oxidoreductase MSMEG_2408/MSMEI_2347 => putative oxidoreductase/MSMEI_2347
[18:21:55] Modify product: Probable siderophore transport system permease protein YfiZ => putative siderophore transport system permease protein YfiZ
[18:21:55] Modify product: UPF0457 protein SA1975.1 => hypothetical protein
[18:21:55] Modify product: Zinc-type alcohol dehydrogenase-like protein SA1988 => Zinc-type alcohol dehydrogenase-like protein
[18:21:55] Modify product: Probable uridylyltransferase SA1974 => putative uridylyltransferase
[18:21:55] Modify product: UPF0073 inner membrane protein YqfA => hypothetical protein
[18:21:55] Cleaned 7 /product names
[18:21:55] Deleting unwanted file: GCA_000009005.1_ASM900v1_genomic.gbff_pp8/PROKKA_05152020.sprot.tmp.15205.faa
[18:21:55] Deleting unwanted file: GCA_000009005.1_ASM900v1_genomic.gbff_pp8/PROKKA_05152020.sprot.tmp.15205.blast
[18:21:55] There are still 12 unannotated CDS left (started with 70)
[18:21:55] Will use hmmer3 to search against /home/tsweet/anaconda3/db/hmm/HAMAP.hmm with 8 CPUs
[18:21:55] Running: cat GCA_000009005\.1_ASM900v1_genomic\.gbff_pp8\/PROKKA_05152020\.HAMAP\.hmm\.tmp\.15205\.faa | parallel --gnu --plain -j 8 --block 211 --recstart '>' --pipe hmmscan --noali --notextw --acc -E 1e-09 --cpu 1 /home/tsweet/anaconda3/db/hmm/HAMAP.hmm /dev/stdin > GCA_000009005\.1_ASM900v1_genomic\.gbff_pp8\/PROKKA_05152020\.HAMAP\.hmm\.tmp\.15205\.hmmer3 2> /dev/null
[18:21:55] Deleting unwanted file: GCA_000009005.1_ASM900v1_genomic.gbff_pp8/PROKKA_05152020.HAMAP.hmm.tmp.15205.faa
[18:21:55] Deleting unwanted file: GCA_000009005.1_ASM900v1_genomic.gbff_pp8/PROKKA_05152020.HAMAP.hmm.tmp.15205.hmmer3
[18:21:55] Labelling remaining 12 proteins as 'hypothetical protein'
[18:21:55] Found 50 unique /gene codes.
[18:21:55] Fixed 0 colliding /gene names.
[18:21:55] Adding /locus_tag identifiers
[18:21:55] Assigned 70 locus_tags to CDS and RNA features.
[18:21:55] Writing outputs to GCA_000009005.1_ASM900v1_genomic.gbff_pp8/
[18:21:55] Generating annotation statistics file
[18:21:55] Generating Genbank and Sequin files
[18:21:55] Running: tbl2asn -V b -a r10k -l paired-ends -M n -N 1 -y 'Annotated using prokka 1.14.6 from https://github.com/tseemann/prokka' -Z GCA_000009005\.1_ASM900v1_genomic\.gbff_pp8\/PROKKA_05152020\.err -i GCA_000009005\.1_ASM900v1_genomic\.gbff_pp8\/PROKKA_05152020\.fsa 2> /dev/null
[18:21:56] Deleting unwanted file: GCA_000009005.1_ASM900v1_genomic.gbff_pp8/errorsummary.val
[18:21:56] Deleting unwanted file: GCA_000009005.1_ASM900v1_genomic.gbff_pp8/PROKKA_05152020.dr
[18:21:56] Deleting unwanted file: GCA_000009005.1_ASM900v1_genomic.gbff_pp8/PROKKA_05152020.fixedproducts
[18:21:56] Deleting unwanted file: GCA_000009005.1_ASM900v1_genomic.gbff_pp8/PROKKA_05152020.ecn
[18:21:56] Deleting unwanted file: GCA_000009005.1_ASM900v1_genomic.gbff_pp8/PROKKA_05152020.val
[18:21:56] Repairing broken .GBK output that tbl2asn produces...
[18:21:56] Running: sed 's/COORDINATES: profile/COORDINATES:profile/' < GCA_000009005\.1_ASM900v1_genomic\.gbff_pp8\/PROKKA_05152020\.gbf > GCA_000009005\.1_ASM900v1_genomic\.gbff_pp8\/PROKKA_05152020\.gbk
[18:21:56] Deleting unwanted file: GCA_000009005.1_ASM900v1_genomic.gbff_pp8/PROKKA_05152020.gbf
[18:21:56] Output files:
[18:21:56] GCA_000009005.1_ASM900v1_genomic.gbff_pp8/PROKKA_05152020.err
[18:21:56] GCA_000009005.1_ASM900v1_genomic.gbff_pp8/PROKKA_05152020.faa
[18:21:56] GCA_000009005.1_ASM900v1_genomic.gbff_pp8/PROKKA_05152020.txt
[18:21:56] GCA_000009005.1_ASM900v1_genomic.gbff_pp8/PROKKA_05152020.fna
[18:21:56] GCA_000009005.1_ASM900v1_genomic.gbff_pp8/PROKKA_05152020.gbk
[18:21:56] GCA_000009005.1_ASM900v1_genomic.gbff_pp8/PROKKA_05152020.log
[18:21:56] GCA_000009005.1_ASM900v1_genomic.gbff_pp8/PROKKA_05152020.tsv
[18:21:56] GCA_000009005.1_ASM900v1_genomic.gbff_pp8/PROKKA_05152020.tbl
[18:21:56] GCA_000009005.1_ASM900v1_genomic.gbff_pp8/PROKKA_05152020.ffn
[18:21:56] GCA_000009005.1_ASM900v1_genomic.gbff_pp8/PROKKA_05152020.sqn
[18:21:56] GCA_000009005.1_ASM900v1_genomic.gbff_pp8/PROKKA_05152020.gff
[18:21:56] GCA_000009005.1_ASM900v1_genomic.gbff_pp8/PROKKA_05152020.fsa
[18:21:56] Annotation finished successfully.
[18:21:56] Walltime used: 0.07 minutes
[18:21:56] If you use this result please cite the Prokka paper:
[18:21:56] Seemann T (2014) Prokka: rapid prokaryotic genome annotation. Bioinformatics. 30(14):2068-9.
[18:21:56] Type 'prokka --citation' for more details.
[18:21:56] Thank you, come again.
