[18:25:36] This is prokka 1.14.6
[18:25:36] Written by Torsten Seemann <torsten.seemann@gmail.com>
[18:25:36] Homepage is https://github.com/tseemann/prokka
[18:25:36] Local time is Fri May 15 18:25:36 2020
[18:25:36] You are tsweet
[18:25:36] Operating system is linux
[18:25:36] You have BioPerl 1.007002
[18:25:36] System has 8 cores.
[18:25:36] Will use maximum of 8 cores.
[18:25:36] Annotating as >>> Bacteria <<<
[18:25:36] Generating locus_tag from '60415.1_ASM16041v1_genomic.gbff_pp7' contents.
[18:25:36] Setting --locustag GFNEAOIK from MD5 0f7ea8241fdd6d38ac20668d5e565f9b
[18:25:36] Enabling options to ensure Genbank/ENA/DDJB submission compliance.
[18:25:36] Creating new output folder: GCA_000160415.1_ASM16041v1_genomic.gbff_pp7
[18:25:36] Running: mkdir -p GCA_000160415\.1_ASM16041v1_genomic\.gbff_pp7
[18:25:36] Using filename prefix: PROKKA_05152020.XXX
[18:25:36] Setting HMMER_NCPU=1
[18:25:36] Writing log to: GCA_000160415.1_ASM16041v1_genomic.gbff_pp7/PROKKA_05152020.log
[18:25:36] Command: /home/tsweet/anaconda3/bin/prokka --centre X --compliant 60415.1_ASM16041v1_genomic.gbff_pp7 --outdir GCA_000160415.1_ASM16041v1_genomic.gbff_pp7
[18:25:36] Appending to PATH: /home/tsweet/anaconda3/bin
[18:25:36] Looking for 'aragorn' - found /home/tsweet/anaconda3/bin/aragorn
[18:25:36] Determined aragorn version is 001002 from 'ARAGORN v1.2.38 Dean Laslett'
[18:25:36] Looking for 'barrnap' - found /home/tsweet/anaconda3/bin/barrnap
[18:25:36] Determined barrnap version is 000009 from 'barrnap 0.9'
[18:25:36] Looking for 'blastp' - found /home/tsweet/anaconda3/bin/blastp
[18:25:36] Determined blastp version is 002009 from 'blastp: 2.9.0+'
[18:25:36] Looking for 'cmpress' - found /home/tsweet/anaconda3/bin/cmpress
[18:25:36] Determined cmpress version is 001001 from '# INFERNAL 1.1.2 (July 2016)'
[18:25:36] Looking for 'cmscan' - found /home/tsweet/anaconda3/bin/cmscan
[18:25:36] Determined cmscan version is 001001 from '# INFERNAL 1.1.2 (July 2016)'
[18:25:36] Looking for 'egrep' - found /bin/egrep
[18:25:36] Looking for 'find' - found /usr/bin/find
[18:25:36] Looking for 'grep' - found /bin/grep
[18:25:36] Looking for 'hmmpress' - found /home/tsweet/anaconda3/bin/hmmpress
[18:25:36] Determined hmmpress version is 003003 from '# HMMER 3.3 (Nov 2019); http://hmmer.org/'
[18:25:36] Looking for 'hmmscan' - found /home/tsweet/anaconda3/bin/hmmscan
[18:25:36] Determined hmmscan version is 003003 from '# HMMER 3.3 (Nov 2019); http://hmmer.org/'
[18:25:36] Looking for 'java' - found /home/tsweet/anaconda3/bin/java
[18:25:36] Looking for 'makeblastdb' - found /home/tsweet/anaconda3/bin/makeblastdb
[18:25:36] Determined makeblastdb version is 002009 from 'makeblastdb: 2.9.0+'
[18:25:36] Looking for 'minced' - found /home/tsweet/anaconda3/bin/minced
[18:25:36] Determined minced version is 004002 from 'minced 0.4.2'
[18:25:36] Looking for 'parallel' - found /home/tsweet/anaconda3/bin/parallel
[18:25:36] Determined parallel version is 20200322 from 'GNU parallel 20200322'
[18:25:36] Looking for 'prodigal' - found /home/tsweet/anaconda3/bin/prodigal
[18:25:36] Determined prodigal version is 002006 from 'Prodigal V2.6.3: February, 2016'
[18:25:36] Looking for 'prokka-genbank_to_fasta_db' - found /home/tsweet/anaconda3/bin/prokka-genbank_to_fasta_db
[18:25:36] Looking for 'sed' - found /bin/sed
[18:25:36] Looking for 'tbl2asn' - found /home/tsweet/anaconda3/bin/tbl2asn
[18:25:36] Determined tbl2asn version is 025007 from 'tbl2asn 25.7   arguments:'
[18:25:36] Using genetic code table 11.
[18:25:36] Loading and checking input file: 60415.1_ASM16041v1_genomic.gbff_pp7
[18:25:36] Wrote 1 contigs totalling 76188 bp.
[18:25:36] Predicting tRNAs and tmRNAs
[18:25:36] Running: aragorn -l -gc11  -w GCA_000160415\.1_ASM16041v1_genomic\.gbff_pp7\/PROKKA_05152020\.fna
[18:25:36] 1 tRNA-Ser c[10294,10386] 37 (tga)
[18:25:36] Found 1 tRNAs
[18:25:36] Predicting Ribosomal RNAs
[18:25:36] Running Barrnap with 8 threads
[18:25:36] 1 gnl|X|GFNEAOIK_1 4 16S ribosomal RNA (partial)
[18:25:36] Found 1 rRNAs
[18:25:36] Skipping ncRNA search, enable with --rfam if desired.
[18:25:36] Total of 2 tRNA + rRNA features
[18:25:36] Searching for CRISPR repeats
[18:25:36] Found 0 CRISPRs
[18:25:36] Predicting coding sequences
[18:25:36] Contigs total 76188 bp, so using meta mode
[18:25:36] Running: prodigal -i GCA_000160415\.1_ASM16041v1_genomic\.gbff_pp7\/PROKKA_05152020\.fna -c -m -g 11 -p meta -f sco -q
[18:25:37] Excluding CDS which overlaps existing RNA (tRNA) at gnl|X|GFNEAOIK_1:10139..10333 on + strand
[18:25:37] Found 71 CDS
[18:25:37] Connecting features back to sequences
[18:25:37] Not using genus-specific database. Try --usegenus to enable it.
[18:25:37] Annotating CDS, please be patient.
[18:25:37] Will use 8 CPUs for similarity searching.
[18:25:37] There are still 71 unannotated CDS left (started with 71)
[18:25:37] Will use blast to search against /home/tsweet/anaconda3/db/kingdom/Bacteria/IS with 8 CPUs
[18:25:37] Running: cat GCA_000160415\.1_ASM16041v1_genomic\.gbff_pp7\/PROKKA_05152020\.IS\.tmp\.22489\.faa | parallel --gnu --plain -j 8 --block 1283 --recstart '>' --pipe blastp -query - -db /home/tsweet/anaconda3/db/kingdom/Bacteria/IS -evalue 1e-30 -qcov_hsp_perc 90 -num_threads 1 -num_descriptions 1 -num_alignments 1 -seg no > GCA_000160415\.1_ASM16041v1_genomic\.gbff_pp7\/PROKKA_05152020\.IS\.tmp\.22489\.blast 2> /dev/null
[18:25:37] Deleting unwanted file: GCA_000160415.1_ASM16041v1_genomic.gbff_pp7/PROKKA_05152020.IS.tmp.22489.faa
[18:25:37] Deleting unwanted file: GCA_000160415.1_ASM16041v1_genomic.gbff_pp7/PROKKA_05152020.IS.tmp.22489.blast
[18:25:37] There are still 71 unannotated CDS left (started with 71)
[18:25:37] Will use blast to search against /home/tsweet/anaconda3/db/kingdom/Bacteria/AMR with 8 CPUs
[18:25:37] Running: cat GCA_000160415\.1_ASM16041v1_genomic\.gbff_pp7\/PROKKA_05152020\.AMR\.tmp\.22489\.faa | parallel --gnu --plain -j 8 --block 1283 --recstart '>' --pipe blastp -query - -db /home/tsweet/anaconda3/db/kingdom/Bacteria/AMR -evalue 9.99999999999999e-301 -qcov_hsp_perc 90 -num_threads 1 -num_descriptions 1 -num_alignments 1 -seg no > GCA_000160415\.1_ASM16041v1_genomic\.gbff_pp7\/PROKKA_05152020\.AMR\.tmp\.22489\.blast 2> /dev/null
[18:25:38] Deleting unwanted file: GCA_000160415.1_ASM16041v1_genomic.gbff_pp7/PROKKA_05152020.AMR.tmp.22489.faa
[18:25:38] Deleting unwanted file: GCA_000160415.1_ASM16041v1_genomic.gbff_pp7/PROKKA_05152020.AMR.tmp.22489.blast
[18:25:38] There are still 71 unannotated CDS left (started with 71)
[18:25:38] Will use blast to search against /home/tsweet/anaconda3/db/kingdom/Bacteria/sprot with 8 CPUs
[18:25:38] Running: cat GCA_000160415\.1_ASM16041v1_genomic\.gbff_pp7\/PROKKA_05152020\.sprot\.tmp\.22489\.faa | parallel --gnu --plain -j 8 --block 1283 --recstart '>' --pipe blastp -query - -db /home/tsweet/anaconda3/db/kingdom/Bacteria/sprot -evalue 1e-09 -qcov_hsp_perc 80 -num_threads 1 -num_descriptions 1 -num_alignments 1 -seg no > GCA_000160415\.1_ASM16041v1_genomic\.gbff_pp7\/PROKKA_05152020\.sprot\.tmp\.22489\.blast 2> /dev/null
[18:25:39] Modify product: Nucleoid-associated protein SA0437 => Nucleoid-associated protein
[18:25:39] Modify product: Probable D-methionine-binding lipoprotein MetQ => putative D-methionine-binding lipoprotein MetQ
[18:25:39] Modify product: Uncharacterized lipoprotein SA0397 => putative lipoprotein
[18:25:39] Modify product: Uncharacterized protein SAOUHSC_02783 => putative protein
[18:25:39] Modify product: Uncharacterized lipoprotein SA0397 => putative lipoprotein
[18:25:39] Modify product: Uncharacterized lipoprotein SA0397 => putative lipoprotein
[18:25:39] Modify product: Uncharacterized lipoprotein SA0397 => putative lipoprotein
[18:25:39] Modify product: Uncharacterized lipoprotein SAOUHSC_00053 => putative lipoprotein
[18:25:39] Modify product: Uncharacterized lipoprotein SA0397 => putative lipoprotein
[18:25:39] Modify product: Uncharacterized protein SAOUHSC_02783 => putative protein
[18:25:39] Modify product: Uncharacterized protein SAOUHSC_02783 => putative protein
[18:25:39] Modify product: Uncharacterized lipoprotein SA0397 => putative lipoprotein
[18:25:39] Modify product: Uncharacterized lipoprotein SA0397 => putative lipoprotein
[18:25:39] Cleaned 13 /product names
[18:25:39] Deleting unwanted file: GCA_000160415.1_ASM16041v1_genomic.gbff_pp7/PROKKA_05152020.sprot.tmp.22489.faa
[18:25:39] Deleting unwanted file: GCA_000160415.1_ASM16041v1_genomic.gbff_pp7/PROKKA_05152020.sprot.tmp.22489.blast
[18:25:39] There are still 28 unannotated CDS left (started with 71)
[18:25:39] Will use hmmer3 to search against /home/tsweet/anaconda3/db/hmm/HAMAP.hmm with 8 CPUs
[18:25:39] Running: cat GCA_000160415\.1_ASM16041v1_genomic\.gbff_pp7\/PROKKA_05152020\.HAMAP\.hmm\.tmp\.22489\.faa | parallel --gnu --plain -j 8 --block 438 --recstart '>' --pipe hmmscan --noali --notextw --acc -E 1e-09 --cpu 1 /home/tsweet/anaconda3/db/hmm/HAMAP.hmm /dev/stdin > GCA_000160415\.1_ASM16041v1_genomic\.gbff_pp7\/PROKKA_05152020\.HAMAP\.hmm\.tmp\.22489\.hmmer3 2> /dev/null
[18:25:39] Deleting unwanted file: GCA_000160415.1_ASM16041v1_genomic.gbff_pp7/PROKKA_05152020.HAMAP.hmm.tmp.22489.faa
[18:25:39] Deleting unwanted file: GCA_000160415.1_ASM16041v1_genomic.gbff_pp7/PROKKA_05152020.HAMAP.hmm.tmp.22489.hmmer3
[18:25:39] Labelling remaining 25 proteins as 'hypothetical protein'
[18:25:39] Possible /pseudo 'putative lipoprotein' at gnl|X|GFNEAOIK_1 position 42883
[18:25:39] Possible /pseudo 'putative lipoprotein' at gnl|X|GFNEAOIK_1 position 43687
[18:25:39] Possible /pseudo 'putative protein' at gnl|X|GFNEAOIK_1 position 45524
[18:25:39] Possible /pseudo 'putative lipoprotein' at gnl|X|GFNEAOIK_1 position 47136
[18:25:39] Possible /pseudo 'putative lipoprotein' at gnl|X|GFNEAOIK_1 position 48811
[18:25:39] Possible /pseudo 'putative lipoprotein' at gnl|X|GFNEAOIK_1 position 49642
[18:25:39] Possible /pseudo 'Staphylococcal superantigen-like 7' at gnl|X|GFNEAOIK_1 position 58930
[18:25:39] Possible /pseudo 'Staphylococcal superantigen-like 7' at gnl|X|GFNEAOIK_1 position 59972
[18:25:39] Found 27 unique /gene codes.
[18:25:39] Fixed 2 duplicate /gene - ssl5_1 ssl5_2
[18:25:39] Fixed 3 duplicate /gene - ssl7_1 ssl7_2 ssl7_3
[18:25:39] Fixed 2 duplicate /gene - ssl1_1 ssl1_2
[18:25:39] Fixed 7 duplicate /gene - lpl2_1 lpl2_2 lpl2_3 lpl2_4 lpl2_5 lpl2_6 lpl2_7
[18:25:39] Fixed 3 duplicate /gene - ssl4_1 ssl4_2 ssl4_3
[18:25:39] Fixed 5 colliding /gene names.
[18:25:39] Adding /locus_tag identifiers
[18:25:39] Assigned 73 locus_tags to CDS and RNA features.
[18:25:39] Writing outputs to GCA_000160415.1_ASM16041v1_genomic.gbff_pp7/
[18:25:40] Generating annotation statistics file
[18:25:40] Generating Genbank and Sequin files
[18:25:40] Running: tbl2asn -V b -a r10k -l paired-ends -M n -N 1 -y 'Annotated using prokka 1.14.6 from https://github.com/tseemann/prokka' -Z GCA_000160415\.1_ASM16041v1_genomic\.gbff_pp7\/PROKKA_05152020\.err -i GCA_000160415\.1_ASM16041v1_genomic\.gbff_pp7\/PROKKA_05152020\.fsa 2> /dev/null
[18:25:40] Deleting unwanted file: GCA_000160415.1_ASM16041v1_genomic.gbff_pp7/errorsummary.val
[18:25:40] Deleting unwanted file: GCA_000160415.1_ASM16041v1_genomic.gbff_pp7/PROKKA_05152020.dr
[18:25:40] Deleting unwanted file: GCA_000160415.1_ASM16041v1_genomic.gbff_pp7/PROKKA_05152020.fixedproducts
[18:25:40] Deleting unwanted file: GCA_000160415.1_ASM16041v1_genomic.gbff_pp7/PROKKA_05152020.ecn
[18:25:40] Deleting unwanted file: GCA_000160415.1_ASM16041v1_genomic.gbff_pp7/PROKKA_05152020.val
[18:25:40] Repairing broken .GBK output that tbl2asn produces...
[18:25:40] Running: sed 's/COORDINATES: profile/COORDINATES:profile/' < GCA_000160415\.1_ASM16041v1_genomic\.gbff_pp7\/PROKKA_05152020\.gbf > GCA_000160415\.1_ASM16041v1_genomic\.gbff_pp7\/PROKKA_05152020\.gbk
[18:25:40] Deleting unwanted file: GCA_000160415.1_ASM16041v1_genomic.gbff_pp7/PROKKA_05152020.gbf
[18:25:40] Output files:
[18:25:40] GCA_000160415.1_ASM16041v1_genomic.gbff_pp7/PROKKA_05152020.err
[18:25:40] GCA_000160415.1_ASM16041v1_genomic.gbff_pp7/PROKKA_05152020.faa
[18:25:40] GCA_000160415.1_ASM16041v1_genomic.gbff_pp7/PROKKA_05152020.txt
[18:25:40] GCA_000160415.1_ASM16041v1_genomic.gbff_pp7/PROKKA_05152020.fna
[18:25:40] GCA_000160415.1_ASM16041v1_genomic.gbff_pp7/PROKKA_05152020.gbk
[18:25:40] GCA_000160415.1_ASM16041v1_genomic.gbff_pp7/PROKKA_05152020.log
[18:25:40] GCA_000160415.1_ASM16041v1_genomic.gbff_pp7/PROKKA_05152020.tsv
[18:25:40] GCA_000160415.1_ASM16041v1_genomic.gbff_pp7/PROKKA_05152020.tbl
[18:25:40] GCA_000160415.1_ASM16041v1_genomic.gbff_pp7/PROKKA_05152020.ffn
[18:25:40] GCA_000160415.1_ASM16041v1_genomic.gbff_pp7/PROKKA_05152020.sqn
[18:25:40] GCA_000160415.1_ASM16041v1_genomic.gbff_pp7/PROKKA_05152020.gff
[18:25:40] GCA_000160415.1_ASM16041v1_genomic.gbff_pp7/PROKKA_05152020.fsa
[18:25:40] Annotation finished successfully.
[18:25:40] Walltime used: 0.07 minutes
[18:25:40] If you use this result please cite the Prokka paper:
[18:25:40] Seemann T (2014) Prokka: rapid prokaryotic genome annotation. Bioinformatics. 30(14):2068-9.
[18:25:40] Type 'prokka --citation' for more details.
[18:25:40] Thank you, come again.
