Discrepancy Report Results

Summary
DISC_SOURCE_QUALS_ASNDISC:strain (all present, all unique)
DISC_SOURCE_QUALS_ASNDISC:taxname (all present, all unique)
DISC_FEATURE_COUNT:gene: 73 present
DISC_FEATURE_COUNT:CDS: 71 present
DISC_FEATURE_COUNT:tRNA: 1 present
DISC_FEATURE_COUNT:rRNA: 1 present
DISC_COUNT_NUCLEOTIDES:1 nucleotide Bioseqs are present
OVERLAPPING_GENES:13 genes overlap another gene on the same strand.
SUSPECT_PRODUCT_NAMES:12 product_names contain suspect phrase or characters
	FATAL: Remove organism from product name
		12 features contains 'staphylococcal'
DISC_QUALITY_SCORES:Quality scores are missing on all sequences.
FATAL: DISC_SUSPECT_RRNA_PRODUCTS:1 rRNA product names contain suspect phrase
ONCALLER_COMMENT_PRESENT:1 comment descriptors were found (all same)
SHORT_PROT_SEQUENCES:2 protein sequences are shorter than 50 aa.
MISSING_GENOMEASSEMBLY_COMMENTS:1 bioseqs are missing GenomeAssembly structured comments
MOLTYPE_NOT_MRNA:1 molecule types are not set as mRNA.
TECHNIQUE_NOT_TSA:1 technique are not set as TSA
MISSING_STRUCTURED_COMMENT:1 sequences do not include structured comments.
MISSING_PROJECT:72 sequences do not include project.
FATAL: RRNA_NAME_CONFLICTS:1 rRNA product names are not standard. Correct the names to the standard format, eg "16S ribosomal RNA"
DISC_INCONSISTENT_MOLINFO_TECH:Molinfo Technique Report (some missing, all same)


Detailed Report

DiscRep_ALL:DISC_SOURCE_QUALS_ASNDISC::strain (all present, all unique)
DiscRep_SUB:DISC_SOURCE_QUALS_ASNDISC::1 sources have unique values for strain
DiscRep_ALL:DISC_SOURCE_QUALS_ASNDISC::taxname (all present, all unique)
DiscRep_SUB:DISC_SOURCE_QUALS_ASNDISC::1 sources have unique values for taxname
DiscRep_ALL:DISC_FEATURE_COUNT::gene: 73 present
DiscRep_ALL:DISC_FEATURE_COUNT::CDS: 71 present
DiscRep_ALL:DISC_FEATURE_COUNT::tRNA: 1 present
DiscRep_ALL:DISC_FEATURE_COUNT::rRNA: 1 present
DiscRep_ALL:DISC_COUNT_NUCLEOTIDES::1 nucleotide Bioseqs are present
GCA_000160415.1_ASM16041v1_genomic.gbff_pp7/PROKKA_05152020:X:GFNEAOIK_1 (length 76188)

DiscRep_ALL:OVERLAPPING_GENES::13 genes overlap another gene on the same strand.
GCA_000160415.1_ASM16041v1_genomic.gbff_pp7/PROKKA_05152020:Gene	GFNEAOIK_00013	GFNEAOIK_1:17824-18936	GFNEAOIK_00013
GCA_000160415.1_ASM16041v1_genomic.gbff_pp7/PROKKA_05152020:Gene	GFNEAOIK_00014	GFNEAOIK_1:18933-19715	GFNEAOIK_00014
GCA_000160415.1_ASM16041v1_genomic.gbff_pp7/PROKKA_05152020:Gene	GFNEAOIK_00015	GFNEAOIK_1:c20381-19884	GFNEAOIK_00015
GCA_000160415.1_ASM16041v1_genomic.gbff_pp7/PROKKA_05152020:Gene	GFNEAOIK_00016	GFNEAOIK_1:c20754-20359	GFNEAOIK_00016
GCA_000160415.1_ASM16041v1_genomic.gbff_pp7/PROKKA_05152020:Gene	mccB	GFNEAOIK_1:c26696-25554	GFNEAOIK_00022
GCA_000160415.1_ASM16041v1_genomic.gbff_pp7/PROKKA_05152020:Gene	mccA	GFNEAOIK_1:c27645-26680	GFNEAOIK_00023
GCA_000160415.1_ASM16041v1_genomic.gbff_pp7/PROKKA_05152020:Gene	GFNEAOIK_00035	GFNEAOIK_1:c40573-40250	GFNEAOIK_00035
GCA_000160415.1_ASM16041v1_genomic.gbff_pp7/PROKKA_05152020:Gene	GFNEAOIK_00036	GFNEAOIK_1:c41898-40570	GFNEAOIK_00036
GCA_000160415.1_ASM16041v1_genomic.gbff_pp7/PROKKA_05152020:Gene	lpl2_1	GFNEAOIK_1:c42748-41888	GFNEAOIK_00037
GCA_000160415.1_ASM16041v1_genomic.gbff_pp7/PROKKA_05152020:Gene	GFNEAOIK_00052	GFNEAOIK_1:c54990-53779	GFNEAOIK_00052
GCA_000160415.1_ASM16041v1_genomic.gbff_pp7/PROKKA_05152020:Gene	hsdM	GFNEAOIK_1:c56539-54983	GFNEAOIK_00053
GCA_000160415.1_ASM16041v1_genomic.gbff_pp7/PROKKA_05152020:Gene	GFNEAOIK_00066	GFNEAOIK_1:69817-69969	GFNEAOIK_00066
GCA_000160415.1_ASM16041v1_genomic.gbff_pp7/PROKKA_05152020:Gene	GFNEAOIK_00067	GFNEAOIK_1:69950-70189	GFNEAOIK_00067

DiscRep_ALL:SUSPECT_PRODUCT_NAMES::12 product_names contain suspect phrase or characters
FATAL: DiscRep_SUB:SUSPECT_PRODUCT_NAMES::Remove organism from product name
DiscRep_SUB:DISC_PRODUCT_NAME_QUICKFIX::12 features contains 'staphylococcal'
GCA_000160415.1_ASM16041v1_genomic.gbff_pp7/PROKKA_05152020:CDS	Staphylococcal superantigen-like 5	GFNEAOIK_1:c52834-52724	GFNEAOIK_00050
GCA_000160415.1_ASM16041v1_genomic.gbff_pp7/PROKKA_05152020:CDS	Staphylococcal superantigen-like 1	GFNEAOIK_1:c53396-53052	GFNEAOIK_00051
GCA_000160415.1_ASM16041v1_genomic.gbff_pp7/PROKKA_05152020:CDS	Staphylococcal superantigen-like 10	GFNEAOIK_1:c57486-56803	GFNEAOIK_00054
GCA_000160415.1_ASM16041v1_genomic.gbff_pp7/PROKKA_05152020:CDS	Staphylococcal superantigen-like 7	GFNEAOIK_1:c58550-57852	GFNEAOIK_00055
GCA_000160415.1_ASM16041v1_genomic.gbff_pp7/PROKKA_05152020:CDS	Staphylococcal superantigen-like 7	GFNEAOIK_1:c59628-58930	GFNEAOIK_00056
GCA_000160415.1_ASM16041v1_genomic.gbff_pp7/PROKKA_05152020:CDS	Staphylococcal superantigen-like 7	GFNEAOIK_1:c60667-59972	GFNEAOIK_00057
GCA_000160415.1_ASM16041v1_genomic.gbff_pp7/PROKKA_05152020:CDS	Staphylococcal superantigen-like 4	GFNEAOIK_1:c61783-61088	GFNEAOIK_00058
GCA_000160415.1_ASM16041v1_genomic.gbff_pp7/PROKKA_05152020:CDS	Staphylococcal superantigen-like 5	GFNEAOIK_1:c62933-62229	GFNEAOIK_00059
GCA_000160415.1_ASM16041v1_genomic.gbff_pp7/PROKKA_05152020:CDS	Staphylococcal superantigen-like 4	GFNEAOIK_1:c64223-63297	GFNEAOIK_00060
GCA_000160415.1_ASM16041v1_genomic.gbff_pp7/PROKKA_05152020:CDS	Staphylococcal superantigen-like 3	GFNEAOIK_1:c65646-64588	GFNEAOIK_00061
GCA_000160415.1_ASM16041v1_genomic.gbff_pp7/PROKKA_05152020:CDS	Staphylococcal superantigen-like 4	GFNEAOIK_1:c66632-65937	GFNEAOIK_00062
GCA_000160415.1_ASM16041v1_genomic.gbff_pp7/PROKKA_05152020:CDS	Staphylococcal superantigen-like 1	GFNEAOIK_1:c67598-66918	GFNEAOIK_00063

DiscRep_ALL:DISC_QUALITY_SCORES::Quality scores are missing on all sequences.

FATAL: DiscRep_ALL:DISC_SUSPECT_RRNA_PRODUCTS::1 rRNA product names contain suspect phrase
FATAL: DiscRep_SUB:DISC_SUSPECT_RRNA_PRODUCTS::1 rRNA product names contains 'partial'
GCA_000160415.1_ASM16041v1_genomic.gbff_pp7/PROKKA_05152020:rRNA	16S ribosomal RNA (partial)	GFNEAOIK_1:c1144-4	GFNEAOIK_00001

DiscRep_ALL:ONCALLER_COMMENT_PRESENT::1 comment descriptors were found (all same)
GCA_000160415.1_ASM16041v1_genomic.gbff_pp7/PROKKA_05152020:X:GFNEAOIK_1:Annotated using prokka 1.14.6 from https://github.com/tseemann/prokka

DiscRep_ALL:SHORT_PROT_SEQUENCES::2 protein sequences are shorter than 50 aa.
GCA_000160415.1_ASM16041v1_genomic.gbff_pp7/PROKKA_05152020:X:GFNEAOIK_00025 (length 37)
GCA_000160415.1_ASM16041v1_genomic.gbff_pp7/PROKKA_05152020:X:GFNEAOIK_00050 (length 36)

DiscRep_ALL:MISSING_GENOMEASSEMBLY_COMMENTS::1 bioseqs are missing GenomeAssembly structured comments
GCA_000160415.1_ASM16041v1_genomic.gbff_pp7/PROKKA_05152020:X:GFNEAOIK_1 (length 76188)

DiscRep_ALL:MOLTYPE_NOT_MRNA::1 molecule types are not set as mRNA.
GCA_000160415.1_ASM16041v1_genomic.gbff_pp7/PROKKA_05152020:X:GFNEAOIK_1 (length 76188)

DiscRep_ALL:TECHNIQUE_NOT_TSA::1 technique are not set as TSA
GCA_000160415.1_ASM16041v1_genomic.gbff_pp7/PROKKA_05152020:X:GFNEAOIK_1 (length 76188)

DiscRep_ALL:MISSING_STRUCTURED_COMMENT::1 sequences do not include structured comments.
GCA_000160415.1_ASM16041v1_genomic.gbff_pp7/PROKKA_05152020:X:GFNEAOIK_1 (length 76188)

DiscRep_ALL:MISSING_PROJECT::72 sequences do not include project.
GCA_000160415.1_ASM16041v1_genomic.gbff_pp7/PROKKA_05152020:X:GFNEAOIK_1 (length 76188)
GCA_000160415.1_ASM16041v1_genomic.gbff_pp7/PROKKA_05152020:X:GFNEAOIK_00002 (length 198)
GCA_000160415.1_ASM16041v1_genomic.gbff_pp7/PROKKA_05152020:X:GFNEAOIK_00003 (length 105)
GCA_000160415.1_ASM16041v1_genomic.gbff_pp7/PROKKA_05152020:X:GFNEAOIK_00004 (length 565)
GCA_000160415.1_ASM16041v1_genomic.gbff_pp7/PROKKA_05152020:X:GFNEAOIK_00005 (length 174)
GCA_000160415.1_ASM16041v1_genomic.gbff_pp7/PROKKA_05152020:X:GFNEAOIK_00006 (length 242)
GCA_000160415.1_ASM16041v1_genomic.gbff_pp7/PROKKA_05152020:X:GFNEAOIK_00007 (length 546)
GCA_000160415.1_ASM16041v1_genomic.gbff_pp7/PROKKA_05152020:X:GFNEAOIK_00008 (length 475)
GCA_000160415.1_ASM16041v1_genomic.gbff_pp7/PROKKA_05152020:X:GFNEAOIK_00010 (length 487)
GCA_000160415.1_ASM16041v1_genomic.gbff_pp7/PROKKA_05152020:X:GFNEAOIK_00011 (length 1500)
GCA_000160415.1_ASM16041v1_genomic.gbff_pp7/PROKKA_05152020:X:GFNEAOIK_00012 (length 294)
GCA_000160415.1_ASM16041v1_genomic.gbff_pp7/PROKKA_05152020:X:GFNEAOIK_00013 (length 370)
GCA_000160415.1_ASM16041v1_genomic.gbff_pp7/PROKKA_05152020:X:GFNEAOIK_00014 (length 260)
GCA_000160415.1_ASM16041v1_genomic.gbff_pp7/PROKKA_05152020:X:GFNEAOIK_00015 (length 165)
GCA_000160415.1_ASM16041v1_genomic.gbff_pp7/PROKKA_05152020:X:GFNEAOIK_00016 (length 131)
GCA_000160415.1_ASM16041v1_genomic.gbff_pp7/PROKKA_05152020:X:GFNEAOIK_00017 (length 89)
GCA_000160415.1_ASM16041v1_genomic.gbff_pp7/PROKKA_05152020:X:GFNEAOIK_00018 (length 334)
GCA_000160415.1_ASM16041v1_genomic.gbff_pp7/PROKKA_05152020:X:GFNEAOIK_00019 (length 280)
GCA_000160415.1_ASM16041v1_genomic.gbff_pp7/PROKKA_05152020:X:GFNEAOIK_00020 (length 219)
GCA_000160415.1_ASM16041v1_genomic.gbff_pp7/PROKKA_05152020:X:GFNEAOIK_00021 (length 342)
GCA_000160415.1_ASM16041v1_genomic.gbff_pp7/PROKKA_05152020:X:GFNEAOIK_00022 (length 380)
GCA_000160415.1_ASM16041v1_genomic.gbff_pp7/PROKKA_05152020:X:GFNEAOIK_00023 (length 321)
GCA_000160415.1_ASM16041v1_genomic.gbff_pp7/PROKKA_05152020:X:GFNEAOIK_00024 (length 446)
GCA_000160415.1_ASM16041v1_genomic.gbff_pp7/PROKKA_05152020:X:GFNEAOIK_00025 (length 37)
GCA_000160415.1_ASM16041v1_genomic.gbff_pp7/PROKKA_05152020:X:GFNEAOIK_00026 (length 244)
GCA_000160415.1_ASM16041v1_genomic.gbff_pp7/PROKKA_05152020:X:GFNEAOIK_00027 (length 224)
GCA_000160415.1_ASM16041v1_genomic.gbff_pp7/PROKKA_05152020:X:GFNEAOIK_00028 (length 138)
GCA_000160415.1_ASM16041v1_genomic.gbff_pp7/PROKKA_05152020:X:GFNEAOIK_00029 (length 120)
GCA_000160415.1_ASM16041v1_genomic.gbff_pp7/PROKKA_05152020:X:GFNEAOIK_00030 (length 901)
GCA_000160415.1_ASM16041v1_genomic.gbff_pp7/PROKKA_05152020:X:GFNEAOIK_00031 (length 494)
GCA_000160415.1_ASM16041v1_genomic.gbff_pp7/PROKKA_05152020:X:GFNEAOIK_00032 (length 400)
GCA_000160415.1_ASM16041v1_genomic.gbff_pp7/PROKKA_05152020:X:GFNEAOIK_00033 (length 64)
GCA_000160415.1_ASM16041v1_genomic.gbff_pp7/PROKKA_05152020:X:GFNEAOIK_00034 (length 104)
GCA_000160415.1_ASM16041v1_genomic.gbff_pp7/PROKKA_05152020:X:GFNEAOIK_00035 (length 107)
GCA_000160415.1_ASM16041v1_genomic.gbff_pp7/PROKKA_05152020:X:GFNEAOIK_00036 (length 442)
GCA_000160415.1_ASM16041v1_genomic.gbff_pp7/PROKKA_05152020:X:GFNEAOIK_00037 (length 286)
GCA_000160415.1_ASM16041v1_genomic.gbff_pp7/PROKKA_05152020:X:GFNEAOIK_00038 (length 261)
GCA_000160415.1_ASM16041v1_genomic.gbff_pp7/PROKKA_05152020:X:GFNEAOIK_00039 (length 271)
GCA_000160415.1_ASM16041v1_genomic.gbff_pp7/PROKKA_05152020:X:GFNEAOIK_00040 (length 258)
GCA_000160415.1_ASM16041v1_genomic.gbff_pp7/PROKKA_05152020:X:GFNEAOIK_00041 (length 263)
GCA_000160415.1_ASM16041v1_genomic.gbff_pp7/PROKKA_05152020:X:GFNEAOIK_00042 (length 256)
GCA_000160415.1_ASM16041v1_genomic.gbff_pp7/PROKKA_05152020:X:GFNEAOIK_00043 (length 267)
GCA_000160415.1_ASM16041v1_genomic.gbff_pp7/PROKKA_05152020:X:GFNEAOIK_00044 (length 72)
GCA_000160415.1_ASM16041v1_genomic.gbff_pp7/PROKKA_05152020:X:GFNEAOIK_00045 (length 157)
GCA_000160415.1_ASM16041v1_genomic.gbff_pp7/PROKKA_05152020:X:GFNEAOIK_00046 (length 266)
GCA_000160415.1_ASM16041v1_genomic.gbff_pp7/PROKKA_05152020:X:GFNEAOIK_00047 (length 267)
GCA_000160415.1_ASM16041v1_genomic.gbff_pp7/PROKKA_05152020:X:GFNEAOIK_00048 (length 102)
GCA_000160415.1_ASM16041v1_genomic.gbff_pp7/PROKKA_05152020:X:GFNEAOIK_00049 (length 502)
GCA_000160415.1_ASM16041v1_genomic.gbff_pp7/PROKKA_05152020:X:GFNEAOIK_00050 (length 36)
GCA_000160415.1_ASM16041v1_genomic.gbff_pp7/PROKKA_05152020:X:GFNEAOIK_00051 (length 114)
GCA_000160415.1_ASM16041v1_genomic.gbff_pp7/PROKKA_05152020:X:GFNEAOIK_00052 (length 403)
GCA_000160415.1_ASM16041v1_genomic.gbff_pp7/PROKKA_05152020:X:GFNEAOIK_00053 (length 518)
GCA_000160415.1_ASM16041v1_genomic.gbff_pp7/PROKKA_05152020:X:GFNEAOIK_00054 (length 227)
GCA_000160415.1_ASM16041v1_genomic.gbff_pp7/PROKKA_05152020:X:GFNEAOIK_00055 (length 232)
GCA_000160415.1_ASM16041v1_genomic.gbff_pp7/PROKKA_05152020:X:GFNEAOIK_00056 (length 232)
GCA_000160415.1_ASM16041v1_genomic.gbff_pp7/PROKKA_05152020:X:GFNEAOIK_00057 (length 231)
GCA_000160415.1_ASM16041v1_genomic.gbff_pp7/PROKKA_05152020:X:GFNEAOIK_00058 (length 231)
GCA_000160415.1_ASM16041v1_genomic.gbff_pp7/PROKKA_05152020:X:GFNEAOIK_00059 (length 234)
GCA_000160415.1_ASM16041v1_genomic.gbff_pp7/PROKKA_05152020:X:GFNEAOIK_00060 (length 308)
GCA_000160415.1_ASM16041v1_genomic.gbff_pp7/PROKKA_05152020:X:GFNEAOIK_00061 (length 352)
GCA_000160415.1_ASM16041v1_genomic.gbff_pp7/PROKKA_05152020:X:GFNEAOIK_00062 (length 231)
GCA_000160415.1_ASM16041v1_genomic.gbff_pp7/PROKKA_05152020:X:GFNEAOIK_00063 (length 226)
GCA_000160415.1_ASM16041v1_genomic.gbff_pp7/PROKKA_05152020:X:GFNEAOIK_00064 (length 281)
GCA_000160415.1_ASM16041v1_genomic.gbff_pp7/PROKKA_05152020:X:GFNEAOIK_00065 (length 119)
GCA_000160415.1_ASM16041v1_genomic.gbff_pp7/PROKKA_05152020:X:GFNEAOIK_00066 (length 50)
GCA_000160415.1_ASM16041v1_genomic.gbff_pp7/PROKKA_05152020:X:GFNEAOIK_00067 (length 79)
GCA_000160415.1_ASM16041v1_genomic.gbff_pp7/PROKKA_05152020:X:GFNEAOIK_00068 (length 90)
GCA_000160415.1_ASM16041v1_genomic.gbff_pp7/PROKKA_05152020:X:GFNEAOIK_00069 (length 234)
GCA_000160415.1_ASM16041v1_genomic.gbff_pp7/PROKKA_05152020:X:GFNEAOIK_00070 (length 178)
GCA_000160415.1_ASM16041v1_genomic.gbff_pp7/PROKKA_05152020:X:GFNEAOIK_00071 (length 513)
GCA_000160415.1_ASM16041v1_genomic.gbff_pp7/PROKKA_05152020:X:GFNEAOIK_00072 (length 488)
GCA_000160415.1_ASM16041v1_genomic.gbff_pp7/PROKKA_05152020:X:GFNEAOIK_00073 (length 152)

FATAL: DiscRep_ALL:RRNA_NAME_CONFLICTS::1 rRNA product names are not standard. Correct the names to the standard format, eg "16S ribosomal RNA"
GCA_000160415.1_ASM16041v1_genomic.gbff_pp7/PROKKA_05152020:rRNA	16S ribosomal RNA (partial)	GFNEAOIK_1:c1144-4	GFNEAOIK_00001

DiscRep_ALL:DISC_INCONSISTENT_MOLINFO_TECH::Molinfo Technique Report (some missing, all same)
DiscRep_SUB:DISC_INCONSISTENT_MOLINFO_TECH::technique (all missing)
DiscRep_SUB:DISC_INCONSISTENT_MOLINFO_TECH::1 Molinfos are missing field technique
GCA_000160415.1_ASM16041v1_genomic.gbff_pp7/PROKKA_05152020:X:GFNEAOIK_1 (length 76188)

