Discrepancy Report Results

Summary
DISC_SOURCE_QUALS_ASNDISC:strain (all present, all unique)
DISC_SOURCE_QUALS_ASNDISC:taxname (all present, all unique)
DISC_FEATURE_COUNT:gene: 45 present
DISC_FEATURE_COUNT:CDS: 43 present
DISC_FEATURE_COUNT:tRNA: 1 present
DISC_FEATURE_COUNT:tmRNA: 1 present
DISC_COUNT_NUCLEOTIDES:1 nucleotide Bioseqs are present
OVERLAPPING_GENES:6 genes overlap another gene on the same strand.
SUSPECT_PRODUCT_NAMES:1 product_names contain suspect phrase or characters
	use protein instead of gene as appropriate
		1 features contains 'genes'
DISC_QUALITY_SCORES:Quality scores are missing on all sequences.
ONCALLER_COMMENT_PRESENT:1 comment descriptors were found (all same)
MISSING_GENOMEASSEMBLY_COMMENTS:1 bioseqs are missing GenomeAssembly structured comments
MOLTYPE_NOT_MRNA:1 molecule types are not set as mRNA.
TECHNIQUE_NOT_TSA:1 technique are not set as TSA
MISSING_STRUCTURED_COMMENT:1 sequences do not include structured comments.
MISSING_PROJECT:44 sequences do not include project.
DISC_INCONSISTENT_MOLINFO_TECH:Molinfo Technique Report (some missing, all same)


Detailed Report

DiscRep_ALL:DISC_SOURCE_QUALS_ASNDISC::strain (all present, all unique)
DiscRep_SUB:DISC_SOURCE_QUALS_ASNDISC::1 sources have unique values for strain
DiscRep_ALL:DISC_SOURCE_QUALS_ASNDISC::taxname (all present, all unique)
DiscRep_SUB:DISC_SOURCE_QUALS_ASNDISC::1 sources have unique values for taxname
DiscRep_ALL:DISC_FEATURE_COUNT::gene: 45 present
DiscRep_ALL:DISC_FEATURE_COUNT::CDS: 43 present
DiscRep_ALL:DISC_FEATURE_COUNT::tRNA: 1 present
DiscRep_ALL:DISC_FEATURE_COUNT::tmRNA: 1 present
DiscRep_ALL:DISC_COUNT_NUCLEOTIDES::1 nucleotide Bioseqs are present
GCA_000009005.1_ASM900v1_genomic.gbff_pp12/PROKKA_05152020:X:KCOELLMG_1 (length 54489)

DiscRep_ALL:OVERLAPPING_GENES::6 genes overlap another gene on the same strand.
GCA_000009005.1_ASM900v1_genomic.gbff_pp12/PROKKA_05152020:Gene	KCOELLMG_00028	KCOELLMG_1:c32571-31576	KCOELLMG_00028
GCA_000009005.1_ASM900v1_genomic.gbff_pp12/PROKKA_05152020:Gene	KCOELLMG_00029	KCOELLMG_1:c33479-32568	KCOELLMG_00029
GCA_000009005.1_ASM900v1_genomic.gbff_pp12/PROKKA_05152020:Gene	KCOELLMG_00037	KCOELLMG_1:c44743-44507	KCOELLMG_00037
GCA_000009005.1_ASM900v1_genomic.gbff_pp12/PROKKA_05152020:Gene	yfbR	KCOELLMG_1:c45408-44740	KCOELLMG_00038
GCA_000009005.1_ASM900v1_genomic.gbff_pp12/PROKKA_05152020:Gene	KCOELLMG_00043	KCOELLMG_1:c52489-51815	KCOELLMG_00043
GCA_000009005.1_ASM900v1_genomic.gbff_pp12/PROKKA_05152020:Gene	comFA	KCOELLMG_1:c53564-52482	KCOELLMG_00044

DiscRep_ALL:SUSPECT_PRODUCT_NAMES::1 product_names contain suspect phrase or characters
DiscRep_SUB:SUSPECT_PRODUCT_NAMES::use protein instead of gene as appropriate
DiscRep_SUB:SUSPECT_PRODUCT_NAMES::1 features contains 'genes'
GCA_000009005.1_ASM900v1_genomic.gbff_pp12/PROKKA_05152020:CDS	Central glycolytic genes regulator	KCOELLMG_1:c24413-23400	KCOELLMG_00021

DiscRep_ALL:DISC_QUALITY_SCORES::Quality scores are missing on all sequences.

DiscRep_ALL:ONCALLER_COMMENT_PRESENT::1 comment descriptors were found (all same)
GCA_000009005.1_ASM900v1_genomic.gbff_pp12/PROKKA_05152020:X:KCOELLMG_1:Annotated using prokka 1.14.6 from https://github.com/tseemann/prokka

DiscRep_ALL:MISSING_GENOMEASSEMBLY_COMMENTS::1 bioseqs are missing GenomeAssembly structured comments
GCA_000009005.1_ASM900v1_genomic.gbff_pp12/PROKKA_05152020:X:KCOELLMG_1 (length 54489)

DiscRep_ALL:MOLTYPE_NOT_MRNA::1 molecule types are not set as mRNA.
GCA_000009005.1_ASM900v1_genomic.gbff_pp12/PROKKA_05152020:X:KCOELLMG_1 (length 54489)

DiscRep_ALL:TECHNIQUE_NOT_TSA::1 technique are not set as TSA
GCA_000009005.1_ASM900v1_genomic.gbff_pp12/PROKKA_05152020:X:KCOELLMG_1 (length 54489)

DiscRep_ALL:MISSING_STRUCTURED_COMMENT::1 sequences do not include structured comments.
GCA_000009005.1_ASM900v1_genomic.gbff_pp12/PROKKA_05152020:X:KCOELLMG_1 (length 54489)

DiscRep_ALL:MISSING_PROJECT::44 sequences do not include project.
GCA_000009005.1_ASM900v1_genomic.gbff_pp12/PROKKA_05152020:X:KCOELLMG_1 (length 54489)
GCA_000009005.1_ASM900v1_genomic.gbff_pp12/PROKKA_05152020:X:KCOELLMG_00001 (length 66)
GCA_000009005.1_ASM900v1_genomic.gbff_pp12/PROKKA_05152020:X:KCOELLMG_00002 (length 228)
GCA_000009005.1_ASM900v1_genomic.gbff_pp12/PROKKA_05152020:X:KCOELLMG_00003 (length 173)
GCA_000009005.1_ASM900v1_genomic.gbff_pp12/PROKKA_05152020:X:KCOELLMG_00004 (length 340)
GCA_000009005.1_ASM900v1_genomic.gbff_pp12/PROKKA_05152020:X:KCOELLMG_00005 (length 502)
GCA_000009005.1_ASM900v1_genomic.gbff_pp12/PROKKA_05152020:X:KCOELLMG_00006 (length 883)
GCA_000009005.1_ASM900v1_genomic.gbff_pp12/PROKKA_05152020:X:KCOELLMG_00007 (length 176)
GCA_000009005.1_ASM900v1_genomic.gbff_pp12/PROKKA_05152020:X:KCOELLMG_00008 (length 173)
GCA_000009005.1_ASM900v1_genomic.gbff_pp12/PROKKA_05152020:X:KCOELLMG_00009 (length 242)
GCA_000009005.1_ASM900v1_genomic.gbff_pp12/PROKKA_05152020:X:KCOELLMG_00011 (length 154)
GCA_000009005.1_ASM900v1_genomic.gbff_pp12/PROKKA_05152020:X:KCOELLMG_00012 (length 790)
GCA_000009005.1_ASM900v1_genomic.gbff_pp12/PROKKA_05152020:X:KCOELLMG_00013 (length 246)
GCA_000009005.1_ASM900v1_genomic.gbff_pp12/PROKKA_05152020:X:KCOELLMG_00014 (length 77)
GCA_000009005.1_ASM900v1_genomic.gbff_pp12/PROKKA_05152020:X:KCOELLMG_00015 (length 152)
GCA_000009005.1_ASM900v1_genomic.gbff_pp12/PROKKA_05152020:X:KCOELLMG_00016 (length 434)
GCA_000009005.1_ASM900v1_genomic.gbff_pp12/PROKKA_05152020:X:KCOELLMG_00017 (length 505)
GCA_000009005.1_ASM900v1_genomic.gbff_pp12/PROKKA_05152020:X:KCOELLMG_00018 (length 253)
GCA_000009005.1_ASM900v1_genomic.gbff_pp12/PROKKA_05152020:X:KCOELLMG_00019 (length 396)
GCA_000009005.1_ASM900v1_genomic.gbff_pp12/PROKKA_05152020:X:KCOELLMG_00020 (length 336)
GCA_000009005.1_ASM900v1_genomic.gbff_pp12/PROKKA_05152020:X:KCOELLMG_00021 (length 337)
GCA_000009005.1_ASM900v1_genomic.gbff_pp12/PROKKA_05152020:X:KCOELLMG_00022 (length 209)
GCA_000009005.1_ASM900v1_genomic.gbff_pp12/PROKKA_05152020:X:KCOELLMG_00023 (length 300)
GCA_000009005.1_ASM900v1_genomic.gbff_pp12/PROKKA_05152020:X:KCOELLMG_00024 (length 544)
GCA_000009005.1_ASM900v1_genomic.gbff_pp12/PROKKA_05152020:X:KCOELLMG_00025 (length 195)
GCA_000009005.1_ASM900v1_genomic.gbff_pp12/PROKKA_05152020:X:KCOELLMG_00027 (length 314)
GCA_000009005.1_ASM900v1_genomic.gbff_pp12/PROKKA_05152020:X:KCOELLMG_00028 (length 331)
GCA_000009005.1_ASM900v1_genomic.gbff_pp12/PROKKA_05152020:X:KCOELLMG_00029 (length 303)
GCA_000009005.1_ASM900v1_genomic.gbff_pp12/PROKKA_05152020:X:KCOELLMG_00030 (length 311)
GCA_000009005.1_ASM900v1_genomic.gbff_pp12/PROKKA_05152020:X:KCOELLMG_00031 (length 479)
GCA_000009005.1_ASM900v1_genomic.gbff_pp12/PROKKA_05152020:X:KCOELLMG_00032 (length 161)
GCA_000009005.1_ASM900v1_genomic.gbff_pp12/PROKKA_05152020:X:KCOELLMG_00033 (length 279)
GCA_000009005.1_ASM900v1_genomic.gbff_pp12/PROKKA_05152020:X:KCOELLMG_00034 (length 310)
GCA_000009005.1_ASM900v1_genomic.gbff_pp12/PROKKA_05152020:X:KCOELLMG_00035 (length 948)
GCA_000009005.1_ASM900v1_genomic.gbff_pp12/PROKKA_05152020:X:KCOELLMG_00036 (length 661)
GCA_000009005.1_ASM900v1_genomic.gbff_pp12/PROKKA_05152020:X:KCOELLMG_00037 (length 78)
GCA_000009005.1_ASM900v1_genomic.gbff_pp12/PROKKA_05152020:X:KCOELLMG_00038 (length 222)
GCA_000009005.1_ASM900v1_genomic.gbff_pp12/PROKKA_05152020:X:KCOELLMG_00039 (length 279)
GCA_000009005.1_ASM900v1_genomic.gbff_pp12/PROKKA_05152020:X:KCOELLMG_00040 (length 331)
GCA_000009005.1_ASM900v1_genomic.gbff_pp12/PROKKA_05152020:X:KCOELLMG_00041 (length 843)
GCA_000009005.1_ASM900v1_genomic.gbff_pp12/PROKKA_05152020:X:KCOELLMG_00042 (length 190)
GCA_000009005.1_ASM900v1_genomic.gbff_pp12/PROKKA_05152020:X:KCOELLMG_00043 (length 224)
GCA_000009005.1_ASM900v1_genomic.gbff_pp12/PROKKA_05152020:X:KCOELLMG_00044 (length 360)
GCA_000009005.1_ASM900v1_genomic.gbff_pp12/PROKKA_05152020:X:KCOELLMG_00045 (length 182)

DiscRep_ALL:DISC_INCONSISTENT_MOLINFO_TECH::Molinfo Technique Report (some missing, all same)
DiscRep_SUB:DISC_INCONSISTENT_MOLINFO_TECH::technique (all missing)
DiscRep_SUB:DISC_INCONSISTENT_MOLINFO_TECH::1 Molinfos are missing field technique
GCA_000009005.1_ASM900v1_genomic.gbff_pp12/PROKKA_05152020:X:KCOELLMG_1 (length 54489)

