Discrepancy Report Results

Summary
DISC_SOURCE_QUALS_ASNDISC:strain (all present, all unique)
DISC_SOURCE_QUALS_ASNDISC:taxname (all present, all unique)
DISC_FEATURE_COUNT:gene: 16 present
DISC_FEATURE_COUNT:CDS: 16 present
DISC_COUNT_NUCLEOTIDES:1 nucleotide Bioseqs are present
SUSPECT_PRODUCT_NAMES:1 product_names contain suspect phrase or characters
	FATAL: Remove organism from product name
		1 features contains 'staphylococcal'
DISC_QUALITY_SCORES:Quality scores are missing on all sequences.
ONCALLER_COMMENT_PRESENT:1 comment descriptors were found (all same)
MISSING_GENOMEASSEMBLY_COMMENTS:1 bioseqs are missing GenomeAssembly structured comments
MOLTYPE_NOT_MRNA:1 molecule types are not set as mRNA.
TECHNIQUE_NOT_TSA:1 technique are not set as TSA
MISSING_STRUCTURED_COMMENT:1 sequences do not include structured comments.
MISSING_PROJECT:17 sequences do not include project.
DISC_INCONSISTENT_MOLINFO_TECH:Molinfo Technique Report (some missing, all same)


Detailed Report

DiscRep_ALL:DISC_SOURCE_QUALS_ASNDISC::strain (all present, all unique)
DiscRep_SUB:DISC_SOURCE_QUALS_ASNDISC::1 sources have unique values for strain
DiscRep_ALL:DISC_SOURCE_QUALS_ASNDISC::taxname (all present, all unique)
DiscRep_SUB:DISC_SOURCE_QUALS_ASNDISC::1 sources have unique values for taxname
DiscRep_ALL:DISC_FEATURE_COUNT::gene: 16 present
DiscRep_ALL:DISC_FEATURE_COUNT::CDS: 16 present
DiscRep_ALL:DISC_COUNT_NUCLEOTIDES::1 nucleotide Bioseqs are present
GCA_000174515.1_ASM17451v1_genomic.gbff_pp22/PROKKA_05152020:X:GHDFECEE_1 (length 13529)

DiscRep_ALL:SUSPECT_PRODUCT_NAMES::1 product_names contain suspect phrase or characters
FATAL: DiscRep_SUB:SUSPECT_PRODUCT_NAMES::Remove organism from product name
DiscRep_SUB:DISC_PRODUCT_NAME_QUICKFIX::1 features contains 'staphylococcal'
GCA_000174515.1_ASM17451v1_genomic.gbff_pp22/PROKKA_05152020:CDS	Staphylococcal complement inhibitor	GHDFECEE_1:c12900-12550	GHDFECEE_00015

DiscRep_ALL:DISC_QUALITY_SCORES::Quality scores are missing on all sequences.

DiscRep_ALL:ONCALLER_COMMENT_PRESENT::1 comment descriptors were found (all same)
GCA_000174515.1_ASM17451v1_genomic.gbff_pp22/PROKKA_05152020:X:GHDFECEE_1:Annotated using prokka 1.14.6 from https://github.com/tseemann/prokka

DiscRep_ALL:MISSING_GENOMEASSEMBLY_COMMENTS::1 bioseqs are missing GenomeAssembly structured comments
GCA_000174515.1_ASM17451v1_genomic.gbff_pp22/PROKKA_05152020:X:GHDFECEE_1 (length 13529)

DiscRep_ALL:MOLTYPE_NOT_MRNA::1 molecule types are not set as mRNA.
GCA_000174515.1_ASM17451v1_genomic.gbff_pp22/PROKKA_05152020:X:GHDFECEE_1 (length 13529)

DiscRep_ALL:TECHNIQUE_NOT_TSA::1 technique are not set as TSA
GCA_000174515.1_ASM17451v1_genomic.gbff_pp22/PROKKA_05152020:X:GHDFECEE_1 (length 13529)

DiscRep_ALL:MISSING_STRUCTURED_COMMENT::1 sequences do not include structured comments.
GCA_000174515.1_ASM17451v1_genomic.gbff_pp22/PROKKA_05152020:X:GHDFECEE_1 (length 13529)

DiscRep_ALL:MISSING_PROJECT::17 sequences do not include project.
GCA_000174515.1_ASM17451v1_genomic.gbff_pp22/PROKKA_05152020:X:GHDFECEE_1 (length 13529)
GCA_000174515.1_ASM17451v1_genomic.gbff_pp22/PROKKA_05152020:X:GHDFECEE_00001 (length 315)
GCA_000174515.1_ASM17451v1_genomic.gbff_pp22/PROKKA_05152020:X:GHDFECEE_00002 (length 75)
GCA_000174515.1_ASM17451v1_genomic.gbff_pp22/PROKKA_05152020:X:GHDFECEE_00003 (length 518)
GCA_000174515.1_ASM17451v1_genomic.gbff_pp22/PROKKA_05152020:X:GHDFECEE_00004 (length 311)
GCA_000174515.1_ASM17451v1_genomic.gbff_pp22/PROKKA_05152020:X:GHDFECEE_00005 (length 333)
GCA_000174515.1_ASM17451v1_genomic.gbff_pp22/PROKKA_05152020:X:GHDFECEE_00006 (length 241)
GCA_000174515.1_ASM17451v1_genomic.gbff_pp22/PROKKA_05152020:X:GHDFECEE_00007 (length 241)
GCA_000174515.1_ASM17451v1_genomic.gbff_pp22/PROKKA_05152020:X:GHDFECEE_00008 (length 248)
GCA_000174515.1_ASM17451v1_genomic.gbff_pp22/PROKKA_05152020:X:GHDFECEE_00009 (length 65)
GCA_000174515.1_ASM17451v1_genomic.gbff_pp22/PROKKA_05152020:X:GHDFECEE_00010 (length 65)
GCA_000174515.1_ASM17451v1_genomic.gbff_pp22/PROKKA_05152020:X:GHDFECEE_00011 (length 319)
GCA_000174515.1_ASM17451v1_genomic.gbff_pp22/PROKKA_05152020:X:GHDFECEE_00012 (length 77)
GCA_000174515.1_ASM17451v1_genomic.gbff_pp22/PROKKA_05152020:X:GHDFECEE_00013 (length 61)
GCA_000174515.1_ASM17451v1_genomic.gbff_pp22/PROKKA_05152020:X:GHDFECEE_00014 (length 73)
GCA_000174515.1_ASM17451v1_genomic.gbff_pp22/PROKKA_05152020:X:GHDFECEE_00015 (length 116)
GCA_000174515.1_ASM17451v1_genomic.gbff_pp22/PROKKA_05152020:X:GHDFECEE_00016 (length 135)

DiscRep_ALL:DISC_INCONSISTENT_MOLINFO_TECH::Molinfo Technique Report (some missing, all same)
DiscRep_SUB:DISC_INCONSISTENT_MOLINFO_TECH::technique (all missing)
DiscRep_SUB:DISC_INCONSISTENT_MOLINFO_TECH::1 Molinfos are missing field technique
GCA_000174515.1_ASM17451v1_genomic.gbff_pp22/PROKKA_05152020:X:GHDFECEE_1 (length 13529)

