Discrepancy Report Results

Summary
DISC_SOURCE_QUALS_ASNDISC:strain (all present, all unique)
DISC_SOURCE_QUALS_ASNDISC:taxname (all present, all unique)
DISC_FEATURE_COUNT:gene: 19 present
DISC_FEATURE_COUNT:CDS: 19 present
DISC_COUNT_NUCLEOTIDES:1 nucleotide Bioseqs are present
OVERLAPPING_GENES:7 genes overlap another gene on the same strand.
OVERLAPPING_CDS:2 coding regions overlap another coding region with a similar or identical name.
DISC_QUALITY_SCORES:Quality scores are missing on all sequences.
ONCALLER_COMMENT_PRESENT:1 comment descriptors were found (all same)
MISSING_GENOMEASSEMBLY_COMMENTS:1 bioseqs are missing GenomeAssembly structured comments
MOLTYPE_NOT_MRNA:1 molecule types are not set as mRNA.
TECHNIQUE_NOT_TSA:1 technique are not set as TSA
MISSING_STRUCTURED_COMMENT:1 sequences do not include structured comments.
MISSING_PROJECT:20 sequences do not include project.
DISC_INCONSISTENT_MOLINFO_TECH:Molinfo Technique Report (some missing, all same)


Detailed Report

DiscRep_ALL:DISC_SOURCE_QUALS_ASNDISC::strain (all present, all unique)
DiscRep_SUB:DISC_SOURCE_QUALS_ASNDISC::1 sources have unique values for strain
DiscRep_ALL:DISC_SOURCE_QUALS_ASNDISC::taxname (all present, all unique)
DiscRep_SUB:DISC_SOURCE_QUALS_ASNDISC::1 sources have unique values for taxname
DiscRep_ALL:DISC_FEATURE_COUNT::gene: 19 present
DiscRep_ALL:DISC_FEATURE_COUNT::CDS: 19 present
DiscRep_ALL:DISC_COUNT_NUCLEOTIDES::1 nucleotide Bioseqs are present
GCA_000011505.1_ASM1150v1_genomic.gbff_pp5/PROKKA_05152020:X:KNBJAHMG_1 (length 21032)

DiscRep_ALL:OVERLAPPING_GENES::7 genes overlap another gene on the same strand.
GCA_000011505.1_ASM1150v1_genomic.gbff_pp5/PROKKA_05152020:Gene	phnE_1	KNBJAHMG_1:5432-6232	KNBJAHMG_00005
GCA_000011505.1_ASM1150v1_genomic.gbff_pp5/PROKKA_05152020:Gene	phnE_2	KNBJAHMG_1:6229-7044	KNBJAHMG_00006
GCA_000011505.1_ASM1150v1_genomic.gbff_pp5/PROKKA_05152020:Gene	KNBJAHMG_00013	KNBJAHMG_1:c14821-13391	KNBJAHMG_00013
GCA_000011505.1_ASM1150v1_genomic.gbff_pp5/PROKKA_05152020:Gene	KNBJAHMG_00014	KNBJAHMG_1:c16049-14811	KNBJAHMG_00014
GCA_000011505.1_ASM1150v1_genomic.gbff_pp5/PROKKA_05152020:Gene	wbnH	KNBJAHMG_1:c17196-16030	KNBJAHMG_00015
GCA_000011505.1_ASM1150v1_genomic.gbff_pp5/PROKKA_05152020:Gene	KNBJAHMG_00016	KNBJAHMG_1:c18098-17406	KNBJAHMG_00016
GCA_000011505.1_ASM1150v1_genomic.gbff_pp5/PROKKA_05152020:Gene	wbgU	KNBJAHMG_1:c19032-18055	KNBJAHMG_00017

DiscRep_ALL:OVERLAPPING_CDS::2 coding regions overlap another coding region with a similar or identical name.
DiscRep_SUB:OVERLAPPING_CDS::2 coding regions overlap another coding region with a similar or identical name that do not have the appropriate note text
GCA_000011505.1_ASM1150v1_genomic.gbff_pp5/PROKKA_05152020:CDS	Phosphate-import permease protein PhnE	KNBJAHMG_1:5432-6232	KNBJAHMG_00005
GCA_000011505.1_ASM1150v1_genomic.gbff_pp5/PROKKA_05152020:CDS	Phosphate-import permease protein PhnE	KNBJAHMG_1:6229-7044	KNBJAHMG_00006

DiscRep_ALL:DISC_QUALITY_SCORES::Quality scores are missing on all sequences.

DiscRep_ALL:ONCALLER_COMMENT_PRESENT::1 comment descriptors were found (all same)
GCA_000011505.1_ASM1150v1_genomic.gbff_pp5/PROKKA_05152020:X:KNBJAHMG_1:Annotated using prokka 1.14.6 from https://github.com/tseemann/prokka

DiscRep_ALL:MISSING_GENOMEASSEMBLY_COMMENTS::1 bioseqs are missing GenomeAssembly structured comments
GCA_000011505.1_ASM1150v1_genomic.gbff_pp5/PROKKA_05152020:X:KNBJAHMG_1 (length 21032)

DiscRep_ALL:MOLTYPE_NOT_MRNA::1 molecule types are not set as mRNA.
GCA_000011505.1_ASM1150v1_genomic.gbff_pp5/PROKKA_05152020:X:KNBJAHMG_1 (length 21032)

DiscRep_ALL:TECHNIQUE_NOT_TSA::1 technique are not set as TSA
GCA_000011505.1_ASM1150v1_genomic.gbff_pp5/PROKKA_05152020:X:KNBJAHMG_1 (length 21032)

DiscRep_ALL:MISSING_STRUCTURED_COMMENT::1 sequences do not include structured comments.
GCA_000011505.1_ASM1150v1_genomic.gbff_pp5/PROKKA_05152020:X:KNBJAHMG_1 (length 21032)

DiscRep_ALL:MISSING_PROJECT::20 sequences do not include project.
GCA_000011505.1_ASM1150v1_genomic.gbff_pp5/PROKKA_05152020:X:KNBJAHMG_1 (length 21032)
GCA_000011505.1_ASM1150v1_genomic.gbff_pp5/PROKKA_05152020:X:KNBJAHMG_00001 (length 511)
GCA_000011505.1_ASM1150v1_genomic.gbff_pp5/PROKKA_05152020:X:KNBJAHMG_00002 (length 514)
GCA_000011505.1_ASM1150v1_genomic.gbff_pp5/PROKKA_05152020:X:KNBJAHMG_00003 (length 318)
GCA_000011505.1_ASM1150v1_genomic.gbff_pp5/PROKKA_05152020:X:KNBJAHMG_00004 (length 257)
GCA_000011505.1_ASM1150v1_genomic.gbff_pp5/PROKKA_05152020:X:KNBJAHMG_00005 (length 266)
GCA_000011505.1_ASM1150v1_genomic.gbff_pp5/PROKKA_05152020:X:KNBJAHMG_00006 (length 271)
GCA_000011505.1_ASM1150v1_genomic.gbff_pp5/PROKKA_05152020:X:KNBJAHMG_00007 (length 392)
GCA_000011505.1_ASM1150v1_genomic.gbff_pp5/PROKKA_05152020:X:KNBJAHMG_00008 (length 220)
GCA_000011505.1_ASM1150v1_genomic.gbff_pp5/PROKKA_05152020:X:KNBJAHMG_00009 (length 452)
GCA_000011505.1_ASM1150v1_genomic.gbff_pp5/PROKKA_05152020:X:KNBJAHMG_00010 (length 235)
GCA_000011505.1_ASM1150v1_genomic.gbff_pp5/PROKKA_05152020:X:KNBJAHMG_00011 (length 251)
GCA_000011505.1_ASM1150v1_genomic.gbff_pp5/PROKKA_05152020:X:KNBJAHMG_00012 (length 199)
GCA_000011505.1_ASM1150v1_genomic.gbff_pp5/PROKKA_05152020:X:KNBJAHMG_00013 (length 476)
GCA_000011505.1_ASM1150v1_genomic.gbff_pp5/PROKKA_05152020:X:KNBJAHMG_00014 (length 412)
GCA_000011505.1_ASM1150v1_genomic.gbff_pp5/PROKKA_05152020:X:KNBJAHMG_00015 (length 388)
GCA_000011505.1_ASM1150v1_genomic.gbff_pp5/PROKKA_05152020:X:KNBJAHMG_00016 (length 230)
GCA_000011505.1_ASM1150v1_genomic.gbff_pp5/PROKKA_05152020:X:KNBJAHMG_00017 (length 325)
GCA_000011505.1_ASM1150v1_genomic.gbff_pp5/PROKKA_05152020:X:KNBJAHMG_00018 (length 258)
GCA_000011505.1_ASM1150v1_genomic.gbff_pp5/PROKKA_05152020:X:KNBJAHMG_00019 (length 208)

DiscRep_ALL:DISC_INCONSISTENT_MOLINFO_TECH::Molinfo Technique Report (some missing, all same)
DiscRep_SUB:DISC_INCONSISTENT_MOLINFO_TECH::technique (all missing)
DiscRep_SUB:DISC_INCONSISTENT_MOLINFO_TECH::1 Molinfos are missing field technique
GCA_000011505.1_ASM1150v1_genomic.gbff_pp5/PROKKA_05152020:X:KNBJAHMG_1 (length 21032)

