Discrepancy Report Results

Summary
DISC_SOURCE_QUALS_ASNDISC:strain (all present, all unique)
DISC_SOURCE_QUALS_ASNDISC:taxname (all present, all unique)
DISC_FEATURE_COUNT:gene: 65 present
DISC_FEATURE_COUNT:CDS: 65 present
DISC_COUNT_NUCLEOTIDES:1 nucleotide Bioseqs are present
OVERLAPPING_GENES:17 genes overlap another gene on the same strand.
DISC_QUALITY_SCORES:Quality scores are missing on all sequences.
ONCALLER_COMMENT_PRESENT:1 comment descriptors were found (all same)
SHORT_PROT_SEQUENCES:1 protein sequences are shorter than 50 aa.
MISSING_GENOMEASSEMBLY_COMMENTS:1 bioseqs are missing GenomeAssembly structured comments
MOLTYPE_NOT_MRNA:1 molecule types are not set as mRNA.
TECHNIQUE_NOT_TSA:1 technique are not set as TSA
MISSING_STRUCTURED_COMMENT:1 sequences do not include structured comments.
MISSING_PROJECT:66 sequences do not include project.
DISC_INCONSISTENT_MOLINFO_TECH:Molinfo Technique Report (some missing, all same)


Detailed Report

DiscRep_ALL:DISC_SOURCE_QUALS_ASNDISC::strain (all present, all unique)
DiscRep_SUB:DISC_SOURCE_QUALS_ASNDISC::1 sources have unique values for strain
DiscRep_ALL:DISC_SOURCE_QUALS_ASNDISC::taxname (all present, all unique)
DiscRep_SUB:DISC_SOURCE_QUALS_ASNDISC::1 sources have unique values for taxname
DiscRep_ALL:DISC_FEATURE_COUNT::gene: 65 present
DiscRep_ALL:DISC_FEATURE_COUNT::CDS: 65 present
DiscRep_ALL:DISC_COUNT_NUCLEOTIDES::1 nucleotide Bioseqs are present
GCA_000531555.1_Stap_aure_M0032_V1_genomic.gbff_pp18/PROKKA_05152020:X:CNEAMKEG_1 (length 98418)

DiscRep_ALL:OVERLAPPING_GENES::17 genes overlap another gene on the same strand.
GCA_000531555.1_Stap_aure_M0032_V1_genomic.gbff_pp18/PROKKA_05152020:Gene	CNEAMKEG_00014	CNEAMKEG_1:12288-12875	CNEAMKEG_00014
GCA_000531555.1_Stap_aure_M0032_V1_genomic.gbff_pp18/PROKKA_05152020:Gene	CNEAMKEG_00015	CNEAMKEG_1:12865-13452	CNEAMKEG_00015
GCA_000531555.1_Stap_aure_M0032_V1_genomic.gbff_pp18/PROKKA_05152020:Gene	cca	CNEAMKEG_1:16243-17445	CNEAMKEG_00019
GCA_000531555.1_Stap_aure_M0032_V1_genomic.gbff_pp18/PROKKA_05152020:Gene	birA	CNEAMKEG_1:17432-18403	CNEAMKEG_00020
GCA_000531555.1_Stap_aure_M0032_V1_genomic.gbff_pp18/PROKKA_05152020:Gene	dnaD	CNEAMKEG_1:23062-23748	CNEAMKEG_00023
GCA_000531555.1_Stap_aure_M0032_V1_genomic.gbff_pp18/PROKKA_05152020:Gene	nth	CNEAMKEG_1:23738-24397	CNEAMKEG_00024
GCA_000531555.1_Stap_aure_M0032_V1_genomic.gbff_pp18/PROKKA_05152020:Gene	ponA	CNEAMKEG_1:c27444-25261	CNEAMKEG_00026
GCA_000531555.1_Stap_aure_M0032_V1_genomic.gbff_pp18/PROKKA_05152020:Gene	recU	CNEAMKEG_1:c28118-27441	CNEAMKEG_00027
GCA_000531555.1_Stap_aure_M0032_V1_genomic.gbff_pp18/PROKKA_05152020:Gene	CNEAMKEG_00028	CNEAMKEG_1:28555-28956	CNEAMKEG_00028
GCA_000531555.1_Stap_aure_M0032_V1_genomic.gbff_pp18/PROKKA_05152020:Gene	CNEAMKEG_00029	CNEAMKEG_1:28949-29512	CNEAMKEG_00029
GCA_000531555.1_Stap_aure_M0032_V1_genomic.gbff_pp18/PROKKA_05152020:Gene	gpsB	CNEAMKEG_1:29478-29870	CNEAMKEG_00030
GCA_000531555.1_Stap_aure_M0032_V1_genomic.gbff_pp18/PROKKA_05152020:Gene	msrA2	CNEAMKEG_1:83029-83562	CNEAMKEG_00051
GCA_000531555.1_Stap_aure_M0032_V1_genomic.gbff_pp18/PROKKA_05152020:Gene	msrB	CNEAMKEG_1:83555-83983	CNEAMKEG_00052
GCA_000531555.1_Stap_aure_M0032_V1_genomic.gbff_pp18/PROKKA_05152020:Gene	crr	CNEAMKEG_1:83995-84495	CNEAMKEG_00053
GCA_000531555.1_Stap_aure_M0032_V1_genomic.gbff_pp18/PROKKA_05152020:Gene	CNEAMKEG_00054	CNEAMKEG_1:84495-84716	CNEAMKEG_00054
GCA_000531555.1_Stap_aure_M0032_V1_genomic.gbff_pp18/PROKKA_05152020:Gene	arlR	CNEAMKEG_1:89802-90461	CNEAMKEG_00060
GCA_000531555.1_Stap_aure_M0032_V1_genomic.gbff_pp18/PROKKA_05152020:Gene	arlS	CNEAMKEG_1:90458-91813	CNEAMKEG_00061

DiscRep_ALL:DISC_QUALITY_SCORES::Quality scores are missing on all sequences.

DiscRep_ALL:ONCALLER_COMMENT_PRESENT::1 comment descriptors were found (all same)
GCA_000531555.1_Stap_aure_M0032_V1_genomic.gbff_pp18/PROKKA_05152020:X:CNEAMKEG_1:Annotated using prokka 1.14.6 from https://github.com/tseemann/prokka

DiscRep_ALL:SHORT_PROT_SEQUENCES::1 protein sequences are shorter than 50 aa.
GCA_000531555.1_Stap_aure_M0032_V1_genomic.gbff_pp18/PROKKA_05152020:X:CNEAMKEG_00031 (length 38)

DiscRep_ALL:MISSING_GENOMEASSEMBLY_COMMENTS::1 bioseqs are missing GenomeAssembly structured comments
GCA_000531555.1_Stap_aure_M0032_V1_genomic.gbff_pp18/PROKKA_05152020:X:CNEAMKEG_1 (length 98418)

DiscRep_ALL:MOLTYPE_NOT_MRNA::1 molecule types are not set as mRNA.
GCA_000531555.1_Stap_aure_M0032_V1_genomic.gbff_pp18/PROKKA_05152020:X:CNEAMKEG_1 (length 98418)

DiscRep_ALL:TECHNIQUE_NOT_TSA::1 technique are not set as TSA
GCA_000531555.1_Stap_aure_M0032_V1_genomic.gbff_pp18/PROKKA_05152020:X:CNEAMKEG_1 (length 98418)

DiscRep_ALL:MISSING_STRUCTURED_COMMENT::1 sequences do not include structured comments.
GCA_000531555.1_Stap_aure_M0032_V1_genomic.gbff_pp18/PROKKA_05152020:X:CNEAMKEG_1 (length 98418)

DiscRep_ALL:MISSING_PROJECT::66 sequences do not include project.
GCA_000531555.1_Stap_aure_M0032_V1_genomic.gbff_pp18/PROKKA_05152020:X:CNEAMKEG_1 (length 98418)
GCA_000531555.1_Stap_aure_M0032_V1_genomic.gbff_pp18/PROKKA_05152020:X:CNEAMKEG_00001 (length 103)
GCA_000531555.1_Stap_aure_M0032_V1_genomic.gbff_pp18/PROKKA_05152020:X:CNEAMKEG_00002 (length 436)
GCA_000531555.1_Stap_aure_M0032_V1_genomic.gbff_pp18/PROKKA_05152020:X:CNEAMKEG_00003 (length 332)
GCA_000531555.1_Stap_aure_M0032_V1_genomic.gbff_pp18/PROKKA_05152020:X:CNEAMKEG_00004 (length 90)
GCA_000531555.1_Stap_aure_M0032_V1_genomic.gbff_pp18/PROKKA_05152020:X:CNEAMKEG_00005 (length 190)
GCA_000531555.1_Stap_aure_M0032_V1_genomic.gbff_pp18/PROKKA_05152020:X:CNEAMKEG_00006 (length 241)
GCA_000531555.1_Stap_aure_M0032_V1_genomic.gbff_pp18/PROKKA_05152020:X:CNEAMKEG_00007 (length 314)
GCA_000531555.1_Stap_aure_M0032_V1_genomic.gbff_pp18/PROKKA_05152020:X:CNEAMKEG_00008 (length 149)
GCA_000531555.1_Stap_aure_M0032_V1_genomic.gbff_pp18/PROKKA_05152020:X:CNEAMKEG_00009 (length 66)
GCA_000531555.1_Stap_aure_M0032_V1_genomic.gbff_pp18/PROKKA_05152020:X:CNEAMKEG_00010 (length 388)
GCA_000531555.1_Stap_aure_M0032_V1_genomic.gbff_pp18/PROKKA_05152020:X:CNEAMKEG_00011 (length 354)
GCA_000531555.1_Stap_aure_M0032_V1_genomic.gbff_pp18/PROKKA_05152020:X:CNEAMKEG_00012 (length 432)
GCA_000531555.1_Stap_aure_M0032_V1_genomic.gbff_pp18/PROKKA_05152020:X:CNEAMKEG_00013 (length 414)
GCA_000531555.1_Stap_aure_M0032_V1_genomic.gbff_pp18/PROKKA_05152020:X:CNEAMKEG_00014 (length 195)
GCA_000531555.1_Stap_aure_M0032_V1_genomic.gbff_pp18/PROKKA_05152020:X:CNEAMKEG_00015 (length 195)
GCA_000531555.1_Stap_aure_M0032_V1_genomic.gbff_pp18/PROKKA_05152020:X:CNEAMKEG_00016 (length 232)
GCA_000531555.1_Stap_aure_M0032_V1_genomic.gbff_pp18/PROKKA_05152020:X:CNEAMKEG_00017 (length 105)
GCA_000531555.1_Stap_aure_M0032_V1_genomic.gbff_pp18/PROKKA_05152020:X:CNEAMKEG_00018 (length 380)
GCA_000531555.1_Stap_aure_M0032_V1_genomic.gbff_pp18/PROKKA_05152020:X:CNEAMKEG_00019 (length 400)
GCA_000531555.1_Stap_aure_M0032_V1_genomic.gbff_pp18/PROKKA_05152020:X:CNEAMKEG_00020 (length 323)
GCA_000531555.1_Stap_aure_M0032_V1_genomic.gbff_pp18/PROKKA_05152020:X:CNEAMKEG_00021 (length 897)
GCA_000531555.1_Stap_aure_M0032_V1_genomic.gbff_pp18/PROKKA_05152020:X:CNEAMKEG_00022 (length 430)
GCA_000531555.1_Stap_aure_M0032_V1_genomic.gbff_pp18/PROKKA_05152020:X:CNEAMKEG_00023 (length 228)
GCA_000531555.1_Stap_aure_M0032_V1_genomic.gbff_pp18/PROKKA_05152020:X:CNEAMKEG_00024 (length 219)
GCA_000531555.1_Stap_aure_M0032_V1_genomic.gbff_pp18/PROKKA_05152020:X:CNEAMKEG_00025 (length 113)
GCA_000531555.1_Stap_aure_M0032_V1_genomic.gbff_pp18/PROKKA_05152020:X:CNEAMKEG_00026 (length 727)
GCA_000531555.1_Stap_aure_M0032_V1_genomic.gbff_pp18/PROKKA_05152020:X:CNEAMKEG_00027 (length 225)
GCA_000531555.1_Stap_aure_M0032_V1_genomic.gbff_pp18/PROKKA_05152020:X:CNEAMKEG_00028 (length 133)
GCA_000531555.1_Stap_aure_M0032_V1_genomic.gbff_pp18/PROKKA_05152020:X:CNEAMKEG_00029 (length 187)
GCA_000531555.1_Stap_aure_M0032_V1_genomic.gbff_pp18/PROKKA_05152020:X:CNEAMKEG_00030 (length 130)
GCA_000531555.1_Stap_aure_M0032_V1_genomic.gbff_pp18/PROKKA_05152020:X:CNEAMKEG_00031 (length 38)
GCA_000531555.1_Stap_aure_M0032_V1_genomic.gbff_pp18/PROKKA_05152020:X:CNEAMKEG_00032 (length 381)
GCA_000531555.1_Stap_aure_M0032_V1_genomic.gbff_pp18/PROKKA_05152020:X:CNEAMKEG_00033 (length 110)
GCA_000531555.1_Stap_aure_M0032_V1_genomic.gbff_pp18/PROKKA_05152020:X:CNEAMKEG_00034 (length 446)
GCA_000531555.1_Stap_aure_M0032_V1_genomic.gbff_pp18/PROKKA_05152020:X:CNEAMKEG_00035 (length 1146)
GCA_000531555.1_Stap_aure_M0032_V1_genomic.gbff_pp18/PROKKA_05152020:X:CNEAMKEG_00036 (length 292)
GCA_000531555.1_Stap_aure_M0032_V1_genomic.gbff_pp18/PROKKA_05152020:X:CNEAMKEG_00037 (length 372)
GCA_000531555.1_Stap_aure_M0032_V1_genomic.gbff_pp18/PROKKA_05152020:X:CNEAMKEG_00038 (length 346)
GCA_000531555.1_Stap_aure_M0032_V1_genomic.gbff_pp18/PROKKA_05152020:X:CNEAMKEG_00039 (length 440)
GCA_000531555.1_Stap_aure_M0032_V1_genomic.gbff_pp18/PROKKA_05152020:X:CNEAMKEG_00040 (length 506)
GCA_000531555.1_Stap_aure_M0032_V1_genomic.gbff_pp18/PROKKA_05152020:X:CNEAMKEG_00041 (length 9188)
GCA_000531555.1_Stap_aure_M0032_V1_genomic.gbff_pp18/PROKKA_05152020:X:CNEAMKEG_00042 (length 1423)
GCA_000531555.1_Stap_aure_M0032_V1_genomic.gbff_pp18/PROKKA_05152020:X:CNEAMKEG_00043 (length 133)
GCA_000531555.1_Stap_aure_M0032_V1_genomic.gbff_pp18/PROKKA_05152020:X:CNEAMKEG_00044 (length 234)
GCA_000531555.1_Stap_aure_M0032_V1_genomic.gbff_pp18/PROKKA_05152020:X:CNEAMKEG_00045 (length 83)
GCA_000531555.1_Stap_aure_M0032_V1_genomic.gbff_pp18/PROKKA_05152020:X:CNEAMKEG_00046 (length 374)
GCA_000531555.1_Stap_aure_M0032_V1_genomic.gbff_pp18/PROKKA_05152020:X:CNEAMKEG_00047 (length 145)
GCA_000531555.1_Stap_aure_M0032_V1_genomic.gbff_pp18/PROKKA_05152020:X:CNEAMKEG_00048 (length 318)
GCA_000531555.1_Stap_aure_M0032_V1_genomic.gbff_pp18/PROKKA_05152020:X:CNEAMKEG_00049 (length 159)
GCA_000531555.1_Stap_aure_M0032_V1_genomic.gbff_pp18/PROKKA_05152020:X:CNEAMKEG_00050 (length 279)
GCA_000531555.1_Stap_aure_M0032_V1_genomic.gbff_pp18/PROKKA_05152020:X:CNEAMKEG_00051 (length 177)
GCA_000531555.1_Stap_aure_M0032_V1_genomic.gbff_pp18/PROKKA_05152020:X:CNEAMKEG_00052 (length 142)
GCA_000531555.1_Stap_aure_M0032_V1_genomic.gbff_pp18/PROKKA_05152020:X:CNEAMKEG_00053 (length 166)
GCA_000531555.1_Stap_aure_M0032_V1_genomic.gbff_pp18/PROKKA_05152020:X:CNEAMKEG_00054 (length 73)
GCA_000531555.1_Stap_aure_M0032_V1_genomic.gbff_pp18/PROKKA_05152020:X:CNEAMKEG_00055 (length 496)
GCA_000531555.1_Stap_aure_M0032_V1_genomic.gbff_pp18/PROKKA_05152020:X:CNEAMKEG_00056 (length 169)
GCA_000531555.1_Stap_aure_M0032_V1_genomic.gbff_pp18/PROKKA_05152020:X:CNEAMKEG_00057 (length 356)
GCA_000531555.1_Stap_aure_M0032_V1_genomic.gbff_pp18/PROKKA_05152020:X:CNEAMKEG_00058 (length 204)
GCA_000531555.1_Stap_aure_M0032_V1_genomic.gbff_pp18/PROKKA_05152020:X:CNEAMKEG_00059 (length 66)
GCA_000531555.1_Stap_aure_M0032_V1_genomic.gbff_pp18/PROKKA_05152020:X:CNEAMKEG_00060 (length 219)
GCA_000531555.1_Stap_aure_M0032_V1_genomic.gbff_pp18/PROKKA_05152020:X:CNEAMKEG_00061 (length 451)
GCA_000531555.1_Stap_aure_M0032_V1_genomic.gbff_pp18/PROKKA_05152020:X:CNEAMKEG_00062 (length 932)
GCA_000531555.1_Stap_aure_M0032_V1_genomic.gbff_pp18/PROKKA_05152020:X:CNEAMKEG_00063 (length 422)
GCA_000531555.1_Stap_aure_M0032_V1_genomic.gbff_pp18/PROKKA_05152020:X:CNEAMKEG_00064 (length 287)
GCA_000531555.1_Stap_aure_M0032_V1_genomic.gbff_pp18/PROKKA_05152020:X:CNEAMKEG_00065 (length 67)

DiscRep_ALL:DISC_INCONSISTENT_MOLINFO_TECH::Molinfo Technique Report (some missing, all same)
DiscRep_SUB:DISC_INCONSISTENT_MOLINFO_TECH::technique (all missing)
DiscRep_SUB:DISC_INCONSISTENT_MOLINFO_TECH::1 Molinfos are missing field technique
GCA_000531555.1_Stap_aure_M0032_V1_genomic.gbff_pp18/PROKKA_05152020:X:CNEAMKEG_1 (length 98418)

