[14:49:23] This is prokka 1.12
[14:49:23] Written by Torsten Seemann <torsten.seemann@gmail.com>
[14:49:23] Homepage is https://github.com/tseemann/prokka
[14:49:23] Local time is Mon Sep 21 14:49:23 2020
[14:49:23] You are tsweet
[14:49:23] Operating system is linux
[14:49:23] You have BioPerl 1.006924
[14:49:23] System has 4 cores.
[14:49:23] Option --cpu asked for 8 cores, but system only has 4
[14:49:23] Will use maximum of 4 cores.
[14:49:23] Annotating as >>> Bacteria <<<
[14:49:23] Generating locus_tag from '63575.1_ASM16357v1_genomic.gbff_pp4' contents.
[14:49:23] Setting --locustag OCFEKFOI from MD5 8cfe4f82f1474ca1149f406eca065d9b
[14:49:23] Enabling options to ensure Genbank/ENA/DDJB submission compliance.
[14:49:23] Creating new output folder: GCA_00063575.1_ASM16357v1_genomic.gbff_pp4
[14:49:23] Running: mkdir -p GCA_00063575\.1_ASM16357v1_genomic\.gbff_pp4
[14:49:23] Using filename prefix: PROKKA_09212020.XXX
[14:49:23] Setting HMMER_NCPU=1
[14:49:23] Writing log to: GCA_00063575.1_ASM16357v1_genomic.gbff_pp4/PROKKA_09212020.log
[14:49:23] Command: /home/tsweet/anaconda3/envs/bioinformatics/bin/prokka --centre X --compliant 63575.1_ASM16357v1_genomic.gbff_pp4 --outdir GCA_00063575.1_ASM16357v1_genomic.gbff_pp4
[14:49:23] Looking for 'aragorn' - found /home/tsweet/anaconda3/envs/bioinformatics/bin/aragorn
[14:49:23] Determined aragorn version is 1.2
[14:49:23] Looking for 'barrnap' - found /home/tsweet/anaconda3/envs/bioinformatics/bin/barrnap
[14:49:23] Determined barrnap version is 0.9
[14:49:23] Looking for 'blastp' - found /home/tsweet/anaconda3/envs/bioinformatics/bin/blastp
[14:49:23] Determined blastp version is 2.2
[14:49:23] Looking for 'cmpress' - found /home/tsweet/anaconda3/envs/bioinformatics/bin/cmpress
[14:49:23] Determined cmpress version is 1.1
[14:49:23] Looking for 'cmscan' - found /home/tsweet/anaconda3/envs/bioinformatics/bin/cmscan
[14:49:23] Determined cmscan version is 1.1
[14:49:23] Looking for 'egrep' - found /usr/bin/egrep
[14:49:23] Looking for 'find' - found /usr/bin/find
[14:49:23] Looking for 'grep' - found /usr/bin/grep
[14:49:23] Looking for 'hmmpress' - found /home/tsweet/anaconda3/envs/bioinformatics/bin/hmmpress
[14:49:23] Determined hmmpress version is 3.3
[14:49:23] Looking for 'hmmscan' - found /home/tsweet/anaconda3/envs/bioinformatics/bin/hmmscan
[14:49:23] Determined hmmscan version is 3.3
[14:49:23] Looking for 'java' - found /home/tsweet/anaconda3/envs/bioinformatics/bin/java
[14:49:23] Looking for 'less' - found /usr/bin/less
[14:49:23] Looking for 'makeblastdb' - found /home/tsweet/anaconda3/envs/bioinformatics/bin/makeblastdb
[14:49:23] Determined makeblastdb version is 2.2
[14:49:23] Looking for 'minced' - found /home/tsweet/anaconda3/envs/bioinformatics/bin/minced
[14:49:23] Determined minced version is 4.2
[14:49:23] Looking for 'parallel' - found /home/tsweet/anaconda3/envs/bioinformatics/bin/parallel
[14:49:23] Determined parallel version is 20160622
[14:49:23] Looking for 'prodigal' - found /home/tsweet/anaconda3/envs/bioinformatics/bin/prodigal
[14:49:23] Determined prodigal version is 2.6
[14:49:23] Looking for 'prokka-genbank_to_fasta_db' - found /home/tsweet/anaconda3/envs/bioinformatics/bin/prokka-genbank_to_fasta_db
[14:49:23] Looking for 'sed' - found /usr/bin/sed
[14:49:23] Looking for 'tbl2asn' - found /home/tsweet/anaconda3/envs/bioinformatics/bin/tbl2asn
[14:49:23] Determined tbl2asn version is 25.7
[14:49:23] Using genetic code table 11.
[14:49:23] Loading and checking input file: 63575.1_ASM16357v1_genomic.gbff_pp4
[14:49:23] Wrote 1 contigs totalling 4990 bp.
[14:49:23] Predicting tRNAs and tmRNAs
[14:49:23] Running: aragorn -l -gc11  -w GCA_00063575\.1_ASM16357v1_genomic\.gbff_pp4\/PROKKA_09212020\.fna
[14:49:23] 1 tRNA-Ala c[93,168] 34 (tgc)
[14:49:23] 2 tRNA-Pro c[192,265] 35 (tgg)
[14:49:23] 3 tRNA-Arg c[286,362] 35 (acg)
[14:49:23] 4 tRNA-Leu c[368,456] 35 (taa)
[14:49:23] 5 tRNA-Gly c[464,538] 33 (gcc)
[14:49:23] 6 tRNA-Lys c[571,645] 35 (ttt)
[14:49:23] 7 tRNA-Thr c[651,726] 34 (tgt)
[14:49:23] 8 tRNA-Val c[743,818] 34 (tac)
[14:49:23] Found 8 tRNAs
[14:49:23] Predicting Ribosomal RNAs
[14:49:23] Running Barrnap with 4 threads
[14:49:24] 1 gnl|X|OCFEKFOI_1 866 5S ribosomal RNA (partial)
[14:49:24] Found 1 rRNAs
[14:49:24] Skipping ncRNA search, enable with --rfam if desired.
[14:49:24] Total of 9 tRNA + rRNA features
[14:49:24] Searching for CRISPR repeats
[14:49:24] Found 0 CRISPRs
[14:49:24] Predicting coding sequences
[14:49:24] Contigs total 4990 bp, so using meta mode
[14:49:24] Running: prodigal -i GCA_00063575\.1_ASM16357v1_genomic\.gbff_pp4\/PROKKA_09212020\.fna -c -m -g 11 -p meta -f sco -q
[14:49:24] Found 4 CDS
[14:49:24] Connecting features back to sequences
[14:49:24] Not using genus-specific database. Try --usegenus to enable it.
[14:49:24] Annotating CDS, please be patient.
[14:49:24] Will use 4 CPUs for similarity searching.
[14:49:24] There are still 4 unannotated CDS left (started with 4)
[14:49:24] Will use blast to search against /home/tsweet/anaconda3/envs/bioinformatics/share/prokka/db/kingdom/Bacteria/sprot with 4 CPUs
[14:49:24] Running: cat GCA_00063575\.1_ASM16357v1_genomic\.gbff_pp4\/sprot\.faa | parallel --gnu --plain -j 4 --block 127 --recstart '>' --pipe blastp -query - -db /home/tsweet/anaconda3/envs/bioinformatics/share/prokka/db/kingdom/Bacteria/sprot -evalue 1e-06 -num_threads 1 -num_descriptions 1 -num_alignments 1 -seg no > GCA_00063575\.1_ASM16357v1_genomic\.gbff_pp4\/sprot\.blast 2> /dev/null
[14:49:24] Deleting unwanted file: GCA_00063575.1_ASM16357v1_genomic.gbff_pp4/sprot.faa
[14:49:24] Deleting unwanted file: GCA_00063575.1_ASM16357v1_genomic.gbff_pp4/sprot.blast
[14:49:24] Found 4 unique /gene codes.
[14:49:24] Fixed 0 colliding /gene names.
[14:49:24] Adding /locus_tag identifiers
[14:49:24] Assigned 13 locus_tags to CDS and RNA features.
[14:49:24] Writing outputs to GCA_00063575.1_ASM16357v1_genomic.gbff_pp4/
[14:49:24] Generating annotation statistics file
[14:49:24] Generating Genbank and Sequin files
[14:49:24] Running: tbl2asn -V b -a r10k -l paired-ends -M n -N 1 -y 'Annotated using prokka 1.12 from https://github.com/tseemann/prokka' -Z GCA_00063575\.1_ASM16357v1_genomic\.gbff_pp4\/PROKKA_09212020\.err -i GCA_00063575\.1_ASM16357v1_genomic\.gbff_pp4\/PROKKA_09212020\.fsa 2> /dev/null
[14:49:24] Could not run command: tbl2asn -V b -a r10k -l paired-ends -M n -N 1 -y 'Annotated using prokka 1.12 from https://github.com/tseemann/prokka' -Z GCA_00063575\.1_ASM16357v1_genomic\.gbff_pp4\/PROKKA_09212020\.err -i GCA_00063575\.1_ASM16357v1_genomic\.gbff_pp4\/PROKKA_09212020\.fsa 2> /dev/null
