Discrepancy Report Results

Summary
DISC_SOURCE_QUALS_ASNDISC:strain (all present, all unique)
DISC_SOURCE_QUALS_ASNDISC:taxname (all present, all unique)
DISC_FEATURE_COUNT:gene: 15 present
DISC_FEATURE_COUNT:CDS: 15 present
DISC_COUNT_NUCLEOTIDES:1 nucleotide Bioseqs are present
OVERLAPPING_GENES:4 genes overlap another gene on the same strand.
DISC_QUALITY_SCORES:Quality scores are missing on all sequences.
DISC_BAD_BACTERIAL_GENE_NAME:1 bacterial genes do not start with lowercase letters
ONCALLER_COMMENT_PRESENT:1 comment descriptors were found (all same)
MISSING_GENOMEASSEMBLY_COMMENTS:1 bioseqs are missing GenomeAssembly structured comments
MOLTYPE_NOT_MRNA:1 molecule types are not set as mRNA.
TECHNIQUE_NOT_TSA:1 technique are not set as TSA
MISSING_STRUCTURED_COMMENT:1 sequences do not include structured comments.
MISSING_PROJECT:16 sequences do not include project.
DISC_INCONSISTENT_MOLINFO_TECH:Molinfo Technique Report (some missing, all same)


Detailed Report

DiscRep_ALL:DISC_SOURCE_QUALS_ASNDISC::strain (all present, all unique)
DiscRep_SUB:DISC_SOURCE_QUALS_ASNDISC::1 sources have unique values for strain
DiscRep_ALL:DISC_SOURCE_QUALS_ASNDISC::taxname (all present, all unique)
DiscRep_SUB:DISC_SOURCE_QUALS_ASNDISC::1 sources have unique values for taxname
DiscRep_ALL:DISC_FEATURE_COUNT::gene: 15 present
DiscRep_ALL:DISC_FEATURE_COUNT::CDS: 15 present
DiscRep_ALL:DISC_COUNT_NUCLEOTIDES::1 nucleotide Bioseqs are present
GCA_000011505.1_ASM1150v1_genomic.gbff_pp11/PROKKA_05152020:X:MFDAJPNO_1 (length 18207)

DiscRep_ALL:OVERLAPPING_GENES::4 genes overlap another gene on the same strand.
GCA_000011505.1_ASM1150v1_genomic.gbff_pp11/PROKKA_05152020:Gene	lrgB	MFDAJPNO_1:c8655-7954	MFDAJPNO_00007
GCA_000011505.1_ASM1150v1_genomic.gbff_pp11/PROKKA_05152020:Gene	lrgA	MFDAJPNO_1:c9091-8648	MFDAJPNO_00008
GCA_000011505.1_ASM1150v1_genomic.gbff_pp11/PROKKA_05152020:Gene	tarJ	MFDAJPNO_1:c17281-16229	MFDAJPNO_00014
GCA_000011505.1_ASM1150v1_genomic.gbff_pp11/PROKKA_05152020:Gene	tarI1	MFDAJPNO_1:c17963-17247	MFDAJPNO_00015

DiscRep_ALL:DISC_QUALITY_SCORES::Quality scores are missing on all sequences.

DiscRep_ALL:DISC_BAD_BACTERIAL_GENE_NAME::1 bacterial genes do not start with lowercase letters
GCA_000011505.1_ASM1150v1_genomic.gbff_pp11/PROKKA_05152020:Gene	COQ5	MFDAJPNO_1:744-1505	MFDAJPNO_00002

DiscRep_ALL:ONCALLER_COMMENT_PRESENT::1 comment descriptors were found (all same)
GCA_000011505.1_ASM1150v1_genomic.gbff_pp11/PROKKA_05152020:X:MFDAJPNO_1:Annotated using prokka 1.14.6 from https://github.com/tseemann/prokka

DiscRep_ALL:MISSING_GENOMEASSEMBLY_COMMENTS::1 bioseqs are missing GenomeAssembly structured comments
GCA_000011505.1_ASM1150v1_genomic.gbff_pp11/PROKKA_05152020:X:MFDAJPNO_1 (length 18207)

DiscRep_ALL:MOLTYPE_NOT_MRNA::1 molecule types are not set as mRNA.
GCA_000011505.1_ASM1150v1_genomic.gbff_pp11/PROKKA_05152020:X:MFDAJPNO_1 (length 18207)

DiscRep_ALL:TECHNIQUE_NOT_TSA::1 technique are not set as TSA
GCA_000011505.1_ASM1150v1_genomic.gbff_pp11/PROKKA_05152020:X:MFDAJPNO_1 (length 18207)

DiscRep_ALL:MISSING_STRUCTURED_COMMENT::1 sequences do not include structured comments.
GCA_000011505.1_ASM1150v1_genomic.gbff_pp11/PROKKA_05152020:X:MFDAJPNO_1 (length 18207)

DiscRep_ALL:MISSING_PROJECT::16 sequences do not include project.
GCA_000011505.1_ASM1150v1_genomic.gbff_pp11/PROKKA_05152020:X:MFDAJPNO_1 (length 18207)
GCA_000011505.1_ASM1150v1_genomic.gbff_pp11/PROKKA_05152020:X:MFDAJPNO_00001 (length 145)
GCA_000011505.1_ASM1150v1_genomic.gbff_pp11/PROKKA_05152020:X:MFDAJPNO_00002 (length 253)
GCA_000011505.1_ASM1150v1_genomic.gbff_pp11/PROKKA_05152020:X:MFDAJPNO_00003 (length 478)
GCA_000011505.1_ASM1150v1_genomic.gbff_pp11/PROKKA_05152020:X:MFDAJPNO_00004 (length 263)
GCA_000011505.1_ASM1150v1_genomic.gbff_pp11/PROKKA_05152020:X:MFDAJPNO_00005 (length 234)
GCA_000011505.1_ASM1150v1_genomic.gbff_pp11/PROKKA_05152020:X:MFDAJPNO_00006 (length 763)
GCA_000011505.1_ASM1150v1_genomic.gbff_pp11/PROKKA_05152020:X:MFDAJPNO_00007 (length 233)
GCA_000011505.1_ASM1150v1_genomic.gbff_pp11/PROKKA_05152020:X:MFDAJPNO_00008 (length 147)
GCA_000011505.1_ASM1150v1_genomic.gbff_pp11/PROKKA_05152020:X:MFDAJPNO_00009 (length 246)
GCA_000011505.1_ASM1150v1_genomic.gbff_pp11/PROKKA_05152020:X:MFDAJPNO_00010 (length 579)
GCA_000011505.1_ASM1150v1_genomic.gbff_pp11/PROKKA_05152020:X:MFDAJPNO_00011 (length 224)
GCA_000011505.1_ASM1150v1_genomic.gbff_pp11/PROKKA_05152020:X:MFDAJPNO_00012 (length 573)
GCA_000011505.1_ASM1150v1_genomic.gbff_pp11/PROKKA_05152020:X:MFDAJPNO_00013 (length 562)
GCA_000011505.1_ASM1150v1_genomic.gbff_pp11/PROKKA_05152020:X:MFDAJPNO_00014 (length 350)
GCA_000011505.1_ASM1150v1_genomic.gbff_pp11/PROKKA_05152020:X:MFDAJPNO_00015 (length 238)

DiscRep_ALL:DISC_INCONSISTENT_MOLINFO_TECH::Molinfo Technique Report (some missing, all same)
DiscRep_SUB:DISC_INCONSISTENT_MOLINFO_TECH::technique (all missing)
DiscRep_SUB:DISC_INCONSISTENT_MOLINFO_TECH::1 Molinfos are missing field technique
GCA_000011505.1_ASM1150v1_genomic.gbff_pp11/PROKKA_05152020:X:MFDAJPNO_1 (length 18207)

