Discrepancy Report Results

Summary
DISC_SOURCE_QUALS_ASNDISC:strain (all present, all unique)
DISC_SOURCE_QUALS_ASNDISC:taxname (all present, all unique)
DISC_FEATURE_COUNT:gene: 7 present
DISC_FEATURE_COUNT:CDS: 7 present
DISC_COUNT_NUCLEOTIDES:1 nucleotide Bioseqs are present
OVERLAPPING_GENES:2 genes overlap another gene on the same strand.
DISC_QUALITY_SCORES:Quality scores are missing on all sequences.
ONCALLER_COMMENT_PRESENT:1 comment descriptors were found (all same)
MISSING_GENOMEASSEMBLY_COMMENTS:1 bioseqs are missing GenomeAssembly structured comments
MOLTYPE_NOT_MRNA:1 molecule types are not set as mRNA.
TECHNIQUE_NOT_TSA:1 technique are not set as TSA
MISSING_STRUCTURED_COMMENT:1 sequences do not include structured comments.
MISSING_PROJECT:8 sequences do not include project.
DISC_INCONSISTENT_MOLINFO_TECH:Molinfo Technique Report (some missing, all same)


Detailed Report

DiscRep_ALL:DISC_SOURCE_QUALS_ASNDISC::strain (all present, all unique)
DiscRep_SUB:DISC_SOURCE_QUALS_ASNDISC::1 sources have unique values for strain
DiscRep_ALL:DISC_SOURCE_QUALS_ASNDISC::taxname (all present, all unique)
DiscRep_SUB:DISC_SOURCE_QUALS_ASNDISC::1 sources have unique values for taxname
DiscRep_ALL:DISC_FEATURE_COUNT::gene: 7 present
DiscRep_ALL:DISC_FEATURE_COUNT::CDS: 7 present
DiscRep_ALL:DISC_COUNT_NUCLEOTIDES::1 nucleotide Bioseqs are present
GCA_000525445.1_Stap_aure_DAR5883_V1_genomic.gbff_pp16/PROKKA_05152020:X:NPBCENDG_1 (length 5355)

DiscRep_ALL:OVERLAPPING_GENES::2 genes overlap another gene on the same strand.
GCA_000525445.1_Stap_aure_DAR5883_V1_genomic.gbff_pp16/PROKKA_05152020:Gene	accB	NPBCENDG_1:1536-2000	NPBCENDG_00003
GCA_000525445.1_Stap_aure_DAR5883_V1_genomic.gbff_pp16/PROKKA_05152020:Gene	cfiB	NPBCENDG_1:2000-3355	NPBCENDG_00004

DiscRep_ALL:DISC_QUALITY_SCORES::Quality scores are missing on all sequences.

DiscRep_ALL:ONCALLER_COMMENT_PRESENT::1 comment descriptors were found (all same)
GCA_000525445.1_Stap_aure_DAR5883_V1_genomic.gbff_pp16/PROKKA_05152020:X:NPBCENDG_1:Annotated using prokka 1.14.6 from https://github.com/tseemann/prokka

DiscRep_ALL:MISSING_GENOMEASSEMBLY_COMMENTS::1 bioseqs are missing GenomeAssembly structured comments
GCA_000525445.1_Stap_aure_DAR5883_V1_genomic.gbff_pp16/PROKKA_05152020:X:NPBCENDG_1 (length 5355)

DiscRep_ALL:MOLTYPE_NOT_MRNA::1 molecule types are not set as mRNA.
GCA_000525445.1_Stap_aure_DAR5883_V1_genomic.gbff_pp16/PROKKA_05152020:X:NPBCENDG_1 (length 5355)

DiscRep_ALL:TECHNIQUE_NOT_TSA::1 technique are not set as TSA
GCA_000525445.1_Stap_aure_DAR5883_V1_genomic.gbff_pp16/PROKKA_05152020:X:NPBCENDG_1 (length 5355)

DiscRep_ALL:MISSING_STRUCTURED_COMMENT::1 sequences do not include structured comments.
GCA_000525445.1_Stap_aure_DAR5883_V1_genomic.gbff_pp16/PROKKA_05152020:X:NPBCENDG_1 (length 5355)

DiscRep_ALL:MISSING_PROJECT::8 sequences do not include project.
GCA_000525445.1_Stap_aure_DAR5883_V1_genomic.gbff_pp16/PROKKA_05152020:X:NPBCENDG_1 (length 5355)
GCA_000525445.1_Stap_aure_DAR5883_V1_genomic.gbff_pp16/PROKKA_05152020:X:NPBCENDG_00001 (length 147)
GCA_000525445.1_Stap_aure_DAR5883_V1_genomic.gbff_pp16/PROKKA_05152020:X:NPBCENDG_00002 (length 185)
GCA_000525445.1_Stap_aure_DAR5883_V1_genomic.gbff_pp16/PROKKA_05152020:X:NPBCENDG_00003 (length 154)
GCA_000525445.1_Stap_aure_DAR5883_V1_genomic.gbff_pp16/PROKKA_05152020:X:NPBCENDG_00004 (length 451)
GCA_000525445.1_Stap_aure_DAR5883_V1_genomic.gbff_pp16/PROKKA_05152020:X:NPBCENDG_00005 (length 120)
GCA_000525445.1_Stap_aure_DAR5883_V1_genomic.gbff_pp16/PROKKA_05152020:X:NPBCENDG_00006 (length 129)
GCA_000525445.1_Stap_aure_DAR5883_V1_genomic.gbff_pp16/PROKKA_05152020:X:NPBCENDG_00007 (length 186)

DiscRep_ALL:DISC_INCONSISTENT_MOLINFO_TECH::Molinfo Technique Report (some missing, all same)
DiscRep_SUB:DISC_INCONSISTENT_MOLINFO_TECH::technique (all missing)
DiscRep_SUB:DISC_INCONSISTENT_MOLINFO_TECH::1 Molinfos are missing field technique
GCA_000525445.1_Stap_aure_DAR5883_V1_genomic.gbff_pp16/PROKKA_05152020:X:NPBCENDG_1 (length 5355)

